[0.010s] Invoking command in '/home/emmm/Desktop/scnu_rm/ROS2/learn/chapter3/topic_ws/build/custom_msg_nodes': AMENT_PREFIX_PATH=/home/emmm/Desktop/scnu_rm/ROS2/learn/chapter3/topic_ws/install/custom_interfaces:${AMENT_PREFIX_PATH} CMAKE_PREFIX_PATH=/home/emmm/Desktop/scnu_rm/ROS2/learn/chapter3/topic_ws/install/custom_interfaces:/opt/ros/humble LD_LIBRARY_PATH=/home/emmm/Desktop/scnu_rm/ROS2/learn/chapter3/topic_ws/install/custom_interfaces/lib:${LD_LIBRARY_PATH} PYTHONPATH=/home/emmm/Desktop/scnu_rm/ROS2/learn/chapter3/topic_ws/install/custom_interfaces/local/lib/python3.10/dist-packages:${PYTHONPATH} /usr/bin/cmake /home/emmm/Desktop/scnu_rm/ROS2/learn/chapter3/topic_ws/src/custom_msg_nodes -DCMAKE_INSTALL_PREFIX=/home/emmm/Desktop/scnu_rm/ROS2/learn/chapter3/topic_ws/install/custom_msg_nodes
[0.075s] -- The C compiler identification is GNU 13.1.0
[0.129s] -- The CXX compiler identification is GNU 13.1.0
[0.136s] -- Detecting C compiler ABI info
[0.210s] -- Detecting C compiler ABI info - done
[0.220s] -- Check for working C compiler: /usr/bin/cc - skipped
[0.220s] -- Detecting C compile features
[0.221s] -- Detecting C compile features - done
[0.225s] -- Detecting CXX compiler ABI info
[0.304s] -- Detecting CXX compiler ABI info - done
[0.314s] -- Check for working CXX compiler: /usr/bin/c++ - skipped
[0.314s] -- Detecting CXX compile features
[0.314s] -- Detecting CXX compile features - done
[0.317s] -- Found ament_cmake: 1.3.12 (/opt/ros/humble/share/ament_cmake/cmake)
[0.504s] -- Found Python3: /usr/bin/python3 (found version "3.10.12") found components: Interpreter 
[0.612s] -- Found rclcpp: 16.0.15 (/opt/ros/humble/share/rclcpp/cmake)
[0.658s] -- Found rosidl_generator_c: 3.1.7 (/opt/ros/humble/share/rosidl_generator_c/cmake)
[0.663s] -- Found rosidl_adapter: 3.1.7 (/opt/ros/humble/share/rosidl_adapter/cmake)
[0.673s] -- Found rosidl_generator_cpp: 3.1.7 (/opt/ros/humble/share/rosidl_generator_cpp/cmake)
[0.687s] -- Using all available rosidl_typesupport_c: rosidl_typesupport_fastrtps_c;rosidl_typesupport_introspection_c
[0.705s] -- Using all available rosidl_typesupport_cpp: rosidl_typesupport_fastrtps_cpp;rosidl_typesupport_introspection_cpp
[0.757s] -- Found rmw_implementation_cmake: 6.1.2 (/opt/ros/humble/share/rmw_implementation_cmake/cmake)
[0.759s] -- Found rmw_fastrtps_cpp: 6.2.9 (/opt/ros/humble/share/rmw_fastrtps_cpp/cmake)
[0.860s] -- Found OpenSSL: /usr/lib/x86_64-linux-gnu/libcrypto.so (found version "3.0.2")  
[0.890s] -- Found FastRTPS: /opt/ros/humble/include  
[0.938s] -- Using RMW implementation 'rmw_fastrtps_cpp' as default
[0.947s] -- Looking for pthread.h
[1.036s] -- Looking for pthread.h - found
[1.036s] -- Performing Test CMAKE_HAVE_LIBC_PTHREAD
[1.129s] -- Performing Test CMAKE_HAVE_LIBC_PTHREAD - Success
[1.131s] -- Found Threads: TRUE  
[1.193s] -- Found custom_interfaces: 0.0.0 (/home/emmm/Desktop/scnu_rm/ROS2/learn/chapter3/topic_ws/install/custom_interfaces/share/custom_interfaces/cmake)
[1.208s] -- Found ament_lint_auto: 0.12.14 (/opt/ros/humble/share/ament_lint_auto/cmake)
[1.274s] -- Added test 'cppcheck' to perform static code analysis on C / C++ code
[1.274s] -- Configured cppcheck include dirs: 
[1.274s] -- Configured cppcheck exclude dirs and/or files: 
[1.274s] -- Added test 'lint_cmake' to check CMake code style
[1.275s] -- Added test 'uncrustify' to check C / C++ code style
[1.275s] -- Configured uncrustify additional arguments: 
[1.275s] -- Added test 'xmllint' to check XML markup files
[1.276s] -- Configuring done
[1.283s] -- Generating done
[1.286s] -- Build files have been written to: /home/emmm/Desktop/scnu_rm/ROS2/learn/chapter3/topic_ws/build/custom_msg_nodes
[1.293s] Invoked command in '/home/emmm/Desktop/scnu_rm/ROS2/learn/chapter3/topic_ws/build/custom_msg_nodes' returned '0': AMENT_PREFIX_PATH=/home/emmm/Desktop/scnu_rm/ROS2/learn/chapter3/topic_ws/install/custom_interfaces:${AMENT_PREFIX_PATH} CMAKE_PREFIX_PATH=/home/emmm/Desktop/scnu_rm/ROS2/learn/chapter3/topic_ws/install/custom_interfaces:/opt/ros/humble LD_LIBRARY_PATH=/home/emmm/Desktop/scnu_rm/ROS2/learn/chapter3/topic_ws/install/custom_interfaces/lib:${LD_LIBRARY_PATH} PYTHONPATH=/home/emmm/Desktop/scnu_rm/ROS2/learn/chapter3/topic_ws/install/custom_interfaces/local/lib/python3.10/dist-packages:${PYTHONPATH} /usr/bin/cmake /home/emmm/Desktop/scnu_rm/ROS2/learn/chapter3/topic_ws/src/custom_msg_nodes -DCMAKE_INSTALL_PREFIX=/home/emmm/Desktop/scnu_rm/ROS2/learn/chapter3/topic_ws/install/custom_msg_nodes
[1.295s] Invoking command in '/home/emmm/Desktop/scnu_rm/ROS2/learn/chapter3/topic_ws/build/custom_msg_nodes': AMENT_PREFIX_PATH=/home/emmm/Desktop/scnu_rm/ROS2/learn/chapter3/topic_ws/install/custom_interfaces:${AMENT_PREFIX_PATH} CMAKE_PREFIX_PATH=/home/emmm/Desktop/scnu_rm/ROS2/learn/chapter3/topic_ws/install/custom_interfaces:/opt/ros/humble LD_LIBRARY_PATH=/home/emmm/Desktop/scnu_rm/ROS2/learn/chapter3/topic_ws/install/custom_interfaces/lib:${LD_LIBRARY_PATH} PYTHONPATH=/home/emmm/Desktop/scnu_rm/ROS2/learn/chapter3/topic_ws/install/custom_interfaces/local/lib/python3.10/dist-packages:${PYTHONPATH} /usr/bin/cmake --build /home/emmm/Desktop/scnu_rm/ROS2/learn/chapter3/topic_ws/build/custom_msg_nodes -- -j12 -l12
[1.353s] [ 25%] [32mBuilding CXX object CMakeFiles/subscriber.dir/src/subscriber.cpp.o[0m
[1.353s] [ 50%] [32mBuilding CXX object CMakeFiles/publisher.dir/src/publisher.cpp.o[0m
[4.081s] [ 75%] [32m[1mLinking CXX executable publisher[0m
[4.221s] [ 75%] Built target publisher
[7.682s] [100%] [32m[1mLinking CXX executable subscriber[0m
[7.919s] [100%] Built target subscriber
[7.936s] Invoked command in '/home/emmm/Desktop/scnu_rm/ROS2/learn/chapter3/topic_ws/build/custom_msg_nodes' returned '0': AMENT_PREFIX_PATH=/home/emmm/Desktop/scnu_rm/ROS2/learn/chapter3/topic_ws/install/custom_interfaces:${AMENT_PREFIX_PATH} CMAKE_PREFIX_PATH=/home/emmm/Desktop/scnu_rm/ROS2/learn/chapter3/topic_ws/install/custom_interfaces:/opt/ros/humble LD_LIBRARY_PATH=/home/emmm/Desktop/scnu_rm/ROS2/learn/chapter3/topic_ws/install/custom_interfaces/lib:${LD_LIBRARY_PATH} PYTHONPATH=/home/emmm/Desktop/scnu_rm/ROS2/learn/chapter3/topic_ws/install/custom_interfaces/local/lib/python3.10/dist-packages:${PYTHONPATH} /usr/bin/cmake --build /home/emmm/Desktop/scnu_rm/ROS2/learn/chapter3/topic_ws/build/custom_msg_nodes -- -j12 -l12
[7.938s] Invoking command in '/home/emmm/Desktop/scnu_rm/ROS2/learn/chapter3/topic_ws/build/custom_msg_nodes': AMENT_PREFIX_PATH=/home/emmm/Desktop/scnu_rm/ROS2/learn/chapter3/topic_ws/install/custom_interfaces:${AMENT_PREFIX_PATH} CMAKE_PREFIX_PATH=/home/emmm/Desktop/scnu_rm/ROS2/learn/chapter3/topic_ws/install/custom_interfaces:/opt/ros/humble LD_LIBRARY_PATH=/home/emmm/Desktop/scnu_rm/ROS2/learn/chapter3/topic_ws/install/custom_interfaces/lib:${LD_LIBRARY_PATH} PYTHONPATH=/home/emmm/Desktop/scnu_rm/ROS2/learn/chapter3/topic_ws/install/custom_interfaces/local/lib/python3.10/dist-packages:${PYTHONPATH} /usr/bin/cmake --install /home/emmm/Desktop/scnu_rm/ROS2/learn/chapter3/topic_ws/build/custom_msg_nodes
[7.951s] -- Install configuration: ""
[7.951s] -- Installing: /home/emmm/Desktop/scnu_rm/ROS2/learn/chapter3/topic_ws/install/custom_msg_nodes/lib/custom_msg_nodes/publisher
[7.952s] -- Set runtime path of "/home/emmm/Desktop/scnu_rm/ROS2/learn/chapter3/topic_ws/install/custom_msg_nodes/lib/custom_msg_nodes/publisher" to ""
[7.952s] -- Installing: /home/emmm/Desktop/scnu_rm/ROS2/learn/chapter3/topic_ws/install/custom_msg_nodes/lib/custom_msg_nodes/subscriber
[7.954s] -- Set runtime path of "/home/emmm/Desktop/scnu_rm/ROS2/learn/chapter3/topic_ws/install/custom_msg_nodes/lib/custom_msg_nodes/subscriber" to ""
[7.954s] -- Installing: /home/emmm/Desktop/scnu_rm/ROS2/learn/chapter3/topic_ws/install/custom_msg_nodes/share/ament_index/resource_index/package_run_dependencies/custom_msg_nodes
[7.954s] -- Installing: /home/emmm/Desktop/scnu_rm/ROS2/learn/chapter3/topic_ws/install/custom_msg_nodes/share/ament_index/resource_index/parent_prefix_path/custom_msg_nodes
[7.955s] -- Installing: /home/emmm/Desktop/scnu_rm/ROS2/learn/chapter3/topic_ws/install/custom_msg_nodes/share/custom_msg_nodes/environment/ament_prefix_path.sh
[7.955s] -- Installing: /home/emmm/Desktop/scnu_rm/ROS2/learn/chapter3/topic_ws/install/custom_msg_nodes/share/custom_msg_nodes/environment/ament_prefix_path.dsv
[7.955s] -- Installing: /home/emmm/Desktop/scnu_rm/ROS2/learn/chapter3/topic_ws/install/custom_msg_nodes/share/custom_msg_nodes/environment/path.sh
[7.955s] -- Installing: /home/emmm/Desktop/scnu_rm/ROS2/learn/chapter3/topic_ws/install/custom_msg_nodes/share/custom_msg_nodes/environment/path.dsv
[7.955s] -- Installing: /home/emmm/Desktop/scnu_rm/ROS2/learn/chapter3/topic_ws/install/custom_msg_nodes/share/custom_msg_nodes/local_setup.bash
[7.955s] -- Installing: /home/emmm/Desktop/scnu_rm/ROS2/learn/chapter3/topic_ws/install/custom_msg_nodes/share/custom_msg_nodes/local_setup.sh
[7.955s] -- Installing: /home/emmm/Desktop/scnu_rm/ROS2/learn/chapter3/topic_ws/install/custom_msg_nodes/share/custom_msg_nodes/local_setup.zsh
[7.956s] -- Installing: /home/emmm/Desktop/scnu_rm/ROS2/learn/chapter3/topic_ws/install/custom_msg_nodes/share/custom_msg_nodes/local_setup.dsv
[7.956s] -- Installing: /home/emmm/Desktop/scnu_rm/ROS2/learn/chapter3/topic_ws/install/custom_msg_nodes/share/custom_msg_nodes/package.dsv
[7.956s] -- Installing: /home/emmm/Desktop/scnu_rm/ROS2/learn/chapter3/topic_ws/install/custom_msg_nodes/share/ament_index/resource_index/packages/custom_msg_nodes
[7.956s] -- Installing: /home/emmm/Desktop/scnu_rm/ROS2/learn/chapter3/topic_ws/install/custom_msg_nodes/share/custom_msg_nodes/cmake/custom_msg_nodesConfig.cmake
[7.956s] -- Installing: /home/emmm/Desktop/scnu_rm/ROS2/learn/chapter3/topic_ws/install/custom_msg_nodes/share/custom_msg_nodes/cmake/custom_msg_nodesConfig-version.cmake
[7.956s] -- Installing: /home/emmm/Desktop/scnu_rm/ROS2/learn/chapter3/topic_ws/install/custom_msg_nodes/share/custom_msg_nodes/package.xml
[7.958s] Invoked command in '/home/emmm/Desktop/scnu_rm/ROS2/learn/chapter3/topic_ws/build/custom_msg_nodes' returned '0': AMENT_PREFIX_PATH=/home/emmm/Desktop/scnu_rm/ROS2/learn/chapter3/topic_ws/install/custom_interfaces:${AMENT_PREFIX_PATH} CMAKE_PREFIX_PATH=/home/emmm/Desktop/scnu_rm/ROS2/learn/chapter3/topic_ws/install/custom_interfaces:/opt/ros/humble LD_LIBRARY_PATH=/home/emmm/Desktop/scnu_rm/ROS2/learn/chapter3/topic_ws/install/custom_interfaces/lib:${LD_LIBRARY_PATH} PYTHONPATH=/home/emmm/Desktop/scnu_rm/ROS2/learn/chapter3/topic_ws/install/custom_interfaces/local/lib/python3.10/dist-packages:${PYTHONPATH} /usr/bin/cmake --install /home/emmm/Desktop/scnu_rm/ROS2/learn/chapter3/topic_ws/build/custom_msg_nodes
