-- The C compiler identification is GNU 13.1.0
-- The CXX compiler identification is GNU 13.1.0
-- Detecting C compiler ABI info
-- Detecting C compiler ABI info - done
-- Check for working C compiler: /usr/bin/cc - skipped
-- Detecting C compile features
-- Detecting C compile features - done
-- Detecting CXX compiler ABI info
-- Detecting CXX compiler ABI info - done
-- Check for working CXX compiler: /usr/bin/c++ - skipped
-- Detecting CXX compile features
-- Detecting CXX compile features - done
-- Found ament_cmake: 1.3.12 (/opt/ros/humble/share/ament_cmake/cmake)
-- Found Python3: /usr/bin/python3 (found version "3.10.12") found components: Interpreter 
-- Found rclcpp: 16.0.15 (/opt/ros/humble/share/rclcpp/cmake)
-- Found rosidl_generator_c: 3.1.7 (/opt/ros/humble/share/rosidl_generator_c/cmake)
-- Found rosidl_adapter: 3.1.7 (/opt/ros/humble/share/rosidl_adapter/cmake)
-- Found rosidl_generator_cpp: 3.1.7 (/opt/ros/humble/share/rosidl_generator_cpp/cmake)
-- Using all available rosidl_typesupport_c: rosidl_typesupport_fastrtps_c;rosidl_typesupport_introspection_c
-- Using all available rosidl_typesupport_cpp: rosidl_typesupport_fastrtps_cpp;rosidl_typesupport_introspection_cpp
-- Found rmw_implementation_cmake: 6.1.2 (/opt/ros/humble/share/rmw_implementation_cmake/cmake)
-- Found rmw_fastrtps_cpp: 6.2.9 (/opt/ros/humble/share/rmw_fastrtps_cpp/cmake)
-- Found OpenSSL: /usr/lib/x86_64-linux-gnu/libcrypto.so (found version "3.0.2")  
-- Found FastRTPS: /opt/ros/humble/include  
-- Using RMW implementation 'rmw_fastrtps_cpp' as default
-- Looking for pthread.h
-- Looking for pthread.h - found
-- Performing Test CMAKE_HAVE_LIBC_PTHREAD
-- Performing Test CMAKE_HAVE_LIBC_PTHREAD - Success
-- Found Threads: TRUE  
-- Found geometry_msgs: 4.9.0 (/opt/ros/humble/share/geometry_msgs/cmake)
-- Found turtlesim: 1.4.3 (/opt/ros/humble/share/turtlesim/cmake)
-- Found ament_lint_auto: 0.12.14 (/opt/ros/humble/share/ament_lint_auto/cmake)
-- Added test 'cppcheck' to perform static code analysis on C / C++ code
-- Configured cppcheck include dirs: 
-- Configured cppcheck exclude dirs and/or files: 
-- Added test 'lint_cmake' to check CMake code style
-- Added test 'uncrustify' to check C / C++ code style
-- Configured uncrustify additional arguments: 
-- Added test 'xmllint' to check XML markup files
-- Configuring done
-- Generating done
-- Build files have been written to: /home/emmm/Desktop/scnu_rm/ROS2/learn/chapter3/topic_ws/build/demo_turtlesim
[ 25%] [32mBuilding CXX object CMakeFiles/turtle_circle.dir/src/turtle_circle.cpp.o[0m
[ 50%] [32mBuilding CXX object CMakeFiles/turtle_control.dir/src/turtle_control.cpp.o[0m
[ 75%] [32m[1mLinking CXX executable turtle_circle[0m
[ 75%] Built target turtle_circle
[100%] [32m[1mLinking CXX executable turtle_control[0m
[100%] Built target turtle_control
-- Install configuration: ""
-- Installing: /home/emmm/Desktop/scnu_rm/ROS2/learn/chapter3/topic_ws/install/demo_turtlesim/lib/demo_turtlesim/turtle_circle
-- Set runtime path of "/home/emmm/Desktop/scnu_rm/ROS2/learn/chapter3/topic_ws/install/demo_turtlesim/lib/demo_turtlesim/turtle_circle" to ""
-- Installing: /home/emmm/Desktop/scnu_rm/ROS2/learn/chapter3/topic_ws/install/demo_turtlesim/lib/demo_turtlesim/turtle_control
-- Set runtime path of "/home/emmm/Desktop/scnu_rm/ROS2/learn/chapter3/topic_ws/install/demo_turtlesim/lib/demo_turtlesim/turtle_control" to ""
-- Installing: /home/emmm/Desktop/scnu_rm/ROS2/learn/chapter3/topic_ws/install/demo_turtlesim/share/ament_index/resource_index/package_run_dependencies/demo_turtlesim
-- Installing: /home/emmm/Desktop/scnu_rm/ROS2/learn/chapter3/topic_ws/install/demo_turtlesim/share/ament_index/resource_index/parent_prefix_path/demo_turtlesim
-- Installing: /home/emmm/Desktop/scnu_rm/ROS2/learn/chapter3/topic_ws/install/demo_turtlesim/share/demo_turtlesim/environment/ament_prefix_path.sh
-- Installing: /home/emmm/Desktop/scnu_rm/ROS2/learn/chapter3/topic_ws/install/demo_turtlesim/share/demo_turtlesim/environment/ament_prefix_path.dsv
-- Installing: /home/emmm/Desktop/scnu_rm/ROS2/learn/chapter3/topic_ws/install/demo_turtlesim/share/demo_turtlesim/environment/path.sh
-- Installing: /home/emmm/Desktop/scnu_rm/ROS2/learn/chapter3/topic_ws/install/demo_turtlesim/share/demo_turtlesim/environment/path.dsv
-- Installing: /home/emmm/Desktop/scnu_rm/ROS2/learn/chapter3/topic_ws/install/demo_turtlesim/share/demo_turtlesim/local_setup.bash
-- Installing: /home/emmm/Desktop/scnu_rm/ROS2/learn/chapter3/topic_ws/install/demo_turtlesim/share/demo_turtlesim/local_setup.sh
-- Installing: /home/emmm/Desktop/scnu_rm/ROS2/learn/chapter3/topic_ws/install/demo_turtlesim/share/demo_turtlesim/local_setup.zsh
-- Installing: /home/emmm/Desktop/scnu_rm/ROS2/learn/chapter3/topic_ws/install/demo_turtlesim/share/demo_turtlesim/local_setup.dsv
-- Installing: /home/emmm/Desktop/scnu_rm/ROS2/learn/chapter3/topic_ws/install/demo_turtlesim/share/demo_turtlesim/package.dsv
-- Installing: /home/emmm/Desktop/scnu_rm/ROS2/learn/chapter3/topic_ws/install/demo_turtlesim/share/ament_index/resource_index/packages/demo_turtlesim
-- Installing: /home/emmm/Desktop/scnu_rm/ROS2/learn/chapter3/topic_ws/install/demo_turtlesim/share/demo_turtlesim/cmake/demo_turtlesimConfig.cmake
-- Installing: /home/emmm/Desktop/scnu_rm/ROS2/learn/chapter3/topic_ws/install/demo_turtlesim/share/demo_turtlesim/cmake/demo_turtlesimConfig-version.cmake
-- Installing: /home/emmm/Desktop/scnu_rm/ROS2/learn/chapter3/topic_ws/install/demo_turtlesim/share/demo_turtlesim/package.xml
