[0.009s] Invoking command in '/home/emmm/Desktop/scnu_rm/ROS2/learn/chapter3/topic_ws/build/demo_turtlesim': CMAKE_PREFIX_PATH=/opt/ros/humble /usr/bin/cmake /home/emmm/Desktop/scnu_rm/ROS2/learn/chapter3/topic_ws/src/demo_turtlesim -DCMAKE_INSTALL_PREFIX=/home/emmm/Desktop/scnu_rm/ROS2/learn/chapter3/topic_ws/install/demo_turtlesim
[0.072s] -- The C compiler identification is GNU 13.1.0
[0.129s] -- The CXX compiler identification is GNU 13.1.0
[0.134s] -- Detecting C compiler ABI info
[0.198s] -- Detecting C compiler ABI info - done
[0.207s] -- Check for working C compiler: /usr/bin/cc - skipped
[0.207s] -- Detecting C compile features
[0.207s] -- Detecting C compile features - done
[0.209s] -- Detecting CXX compiler ABI info
[0.291s] -- Detecting CXX compiler ABI info - done
[0.300s] -- Check for working CXX compiler: /usr/bin/c++ - skipped
[0.301s] -- Detecting CXX compile features
[0.301s] -- Detecting CXX compile features - done
[0.304s] -- Found ament_cmake: 1.3.12 (/opt/ros/humble/share/ament_cmake/cmake)
[0.428s] -- Found Python3: /usr/bin/python3 (found version "3.10.12") found components: Interpreter 
[0.511s] -- Found rclcpp: 16.0.15 (/opt/ros/humble/share/rclcpp/cmake)
[0.555s] -- Found rosidl_generator_c: 3.1.7 (/opt/ros/humble/share/rosidl_generator_c/cmake)
[0.560s] -- Found rosidl_adapter: 3.1.7 (/opt/ros/humble/share/rosidl_adapter/cmake)
[0.568s] -- Found rosidl_generator_cpp: 3.1.7 (/opt/ros/humble/share/rosidl_generator_cpp/cmake)
[0.575s] -- Using all available rosidl_typesupport_c: rosidl_typesupport_fastrtps_c;rosidl_typesupport_introspection_c
[0.585s] -- Using all available rosidl_typesupport_cpp: rosidl_typesupport_fastrtps_cpp;rosidl_typesupport_introspection_cpp
[0.611s] -- Found rmw_implementation_cmake: 6.1.2 (/opt/ros/humble/share/rmw_implementation_cmake/cmake)
[0.612s] -- Found rmw_fastrtps_cpp: 6.2.9 (/opt/ros/humble/share/rmw_fastrtps_cpp/cmake)
[0.684s] -- Found OpenSSL: /usr/lib/x86_64-linux-gnu/libcrypto.so (found version "3.0.2")  
[0.702s] -- Found FastRTPS: /opt/ros/humble/include  
[0.738s] -- Using RMW implementation 'rmw_fastrtps_cpp' as default
[0.743s] -- Looking for pthread.h
[0.804s] -- Looking for pthread.h - found
[0.805s] -- Performing Test CMAKE_HAVE_LIBC_PTHREAD
[0.878s] -- Performing Test CMAKE_HAVE_LIBC_PTHREAD - Success
[0.879s] -- Found Threads: TRUE  
[0.952s] -- Found geometry_msgs: 4.9.0 (/opt/ros/humble/share/geometry_msgs/cmake)
[0.969s] -- Found turtlesim: 1.4.3 (/opt/ros/humble/share/turtlesim/cmake)
[1.009s] -- Found ament_lint_auto: 0.12.14 (/opt/ros/humble/share/ament_lint_auto/cmake)
[1.072s] -- Added test 'cppcheck' to perform static code analysis on C / C++ code
[1.072s] -- Configured cppcheck include dirs: 
[1.072s] -- Configured cppcheck exclude dirs and/or files: 
[1.073s] -- Added test 'lint_cmake' to check CMake code style
[1.074s] -- Added test 'uncrustify' to check C / C++ code style
[1.074s] -- Configured uncrustify additional arguments: 
[1.075s] -- Added test 'xmllint' to check XML markup files
[1.076s] -- Configuring done
[1.092s] -- Generating done
[1.098s] -- Build files have been written to: /home/emmm/Desktop/scnu_rm/ROS2/learn/chapter3/topic_ws/build/demo_turtlesim
[1.109s] Invoked command in '/home/emmm/Desktop/scnu_rm/ROS2/learn/chapter3/topic_ws/build/demo_turtlesim' returned '0': CMAKE_PREFIX_PATH=/opt/ros/humble /usr/bin/cmake /home/emmm/Desktop/scnu_rm/ROS2/learn/chapter3/topic_ws/src/demo_turtlesim -DCMAKE_INSTALL_PREFIX=/home/emmm/Desktop/scnu_rm/ROS2/learn/chapter3/topic_ws/install/demo_turtlesim
[1.111s] Invoking command in '/home/emmm/Desktop/scnu_rm/ROS2/learn/chapter3/topic_ws/build/demo_turtlesim': CMAKE_PREFIX_PATH=/opt/ros/humble /usr/bin/cmake --build /home/emmm/Desktop/scnu_rm/ROS2/learn/chapter3/topic_ws/build/demo_turtlesim -- -j12 -l12
[1.162s] [ 25%] [32mBuilding CXX object CMakeFiles/turtle_circle.dir/src/turtle_circle.cpp.o[0m
[1.166s] [ 50%] [32mBuilding CXX object CMakeFiles/turtle_control.dir/src/turtle_control.cpp.o[0m
[5.307s] [ 75%] [32m[1mLinking CXX executable turtle_circle[0m
[5.444s] [ 75%] Built target turtle_circle
[7.446s] [100%] [32m[1mLinking CXX executable turtle_control[0m
[7.881s] [100%] Built target turtle_control
[7.894s] Invoked command in '/home/emmm/Desktop/scnu_rm/ROS2/learn/chapter3/topic_ws/build/demo_turtlesim' returned '0': CMAKE_PREFIX_PATH=/opt/ros/humble /usr/bin/cmake --build /home/emmm/Desktop/scnu_rm/ROS2/learn/chapter3/topic_ws/build/demo_turtlesim -- -j12 -l12
[7.896s] Invoking command in '/home/emmm/Desktop/scnu_rm/ROS2/learn/chapter3/topic_ws/build/demo_turtlesim': CMAKE_PREFIX_PATH=/opt/ros/humble /usr/bin/cmake --install /home/emmm/Desktop/scnu_rm/ROS2/learn/chapter3/topic_ws/build/demo_turtlesim
[7.904s] -- Install configuration: ""
[7.905s] -- Installing: /home/emmm/Desktop/scnu_rm/ROS2/learn/chapter3/topic_ws/install/demo_turtlesim/lib/demo_turtlesim/turtle_circle
[7.906s] -- Set runtime path of "/home/emmm/Desktop/scnu_rm/ROS2/learn/chapter3/topic_ws/install/demo_turtlesim/lib/demo_turtlesim/turtle_circle" to ""
[7.906s] -- Installing: /home/emmm/Desktop/scnu_rm/ROS2/learn/chapter3/topic_ws/install/demo_turtlesim/lib/demo_turtlesim/turtle_control
[7.909s] -- Set runtime path of "/home/emmm/Desktop/scnu_rm/ROS2/learn/chapter3/topic_ws/install/demo_turtlesim/lib/demo_turtlesim/turtle_control" to ""
[7.910s] -- Installing: /home/emmm/Desktop/scnu_rm/ROS2/learn/chapter3/topic_ws/install/demo_turtlesim/share/ament_index/resource_index/package_run_dependencies/demo_turtlesim
[7.910s] -- Installing: /home/emmm/Desktop/scnu_rm/ROS2/learn/chapter3/topic_ws/install/demo_turtlesim/share/ament_index/resource_index/parent_prefix_path/demo_turtlesim
[7.910s] -- Installing: /home/emmm/Desktop/scnu_rm/ROS2/learn/chapter3/topic_ws/install/demo_turtlesim/share/demo_turtlesim/environment/ament_prefix_path.sh
[7.910s] -- Installing: /home/emmm/Desktop/scnu_rm/ROS2/learn/chapter3/topic_ws/install/demo_turtlesim/share/demo_turtlesim/environment/ament_prefix_path.dsv
[7.910s] -- Installing: /home/emmm/Desktop/scnu_rm/ROS2/learn/chapter3/topic_ws/install/demo_turtlesim/share/demo_turtlesim/environment/path.sh
[7.910s] -- Installing: /home/emmm/Desktop/scnu_rm/ROS2/learn/chapter3/topic_ws/install/demo_turtlesim/share/demo_turtlesim/environment/path.dsv
[7.911s] -- Installing: /home/emmm/Desktop/scnu_rm/ROS2/learn/chapter3/topic_ws/install/demo_turtlesim/share/demo_turtlesim/local_setup.bash
[7.911s] -- Installing: /home/emmm/Desktop/scnu_rm/ROS2/learn/chapter3/topic_ws/install/demo_turtlesim/share/demo_turtlesim/local_setup.sh
[7.911s] -- Installing: /home/emmm/Desktop/scnu_rm/ROS2/learn/chapter3/topic_ws/install/demo_turtlesim/share/demo_turtlesim/local_setup.zsh
[7.911s] -- Installing: /home/emmm/Desktop/scnu_rm/ROS2/learn/chapter3/topic_ws/install/demo_turtlesim/share/demo_turtlesim/local_setup.dsv
[7.911s] -- Installing: /home/emmm/Desktop/scnu_rm/ROS2/learn/chapter3/topic_ws/install/demo_turtlesim/share/demo_turtlesim/package.dsv
[7.911s] -- Installing: /home/emmm/Desktop/scnu_rm/ROS2/learn/chapter3/topic_ws/install/demo_turtlesim/share/ament_index/resource_index/packages/demo_turtlesim
[7.911s] -- Installing: /home/emmm/Desktop/scnu_rm/ROS2/learn/chapter3/topic_ws/install/demo_turtlesim/share/demo_turtlesim/cmake/demo_turtlesimConfig.cmake
[7.912s] -- Installing: /home/emmm/Desktop/scnu_rm/ROS2/learn/chapter3/topic_ws/install/demo_turtlesim/share/demo_turtlesim/cmake/demo_turtlesimConfig-version.cmake
[7.912s] -- Installing: /home/emmm/Desktop/scnu_rm/ROS2/learn/chapter3/topic_ws/install/demo_turtlesim/share/demo_turtlesim/package.xml
[7.915s] Invoked command in '/home/emmm/Desktop/scnu_rm/ROS2/learn/chapter3/topic_ws/build/demo_turtlesim' returned '0': CMAKE_PREFIX_PATH=/opt/ros/humble /usr/bin/cmake --install /home/emmm/Desktop/scnu_rm/ROS2/learn/chapter3/topic_ws/build/demo_turtlesim
