[35m[1mConsolidate compiler generated dependencies of target my_opencv[0m
[ 50%] [32mBuilding CXX object CMakeFiles/my_opencv.dir/src/my_opencv.cpp.o[0m
[100%] [32m[1mLinking CXX executable my_opencv[0m
[100%] Built target my_opencv
-- Install configuration: ""
-- Installing: /home/emmm/Desktop/scnu_rm/ROS2/task/opencv_ws/install/opencv_use/lib/opencv_use/my_opencv
-- Set runtime path of "/home/emmm/Desktop/scnu_rm/ROS2/task/opencv_ws/install/opencv_use/lib/opencv_use/my_opencv" to ""
-- Up-to-date: /home/emmm/Desktop/scnu_rm/ROS2/task/opencv_ws/install/opencv_use/share/ament_index/resource_index/package_run_dependencies/opencv_use
-- Up-to-date: /home/emmm/Desktop/scnu_rm/ROS2/task/opencv_ws/install/opencv_use/share/ament_index/resource_index/parent_prefix_path/opencv_use
-- Up-to-date: /home/emmm/Desktop/scnu_rm/ROS2/task/opencv_ws/install/opencv_use/share/opencv_use/environment/ament_prefix_path.sh
-- Up-to-date: /home/emmm/Desktop/scnu_rm/ROS2/task/opencv_ws/install/opencv_use/share/opencv_use/environment/ament_prefix_path.dsv
-- Up-to-date: /home/emmm/Desktop/scnu_rm/ROS2/task/opencv_ws/install/opencv_use/share/opencv_use/environment/path.sh
-- Up-to-date: /home/emmm/Desktop/scnu_rm/ROS2/task/opencv_ws/install/opencv_use/share/opencv_use/environment/path.dsv
-- Up-to-date: /home/emmm/Desktop/scnu_rm/ROS2/task/opencv_ws/install/opencv_use/share/opencv_use/local_setup.bash
-- Up-to-date: /home/emmm/Desktop/scnu_rm/ROS2/task/opencv_ws/install/opencv_use/share/opencv_use/local_setup.sh
-- Up-to-date: /home/emmm/Desktop/scnu_rm/ROS2/task/opencv_ws/install/opencv_use/share/opencv_use/local_setup.zsh
-- Up-to-date: /home/emmm/Desktop/scnu_rm/ROS2/task/opencv_ws/install/opencv_use/share/opencv_use/local_setup.dsv
-- Installing: /home/emmm/Desktop/scnu_rm/ROS2/task/opencv_ws/install/opencv_use/share/opencv_use/package.dsv
-- Up-to-date: /home/emmm/Desktop/scnu_rm/ROS2/task/opencv_ws/install/opencv_use/share/ament_index/resource_index/packages/opencv_use
-- Up-to-date: /home/emmm/Desktop/scnu_rm/ROS2/task/opencv_ws/install/opencv_use/share/opencv_use/cmake/opencv_useConfig.cmake
-- Up-to-date: /home/emmm/Desktop/scnu_rm/ROS2/task/opencv_ws/install/opencv_use/share/opencv_use/cmake/opencv_useConfig-version.cmake
-- Up-to-date: /home/emmm/Desktop/scnu_rm/ROS2/task/opencv_ws/install/opencv_use/share/opencv_use/package.xml
