[0.009s] Invoking command in '/home/emmm/Desktop/scnu_rm/OpenCV/ros2_ws/build/opencv_use': CMAKE_PREFIX_PATH=${CMAKE_PREFIX_PATH}:/opt/ros/humble /usr/bin/cmake --build /home/emmm/Desktop/scnu_rm/OpenCV/ros2_ws/build/opencv_use -- -j12 -l12
[0.057s] [35m[1mConsolidate compiler generated dependencies of target my_opencv[0m
[0.076s] [ 50%] [32mBuilding CXX object CMakeFiles/my_opencv.dir/src/my_opencv.cpp.o[0m
[1.182s] [100%] [32m[1mLinking CXX executable my_opencv[0m
[1.554s] [100%] Built target my_opencv
[1.570s] Invoked command in '/home/emmm/Desktop/scnu_rm/OpenCV/ros2_ws/build/opencv_use' returned '0': CMAKE_PREFIX_PATH=${CMAKE_PREFIX_PATH}:/opt/ros/humble /usr/bin/cmake --build /home/emmm/Desktop/scnu_rm/OpenCV/ros2_ws/build/opencv_use -- -j12 -l12
[1.588s] Invoking command in '/home/emmm/Desktop/scnu_rm/OpenCV/ros2_ws/build/opencv_use': CMAKE_PREFIX_PATH=${CMAKE_PREFIX_PATH}:/opt/ros/humble /usr/bin/cmake --install /home/emmm/Desktop/scnu_rm/OpenCV/ros2_ws/build/opencv_use
[1.598s] -- Install configuration: ""
[1.598s] -- Installing: /home/emmm/Desktop/scnu_rm/OpenCV/ros2_ws/install/opencv_use/lib/opencv_use/my_opencv
[1.598s] -- Set runtime path of "/home/emmm/Desktop/scnu_rm/OpenCV/ros2_ws/install/opencv_use/lib/opencv_use/my_opencv" to ""
[1.599s] -- Up-to-date: /home/emmm/Desktop/scnu_rm/OpenCV/ros2_ws/install/opencv_use/share/ament_index/resource_index/package_run_dependencies/opencv_use
[1.599s] -- Up-to-date: /home/emmm/Desktop/scnu_rm/OpenCV/ros2_ws/install/opencv_use/share/ament_index/resource_index/parent_prefix_path/opencv_use
[1.599s] -- Up-to-date: /home/emmm/Desktop/scnu_rm/OpenCV/ros2_ws/install/opencv_use/share/opencv_use/environment/ament_prefix_path.sh
[1.599s] -- Up-to-date: /home/emmm/Desktop/scnu_rm/OpenCV/ros2_ws/install/opencv_use/share/opencv_use/environment/ament_prefix_path.dsv
[1.599s] -- Up-to-date: /home/emmm/Desktop/scnu_rm/OpenCV/ros2_ws/install/opencv_use/share/opencv_use/environment/path.sh
[1.599s] -- Up-to-date: /home/emmm/Desktop/scnu_rm/OpenCV/ros2_ws/install/opencv_use/share/opencv_use/environment/path.dsv
[1.600s] -- Up-to-date: /home/emmm/Desktop/scnu_rm/OpenCV/ros2_ws/install/opencv_use/share/opencv_use/local_setup.bash
[1.600s] -- Up-to-date: /home/emmm/Desktop/scnu_rm/OpenCV/ros2_ws/install/opencv_use/share/opencv_use/local_setup.sh
[1.600s] -- Up-to-date: /home/emmm/Desktop/scnu_rm/OpenCV/ros2_ws/install/opencv_use/share/opencv_use/local_setup.zsh
[1.600s] -- Up-to-date: /home/emmm/Desktop/scnu_rm/OpenCV/ros2_ws/install/opencv_use/share/opencv_use/local_setup.dsv
[1.600s] -- Up-to-date: /home/emmm/Desktop/scnu_rm/OpenCV/ros2_ws/install/opencv_use/share/opencv_use/package.dsv
[1.600s] -- Up-to-date: /home/emmm/Desktop/scnu_rm/OpenCV/ros2_ws/install/opencv_use/share/ament_index/resource_index/packages/opencv_use
[1.600s] -- Up-to-date: /home/emmm/Desktop/scnu_rm/OpenCV/ros2_ws/install/opencv_use/share/opencv_use/cmake/opencv_useConfig.cmake
[1.601s] -- Up-to-date: /home/emmm/Desktop/scnu_rm/OpenCV/ros2_ws/install/opencv_use/share/opencv_use/cmake/opencv_useConfig-version.cmake
[1.601s] -- Up-to-date: /home/emmm/Desktop/scnu_rm/OpenCV/ros2_ws/install/opencv_use/share/opencv_use/package.xml
[1.602s] Invoked command in '/home/emmm/Desktop/scnu_rm/OpenCV/ros2_ws/build/opencv_use' returned '0': CMAKE_PREFIX_PATH=${CMAKE_PREFIX_PATH}:/opt/ros/humble /usr/bin/cmake --install /home/emmm/Desktop/scnu_rm/OpenCV/ros2_ws/build/opencv_use
