[0.016s] Invoking command in '/home/emmm/Desktop/ROS2/fishros/chapter2/session3_ws/build/demo_cpp_pkg': CMAKE_PREFIX_PATH=${CMAKE_PREFIX_PATH}:/opt/ros/humble /usr/bin/cmake --build /home/emmm/Desktop/ROS2/fishros/chapter2/session3_ws/build/demo_cpp_pkg -- -j4 -l4
[0.040s] -- Found ament_cmake: 1.3.12 (/opt/ros/humble/share/ament_cmake/cmake)
[0.167s] -- Found rclcpp: 16.0.15 (/opt/ros/humble/share/rclcpp/cmake)
[0.189s] -- Found rosidl_generator_c: 3.1.7 (/opt/ros/humble/share/rosidl_generator_c/cmake)
[0.191s] -- Found rosidl_adapter: 3.1.7 (/opt/ros/humble/share/rosidl_adapter/cmake)
[0.196s] -- Found rosidl_generator_cpp: 3.1.7 (/opt/ros/humble/share/rosidl_generator_cpp/cmake)
[0.204s] -- Using all available rosidl_typesupport_c: rosidl_typesupport_fastrtps_c;rosidl_typesupport_introspection_c
[0.215s] -- Using all available rosidl_typesupport_cpp: rosidl_typesupport_fastrtps_cpp;rosidl_typesupport_introspection_cpp
[0.243s] -- Found rmw_implementation_cmake: 6.1.2 (/opt/ros/humble/share/rmw_implementation_cmake/cmake)
[0.244s] -- Found rmw_fastrtps_cpp: 6.2.8 (/opt/ros/humble/share/rmw_fastrtps_cpp/cmake)
[0.315s] -- Using RMW implementation 'rmw_fastrtps_cpp' as default
[0.358s] -- Found ament_lint_auto: 0.12.14 (/opt/ros/humble/share/ament_lint_auto/cmake)
[0.427s] -- Added test 'cppcheck' to perform static code analysis on C / C++ code
[0.428s] -- Configured cppcheck include dirs: 
[0.428s] -- Configured cppcheck exclude dirs and/or files: 
[0.428s] -- Added test 'lint_cmake' to check CMake code style
[0.429s] -- Added test 'uncrustify' to check C / C++ code style
[0.429s] -- Configured uncrustify additional arguments: 
[0.429s] -- Added test 'xmllint' to check XML markup files
[0.430s] -- Configuring done
[0.450s] -- Generating done
[0.457s] -- Build files have been written to: /home/emmm/Desktop/ROS2/fishros/chapter2/session3_ws/build/demo_cpp_pkg
[0.490s] [35m[1mConsolidate compiler generated dependencies of target cpp_node[0m
[0.490s] [35m[1mConsolidate compiler generated dependencies of target person_node[0m
[0.523s] [ 16%] [32mBuilding CXX object CMakeFiles/learn_auto.dir/src/learn_auto.cpp.o[0m
[0.525s] [ 50%] Built target person_node
[0.532s] [ 83%] Built target cpp_node
[0.765s] [100%] [32m[1mLinking CXX executable learn_auto[0m
[0.853s] [100%] Built target learn_auto
[0.864s] Invoked command in '/home/emmm/Desktop/ROS2/fishros/chapter2/session3_ws/build/demo_cpp_pkg' returned '0': CMAKE_PREFIX_PATH=${CMAKE_PREFIX_PATH}:/opt/ros/humble /usr/bin/cmake --build /home/emmm/Desktop/ROS2/fishros/chapter2/session3_ws/build/demo_cpp_pkg -- -j4 -l4
[0.874s] Invoking command in '/home/emmm/Desktop/ROS2/fishros/chapter2/session3_ws/build/demo_cpp_pkg': CMAKE_PREFIX_PATH=${CMAKE_PREFIX_PATH}:/opt/ros/humble /usr/bin/cmake --install /home/emmm/Desktop/ROS2/fishros/chapter2/session3_ws/build/demo_cpp_pkg
[0.881s] -- Install configuration: ""
[0.881s] -- Up-to-date: /home/emmm/Desktop/ROS2/fishros/chapter2/session3_ws/install/demo_cpp_pkg/lib/demo_cpp_pkg/cpp_node
[0.881s] -- Up-to-date: /home/emmm/Desktop/ROS2/fishros/chapter2/session3_ws/install/demo_cpp_pkg/lib/demo_cpp_pkg/person_node
[0.881s] -- Installing: /home/emmm/Desktop/ROS2/fishros/chapter2/session3_ws/install/demo_cpp_pkg/lib/demo_cpp_pkg/learn_auto
[0.882s] -- Set runtime path of "/home/emmm/Desktop/ROS2/fishros/chapter2/session3_ws/install/demo_cpp_pkg/lib/demo_cpp_pkg/learn_auto" to ""
[0.882s] -- Up-to-date: /home/emmm/Desktop/ROS2/fishros/chapter2/session3_ws/install/demo_cpp_pkg/share/ament_index/resource_index/package_run_dependencies/demo_cpp_pkg
[0.882s] -- Up-to-date: /home/emmm/Desktop/ROS2/fishros/chapter2/session3_ws/install/demo_cpp_pkg/share/ament_index/resource_index/parent_prefix_path/demo_cpp_pkg
[0.882s] -- Up-to-date: /home/emmm/Desktop/ROS2/fishros/chapter2/session3_ws/install/demo_cpp_pkg/share/demo_cpp_pkg/environment/ament_prefix_path.sh
[0.882s] -- Installing: /home/emmm/Desktop/ROS2/fishros/chapter2/session3_ws/install/demo_cpp_pkg/share/demo_cpp_pkg/environment/ament_prefix_path.dsv
[0.883s] -- Up-to-date: /home/emmm/Desktop/ROS2/fishros/chapter2/session3_ws/install/demo_cpp_pkg/share/demo_cpp_pkg/environment/path.sh
[0.883s] -- Installing: /home/emmm/Desktop/ROS2/fishros/chapter2/session3_ws/install/demo_cpp_pkg/share/demo_cpp_pkg/environment/path.dsv
[0.884s] -- Up-to-date: /home/emmm/Desktop/ROS2/fishros/chapter2/session3_ws/install/demo_cpp_pkg/share/demo_cpp_pkg/local_setup.bash
[0.884s] -- Up-to-date: /home/emmm/Desktop/ROS2/fishros/chapter2/session3_ws/install/demo_cpp_pkg/share/demo_cpp_pkg/local_setup.sh
[0.884s] -- Up-to-date: /home/emmm/Desktop/ROS2/fishros/chapter2/session3_ws/install/demo_cpp_pkg/share/demo_cpp_pkg/local_setup.zsh
[0.884s] -- Installing: /home/emmm/Desktop/ROS2/fishros/chapter2/session3_ws/install/demo_cpp_pkg/share/demo_cpp_pkg/local_setup.dsv
[0.884s] -- Installing: /home/emmm/Desktop/ROS2/fishros/chapter2/session3_ws/install/demo_cpp_pkg/share/demo_cpp_pkg/package.dsv
[0.885s] -- Up-to-date: /home/emmm/Desktop/ROS2/fishros/chapter2/session3_ws/install/demo_cpp_pkg/share/ament_index/resource_index/packages/demo_cpp_pkg
[0.885s] -- Up-to-date: /home/emmm/Desktop/ROS2/fishros/chapter2/session3_ws/install/demo_cpp_pkg/share/demo_cpp_pkg/cmake/demo_cpp_pkgConfig.cmake
[0.885s] -- Up-to-date: /home/emmm/Desktop/ROS2/fishros/chapter2/session3_ws/install/demo_cpp_pkg/share/demo_cpp_pkg/cmake/demo_cpp_pkgConfig-version.cmake
[0.885s] -- Up-to-date: /home/emmm/Desktop/ROS2/fishros/chapter2/session3_ws/install/demo_cpp_pkg/share/demo_cpp_pkg/package.xml
[0.887s] Invoked command in '/home/emmm/Desktop/ROS2/fishros/chapter2/session3_ws/build/demo_cpp_pkg' returned '0': CMAKE_PREFIX_PATH=${CMAKE_PREFIX_PATH}:/opt/ros/humble /usr/bin/cmake --install /home/emmm/Desktop/ROS2/fishros/chapter2/session3_ws/build/demo_cpp_pkg
