[0.015s] Invoking command in '/home/emmm/Desktop/ROS2/fishros/chapter2/session3_ws/build/demo_cpp_pkg': CMAKE_PREFIX_PATH=${CMAKE_PREFIX_PATH}:/opt/ros/humble /usr/bin/cmake --build /home/emmm/Desktop/ROS2/fishros/chapter2/session3_ws/build/demo_cpp_pkg -- -j4 -l4
[0.037s] -- Found ament_cmake: 1.3.12 (/opt/ros/humble/share/ament_cmake/cmake)
[0.188s] -- Found rclcpp: 16.0.15 (/opt/ros/humble/share/rclcpp/cmake)
[0.225s] -- Found rosidl_generator_c: 3.1.7 (/opt/ros/humble/share/rosidl_generator_c/cmake)
[0.225s] -- Found rosidl_adapter: 3.1.7 (/opt/ros/humble/share/rosidl_adapter/cmake)
[0.234s] -- Found rosidl_generator_cpp: 3.1.7 (/opt/ros/humble/share/rosidl_generator_cpp/cmake)
[0.249s] -- Using all available rosidl_typesupport_c: rosidl_typesupport_fastrtps_c;rosidl_typesupport_introspection_c
[0.262s] -- Using all available rosidl_typesupport_cpp: rosidl_typesupport_fastrtps_cpp;rosidl_typesupport_introspection_cpp
[0.286s] -- Found rmw_implementation_cmake: 6.1.2 (/opt/ros/humble/share/rmw_implementation_cmake/cmake)
[0.288s] -- Found rmw_fastrtps_cpp: 6.2.8 (/opt/ros/humble/share/rmw_fastrtps_cpp/cmake)
[0.360s] -- Using RMW implementation 'rmw_fastrtps_cpp' as default
[0.396s] -- Found ament_lint_auto: 0.12.14 (/opt/ros/humble/share/ament_lint_auto/cmake)
[0.456s] -- Added test 'cppcheck' to perform static code analysis on C / C++ code
[0.456s] -- Configured cppcheck include dirs: 
[0.456s] -- Configured cppcheck exclude dirs and/or files: 
[0.457s] -- Added test 'lint_cmake' to check CMake code style
[0.458s] -- Added test 'uncrustify' to check C / C++ code style
[0.458s] -- Configured uncrustify additional arguments: 
[0.459s] -- Added test 'xmllint' to check XML markup files
[0.460s] -- Configuring done
[0.464s] [33mCMake Warning (dev) at CMakeLists.txt:19 (add_executable):
[0.464s]   Policy CMP0115 is not set: Source file extensions must be explicit.  Run
[0.464s]   "cmake --help-policy CMP0115" for policy details.  Use the cmake_policy
[0.464s]   command to set the policy and suppress this warning.
[0.464s] 
[0.464s]   File:
[0.464s] 
[0.464s]     /home/emmm/Desktop/ROS2/fishros/chapter2/session3_ws/src/demo_cpp_pkg/src/learn_functional.cpp
[0.464s] This warning is for project developers.  Use -Wno-dev to suppress it.
[0.464s] [0m
[0.464s] [31mCMake Error at CMakeLists.txt:19 (add_executable):
[0.464s]   Cannot find source file:
[0.464s] 
[0.464s]     .cpp
[0.464s] 
[0.464s]   Tried extensions .c .C .c++ .cc .cpp .cxx .cu .mpp .m .M .mm .ixx .cppm .h
[0.464s]   .hh .h++ .hm .hpp .hxx .in .txx .f .F .for .f77 .f90 .f95 .f03 .hip .ispc
[0.465s] 
[0.465s] [0m
[0.465s] [31mCMake Error at CMakeLists.txt:19 (add_executable):
[0.465s]   No SOURCES given to target: learn_functional
[0.465s] 
[0.465s] [0m
[0.465s] [0mCMake Generate step failed.  Build files cannot be regenerated correctly.[0m
[0.470s] gmake: *** [Makefile:431: cmake_check_build_system] Error 1
[0.472s] Invoked command in '/home/emmm/Desktop/ROS2/fishros/chapter2/session3_ws/build/demo_cpp_pkg' returned '2': CMAKE_PREFIX_PATH=${CMAKE_PREFIX_PATH}:/opt/ros/humble /usr/bin/cmake --build /home/emmm/Desktop/ROS2/fishros/chapter2/session3_ws/build/demo_cpp_pkg -- -j4 -l4
