-- The C compiler identification is GNU 13.1.0
-- The CXX compiler identification is GNU 13.1.0
-- Detecting C compiler ABI info
-- Detecting C compiler ABI info - done
-- Check for working C compiler: /usr/bin/cc - skipped
-- Detecting C compile features
-- Detecting C compile features - done
-- Detecting CXX compiler ABI info
-- Detecting CXX compiler ABI info - done
-- Check for working CXX compiler: /usr/bin/c++ - skipped
-- Detecting CXX compile features
-- Detecting CXX compile features - done
-- Found ament_cmake: 1.3.12 (/opt/ros/humble/share/ament_cmake/cmake)
-- Found Python3: /usr/bin/python3 (found version "3.10.12") found components: Interpreter 
-- Found rclcpp: 16.0.15 (/opt/ros/humble/share/rclcpp/cmake)
-- Found rosidl_generator_c: 3.1.7 (/opt/ros/humble/share/rosidl_generator_c/cmake)
-- Found rosidl_adapter: 3.1.7 (/opt/ros/humble/share/rosidl_adapter/cmake)
-- Found rosidl_generator_cpp: 3.1.7 (/opt/ros/humble/share/rosidl_generator_cpp/cmake)
-- Using all available rosidl_typesupport_c: rosidl_typesupport_fastrtps_c;rosidl_typesupport_introspection_c
-- Using all available rosidl_typesupport_cpp: rosidl_typesupport_fastrtps_cpp;rosidl_typesupport_introspection_cpp
-- Found rmw_implementation_cmake: 6.1.2 (/opt/ros/humble/share/rmw_implementation_cmake/cmake)
-- Found rmw_fastrtps_cpp: 6.2.9 (/opt/ros/humble/share/rmw_fastrtps_cpp/cmake)
-- Found OpenSSL: /usr/lib/x86_64-linux-gnu/libcrypto.so (found version "3.0.2")  
-- Found FastRTPS: /opt/ros/humble/include  
-- Using RMW implementation 'rmw_fastrtps_cpp' as default
-- Looking for pthread.h
-- Looking for pthread.h - found
-- Performing Test CMAKE_HAVE_LIBC_PTHREAD
-- Performing Test CMAKE_HAVE_LIBC_PTHREAD - Success
-- Found Threads: TRUE  
-- Found ament_lint_auto: 0.12.14 (/opt/ros/humble/share/ament_lint_auto/cmake)
-- Added test 'cppcheck' to perform static code analysis on C / C++ code
-- Configured cppcheck include dirs: 
-- Configured cppcheck exclude dirs and/or files: 
-- Added test 'lint_cmake' to check CMake code style
-- Added test 'uncrustify' to check C / C++ code style
-- Configured uncrustify additional arguments: 
-- Added test 'xmllint' to check XML markup files
-- Configuring done
-- Generating done
-- Build files have been written to: /home/emmm/Desktop/scnu_rm/ROS2/task/topic_ws/build/example_topic
[ 25%] [32mBuilding CXX object CMakeFiles/topic_subscribe.dir/src/topic_subscribe.cpp.o[0m
[ 50%] [32mBuilding CXX object CMakeFiles/topic_publisher.dir/src/topic_publisher.cpp.o[0m
[ 75%] [32m[1mLinking CXX executable topic_publisher[0m
[ 75%] Built target topic_publisher
[100%] [32m[1mLinking CXX executable topic_subscribe[0m
[100%] Built target topic_subscribe
-- Install configuration: ""
-- Installing: /home/emmm/Desktop/scnu_rm/ROS2/task/topic_ws/install/example_topic/lib/example_topic/topic_publisher
-- Set runtime path of "/home/emmm/Desktop/scnu_rm/ROS2/task/topic_ws/install/example_topic/lib/example_topic/topic_publisher" to ""
-- Installing: /home/emmm/Desktop/scnu_rm/ROS2/task/topic_ws/install/example_topic/lib/example_topic/topic_subscribe
-- Set runtime path of "/home/emmm/Desktop/scnu_rm/ROS2/task/topic_ws/install/example_topic/lib/example_topic/topic_subscribe" to ""
-- Installing: /home/emmm/Desktop/scnu_rm/ROS2/task/topic_ws/install/example_topic/share/ament_index/resource_index/package_run_dependencies/example_topic
-- Installing: /home/emmm/Desktop/scnu_rm/ROS2/task/topic_ws/install/example_topic/share/ament_index/resource_index/parent_prefix_path/example_topic
-- Installing: /home/emmm/Desktop/scnu_rm/ROS2/task/topic_ws/install/example_topic/share/example_topic/environment/ament_prefix_path.sh
-- Installing: /home/emmm/Desktop/scnu_rm/ROS2/task/topic_ws/install/example_topic/share/example_topic/environment/ament_prefix_path.dsv
-- Installing: /home/emmm/Desktop/scnu_rm/ROS2/task/topic_ws/install/example_topic/share/example_topic/environment/path.sh
-- Installing: /home/emmm/Desktop/scnu_rm/ROS2/task/topic_ws/install/example_topic/share/example_topic/environment/path.dsv
-- Installing: /home/emmm/Desktop/scnu_rm/ROS2/task/topic_ws/install/example_topic/share/example_topic/local_setup.bash
-- Installing: /home/emmm/Desktop/scnu_rm/ROS2/task/topic_ws/install/example_topic/share/example_topic/local_setup.sh
-- Installing: /home/emmm/Desktop/scnu_rm/ROS2/task/topic_ws/install/example_topic/share/example_topic/local_setup.zsh
-- Installing: /home/emmm/Desktop/scnu_rm/ROS2/task/topic_ws/install/example_topic/share/example_topic/local_setup.dsv
-- Installing: /home/emmm/Desktop/scnu_rm/ROS2/task/topic_ws/install/example_topic/share/example_topic/package.dsv
-- Installing: /home/emmm/Desktop/scnu_rm/ROS2/task/topic_ws/install/example_topic/share/ament_index/resource_index/packages/example_topic
-- Installing: /home/emmm/Desktop/scnu_rm/ROS2/task/topic_ws/install/example_topic/share/example_topic/cmake/example_topicConfig.cmake
-- Installing: /home/emmm/Desktop/scnu_rm/ROS2/task/topic_ws/install/example_topic/share/example_topic/cmake/example_topicConfig-version.cmake
-- Installing: /home/emmm/Desktop/scnu_rm/ROS2/task/topic_ws/install/example_topic/share/example_topic/package.xml
