[0.009s] Invoking command in '/home/emmm/Desktop/scnu_rm/ROS2/task/topic_ws/build/example_topic': CMAKE_PREFIX_PATH=/opt/ros/humble /usr/bin/cmake /home/emmm/Desktop/scnu_rm/ROS2/task/topic_ws/src/example_topic -DCMAKE_INSTALL_PREFIX=/home/emmm/Desktop/scnu_rm/ROS2/task/topic_ws/install/example_topic
[0.084s] -- The C compiler identification is GNU 13.1.0
[0.139s] -- The CXX compiler identification is GNU 13.1.0
[0.144s] -- Detecting C compiler ABI info
[0.216s] -- Detecting C compiler ABI info - done
[0.221s] -- Check for working C compiler: /usr/bin/cc - skipped
[0.221s] -- Detecting C compile features
[0.221s] -- Detecting C compile features - done
[0.224s] -- Detecting CXX compiler ABI info
[0.293s] -- Detecting CXX compiler ABI info - done
[0.299s] -- Check for working CXX compiler: /usr/bin/c++ - skipped
[0.299s] -- Detecting CXX compile features
[0.300s] -- Detecting CXX compile features - done
[0.302s] -- Found ament_cmake: 1.3.12 (/opt/ros/humble/share/ament_cmake/cmake)
[0.449s] -- Found Python3: /usr/bin/python3 (found version "3.10.12") found components: Interpreter 
[0.510s] -- Found rclcpp: 16.0.15 (/opt/ros/humble/share/rclcpp/cmake)
[0.539s] -- Found rosidl_generator_c: 3.1.7 (/opt/ros/humble/share/rosidl_generator_c/cmake)
[0.541s] -- Found rosidl_adapter: 3.1.7 (/opt/ros/humble/share/rosidl_adapter/cmake)
[0.546s] -- Found rosidl_generator_cpp: 3.1.7 (/opt/ros/humble/share/rosidl_generator_cpp/cmake)
[0.553s] -- Using all available rosidl_typesupport_c: rosidl_typesupport_fastrtps_c;rosidl_typesupport_introspection_c
[0.562s] -- Using all available rosidl_typesupport_cpp: rosidl_typesupport_fastrtps_cpp;rosidl_typesupport_introspection_cpp
[0.587s] -- Found rmw_implementation_cmake: 6.1.2 (/opt/ros/humble/share/rmw_implementation_cmake/cmake)
[0.589s] -- Found rmw_fastrtps_cpp: 6.2.9 (/opt/ros/humble/share/rmw_fastrtps_cpp/cmake)
[0.674s] -- Found OpenSSL: /usr/lib/x86_64-linux-gnu/libcrypto.so (found version "3.0.2")  
[0.697s] -- Found FastRTPS: /opt/ros/humble/include  
[0.726s] -- Using RMW implementation 'rmw_fastrtps_cpp' as default
[0.730s] -- Looking for pthread.h
[0.801s] -- Looking for pthread.h - found
[0.802s] -- Performing Test CMAKE_HAVE_LIBC_PTHREAD
[0.899s] -- Performing Test CMAKE_HAVE_LIBC_PTHREAD - Success
[0.901s] -- Found Threads: TRUE  
[0.948s] -- Found ament_lint_auto: 0.12.14 (/opt/ros/humble/share/ament_lint_auto/cmake)
[0.995s] -- Added test 'cppcheck' to perform static code analysis on C / C++ code
[0.995s] -- Configured cppcheck include dirs: 
[0.995s] -- Configured cppcheck exclude dirs and/or files: 
[0.995s] -- Added test 'lint_cmake' to check CMake code style
[0.996s] -- Added test 'uncrustify' to check C / C++ code style
[0.996s] -- Configured uncrustify additional arguments: 
[0.996s] -- Added test 'xmllint' to check XML markup files
[0.997s] -- Configuring done
[1.003s] -- Generating done
[1.006s] -- Build files have been written to: /home/emmm/Desktop/scnu_rm/ROS2/task/topic_ws/build/example_topic
[1.012s] Invoked command in '/home/emmm/Desktop/scnu_rm/ROS2/task/topic_ws/build/example_topic' returned '0': CMAKE_PREFIX_PATH=/opt/ros/humble /usr/bin/cmake /home/emmm/Desktop/scnu_rm/ROS2/task/topic_ws/src/example_topic -DCMAKE_INSTALL_PREFIX=/home/emmm/Desktop/scnu_rm/ROS2/task/topic_ws/install/example_topic
[1.014s] Invoking command in '/home/emmm/Desktop/scnu_rm/ROS2/task/topic_ws/build/example_topic': CMAKE_PREFIX_PATH=/opt/ros/humble /usr/bin/cmake --build /home/emmm/Desktop/scnu_rm/ROS2/task/topic_ws/build/example_topic -- -j12 -l12
[1.066s] [ 25%] [32mBuilding CXX object CMakeFiles/topic_subscribe.dir/src/topic_subscribe.cpp.o[0m
[1.068s] [ 50%] [32mBuilding CXX object CMakeFiles/topic_publisher.dir/src/topic_publisher.cpp.o[0m
[3.507s] [ 75%] [32m[1mLinking CXX executable topic_publisher[0m
[3.632s] [ 75%] Built target topic_publisher
[5.751s] [100%] [32m[1mLinking CXX executable topic_subscribe[0m
[5.979s] [100%] Built target topic_subscribe
[5.994s] Invoked command in '/home/emmm/Desktop/scnu_rm/ROS2/task/topic_ws/build/example_topic' returned '0': CMAKE_PREFIX_PATH=/opt/ros/humble /usr/bin/cmake --build /home/emmm/Desktop/scnu_rm/ROS2/task/topic_ws/build/example_topic -- -j12 -l12
[6.004s] Invoking command in '/home/emmm/Desktop/scnu_rm/ROS2/task/topic_ws/build/example_topic': CMAKE_PREFIX_PATH=/opt/ros/humble /usr/bin/cmake --install /home/emmm/Desktop/scnu_rm/ROS2/task/topic_ws/build/example_topic
[6.013s] -- Install configuration: ""
[6.013s] -- Installing: /home/emmm/Desktop/scnu_rm/ROS2/task/topic_ws/install/example_topic/lib/example_topic/topic_publisher
[6.015s] -- Set runtime path of "/home/emmm/Desktop/scnu_rm/ROS2/task/topic_ws/install/example_topic/lib/example_topic/topic_publisher" to ""
[6.015s] -- Installing: /home/emmm/Desktop/scnu_rm/ROS2/task/topic_ws/install/example_topic/lib/example_topic/topic_subscribe
[6.017s] -- Set runtime path of "/home/emmm/Desktop/scnu_rm/ROS2/task/topic_ws/install/example_topic/lib/example_topic/topic_subscribe" to ""
[6.017s] -- Installing: /home/emmm/Desktop/scnu_rm/ROS2/task/topic_ws/install/example_topic/share/ament_index/resource_index/package_run_dependencies/example_topic
[6.018s] -- Installing: /home/emmm/Desktop/scnu_rm/ROS2/task/topic_ws/install/example_topic/share/ament_index/resource_index/parent_prefix_path/example_topic
[6.018s] -- Installing: /home/emmm/Desktop/scnu_rm/ROS2/task/topic_ws/install/example_topic/share/example_topic/environment/ament_prefix_path.sh
[6.018s] -- Installing: /home/emmm/Desktop/scnu_rm/ROS2/task/topic_ws/install/example_topic/share/example_topic/environment/ament_prefix_path.dsv
[6.018s] -- Installing: /home/emmm/Desktop/scnu_rm/ROS2/task/topic_ws/install/example_topic/share/example_topic/environment/path.sh
[6.018s] -- Installing: /home/emmm/Desktop/scnu_rm/ROS2/task/topic_ws/install/example_topic/share/example_topic/environment/path.dsv
[6.018s] -- Installing: /home/emmm/Desktop/scnu_rm/ROS2/task/topic_ws/install/example_topic/share/example_topic/local_setup.bash
[6.018s] -- Installing: /home/emmm/Desktop/scnu_rm/ROS2/task/topic_ws/install/example_topic/share/example_topic/local_setup.sh
[6.019s] -- Installing: /home/emmm/Desktop/scnu_rm/ROS2/task/topic_ws/install/example_topic/share/example_topic/local_setup.zsh
[6.019s] -- Installing: /home/emmm/Desktop/scnu_rm/ROS2/task/topic_ws/install/example_topic/share/example_topic/local_setup.dsv
[6.019s] -- Installing: /home/emmm/Desktop/scnu_rm/ROS2/task/topic_ws/install/example_topic/share/example_topic/package.dsv
[6.019s] -- Installing: /home/emmm/Desktop/scnu_rm/ROS2/task/topic_ws/install/example_topic/share/ament_index/resource_index/packages/example_topic
[6.019s] -- Installing: /home/emmm/Desktop/scnu_rm/ROS2/task/topic_ws/install/example_topic/share/example_topic/cmake/example_topicConfig.cmake
[6.019s] -- Installing: /home/emmm/Desktop/scnu_rm/ROS2/task/topic_ws/install/example_topic/share/example_topic/cmake/example_topicConfig-version.cmake
[6.019s] -- Installing: /home/emmm/Desktop/scnu_rm/ROS2/task/topic_ws/install/example_topic/share/example_topic/package.xml
[6.021s] Invoked command in '/home/emmm/Desktop/scnu_rm/ROS2/task/topic_ws/build/example_topic' returned '0': CMAKE_PREFIX_PATH=/opt/ros/humble /usr/bin/cmake --install /home/emmm/Desktop/scnu_rm/ROS2/task/topic_ws/build/example_topic
