[0.009s] Invoking command in '/home/emmm/Desktop/scnu_rm/ROS2/learn/chapter4/service_ws/build/service_interfaces': CMAKE_PREFIX_PATH=/opt/ros/humble /usr/bin/cmake --build /home/emmm/Desktop/scnu_rm/ROS2/learn/chapter4/service_ws/build/service_interfaces -- -j12 -l12
[0.058s] [35m[1mConsolidate compiler generated dependencies of target service_interfaces__rosidl_generator_c[0m
[0.066s] [  3%] Built target service_interfaces__cpp
[0.070s] [  3%] Built target ament_cmake_python_copy_service_interfaces
[0.071s] [ 12%] Built target service_interfaces__rosidl_generator_c
[0.078s] [35m[1mConsolidate compiler generated dependencies of target service_interfaces__rosidl_typesupport_introspection_cpp[0m
[0.082s] [35m[1mConsolidate compiler generated dependencies of target service_interfaces__rosidl_typesupport_introspection_c[0m
[0.084s] [35m[1mConsolidate compiler generated dependencies of target service_interfaces__rosidl_typesupport_cpp[0m
[0.084s] [35m[1mConsolidate compiler generated dependencies of target service_interfaces__rosidl_typesupport_fastrtps_cpp[0m
[0.085s] [35m[1mConsolidate compiler generated dependencies of target service_interfaces__rosidl_typesupport_fastrtps_c[0m
[0.089s] [35m[1mConsolidate compiler generated dependencies of target service_interfaces__rosidl_typesupport_c[0m
[0.091s] [ 22%] Built target service_interfaces__rosidl_typesupport_introspection_c
[0.095s] [ 32%] Built target service_interfaces__rosidl_typesupport_introspection_cpp
[0.095s] [ 41%] Built target service_interfaces__rosidl_typesupport_fastrtps_c
[0.099s] [ 51%] Built target service_interfaces__rosidl_typesupport_c
[0.099s] [ 61%] Built target service_interfaces__rosidl_typesupport_fastrtps_cpp
[0.099s] [ 70%] Built target service_interfaces__rosidl_typesupport_cpp
[0.123s] [ 70%] Built target service_interfaces
[0.146s] [ 74%] Built target service_interfaces__py
[0.158s] [35m[1mConsolidate compiler generated dependencies of target service_interfaces__rosidl_generator_py[0m
[0.173s] [ 80%] Built target service_interfaces__rosidl_generator_py
[0.185s] [35m[1mConsolidate compiler generated dependencies of target service_interfaces__rosidl_typesupport_introspection_c__pyext[0m
[0.185s] [35m[1mConsolidate compiler generated dependencies of target service_interfaces__rosidl_typesupport_fastrtps_c__pyext[0m
[0.185s] [35m[1mConsolidate compiler generated dependencies of target service_interfaces__rosidl_typesupport_c__pyext[0m
[0.199s] [100%] Built target service_interfaces__rosidl_typesupport_fastrtps_c__pyext
[0.199s] [100%] Built target service_interfaces__rosidl_typesupport_c__pyext
[0.200s] [100%] Built target service_interfaces__rosidl_typesupport_introspection_c__pyext
[0.227s] running egg_info
[0.227s] writing service_interfaces.egg-info/PKG-INFO
[0.227s] writing dependency_links to service_interfaces.egg-info/dependency_links.txt
[0.227s] writing top-level names to service_interfaces.egg-info/top_level.txt
[0.229s] reading manifest file 'service_interfaces.egg-info/SOURCES.txt'
[0.229s] writing manifest file 'service_interfaces.egg-info/SOURCES.txt'
[0.248s] [100%] Built target ament_cmake_python_build_service_interfaces_egg
[0.260s] Invoked command in '/home/emmm/Desktop/scnu_rm/ROS2/learn/chapter4/service_ws/build/service_interfaces' returned '0': CMAKE_PREFIX_PATH=/opt/ros/humble /usr/bin/cmake --build /home/emmm/Desktop/scnu_rm/ROS2/learn/chapter4/service_ws/build/service_interfaces -- -j12 -l12
[0.269s] Invoking command in '/home/emmm/Desktop/scnu_rm/ROS2/learn/chapter4/service_ws/build/service_interfaces': CMAKE_PREFIX_PATH=/opt/ros/humble /usr/bin/cmake --install /home/emmm/Desktop/scnu_rm/ROS2/learn/chapter4/service_ws/build/service_interfaces
[0.274s] -- Install configuration: ""
[0.274s] -- Up-to-date: /home/emmm/Desktop/scnu_rm/ROS2/learn/chapter4/service_ws/install/service_interfaces/share/ament_index/resource_index/rosidl_interfaces/service_interfaces
[0.274s] -- Up-to-date: /home/emmm/Desktop/scnu_rm/ROS2/learn/chapter4/service_ws/install/service_interfaces/include/service_interfaces/service_interfaces
[0.274s] -- Up-to-date: /home/emmm/Desktop/scnu_rm/ROS2/learn/chapter4/service_ws/install/service_interfaces/include/service_interfaces/service_interfaces/srv
[0.274s] -- Up-to-date: /home/emmm/Desktop/scnu_rm/ROS2/learn/chapter4/service_ws/install/service_interfaces/include/service_interfaces/service_interfaces/srv/detail
[0.274s] -- Up-to-date: /home/emmm/Desktop/scnu_rm/ROS2/learn/chapter4/service_ws/install/service_interfaces/include/service_interfaces/service_interfaces/srv/detail/patrol__functions.c
[0.274s] -- Up-to-date: /home/emmm/Desktop/scnu_rm/ROS2/learn/chapter4/service_ws/install/service_interfaces/include/service_interfaces/service_interfaces/srv/detail/patrol__struct.h
[0.274s] -- Up-to-date: /home/emmm/Desktop/scnu_rm/ROS2/learn/chapter4/service_ws/install/service_interfaces/include/service_interfaces/service_interfaces/srv/detail/patrol__type_support.h
[0.274s] -- Up-to-date: /home/emmm/Desktop/scnu_rm/ROS2/learn/chapter4/service_ws/install/service_interfaces/include/service_interfaces/service_interfaces/srv/detail/patrol__functions.h
[0.275s] -- Up-to-date: /home/emmm/Desktop/scnu_rm/ROS2/learn/chapter4/service_ws/install/service_interfaces/include/service_interfaces/service_interfaces/srv/patrol.h
[0.275s] -- Up-to-date: /home/emmm/Desktop/scnu_rm/ROS2/learn/chapter4/service_ws/install/service_interfaces/include/service_interfaces/service_interfaces/msg
[0.275s] -- Up-to-date: /home/emmm/Desktop/scnu_rm/ROS2/learn/chapter4/service_ws/install/service_interfaces/include/service_interfaces/service_interfaces/msg/rosidl_generator_c__visibility_control.h
[0.275s] -- Up-to-date: /home/emmm/Desktop/scnu_rm/ROS2/learn/chapter4/service_ws/install/service_interfaces/share/service_interfaces/environment/library_path.sh
[0.275s] -- Up-to-date: /home/emmm/Desktop/scnu_rm/ROS2/learn/chapter4/service_ws/install/service_interfaces/share/service_interfaces/environment/library_path.dsv
[0.275s] -- Up-to-date: /home/emmm/Desktop/scnu_rm/ROS2/learn/chapter4/service_ws/install/service_interfaces/lib/libservice_interfaces__rosidl_generator_c.so
[0.275s] -- Up-to-date: /home/emmm/Desktop/scnu_rm/ROS2/learn/chapter4/service_ws/install/service_interfaces/include/service_interfaces/service_interfaces
[0.275s] -- Up-to-date: /home/emmm/Desktop/scnu_rm/ROS2/learn/chapter4/service_ws/install/service_interfaces/include/service_interfaces/service_interfaces/srv
[0.275s] -- Up-to-date: /home/emmm/Desktop/scnu_rm/ROS2/learn/chapter4/service_ws/install/service_interfaces/include/service_interfaces/service_interfaces/srv/detail
[0.275s] -- Up-to-date: /home/emmm/Desktop/scnu_rm/ROS2/learn/chapter4/service_ws/install/service_interfaces/include/service_interfaces/service_interfaces/srv/detail/patrol__rosidl_typesupport_fastrtps_c.h
[0.276s] -- Up-to-date: /home/emmm/Desktop/scnu_rm/ROS2/learn/chapter4/service_ws/install/service_interfaces/include/service_interfaces/service_interfaces/msg
[0.276s] -- Up-to-date: /home/emmm/Desktop/scnu_rm/ROS2/learn/chapter4/service_ws/install/service_interfaces/include/service_interfaces/service_interfaces/msg/rosidl_typesupport_fastrtps_c__visibility_control.h
[0.276s] -- Up-to-date: /home/emmm/Desktop/scnu_rm/ROS2/learn/chapter4/service_ws/install/service_interfaces/lib/libservice_interfaces__rosidl_typesupport_fastrtps_c.so
[0.276s] -- Up-to-date: /home/emmm/Desktop/scnu_rm/ROS2/learn/chapter4/service_ws/install/service_interfaces/include/service_interfaces/service_interfaces
[0.276s] -- Up-to-date: /home/emmm/Desktop/scnu_rm/ROS2/learn/chapter4/service_ws/install/service_interfaces/include/service_interfaces/service_interfaces/srv
[0.276s] -- Up-to-date: /home/emmm/Desktop/scnu_rm/ROS2/learn/chapter4/service_ws/install/service_interfaces/include/service_interfaces/service_interfaces/srv/detail
[0.276s] -- Up-to-date: /home/emmm/Desktop/scnu_rm/ROS2/learn/chapter4/service_ws/install/service_interfaces/include/service_interfaces/service_interfaces/srv/detail/patrol__type_support.c
[0.276s] -- Up-to-date: /home/emmm/Desktop/scnu_rm/ROS2/learn/chapter4/service_ws/install/service_interfaces/include/service_interfaces/service_interfaces/srv/detail/patrol__rosidl_typesupport_introspection_c.h
[0.276s] -- Up-to-date: /home/emmm/Desktop/scnu_rm/ROS2/learn/chapter4/service_ws/install/service_interfaces/include/service_interfaces/service_interfaces/msg
[0.276s] -- Up-to-date: /home/emmm/Desktop/scnu_rm/ROS2/learn/chapter4/service_ws/install/service_interfaces/include/service_interfaces/service_interfaces/msg/rosidl_typesupport_introspection_c__visibility_control.h
[0.277s] -- Up-to-date: /home/emmm/Desktop/scnu_rm/ROS2/learn/chapter4/service_ws/install/service_interfaces/lib/libservice_interfaces__rosidl_typesupport_introspection_c.so
[0.277s] -- Up-to-date: /home/emmm/Desktop/scnu_rm/ROS2/learn/chapter4/service_ws/install/service_interfaces/lib/libservice_interfaces__rosidl_typesupport_c.so
[0.277s] -- Up-to-date: /home/emmm/Desktop/scnu_rm/ROS2/learn/chapter4/service_ws/install/service_interfaces/include/service_interfaces/service_interfaces
[0.277s] -- Up-to-date: /home/emmm/Desktop/scnu_rm/ROS2/learn/chapter4/service_ws/install/service_interfaces/include/service_interfaces/service_interfaces/srv
[0.277s] -- Up-to-date: /home/emmm/Desktop/scnu_rm/ROS2/learn/chapter4/service_ws/install/service_interfaces/include/service_interfaces/service_interfaces/srv/patrol.hpp
[0.277s] -- Up-to-date: /home/emmm/Desktop/scnu_rm/ROS2/learn/chapter4/service_ws/install/service_interfaces/include/service_interfaces/service_interfaces/srv/detail
[0.277s] -- Up-to-date: /home/emmm/Desktop/scnu_rm/ROS2/learn/chapter4/service_ws/install/service_interfaces/include/service_interfaces/service_interfaces/srv/detail/patrol__struct.hpp
[0.277s] -- Up-to-date: /home/emmm/Desktop/scnu_rm/ROS2/learn/chapter4/service_ws/install/service_interfaces/include/service_interfaces/service_interfaces/srv/detail/patrol__traits.hpp
[0.277s] -- Up-to-date: /home/emmm/Desktop/scnu_rm/ROS2/learn/chapter4/service_ws/install/service_interfaces/include/service_interfaces/service_interfaces/srv/detail/patrol__type_support.hpp
[0.277s] -- Up-to-date: /home/emmm/Desktop/scnu_rm/ROS2/learn/chapter4/service_ws/install/service_interfaces/include/service_interfaces/service_interfaces/srv/detail/patrol__builder.hpp
[0.277s] -- Up-to-date: /home/emmm/Desktop/scnu_rm/ROS2/learn/chapter4/service_ws/install/service_interfaces/include/service_interfaces/service_interfaces/msg
[0.277s] -- Up-to-date: /home/emmm/Desktop/scnu_rm/ROS2/learn/chapter4/service_ws/install/service_interfaces/include/service_interfaces/service_interfaces/msg/rosidl_generator_cpp__visibility_control.hpp
[0.278s] -- Up-to-date: /home/emmm/Desktop/scnu_rm/ROS2/learn/chapter4/service_ws/install/service_interfaces/include/service_interfaces/service_interfaces
[0.278s] -- Up-to-date: /home/emmm/Desktop/scnu_rm/ROS2/learn/chapter4/service_ws/install/service_interfaces/include/service_interfaces/service_interfaces/srv
[0.278s] -- Up-to-date: /home/emmm/Desktop/scnu_rm/ROS2/learn/chapter4/service_ws/install/service_interfaces/include/service_interfaces/service_interfaces/srv/detail
[0.278s] -- Up-to-date: /home/emmm/Desktop/scnu_rm/ROS2/learn/chapter4/service_ws/install/service_interfaces/include/service_interfaces/service_interfaces/srv/detail/dds_fastrtps
[0.278s] -- Up-to-date: /home/emmm/Desktop/scnu_rm/ROS2/learn/chapter4/service_ws/install/service_interfaces/include/service_interfaces/service_interfaces/srv/detail/patrol__rosidl_typesupport_fastrtps_cpp.hpp
[0.278s] -- Up-to-date: /home/emmm/Desktop/scnu_rm/ROS2/learn/chapter4/service_ws/install/service_interfaces/include/service_interfaces/service_interfaces/msg
[0.278s] -- Up-to-date: /home/emmm/Desktop/scnu_rm/ROS2/learn/chapter4/service_ws/install/service_interfaces/include/service_interfaces/service_interfaces/msg/rosidl_typesupport_fastrtps_cpp__visibility_control.h
[0.278s] -- Up-to-date: /home/emmm/Desktop/scnu_rm/ROS2/learn/chapter4/service_ws/install/service_interfaces/lib/libservice_interfaces__rosidl_typesupport_fastrtps_cpp.so
[0.278s] -- Up-to-date: /home/emmm/Desktop/scnu_rm/ROS2/learn/chapter4/service_ws/install/service_interfaces/include/service_interfaces/service_interfaces
[0.278s] -- Up-to-date: /home/emmm/Desktop/scnu_rm/ROS2/learn/chapter4/service_ws/install/service_interfaces/include/service_interfaces/service_interfaces/srv
[0.278s] -- Up-to-date: /home/emmm/Desktop/scnu_rm/ROS2/learn/chapter4/service_ws/install/service_interfaces/include/service_interfaces/service_interfaces/srv/detail
[0.278s] -- Up-to-date: /home/emmm/Desktop/scnu_rm/ROS2/learn/chapter4/service_ws/install/service_interfaces/include/service_interfaces/service_interfaces/srv/detail/patrol__type_support.cpp
[0.279s] -- Up-to-date: /home/emmm/Desktop/scnu_rm/ROS2/learn/chapter4/service_ws/install/service_interfaces/include/service_interfaces/service_interfaces/srv/detail/patrol__rosidl_typesupport_introspection_cpp.hpp
[0.279s] -- Up-to-date: /home/emmm/Desktop/scnu_rm/ROS2/learn/chapter4/service_ws/install/service_interfaces/lib/libservice_interfaces__rosidl_typesupport_introspection_cpp.so
[0.279s] -- Up-to-date: /home/emmm/Desktop/scnu_rm/ROS2/learn/chapter4/service_ws/install/service_interfaces/lib/libservice_interfaces__rosidl_typesupport_cpp.so
[0.279s] -- Up-to-date: /home/emmm/Desktop/scnu_rm/ROS2/learn/chapter4/service_ws/install/service_interfaces/share/service_interfaces/environment/pythonpath.sh
[0.279s] -- Up-to-date: /home/emmm/Desktop/scnu_rm/ROS2/learn/chapter4/service_ws/install/service_interfaces/share/service_interfaces/environment/pythonpath.dsv
[0.279s] -- Up-to-date: /home/emmm/Desktop/scnu_rm/ROS2/learn/chapter4/service_ws/install/service_interfaces/local/lib/python3.10/dist-packages/service_interfaces-0.0.0-py3.10.egg-info
[0.279s] -- Installing: /home/emmm/Desktop/scnu_rm/ROS2/learn/chapter4/service_ws/install/service_interfaces/local/lib/python3.10/dist-packages/service_interfaces-0.0.0-py3.10.egg-info/dependency_links.txt
[0.279s] -- Installing: /home/emmm/Desktop/scnu_rm/ROS2/learn/chapter4/service_ws/install/service_interfaces/local/lib/python3.10/dist-packages/service_interfaces-0.0.0-py3.10.egg-info/SOURCES.txt
[0.279s] -- Installing: /home/emmm/Desktop/scnu_rm/ROS2/learn/chapter4/service_ws/install/service_interfaces/local/lib/python3.10/dist-packages/service_interfaces-0.0.0-py3.10.egg-info/PKG-INFO
[0.279s] -- Installing: /home/emmm/Desktop/scnu_rm/ROS2/learn/chapter4/service_ws/install/service_interfaces/local/lib/python3.10/dist-packages/service_interfaces-0.0.0-py3.10.egg-info/top_level.txt
[0.279s] -- Up-to-date: /home/emmm/Desktop/scnu_rm/ROS2/learn/chapter4/service_ws/install/service_interfaces/local/lib/python3.10/dist-packages/service_interfaces
[0.279s] -- Up-to-date: /home/emmm/Desktop/scnu_rm/ROS2/learn/chapter4/service_ws/install/service_interfaces/local/lib/python3.10/dist-packages/service_interfaces/srv
[0.280s] -- Up-to-date: /home/emmm/Desktop/scnu_rm/ROS2/learn/chapter4/service_ws/install/service_interfaces/local/lib/python3.10/dist-packages/service_interfaces/srv/_patrol_s.c
[0.280s] -- Up-to-date: /home/emmm/Desktop/scnu_rm/ROS2/learn/chapter4/service_ws/install/service_interfaces/local/lib/python3.10/dist-packages/service_interfaces/srv/__init__.py
[0.280s] -- Up-to-date: /home/emmm/Desktop/scnu_rm/ROS2/learn/chapter4/service_ws/install/service_interfaces/local/lib/python3.10/dist-packages/service_interfaces/srv/_patrol.py
[0.280s] -- Up-to-date: /home/emmm/Desktop/scnu_rm/ROS2/learn/chapter4/service_ws/install/service_interfaces/local/lib/python3.10/dist-packages/service_interfaces/_service_interfaces_s.ep.rosidl_typesupport_fastrtps_c.c
[0.280s] -- Up-to-date: /home/emmm/Desktop/scnu_rm/ROS2/learn/chapter4/service_ws/install/service_interfaces/local/lib/python3.10/dist-packages/service_interfaces/_service_interfaces_s.ep.rosidl_typesupport_c.c
[0.280s] -- Up-to-date: /home/emmm/Desktop/scnu_rm/ROS2/learn/chapter4/service_ws/install/service_interfaces/local/lib/python3.10/dist-packages/service_interfaces/service_interfaces_s__rosidl_typesupport_fastrtps_c.cpython-310-x86_64-linux-gnu.so
[0.280s] -- Up-to-date: /home/emmm/Desktop/scnu_rm/ROS2/learn/chapter4/service_ws/install/service_interfaces/local/lib/python3.10/dist-packages/service_interfaces/_service_interfaces_s.ep.rosidl_typesupport_introspection_c.c
[0.280s] -- Up-to-date: /home/emmm/Desktop/scnu_rm/ROS2/learn/chapter4/service_ws/install/service_interfaces/local/lib/python3.10/dist-packages/service_interfaces/service_interfaces_s__rosidl_typesupport_c.cpython-310-x86_64-linux-gnu.so
[0.280s] -- Up-to-date: /home/emmm/Desktop/scnu_rm/ROS2/learn/chapter4/service_ws/install/service_interfaces/local/lib/python3.10/dist-packages/service_interfaces/service_interfaces_s__rosidl_typesupport_introspection_c.cpython-310-x86_64-linux-gnu.so
[0.280s] -- Up-to-date: /home/emmm/Desktop/scnu_rm/ROS2/learn/chapter4/service_ws/install/service_interfaces/local/lib/python3.10/dist-packages/service_interfaces/libservice_interfaces__rosidl_generator_py.so
[0.280s] -- Up-to-date: /home/emmm/Desktop/scnu_rm/ROS2/learn/chapter4/service_ws/install/service_interfaces/local/lib/python3.10/dist-packages/service_interfaces/__init__.py
[0.297s] Listing '/home/emmm/Desktop/scnu_rm/ROS2/learn/chapter4/service_ws/install/service_interfaces/local/lib/python3.10/dist-packages/service_interfaces'...
[0.297s] Listing '/home/emmm/Desktop/scnu_rm/ROS2/learn/chapter4/service_ws/install/service_interfaces/local/lib/python3.10/dist-packages/service_interfaces/srv'...
[0.300s] -- Up-to-date: /home/emmm/Desktop/scnu_rm/ROS2/learn/chapter4/service_ws/install/service_interfaces/local/lib/python3.10/dist-packages/service_interfaces/service_interfaces_s__rosidl_typesupport_fastrtps_c.cpython-310-x86_64-linux-gnu.so
[0.300s] -- Up-to-date: /home/emmm/Desktop/scnu_rm/ROS2/learn/chapter4/service_ws/install/service_interfaces/local/lib/python3.10/dist-packages/service_interfaces/service_interfaces_s__rosidl_typesupport_introspection_c.cpython-310-x86_64-linux-gnu.so
[0.300s] -- Up-to-date: /home/emmm/Desktop/scnu_rm/ROS2/learn/chapter4/service_ws/install/service_interfaces/local/lib/python3.10/dist-packages/service_interfaces/service_interfaces_s__rosidl_typesupport_c.cpython-310-x86_64-linux-gnu.so
[0.300s] -- Up-to-date: /home/emmm/Desktop/scnu_rm/ROS2/learn/chapter4/service_ws/install/service_interfaces/lib/libservice_interfaces__rosidl_generator_py.so
[0.300s] -- Up-to-date: /home/emmm/Desktop/scnu_rm/ROS2/learn/chapter4/service_ws/install/service_interfaces/share/service_interfaces/srv/Patrol.idl
[0.301s] -- Up-to-date: /home/emmm/Desktop/scnu_rm/ROS2/learn/chapter4/service_ws/install/service_interfaces/share/service_interfaces/srv/Patrol.srv
[0.301s] -- Up-to-date: /home/emmm/Desktop/scnu_rm/ROS2/learn/chapter4/service_ws/install/service_interfaces/share/service_interfaces/srv/Patrol_Request.msg
[0.301s] -- Up-to-date: /home/emmm/Desktop/scnu_rm/ROS2/learn/chapter4/service_ws/install/service_interfaces/share/service_interfaces/srv/Patrol_Response.msg
[0.301s] -- Up-to-date: /home/emmm/Desktop/scnu_rm/ROS2/learn/chapter4/service_ws/install/service_interfaces/share/ament_index/resource_index/package_run_dependencies/service_interfaces
[0.301s] -- Up-to-date: /home/emmm/Desktop/scnu_rm/ROS2/learn/chapter4/service_ws/install/service_interfaces/share/ament_index/resource_index/parent_prefix_path/service_interfaces
[0.301s] -- Up-to-date: /home/emmm/Desktop/scnu_rm/ROS2/learn/chapter4/service_ws/install/service_interfaces/share/service_interfaces/environment/ament_prefix_path.sh
[0.302s] -- Up-to-date: /home/emmm/Desktop/scnu_rm/ROS2/learn/chapter4/service_ws/install/service_interfaces/share/service_interfaces/environment/ament_prefix_path.dsv
[0.302s] -- Up-to-date: /home/emmm/Desktop/scnu_rm/ROS2/learn/chapter4/service_ws/install/service_interfaces/share/service_interfaces/environment/path.sh
[0.302s] -- Up-to-date: /home/emmm/Desktop/scnu_rm/ROS2/learn/chapter4/service_ws/install/service_interfaces/share/service_interfaces/environment/path.dsv
[0.302s] -- Up-to-date: /home/emmm/Desktop/scnu_rm/ROS2/learn/chapter4/service_ws/install/service_interfaces/share/service_interfaces/local_setup.bash
[0.302s] -- Up-to-date: /home/emmm/Desktop/scnu_rm/ROS2/learn/chapter4/service_ws/install/service_interfaces/share/service_interfaces/local_setup.sh
[0.302s] -- Up-to-date: /home/emmm/Desktop/scnu_rm/ROS2/learn/chapter4/service_ws/install/service_interfaces/share/service_interfaces/local_setup.zsh
[0.302s] -- Up-to-date: /home/emmm/Desktop/scnu_rm/ROS2/learn/chapter4/service_ws/install/service_interfaces/share/service_interfaces/local_setup.dsv
[0.302s] -- Installing: /home/emmm/Desktop/scnu_rm/ROS2/learn/chapter4/service_ws/install/service_interfaces/share/service_interfaces/package.dsv
[0.302s] -- Up-to-date: /home/emmm/Desktop/scnu_rm/ROS2/learn/chapter4/service_ws/install/service_interfaces/share/ament_index/resource_index/packages/service_interfaces
[0.302s] -- Up-to-date: /home/emmm/Desktop/scnu_rm/ROS2/learn/chapter4/service_ws/install/service_interfaces/share/service_interfaces/cmake/export_service_interfaces__rosidl_generator_cExport.cmake
[0.302s] -- Up-to-date: /home/emmm/Desktop/scnu_rm/ROS2/learn/chapter4/service_ws/install/service_interfaces/share/service_interfaces/cmake/export_service_interfaces__rosidl_generator_cExport-noconfig.cmake
[0.302s] -- Up-to-date: /home/emmm/Desktop/scnu_rm/ROS2/learn/chapter4/service_ws/install/service_interfaces/share/service_interfaces/cmake/export_service_interfaces__rosidl_typesupport_fastrtps_cExport.cmake
[0.303s] -- Up-to-date: /home/emmm/Desktop/scnu_rm/ROS2/learn/chapter4/service_ws/install/service_interfaces/share/service_interfaces/cmake/export_service_interfaces__rosidl_typesupport_fastrtps_cExport-noconfig.cmake
[0.303s] -- Up-to-date: /home/emmm/Desktop/scnu_rm/ROS2/learn/chapter4/service_ws/install/service_interfaces/share/service_interfaces/cmake/service_interfaces__rosidl_typesupport_introspection_cExport.cmake
[0.303s] -- Up-to-date: /home/emmm/Desktop/scnu_rm/ROS2/learn/chapter4/service_ws/install/service_interfaces/share/service_interfaces/cmake/service_interfaces__rosidl_typesupport_introspection_cExport-noconfig.cmake
[0.303s] -- Up-to-date: /home/emmm/Desktop/scnu_rm/ROS2/learn/chapter4/service_ws/install/service_interfaces/share/service_interfaces/cmake/service_interfaces__rosidl_typesupport_cExport.cmake
[0.303s] -- Up-to-date: /home/emmm/Desktop/scnu_rm/ROS2/learn/chapter4/service_ws/install/service_interfaces/share/service_interfaces/cmake/service_interfaces__rosidl_typesupport_cExport-noconfig.cmake
[0.303s] -- Up-to-date: /home/emmm/Desktop/scnu_rm/ROS2/learn/chapter4/service_ws/install/service_interfaces/share/service_interfaces/cmake/export_service_interfaces__rosidl_generator_cppExport.cmake
[0.303s] -- Up-to-date: /home/emmm/Desktop/scnu_rm/ROS2/learn/chapter4/service_ws/install/service_interfaces/share/service_interfaces/cmake/export_service_interfaces__rosidl_typesupport_fastrtps_cppExport.cmake
[0.304s] -- Up-to-date: /home/emmm/Desktop/scnu_rm/ROS2/learn/chapter4/service_ws/install/service_interfaces/share/service_interfaces/cmake/export_service_interfaces__rosidl_typesupport_fastrtps_cppExport-noconfig.cmake
[0.304s] -- Up-to-date: /home/emmm/Desktop/scnu_rm/ROS2/learn/chapter4/service_ws/install/service_interfaces/share/service_interfaces/cmake/service_interfaces__rosidl_typesupport_introspection_cppExport.cmake
[0.304s] -- Up-to-date: /home/emmm/Desktop/scnu_rm/ROS2/learn/chapter4/service_ws/install/service_interfaces/share/service_interfaces/cmake/service_interfaces__rosidl_typesupport_introspection_cppExport-noconfig.cmake
[0.305s] -- Up-to-date: /home/emmm/Desktop/scnu_rm/ROS2/learn/chapter4/service_ws/install/service_interfaces/share/service_interfaces/cmake/service_interfaces__rosidl_typesupport_cppExport.cmake
[0.305s] -- Up-to-date: /home/emmm/Desktop/scnu_rm/ROS2/learn/chapter4/service_ws/install/service_interfaces/share/service_interfaces/cmake/service_interfaces__rosidl_typesupport_cppExport-noconfig.cmake
[0.305s] -- Up-to-date: /home/emmm/Desktop/scnu_rm/ROS2/learn/chapter4/service_ws/install/service_interfaces/share/service_interfaces/cmake/export_service_interfaces__rosidl_generator_pyExport.cmake
[0.305s] -- Up-to-date: /home/emmm/Desktop/scnu_rm/ROS2/learn/chapter4/service_ws/install/service_interfaces/share/service_interfaces/cmake/export_service_interfaces__rosidl_generator_pyExport-noconfig.cmake
[0.305s] -- Up-to-date: /home/emmm/Desktop/scnu_rm/ROS2/learn/chapter4/service_ws/install/service_interfaces/share/service_interfaces/cmake/rosidl_cmake-extras.cmake
[0.305s] -- Up-to-date: /home/emmm/Desktop/scnu_rm/ROS2/learn/chapter4/service_ws/install/service_interfaces/share/service_interfaces/cmake/ament_cmake_export_include_directories-extras.cmake
[0.305s] -- Up-to-date: /home/emmm/Desktop/scnu_rm/ROS2/learn/chapter4/service_ws/install/service_interfaces/share/service_interfaces/cmake/ament_cmake_export_libraries-extras.cmake
[0.305s] -- Up-to-date: /home/emmm/Desktop/scnu_rm/ROS2/learn/chapter4/service_ws/install/service_interfaces/share/service_interfaces/cmake/ament_cmake_export_targets-extras.cmake
[0.306s] -- Up-to-date: /home/emmm/Desktop/scnu_rm/ROS2/learn/chapter4/service_ws/install/service_interfaces/share/service_interfaces/cmake/rosidl_cmake_export_typesupport_targets-extras.cmake
[0.306s] -- Up-to-date: /home/emmm/Desktop/scnu_rm/ROS2/learn/chapter4/service_ws/install/service_interfaces/share/service_interfaces/cmake/ament_cmake_export_dependencies-extras.cmake
[0.306s] -- Up-to-date: /home/emmm/Desktop/scnu_rm/ROS2/learn/chapter4/service_ws/install/service_interfaces/share/service_interfaces/cmake/rosidl_cmake_export_typesupport_libraries-extras.cmake
[0.306s] -- Up-to-date: /home/emmm/Desktop/scnu_rm/ROS2/learn/chapter4/service_ws/install/service_interfaces/share/service_interfaces/cmake/service_interfacesConfig.cmake
[0.306s] -- Up-to-date: /home/emmm/Desktop/scnu_rm/ROS2/learn/chapter4/service_ws/install/service_interfaces/share/service_interfaces/cmake/service_interfacesConfig-version.cmake
[0.306s] -- Up-to-date: /home/emmm/Desktop/scnu_rm/ROS2/learn/chapter4/service_ws/install/service_interfaces/share/service_interfaces/package.xml
[0.306s] Invoked command in '/home/emmm/Desktop/scnu_rm/ROS2/learn/chapter4/service_ws/build/service_interfaces' returned '0': CMAKE_PREFIX_PATH=/opt/ros/humble /usr/bin/cmake --install /home/emmm/Desktop/scnu_rm/ROS2/learn/chapter4/service_ws/build/service_interfaces
