[0.009s] Invoking command in '/home/emmm/Desktop/scnu_rm/ROS2/task/cvtopic_ws/build/opencv_video': CMAKE_PREFIX_PATH=${CMAKE_PREFIX_PATH}:/opt/ros/humble /usr/bin/cmake --build /home/emmm/Desktop/scnu_rm/ROS2/task/cvtopic_ws/build/opencv_video -- -j12 -l12
[0.049s] [35m[1mConsolidate compiler generated dependencies of target test_ffmpeg[0m
[0.067s] [ 25%] [32mBuilding CXX object CMakeFiles/test_ffmpeg.dir/src/test_ffmpeg.cpp.o[0m
[0.068s] [ 75%] Built target video_publisher
[1.127s] [100%] [32m[1mLinking CXX executable test_ffmpeg[0m
[1.510s] [100%] Built target test_ffmpeg
[1.525s] Invoked command in '/home/emmm/Desktop/scnu_rm/ROS2/task/cvtopic_ws/build/opencv_video' returned '0': CMAKE_PREFIX_PATH=${CMAKE_PREFIX_PATH}:/opt/ros/humble /usr/bin/cmake --build /home/emmm/Desktop/scnu_rm/ROS2/task/cvtopic_ws/build/opencv_video -- -j12 -l12
[1.546s] Invoking command in '/home/emmm/Desktop/scnu_rm/ROS2/task/cvtopic_ws/build/opencv_video': CMAKE_PREFIX_PATH=${CMAKE_PREFIX_PATH}:/opt/ros/humble /usr/bin/cmake --install /home/emmm/Desktop/scnu_rm/ROS2/task/cvtopic_ws/build/opencv_video
[1.556s] -- Install configuration: ""
[1.556s] -- Up-to-date: /home/emmm/Desktop/scnu_rm/ROS2/task/cvtopic_ws/install/opencv_video/lib/opencv_video/video_publisher
[1.556s] -- Installing: /home/emmm/Desktop/scnu_rm/ROS2/task/cvtopic_ws/install/opencv_video/lib/opencv_video/test_ffmpeg
[1.557s] -- Set runtime path of "/home/emmm/Desktop/scnu_rm/ROS2/task/cvtopic_ws/install/opencv_video/lib/opencv_video/test_ffmpeg" to ""
[1.557s] -- Up-to-date: /home/emmm/Desktop/scnu_rm/ROS2/task/cvtopic_ws/install/opencv_video/share/ament_index/resource_index/package_run_dependencies/opencv_video
[1.557s] -- Up-to-date: /home/emmm/Desktop/scnu_rm/ROS2/task/cvtopic_ws/install/opencv_video/share/ament_index/resource_index/parent_prefix_path/opencv_video
[1.557s] -- Up-to-date: /home/emmm/Desktop/scnu_rm/ROS2/task/cvtopic_ws/install/opencv_video/share/opencv_video/environment/ament_prefix_path.sh
[1.557s] -- Up-to-date: /home/emmm/Desktop/scnu_rm/ROS2/task/cvtopic_ws/install/opencv_video/share/opencv_video/environment/ament_prefix_path.dsv
[1.558s] -- Up-to-date: /home/emmm/Desktop/scnu_rm/ROS2/task/cvtopic_ws/install/opencv_video/share/opencv_video/environment/path.sh
[1.558s] -- Up-to-date: /home/emmm/Desktop/scnu_rm/ROS2/task/cvtopic_ws/install/opencv_video/share/opencv_video/environment/path.dsv
[1.558s] -- Up-to-date: /home/emmm/Desktop/scnu_rm/ROS2/task/cvtopic_ws/install/opencv_video/share/opencv_video/local_setup.bash
[1.558s] -- Up-to-date: /home/emmm/Desktop/scnu_rm/ROS2/task/cvtopic_ws/install/opencv_video/share/opencv_video/local_setup.sh
[1.558s] -- Up-to-date: /home/emmm/Desktop/scnu_rm/ROS2/task/cvtopic_ws/install/opencv_video/share/opencv_video/local_setup.zsh
[1.558s] -- Up-to-date: /home/emmm/Desktop/scnu_rm/ROS2/task/cvtopic_ws/install/opencv_video/share/opencv_video/local_setup.dsv
[1.558s] -- Installing: /home/emmm/Desktop/scnu_rm/ROS2/task/cvtopic_ws/install/opencv_video/share/opencv_video/package.dsv
[1.558s] -- Up-to-date: /home/emmm/Desktop/scnu_rm/ROS2/task/cvtopic_ws/install/opencv_video/share/ament_index/resource_index/packages/opencv_video
[1.559s] -- Up-to-date: /home/emmm/Desktop/scnu_rm/ROS2/task/cvtopic_ws/install/opencv_video/share/opencv_video/cmake/opencv_videoConfig.cmake
[1.559s] -- Up-to-date: /home/emmm/Desktop/scnu_rm/ROS2/task/cvtopic_ws/install/opencv_video/share/opencv_video/cmake/opencv_videoConfig-version.cmake
[1.559s] -- Up-to-date: /home/emmm/Desktop/scnu_rm/ROS2/task/cvtopic_ws/install/opencv_video/share/opencv_video/package.xml
[1.561s] Invoked command in '/home/emmm/Desktop/scnu_rm/ROS2/task/cvtopic_ws/build/opencv_video' returned '0': CMAKE_PREFIX_PATH=${CMAKE_PREFIX_PATH}:/opt/ros/humble /usr/bin/cmake --install /home/emmm/Desktop/scnu_rm/ROS2/task/cvtopic_ws/build/opencv_video
