[0.132s] DEBUG:colcon:Command line arguments: ['/usr/bin/colcon', 'build', '--symlink-install']
[0.132s] DEBUG:colcon:Parsed command line arguments: Namespace(log_base=None, log_level=None, verb_name='build', build_base='build', install_base='install', merge_install=False, symlink_install=True, test_result_base=None, continue_on_error=False, executor='parallel', parallel_workers=12, event_handlers=None, ignore_user_meta=False, metas=['./colcon.meta'], base_paths=['.'], packages_ignore=None, packages_ignore_regex=None, paths=None, packages_up_to=None, packages_up_to_regex=None, packages_above=None, packages_above_and_dependencies=None, packages_above_depth=None, packages_select_by_dep=None, packages_skip_by_dep=None, packages_skip_up_to=None, packages_select_build_failed=False, packages_skip_build_finished=False, packages_select_test_failures=False, packages_skip_test_passed=False, packages_select=None, packages_skip=None, packages_select_regex=None, packages_skip_regex=None, packages_start=None, packages_end=None, allow_overriding=[], cmake_args=None, cmake_target=None, cmake_target_skip_unavailable=False, cmake_clean_cache=False, cmake_clean_first=False, cmake_force_configure=False, ament_cmake_args=None, catkin_cmake_args=None, catkin_skip_building_tests=False, verb_parser=<colcon_defaults.argument_parser.defaults.DefaultArgumentsDecorator object at 0x733e82a2b4f0>, verb_extension=<colcon_core.verb.build.BuildVerb object at 0x733e82a2afe0>, main=<bound method BuildVerb.main of <colcon_core.verb.build.BuildVerb object at 0x733e82a2afe0>>)
[0.257s] Level 1:colcon.colcon_core.package_discovery:discover_packages(colcon_meta) check parameters
[0.257s] Level 1:colcon.colcon_core.package_discovery:discover_packages(recursive) check parameters
[0.257s] Level 1:colcon.colcon_core.package_discovery:discover_packages(ignore) check parameters
[0.257s] Level 1:colcon.colcon_core.package_discovery:discover_packages(path) check parameters
[0.257s] Level 1:colcon.colcon_core.package_discovery:discover_packages(colcon_meta) discover
[0.257s] Level 1:colcon.colcon_core.package_discovery:discover_packages(recursive) discover
[0.257s] INFO:colcon.colcon_core.package_discovery:Crawling recursively for packages in '/home/emmm/Desktop/scnu_rm/ROS2/task/livox_ws'
[0.257s] Level 1:colcon.colcon_core.package_identification:_identify(.) by extensions ['ignore', 'ignore_ament_install']
[0.258s] Level 1:colcon.colcon_core.package_identification:_identify(.) by extension 'ignore'
[0.258s] Level 1:colcon.colcon_core.package_identification:_identify(.) by extension 'ignore_ament_install'
[0.258s] Level 1:colcon.colcon_core.package_identification:_identify(.) by extensions ['colcon_pkg']
[0.258s] Level 1:colcon.colcon_core.package_identification:_identify(.) by extension 'colcon_pkg'
[0.258s] Level 1:colcon.colcon_core.package_identification:_identify(.) by extensions ['colcon_meta']
[0.258s] Level 1:colcon.colcon_core.package_identification:_identify(.) by extension 'colcon_meta'
[0.258s] Level 1:colcon.colcon_core.package_identification:_identify(.) by extensions ['ros']
[0.258s] Level 1:colcon.colcon_core.package_identification:_identify(.) by extension 'ros'
[0.265s] Level 1:colcon.colcon_core.package_identification:_identify(.) by extensions ['cmake', 'python']
[0.265s] Level 1:colcon.colcon_core.package_identification:_identify(.) by extension 'cmake'
[0.265s] Level 1:colcon.colcon_core.package_identification:_identify(.) by extension 'python'
[0.265s] Level 1:colcon.colcon_core.package_identification:_identify(.) by extensions ['python_setup_py']
[0.265s] Level 1:colcon.colcon_core.package_identification:_identify(.) by extension 'python_setup_py'
[0.265s] Level 1:colcon.colcon_core.package_identification:_identify(build) by extensions ['ignore', 'ignore_ament_install']
[0.265s] Level 1:colcon.colcon_core.package_identification:_identify(build) by extension 'ignore'
[0.265s] Level 1:colcon.colcon_core.package_identification:_identify(build) ignored
[0.266s] Level 1:colcon.colcon_core.package_identification:_identify(install) by extensions ['ignore', 'ignore_ament_install']
[0.266s] Level 1:colcon.colcon_core.package_identification:_identify(install) by extension 'ignore'
[0.266s] Level 1:colcon.colcon_core.package_identification:_identify(install) ignored
[0.266s] Level 1:colcon.colcon_core.package_identification:_identify(log) by extensions ['ignore', 'ignore_ament_install']
[0.266s] Level 1:colcon.colcon_core.package_identification:_identify(log) by extension 'ignore'
[0.266s] Level 1:colcon.colcon_core.package_identification:_identify(log) ignored
[0.266s] Level 1:colcon.colcon_core.package_identification:_identify(src) by extensions ['ignore', 'ignore_ament_install']
[0.266s] Level 1:colcon.colcon_core.package_identification:_identify(src) by extension 'ignore'
[0.266s] Level 1:colcon.colcon_core.package_identification:_identify(src) by extension 'ignore_ament_install'
[0.266s] Level 1:colcon.colcon_core.package_identification:_identify(src) by extensions ['colcon_pkg']
[0.266s] Level 1:colcon.colcon_core.package_identification:_identify(src) by extension 'colcon_pkg'
[0.266s] Level 1:colcon.colcon_core.package_identification:_identify(src) by extensions ['colcon_meta']
[0.266s] Level 1:colcon.colcon_core.package_identification:_identify(src) by extension 'colcon_meta'
[0.266s] Level 1:colcon.colcon_core.package_identification:_identify(src) by extensions ['ros']
[0.266s] Level 1:colcon.colcon_core.package_identification:_identify(src) by extension 'ros'
[0.266s] Level 1:colcon.colcon_core.package_identification:_identify(src) by extensions ['cmake', 'python']
[0.266s] Level 1:colcon.colcon_core.package_identification:_identify(src) by extension 'cmake'
[0.266s] Level 1:colcon.colcon_core.package_identification:_identify(src) by extension 'python'
[0.266s] Level 1:colcon.colcon_core.package_identification:_identify(src) by extensions ['python_setup_py']
[0.266s] Level 1:colcon.colcon_core.package_identification:_identify(src) by extension 'python_setup_py'
[0.266s] Level 1:colcon.colcon_core.package_identification:_identify(src/Livox-SDK2) by extensions ['ignore', 'ignore_ament_install']
[0.266s] Level 1:colcon.colcon_core.package_identification:_identify(src/Livox-SDK2) by extension 'ignore'
[0.266s] Level 1:colcon.colcon_core.package_identification:_identify(src/Livox-SDK2) by extension 'ignore_ament_install'
[0.266s] Level 1:colcon.colcon_core.package_identification:_identify(src/Livox-SDK2) by extensions ['colcon_pkg']
[0.266s] Level 1:colcon.colcon_core.package_identification:_identify(src/Livox-SDK2) by extension 'colcon_pkg'
[0.266s] Level 1:colcon.colcon_core.package_identification:_identify(src/Livox-SDK2) by extensions ['colcon_meta']
[0.266s] Level 1:colcon.colcon_core.package_identification:_identify(src/Livox-SDK2) by extension 'colcon_meta'
[0.266s] Level 1:colcon.colcon_core.package_identification:_identify(src/Livox-SDK2) by extensions ['ros']
[0.266s] Level 1:colcon.colcon_core.package_identification:_identify(src/Livox-SDK2) by extension 'ros'
[0.266s] Level 1:colcon.colcon_core.package_identification:_identify(src/Livox-SDK2) by extensions ['cmake', 'python']
[0.266s] Level 1:colcon.colcon_core.package_identification:_identify(src/Livox-SDK2) by extension 'cmake'
[0.272s] Level 1:colcon.colcon_core.package_identification:_identify(src/Livox-SDK2) by extension 'python'
[0.272s] DEBUG:colcon.colcon_core.package_identification:Package 'src/Livox-SDK2' with type 'cmake' and name 'livox_sdk2'
[0.272s] Level 1:colcon.colcon_core.package_identification:_identify(src/livox_ros_driver2) by extensions ['ignore', 'ignore_ament_install']
[0.272s] Level 1:colcon.colcon_core.package_identification:_identify(src/livox_ros_driver2) by extension 'ignore'
[0.273s] Level 1:colcon.colcon_core.package_identification:_identify(src/livox_ros_driver2) by extension 'ignore_ament_install'
[0.273s] Level 1:colcon.colcon_core.package_identification:_identify(src/livox_ros_driver2) by extensions ['colcon_pkg']
[0.273s] Level 1:colcon.colcon_core.package_identification:_identify(src/livox_ros_driver2) by extension 'colcon_pkg'
[0.273s] Level 1:colcon.colcon_core.package_identification:_identify(src/livox_ros_driver2) by extensions ['colcon_meta']
[0.273s] Level 1:colcon.colcon_core.package_identification:_identify(src/livox_ros_driver2) by extension 'colcon_meta'
[0.273s] Level 1:colcon.colcon_core.package_identification:_identify(src/livox_ros_driver2) by extensions ['ros']
[0.273s] Level 1:colcon.colcon_core.package_identification:_identify(src/livox_ros_driver2) by extension 'ros'
[0.276s] DEBUG:colcon.colcon_core.package_identification:Package 'src/livox_ros_driver2' with type 'ros.ament_cmake' and name 'livox_ros_driver2'
[0.276s] Level 1:colcon.colcon_core.package_discovery:discover_packages(recursive) using defaults
[0.276s] Level 1:colcon.colcon_core.package_discovery:discover_packages(ignore) discover
[0.276s] Level 1:colcon.colcon_core.package_discovery:discover_packages(ignore) using defaults
[0.276s] Level 1:colcon.colcon_core.package_discovery:discover_packages(path) discover
[0.276s] Level 1:colcon.colcon_core.package_discovery:discover_packages(path) using defaults
[0.298s] Level 1:colcon.colcon_core.package_discovery:discover_packages(prefix_path) check parameters
[0.298s] Level 1:colcon.colcon_core.package_discovery:discover_packages(prefix_path) discover
[0.300s] DEBUG:colcon.colcon_installed_package_information.package_discovery:Found 271 installed packages in /opt/ros/humble
[0.308s] Level 1:colcon.colcon_core.package_discovery:discover_packages(prefix_path) using defaults
[0.329s] Level 5:colcon.colcon_core.verb:set package 'livox_ros_driver2' build argument 'cmake_args' from command line to 'None'
[0.329s] Level 5:colcon.colcon_core.verb:set package 'livox_ros_driver2' build argument 'cmake_target' from command line to 'None'
[0.329s] Level 5:colcon.colcon_core.verb:set package 'livox_ros_driver2' build argument 'cmake_target_skip_unavailable' from command line to 'False'
[0.329s] Level 5:colcon.colcon_core.verb:set package 'livox_ros_driver2' build argument 'cmake_clean_cache' from command line to 'False'
[0.329s] Level 5:colcon.colcon_core.verb:set package 'livox_ros_driver2' build argument 'cmake_clean_first' from command line to 'False'
[0.329s] Level 5:colcon.colcon_core.verb:set package 'livox_ros_driver2' build argument 'cmake_force_configure' from command line to 'False'
[0.329s] Level 5:colcon.colcon_core.verb:set package 'livox_ros_driver2' build argument 'ament_cmake_args' from command line to 'None'
[0.329s] Level 5:colcon.colcon_core.verb:set package 'livox_ros_driver2' build argument 'catkin_cmake_args' from command line to 'None'
[0.329s] Level 5:colcon.colcon_core.verb:set package 'livox_ros_driver2' build argument 'catkin_skip_building_tests' from command line to 'False'
[0.329s] DEBUG:colcon.colcon_core.verb:Building package 'livox_ros_driver2' with the following arguments: {'ament_cmake_args': None, 'build_base': '/home/emmm/Desktop/scnu_rm/ROS2/task/livox_ws/build/livox_ros_driver2', 'catkin_cmake_args': None, 'catkin_skip_building_tests': False, 'cmake_args': None, 'cmake_clean_cache': False, 'cmake_clean_first': False, 'cmake_force_configure': False, 'cmake_target': None, 'cmake_target_skip_unavailable': False, 'install_base': '/home/emmm/Desktop/scnu_rm/ROS2/task/livox_ws/install/livox_ros_driver2', 'merge_install': False, 'path': '/home/emmm/Desktop/scnu_rm/ROS2/task/livox_ws/src/livox_ros_driver2', 'symlink_install': True, 'test_result_base': None}
[0.330s] Level 5:colcon.colcon_core.verb:set package 'livox_sdk2' build argument 'cmake_args' from command line to 'None'
[0.330s] Level 5:colcon.colcon_core.verb:set package 'livox_sdk2' build argument 'cmake_target' from command line to 'None'
[0.330s] Level 5:colcon.colcon_core.verb:set package 'livox_sdk2' build argument 'cmake_target_skip_unavailable' from command line to 'False'
[0.330s] Level 5:colcon.colcon_core.verb:set package 'livox_sdk2' build argument 'cmake_clean_cache' from command line to 'False'
[0.330s] Level 5:colcon.colcon_core.verb:set package 'livox_sdk2' build argument 'cmake_clean_first' from command line to 'False'
[0.330s] Level 5:colcon.colcon_core.verb:set package 'livox_sdk2' build argument 'cmake_force_configure' from command line to 'False'
[0.330s] Level 5:colcon.colcon_core.verb:set package 'livox_sdk2' build argument 'ament_cmake_args' from command line to 'None'
[0.330s] Level 5:colcon.colcon_core.verb:set package 'livox_sdk2' build argument 'catkin_cmake_args' from command line to 'None'
[0.330s] Level 5:colcon.colcon_core.verb:set package 'livox_sdk2' build argument 'catkin_skip_building_tests' from command line to 'False'
[0.330s] DEBUG:colcon.colcon_core.verb:Building package 'livox_sdk2' with the following arguments: {'ament_cmake_args': None, 'build_base': '/home/emmm/Desktop/scnu_rm/ROS2/task/livox_ws/build/livox_sdk2', 'catkin_cmake_args': None, 'catkin_skip_building_tests': False, 'cmake_args': None, 'cmake_clean_cache': False, 'cmake_clean_first': False, 'cmake_force_configure': False, 'cmake_target': None, 'cmake_target_skip_unavailable': False, 'install_base': '/home/emmm/Desktop/scnu_rm/ROS2/task/livox_ws/install/livox_sdk2', 'merge_install': False, 'path': '/home/emmm/Desktop/scnu_rm/ROS2/task/livox_ws/src/Livox-SDK2', 'symlink_install': True, 'test_result_base': None}
[0.330s] INFO:colcon.colcon_core.executor:Executing jobs using 'parallel' executor
[0.331s] DEBUG:colcon.colcon_parallel_executor.executor.parallel:run_until_complete
[0.331s] INFO:colcon.colcon_ros.task.ament_cmake.build:Building ROS package in '/home/emmm/Desktop/scnu_rm/ROS2/task/livox_ws/src/livox_ros_driver2' with build type 'ament_cmake'
[0.331s] INFO:colcon.colcon_cmake.task.cmake.build:Building CMake package in '/home/emmm/Desktop/scnu_rm/ROS2/task/livox_ws/src/livox_ros_driver2'
[0.333s] INFO:colcon.colcon_core.plugin_system:Skipping extension 'colcon_core.shell.bat': Not used on non-Windows systems
[0.334s] INFO:colcon.colcon_core.shell:Skip shell extension 'powershell' for command environment: Not usable outside of PowerShell
[0.334s] DEBUG:colcon.colcon_core.shell:Skip shell extension 'dsv' for command environment
[0.336s] INFO:colcon.colcon_cmake.task.cmake.build:Building CMake package in '/home/emmm/Desktop/scnu_rm/ROS2/task/livox_ws/src/Livox-SDK2'
[0.336s] INFO:colcon.colcon_core.shell:Skip shell extension 'powershell' for command environment: Not usable outside of PowerShell
[0.336s] DEBUG:colcon.colcon_core.shell:Skip shell extension 'dsv' for command environment
[0.342s] DEBUG:colcon.colcon_core.event_handler.log_command:Invoking command in '/home/emmm/Desktop/scnu_rm/ROS2/task/livox_ws/build/livox_ros_driver2': CMAKE_PREFIX_PATH=/opt/ros/humble /usr/bin/cmake /home/emmm/Desktop/scnu_rm/ROS2/task/livox_ws/src/livox_ros_driver2 -DAMENT_CMAKE_SYMLINK_INSTALL=1 -DCMAKE_INSTALL_PREFIX=/home/emmm/Desktop/scnu_rm/ROS2/task/livox_ws/install/livox_ros_driver2
[0.343s] DEBUG:colcon.colcon_core.event_handler.log_command:Invoking command in '/home/emmm/Desktop/scnu_rm/ROS2/task/livox_ws/build/livox_sdk2': /usr/bin/cmake /home/emmm/Desktop/scnu_rm/ROS2/task/livox_ws/src/Livox-SDK2 -DCMAKE_INSTALL_PREFIX=/home/emmm/Desktop/scnu_rm/ROS2/task/livox_ws/install/livox_sdk2
[0.650s] DEBUG:colcon.colcon_core.event_handler.log_command:Invoked command in '/home/emmm/Desktop/scnu_rm/ROS2/task/livox_ws/build/livox_sdk2' returned '0': /usr/bin/cmake /home/emmm/Desktop/scnu_rm/ROS2/task/livox_ws/src/Livox-SDK2 -DCMAKE_INSTALL_PREFIX=/home/emmm/Desktop/scnu_rm/ROS2/task/livox_ws/install/livox_sdk2
[0.653s] DEBUG:colcon.colcon_core.event_handler.log_command:Invoking command in '/home/emmm/Desktop/scnu_rm/ROS2/task/livox_ws/build/livox_sdk2': /usr/bin/cmake --build /home/emmm/Desktop/scnu_rm/ROS2/task/livox_ws/build/livox_sdk2 -- -j12 -l12
[6.418s] DEBUG:colcon.colcon_core.event_handler.log_command:Invoked command in '/home/emmm/Desktop/scnu_rm/ROS2/task/livox_ws/build/livox_ros_driver2' returned '0': CMAKE_PREFIX_PATH=/opt/ros/humble /usr/bin/cmake /home/emmm/Desktop/scnu_rm/ROS2/task/livox_ws/src/livox_ros_driver2 -DAMENT_CMAKE_SYMLINK_INSTALL=1 -DCMAKE_INSTALL_PREFIX=/home/emmm/Desktop/scnu_rm/ROS2/task/livox_ws/install/livox_ros_driver2
[6.418s] DEBUG:colcon.colcon_core.event_handler.log_command:Invoking command in '/home/emmm/Desktop/scnu_rm/ROS2/task/livox_ws/build/livox_ros_driver2': CMAKE_PREFIX_PATH=/opt/ros/humble /usr/bin/cmake --build /home/emmm/Desktop/scnu_rm/ROS2/task/livox_ws/build/livox_ros_driver2 -- -j12 -l12
[20.225s] DEBUG:colcon.colcon_core.event_handler.log_command:Invoked command in '/home/emmm/Desktop/scnu_rm/ROS2/task/livox_ws/build/livox_sdk2' returned '0': /usr/bin/cmake --build /home/emmm/Desktop/scnu_rm/ROS2/task/livox_ws/build/livox_sdk2 -- -j12 -l12
[20.236s] DEBUG:colcon.colcon_core.event_handler.log_command:Invoking command in '/home/emmm/Desktop/scnu_rm/ROS2/task/livox_ws/build/livox_sdk2': /usr/bin/cmake --install /home/emmm/Desktop/scnu_rm/ROS2/task/livox_ws/build/livox_sdk2
[20.267s] Level 1:colcon.colcon_core.environment:create_environment_scripts_only(livox_sdk2)
[20.267s] DEBUG:colcon.colcon_core.event_handler.log_command:Invoked command in '/home/emmm/Desktop/scnu_rm/ROS2/task/livox_ws/build/livox_sdk2' returned '0': /usr/bin/cmake --install /home/emmm/Desktop/scnu_rm/ROS2/task/livox_ws/build/livox_sdk2
[20.274s] Level 1:colcon.colcon_core.environment:checking '/home/emmm/Desktop/scnu_rm/ROS2/task/livox_ws/install/livox_sdk2' for CMake module files
[20.274s] Level 1:colcon.colcon_core.environment:checking '/home/emmm/Desktop/scnu_rm/ROS2/task/livox_ws/install/livox_sdk2' for CMake config files
[20.275s] Level 1:colcon.colcon_core.environment:checking '/home/emmm/Desktop/scnu_rm/ROS2/task/livox_ws/install/livox_sdk2/lib'
[20.275s] Level 1:colcon.colcon_core.shell:create_environment_hook('livox_sdk2', 'ld_library_path_lib')
[20.275s] INFO:colcon.colcon_core.shell:Creating environment hook '/home/emmm/Desktop/scnu_rm/ROS2/task/livox_ws/install/livox_sdk2/share/livox_sdk2/hook/ld_library_path_lib.ps1'
[20.276s] INFO:colcon.colcon_core.shell:Creating environment descriptor '/home/emmm/Desktop/scnu_rm/ROS2/task/livox_ws/install/livox_sdk2/share/livox_sdk2/hook/ld_library_path_lib.dsv'
[20.277s] INFO:colcon.colcon_core.shell:Creating environment hook '/home/emmm/Desktop/scnu_rm/ROS2/task/livox_ws/install/livox_sdk2/share/livox_sdk2/hook/ld_library_path_lib.sh'
[20.278s] Level 1:colcon.colcon_core.environment:checking '/home/emmm/Desktop/scnu_rm/ROS2/task/livox_ws/install/livox_sdk2/bin'
[20.278s] Level 1:colcon.colcon_core.environment:checking '/home/emmm/Desktop/scnu_rm/ROS2/task/livox_ws/install/livox_sdk2/lib/pkgconfig/livox_sdk2.pc'
[20.278s] Level 1:colcon.colcon_core.environment:checking '/home/emmm/Desktop/scnu_rm/ROS2/task/livox_ws/install/livox_sdk2/lib/python3.10/site-packages'
[20.279s] Level 1:colcon.colcon_core.environment:checking '/home/emmm/Desktop/scnu_rm/ROS2/task/livox_ws/install/livox_sdk2/bin'
[20.279s] INFO:colcon.colcon_core.shell:Creating package script '/home/emmm/Desktop/scnu_rm/ROS2/task/livox_ws/install/livox_sdk2/share/livox_sdk2/package.ps1'
[20.280s] INFO:colcon.colcon_core.shell:Creating package descriptor '/home/emmm/Desktop/scnu_rm/ROS2/task/livox_ws/install/livox_sdk2/share/livox_sdk2/package.dsv'
[20.280s] INFO:colcon.colcon_core.shell:Creating package script '/home/emmm/Desktop/scnu_rm/ROS2/task/livox_ws/install/livox_sdk2/share/livox_sdk2/package.sh'
[20.280s] INFO:colcon.colcon_core.shell:Creating package script '/home/emmm/Desktop/scnu_rm/ROS2/task/livox_ws/install/livox_sdk2/share/livox_sdk2/package.bash'
[20.281s] INFO:colcon.colcon_core.shell:Creating package script '/home/emmm/Desktop/scnu_rm/ROS2/task/livox_ws/install/livox_sdk2/share/livox_sdk2/package.zsh'
[20.282s] Level 1:colcon.colcon_core.environment:create_file_with_runtime_dependencies(/home/emmm/Desktop/scnu_rm/ROS2/task/livox_ws/install/livox_sdk2/share/colcon-core/packages/livox_sdk2)
[22.576s] DEBUG:colcon.colcon_core.event_handler.log_command:Invoked command in '/home/emmm/Desktop/scnu_rm/ROS2/task/livox_ws/build/livox_ros_driver2' returned '0': CMAKE_PREFIX_PATH=/opt/ros/humble /usr/bin/cmake --build /home/emmm/Desktop/scnu_rm/ROS2/task/livox_ws/build/livox_ros_driver2 -- -j12 -l12
[22.577s] DEBUG:colcon.colcon_core.event_handler.log_command:Invoking command in '/home/emmm/Desktop/scnu_rm/ROS2/task/livox_ws/build/livox_ros_driver2': CMAKE_PREFIX_PATH=/opt/ros/humble /usr/bin/cmake --install /home/emmm/Desktop/scnu_rm/ROS2/task/livox_ws/build/livox_ros_driver2
[23.616s] Level 1:colcon.colcon_core.environment:create_environment_scripts_only(livox_ros_driver2)
[23.617s] Level 1:colcon.colcon_core.environment:checking '/home/emmm/Desktop/scnu_rm/ROS2/task/livox_ws/install/livox_ros_driver2' for CMake module files
[23.618s] DEBUG:colcon.colcon_core.event_handler.log_command:Invoked command in '/home/emmm/Desktop/scnu_rm/ROS2/task/livox_ws/build/livox_ros_driver2' returned '0': CMAKE_PREFIX_PATH=/opt/ros/humble /usr/bin/cmake --install /home/emmm/Desktop/scnu_rm/ROS2/task/livox_ws/build/livox_ros_driver2
[23.618s] Level 1:colcon.colcon_core.environment:checking '/home/emmm/Desktop/scnu_rm/ROS2/task/livox_ws/install/livox_ros_driver2' for CMake config files
[23.620s] Level 1:colcon.colcon_core.shell:create_environment_hook('livox_ros_driver2', 'cmake_prefix_path')
[23.620s] INFO:colcon.colcon_core.shell:Creating environment hook '/home/emmm/Desktop/scnu_rm/ROS2/task/livox_ws/install/livox_ros_driver2/share/livox_ros_driver2/hook/cmake_prefix_path.ps1'
[23.620s] INFO:colcon.colcon_core.shell:Creating environment descriptor '/home/emmm/Desktop/scnu_rm/ROS2/task/livox_ws/install/livox_ros_driver2/share/livox_ros_driver2/hook/cmake_prefix_path.dsv'
[23.621s] INFO:colcon.colcon_core.shell:Creating environment hook '/home/emmm/Desktop/scnu_rm/ROS2/task/livox_ws/install/livox_ros_driver2/share/livox_ros_driver2/hook/cmake_prefix_path.sh'
[23.622s] Level 1:colcon.colcon_core.environment:checking '/home/emmm/Desktop/scnu_rm/ROS2/task/livox_ws/install/livox_ros_driver2/lib'
[23.622s] Level 1:colcon.colcon_core.shell:create_environment_hook('livox_ros_driver2', 'ld_library_path_lib')
[23.622s] INFO:colcon.colcon_core.shell:Creating environment hook '/home/emmm/Desktop/scnu_rm/ROS2/task/livox_ws/install/livox_ros_driver2/share/livox_ros_driver2/hook/ld_library_path_lib.ps1'
[23.622s] INFO:colcon.colcon_core.shell:Creating environment descriptor '/home/emmm/Desktop/scnu_rm/ROS2/task/livox_ws/install/livox_ros_driver2/share/livox_ros_driver2/hook/ld_library_path_lib.dsv'
[23.623s] INFO:colcon.colcon_core.shell:Creating environment hook '/home/emmm/Desktop/scnu_rm/ROS2/task/livox_ws/install/livox_ros_driver2/share/livox_ros_driver2/hook/ld_library_path_lib.sh'
[23.623s] Level 1:colcon.colcon_core.environment:checking '/home/emmm/Desktop/scnu_rm/ROS2/task/livox_ws/install/livox_ros_driver2/bin'
[23.623s] Level 1:colcon.colcon_core.environment:checking '/home/emmm/Desktop/scnu_rm/ROS2/task/livox_ws/install/livox_ros_driver2/lib/pkgconfig/livox_ros_driver2.pc'
[23.624s] Level 1:colcon.colcon_core.environment:checking '/home/emmm/Desktop/scnu_rm/ROS2/task/livox_ws/install/livox_ros_driver2/lib/python3.10/site-packages'
[23.624s] Level 1:colcon.colcon_core.environment:checking '/home/emmm/Desktop/scnu_rm/ROS2/task/livox_ws/install/livox_ros_driver2/bin'
[23.625s] INFO:colcon.colcon_core.shell:Creating package script '/home/emmm/Desktop/scnu_rm/ROS2/task/livox_ws/install/livox_ros_driver2/share/livox_ros_driver2/package.ps1'
[23.625s] INFO:colcon.colcon_core.shell:Creating package descriptor '/home/emmm/Desktop/scnu_rm/ROS2/task/livox_ws/install/livox_ros_driver2/share/livox_ros_driver2/package.dsv'
[23.626s] INFO:colcon.colcon_core.shell:Creating package script '/home/emmm/Desktop/scnu_rm/ROS2/task/livox_ws/install/livox_ros_driver2/share/livox_ros_driver2/package.sh'
[23.626s] INFO:colcon.colcon_core.shell:Creating package script '/home/emmm/Desktop/scnu_rm/ROS2/task/livox_ws/install/livox_ros_driver2/share/livox_ros_driver2/package.bash'
[23.626s] INFO:colcon.colcon_core.shell:Creating package script '/home/emmm/Desktop/scnu_rm/ROS2/task/livox_ws/install/livox_ros_driver2/share/livox_ros_driver2/package.zsh'
[23.626s] Level 1:colcon.colcon_core.environment:create_file_with_runtime_dependencies(/home/emmm/Desktop/scnu_rm/ROS2/task/livox_ws/install/livox_ros_driver2/share/colcon-core/packages/livox_ros_driver2)
[23.627s] Level 1:colcon.colcon_core.environment:create_environment_scripts_only(livox_ros_driver2)
[23.627s] Level 1:colcon.colcon_core.environment:checking '/home/emmm/Desktop/scnu_rm/ROS2/task/livox_ws/install/livox_ros_driver2' for CMake module files
[23.628s] Level 1:colcon.colcon_core.environment:checking '/home/emmm/Desktop/scnu_rm/ROS2/task/livox_ws/install/livox_ros_driver2' for CMake config files
[23.628s] Level 1:colcon.colcon_core.shell:create_environment_hook('livox_ros_driver2', 'cmake_prefix_path')
[23.628s] INFO:colcon.colcon_core.shell:Creating environment hook '/home/emmm/Desktop/scnu_rm/ROS2/task/livox_ws/install/livox_ros_driver2/share/livox_ros_driver2/hook/cmake_prefix_path.ps1'
[23.628s] INFO:colcon.colcon_core.shell:Creating environment descriptor '/home/emmm/Desktop/scnu_rm/ROS2/task/livox_ws/install/livox_ros_driver2/share/livox_ros_driver2/hook/cmake_prefix_path.dsv'
[23.629s] INFO:colcon.colcon_core.shell:Creating environment hook '/home/emmm/Desktop/scnu_rm/ROS2/task/livox_ws/install/livox_ros_driver2/share/livox_ros_driver2/hook/cmake_prefix_path.sh'
[23.629s] Level 1:colcon.colcon_core.environment:checking '/home/emmm/Desktop/scnu_rm/ROS2/task/livox_ws/install/livox_ros_driver2/lib'
[23.629s] Level 1:colcon.colcon_core.shell:create_environment_hook('livox_ros_driver2', 'ld_library_path_lib')
[23.629s] INFO:colcon.colcon_core.shell:Creating environment hook '/home/emmm/Desktop/scnu_rm/ROS2/task/livox_ws/install/livox_ros_driver2/share/livox_ros_driver2/hook/ld_library_path_lib.ps1'
[23.629s] INFO:colcon.colcon_core.shell:Creating environment descriptor '/home/emmm/Desktop/scnu_rm/ROS2/task/livox_ws/install/livox_ros_driver2/share/livox_ros_driver2/hook/ld_library_path_lib.dsv'
[23.630s] INFO:colcon.colcon_core.shell:Creating environment hook '/home/emmm/Desktop/scnu_rm/ROS2/task/livox_ws/install/livox_ros_driver2/share/livox_ros_driver2/hook/ld_library_path_lib.sh'
[23.630s] Level 1:colcon.colcon_core.environment:checking '/home/emmm/Desktop/scnu_rm/ROS2/task/livox_ws/install/livox_ros_driver2/bin'
[23.630s] Level 1:colcon.colcon_core.environment:checking '/home/emmm/Desktop/scnu_rm/ROS2/task/livox_ws/install/livox_ros_driver2/lib/pkgconfig/livox_ros_driver2.pc'
[23.630s] Level 1:colcon.colcon_core.environment:checking '/home/emmm/Desktop/scnu_rm/ROS2/task/livox_ws/install/livox_ros_driver2/lib/python3.10/site-packages'
[23.630s] Level 1:colcon.colcon_core.environment:checking '/home/emmm/Desktop/scnu_rm/ROS2/task/livox_ws/install/livox_ros_driver2/bin'
[23.630s] INFO:colcon.colcon_core.shell:Creating package script '/home/emmm/Desktop/scnu_rm/ROS2/task/livox_ws/install/livox_ros_driver2/share/livox_ros_driver2/package.ps1'
[23.631s] INFO:colcon.colcon_core.shell:Creating package descriptor '/home/emmm/Desktop/scnu_rm/ROS2/task/livox_ws/install/livox_ros_driver2/share/livox_ros_driver2/package.dsv'
[23.631s] INFO:colcon.colcon_core.shell:Creating package script '/home/emmm/Desktop/scnu_rm/ROS2/task/livox_ws/install/livox_ros_driver2/share/livox_ros_driver2/package.sh'
[23.631s] INFO:colcon.colcon_core.shell:Creating package script '/home/emmm/Desktop/scnu_rm/ROS2/task/livox_ws/install/livox_ros_driver2/share/livox_ros_driver2/package.bash'
[23.631s] INFO:colcon.colcon_core.shell:Creating package script '/home/emmm/Desktop/scnu_rm/ROS2/task/livox_ws/install/livox_ros_driver2/share/livox_ros_driver2/package.zsh'
[23.632s] Level 1:colcon.colcon_core.environment:create_file_with_runtime_dependencies(/home/emmm/Desktop/scnu_rm/ROS2/task/livox_ws/install/livox_ros_driver2/share/colcon-core/packages/livox_ros_driver2)
[23.632s] DEBUG:colcon.colcon_parallel_executor.executor.parallel:closing loop
[23.632s] DEBUG:colcon.colcon_parallel_executor.executor.parallel:loop closed
[23.632s] DEBUG:colcon.colcon_parallel_executor.executor.parallel:run_until_complete finished with '0'
[23.632s] DEBUG:colcon.colcon_core.event_reactor:joining thread
[23.639s] INFO:colcon.colcon_core.plugin_system:Skipping extension 'colcon_notification.desktop_notification.terminal_notifier': Not used on non-Darwin systems
[23.639s] INFO:colcon.colcon_core.plugin_system:Skipping extension 'colcon_notification.desktop_notification.win32': Not used on non-Windows systems
[23.639s] INFO:colcon.colcon_notification.desktop_notification:Sending desktop notification using 'notify2'
[23.664s] DEBUG:colcon.colcon_core.event_reactor:joined thread
[23.664s] INFO:colcon.colcon_core.shell:Creating prefix script '/home/emmm/Desktop/scnu_rm/ROS2/task/livox_ws/install/local_setup.ps1'
[23.665s] INFO:colcon.colcon_core.shell:Creating prefix util module '/home/emmm/Desktop/scnu_rm/ROS2/task/livox_ws/install/_local_setup_util_ps1.py'
[23.667s] INFO:colcon.colcon_core.shell:Creating prefix chain script '/home/emmm/Desktop/scnu_rm/ROS2/task/livox_ws/install/setup.ps1'
[23.669s] INFO:colcon.colcon_core.shell:Creating prefix script '/home/emmm/Desktop/scnu_rm/ROS2/task/livox_ws/install/local_setup.sh'
[23.670s] INFO:colcon.colcon_core.shell:Creating prefix util module '/home/emmm/Desktop/scnu_rm/ROS2/task/livox_ws/install/_local_setup_util_sh.py'
[23.671s] INFO:colcon.colcon_core.shell:Creating prefix chain script '/home/emmm/Desktop/scnu_rm/ROS2/task/livox_ws/install/setup.sh'
[23.674s] INFO:colcon.colcon_core.shell:Creating prefix script '/home/emmm/Desktop/scnu_rm/ROS2/task/livox_ws/install/local_setup.bash'
[23.675s] INFO:colcon.colcon_core.shell:Creating prefix chain script '/home/emmm/Desktop/scnu_rm/ROS2/task/livox_ws/install/setup.bash'
[23.675s] INFO:colcon.colcon_core.shell:Creating prefix script '/home/emmm/Desktop/scnu_rm/ROS2/task/livox_ws/install/local_setup.zsh'
[23.676s] INFO:colcon.colcon_core.shell:Creating prefix chain script '/home/emmm/Desktop/scnu_rm/ROS2/task/livox_ws/install/setup.zsh'
