[0.009s] Invoking command in '/home/emmm/Desktop/scnu_rm/ROS2/learn/chapter3/topic_ws/build/custom_interfaces': CMAKE_PREFIX_PATH=/opt/ros/humble /usr/bin/cmake /home/emmm/Desktop/scnu_rm/ROS2/learn/chapter3/topic_ws/src/custom_interfaces -DCMAKE_INSTALL_PREFIX=/home/emmm/Desktop/scnu_rm/ROS2/learn/chapter3/topic_ws/install/custom_interfaces
[0.075s] -- The C compiler identification is GNU 13.1.0
[0.117s] -- The CXX compiler identification is GNU 13.1.0
[0.123s] -- Detecting C compiler ABI info
[0.182s] -- Detecting C compiler ABI info - done
[0.191s] -- Check for working C compiler: /usr/bin/cc - skipped
[0.191s] -- Detecting C compile features
[0.191s] -- Detecting C compile features - done
[0.193s] -- Detecting CXX compiler ABI info
[0.267s] -- Detecting CXX compiler ABI info - done
[0.273s] -- Check for working CXX compiler: /usr/bin/c++ - skipped
[0.274s] -- Detecting CXX compile features
[0.274s] -- Detecting CXX compile features - done
[0.275s] -- Found ament_cmake: 1.3.12 (/opt/ros/humble/share/ament_cmake/cmake)
[0.400s] -- Found Python3: /usr/bin/python3 (found version "3.10.12") found components: Interpreter 
[0.475s] -- Found rosidl_default_generators: 1.2.0 (/opt/ros/humble/share/rosidl_default_generators/cmake)
[0.476s] -- Using all available rosidl_typesupport_c: rosidl_typesupport_fastrtps_c;rosidl_typesupport_introspection_c
[0.479s] -- Found rosidl_adapter: 3.1.7 (/opt/ros/humble/share/rosidl_adapter/cmake)
[0.502s] -- Using all available rosidl_typesupport_cpp: rosidl_typesupport_fastrtps_cpp;rosidl_typesupport_introspection_cpp
[0.756s] -- Found ament_cmake_ros: 0.10.0 (/opt/ros/humble/share/ament_cmake_ros/cmake)
[0.954s] -- Using all available rosidl_typesupport_c: rosidl_typesupport_fastrtps_c;rosidl_typesupport_introspection_c
[1.215s] -- Using all available rosidl_typesupport_cpp: rosidl_typesupport_fastrtps_cpp;rosidl_typesupport_introspection_cpp
[1.240s] -- Found PythonInterp: /usr/bin/python3 (found suitable version "3.10.12", minimum required is "3.6") 
[1.241s] -- Found python_cmake_module: 0.10.0 (/opt/ros/humble/share/python_cmake_module/cmake)
[1.264s] -- Found PythonLibs: /usr/lib/x86_64-linux-gnu/libpython3.10.so (found suitable version "3.10.12", minimum required is "3.5") 
[1.264s] -- Using PYTHON_EXECUTABLE: /usr/bin/python3
[1.264s] -- Using PYTHON_INCLUDE_DIRS: /usr/include/python3.10
[1.264s] -- Using PYTHON_LIBRARIES: /usr/lib/x86_64-linux-gnu/libpython3.10.so
[1.280s] -- Found PythonExtra: .so  
[1.316s] -- Found ament_lint_auto: 0.12.14 (/opt/ros/humble/share/ament_lint_auto/cmake)
[1.335s] -- Added test 'lint_cmake' to check CMake code style
[1.337s] -- Added test 'xmllint' to check XML markup files
[1.340s] -- Configuring done
[1.373s] -- Generating done
[1.385s] -- Build files have been written to: /home/emmm/Desktop/scnu_rm/ROS2/learn/chapter3/topic_ws/build/custom_interfaces
[1.393s] Invoked command in '/home/emmm/Desktop/scnu_rm/ROS2/learn/chapter3/topic_ws/build/custom_interfaces' returned '0': CMAKE_PREFIX_PATH=/opt/ros/humble /usr/bin/cmake /home/emmm/Desktop/scnu_rm/ROS2/learn/chapter3/topic_ws/src/custom_interfaces -DCMAKE_INSTALL_PREFIX=/home/emmm/Desktop/scnu_rm/ROS2/learn/chapter3/topic_ws/install/custom_interfaces
[1.395s] Invoking command in '/home/emmm/Desktop/scnu_rm/ROS2/learn/chapter3/topic_ws/build/custom_interfaces': CMAKE_PREFIX_PATH=/opt/ros/humble /usr/bin/cmake --build /home/emmm/Desktop/scnu_rm/ROS2/learn/chapter3/topic_ws/build/custom_interfaces -- -j12 -l12
[1.443s] [  3%] [34m[1mGenerating C code for ROS interfaces[0m
[1.455s] [  6%] [34m[1mGenerating C++ code for ROS interfaces[0m
[1.465s] [  6%] Built target ament_cmake_python_copy_custom_interfaces
[1.802s] running egg_info
[1.802s] creating custom_interfaces.egg-info
[1.802s] writing custom_interfaces.egg-info/PKG-INFO
[1.803s] writing dependency_links to custom_interfaces.egg-info/dependency_links.txt
[1.803s] writing top-level names to custom_interfaces.egg-info/top_level.txt
[1.803s] writing manifest file 'custom_interfaces.egg-info/SOURCES.txt'
[1.804s] reading manifest file 'custom_interfaces.egg-info/SOURCES.txt'
[1.804s] writing manifest file 'custom_interfaces.egg-info/SOURCES.txt'
[1.817s] [  6%] Built target custom_interfaces__cpp
[1.820s] [  9%] [32mBuilding C object CMakeFiles/custom_interfaces__rosidl_generator_c.dir/rosidl_generator_c/custom_interfaces/msg/detail/my_message__functions.c.o[0m
[1.847s] [ 12%] [34m[1mGenerating C++ type support for eProsima Fast-RTPS[0m
[1.847s] [ 19%] [34m[1mGenerating C++ type support dispatch for ROS interfaces[0m
[1.850s] [ 19%] [34m[1mGenerating C++ introspection for ROS interfaces[0m
[1.858s] [ 19%] Built target ament_cmake_python_build_custom_interfaces_egg
[1.916s] [ 22%] [32m[1mLinking C shared library libcustom_interfaces__rosidl_generator_c.so[0m
[1.962s] [ 22%] Built target custom_interfaces__rosidl_generator_c
[1.974s] [ 32%] [34m[1mGenerating C type support for eProsima Fast-RTPS[0m
[1.975s] [ 32%] [34m[1mGenerating C type support dispatch for ROS interfaces[0m
[1.975s] [ 32%] [34m[1mGenerating C introspection for ROS interfaces[0m
[2.183s] [ 35%] [32mBuilding CXX object CMakeFiles/custom_interfaces__rosidl_typesupport_cpp.dir/rosidl_typesupport_cpp/custom_interfaces/msg/my_message__type_support.cpp.o[0m
[2.208s] [ 38%] [32mBuilding CXX object CMakeFiles/custom_interfaces__rosidl_typesupport_introspection_cpp.dir/rosidl_typesupport_introspection_cpp/custom_interfaces/msg/detail/my_message__type_support.cpp.o[0m
[2.224s] [ 41%] [32mBuilding CXX object CMakeFiles/custom_interfaces__rosidl_typesupport_fastrtps_cpp.dir/rosidl_typesupport_fastrtps_cpp/custom_interfaces/msg/detail/dds_fastrtps/my_message__type_support.cpp.o[0m
[2.286s] [ 45%] [32mBuilding C object CMakeFiles/custom_interfaces__rosidl_typesupport_introspection_c.dir/rosidl_typesupport_introspection_c/custom_interfaces/msg/detail/my_message__type_support.c.o[0m
[2.304s] [ 48%] [32mBuilding CXX object CMakeFiles/custom_interfaces__rosidl_typesupport_c.dir/rosidl_typesupport_c/custom_interfaces/msg/my_message__type_support.cpp.o[0m
[2.328s] [ 51%] [32m[1mLinking C shared library libcustom_interfaces__rosidl_typesupport_introspection_c.so[0m
[2.335s] [ 54%] [32m[1mLinking CXX shared library libcustom_interfaces__rosidl_typesupport_c.so[0m
[2.355s] [ 58%] [32mBuilding CXX object CMakeFiles/custom_interfaces__rosidl_typesupport_fastrtps_c.dir/rosidl_typesupport_fastrtps_c/custom_interfaces/msg/detail/my_message__type_support_c.cpp.o[0m
[2.362s] [ 58%] Built target custom_interfaces__rosidl_typesupport_introspection_c
[2.379s] [ 58%] Built target custom_interfaces__rosidl_typesupport_c
[2.563s] [ 61%] [32m[1mLinking CXX shared library libcustom_interfaces__rosidl_typesupport_cpp.so[0m
[2.572s] [ 64%] [32m[1mLinking CXX shared library libcustom_interfaces__rosidl_typesupport_fastrtps_cpp.so[0m
[2.609s] [ 64%] Built target custom_interfaces__rosidl_typesupport_cpp
[2.635s] [ 67%] [32m[1mLinking CXX shared library libcustom_interfaces__rosidl_typesupport_introspection_cpp.so[0m
[2.650s] [ 67%] Built target custom_interfaces__rosidl_typesupport_fastrtps_cpp
[2.694s] [ 67%] Built target custom_interfaces__rosidl_typesupport_introspection_cpp
[2.822s] [ 70%] [32m[1mLinking CXX shared library libcustom_interfaces__rosidl_typesupport_fastrtps_c.so[0m
[2.915s] [ 70%] Built target custom_interfaces__rosidl_typesupport_fastrtps_c
[2.935s] [ 70%] Built target custom_interfaces
[2.955s] [ 74%] [34m[1mGenerating Python code for ROS interfaces[0m
[3.388s] [ 74%] Built target custom_interfaces__py
[3.410s] [ 77%] [32mBuilding C object CMakeFiles/custom_interfaces__rosidl_generator_py.dir/rosidl_generator_py/custom_interfaces/msg/_my_message_s.c.o[0m
[3.532s] [ 80%] [32m[1mLinking C shared library rosidl_generator_py/custom_interfaces/libcustom_interfaces__rosidl_generator_py.so[0m
[3.578s] [ 80%] Built target custom_interfaces__rosidl_generator_py
[3.602s] [ 90%] [32mBuilding C object CMakeFiles/custom_interfaces__rosidl_typesupport_c__pyext.dir/rosidl_generator_py/custom_interfaces/_custom_interfaces_s.ep.rosidl_typesupport_c.c.o[0m
[3.603s] [ 90%] [32mBuilding C object CMakeFiles/custom_interfaces__rosidl_typesupport_fastrtps_c__pyext.dir/rosidl_generator_py/custom_interfaces/_custom_interfaces_s.ep.rosidl_typesupport_fastrtps_c.c.o[0m
[3.603s] [ 90%] [32mBuilding C object CMakeFiles/custom_interfaces__rosidl_typesupport_introspection_c__pyext.dir/rosidl_generator_py/custom_interfaces/_custom_interfaces_s.ep.rosidl_typesupport_introspection_c.c.o[0m
[3.678s] [ 93%] [32m[1mLinking C shared library rosidl_generator_py/custom_interfaces/custom_interfaces_s__rosidl_typesupport_fastrtps_c.cpython-310-x86_64-linux-gnu.so[0m
[3.701s] [ 96%] [32m[1mLinking C shared library rosidl_generator_py/custom_interfaces/custom_interfaces_s__rosidl_typesupport_introspection_c.cpython-310-x86_64-linux-gnu.so[0m
[3.714s] [ 96%] Built target custom_interfaces__rosidl_typesupport_fastrtps_c__pyext
[3.720s] [100%] [32m[1mLinking C shared library rosidl_generator_py/custom_interfaces/custom_interfaces_s__rosidl_typesupport_c.cpython-310-x86_64-linux-gnu.so[0m
[3.735s] [100%] Built target custom_interfaces__rosidl_typesupport_introspection_c__pyext
[3.760s] [100%] Built target custom_interfaces__rosidl_typesupport_c__pyext
[3.774s] Invoked command in '/home/emmm/Desktop/scnu_rm/ROS2/learn/chapter3/topic_ws/build/custom_interfaces' returned '0': CMAKE_PREFIX_PATH=/opt/ros/humble /usr/bin/cmake --build /home/emmm/Desktop/scnu_rm/ROS2/learn/chapter3/topic_ws/build/custom_interfaces -- -j12 -l12
[3.786s] Invoking command in '/home/emmm/Desktop/scnu_rm/ROS2/learn/chapter3/topic_ws/build/custom_interfaces': CMAKE_PREFIX_PATH=/opt/ros/humble /usr/bin/cmake --install /home/emmm/Desktop/scnu_rm/ROS2/learn/chapter3/topic_ws/build/custom_interfaces
[3.795s] -- Install configuration: ""
[3.795s] -- Installing: /home/emmm/Desktop/scnu_rm/ROS2/learn/chapter3/topic_ws/install/custom_interfaces/share/ament_index/resource_index/rosidl_interfaces/custom_interfaces
[3.796s] -- Installing: /home/emmm/Desktop/scnu_rm/ROS2/learn/chapter3/topic_ws/install/custom_interfaces/include/custom_interfaces/custom_interfaces
[3.796s] -- Installing: /home/emmm/Desktop/scnu_rm/ROS2/learn/chapter3/topic_ws/install/custom_interfaces/include/custom_interfaces/custom_interfaces/msg
[3.796s] -- Installing: /home/emmm/Desktop/scnu_rm/ROS2/learn/chapter3/topic_ws/install/custom_interfaces/include/custom_interfaces/custom_interfaces/msg/detail
[3.796s] -- Installing: /home/emmm/Desktop/scnu_rm/ROS2/learn/chapter3/topic_ws/install/custom_interfaces/include/custom_interfaces/custom_interfaces/msg/detail/my_message__struct.h
[3.796s] -- Installing: /home/emmm/Desktop/scnu_rm/ROS2/learn/chapter3/topic_ws/install/custom_interfaces/include/custom_interfaces/custom_interfaces/msg/detail/my_message__functions.h
[3.796s] -- Installing: /home/emmm/Desktop/scnu_rm/ROS2/learn/chapter3/topic_ws/install/custom_interfaces/include/custom_interfaces/custom_interfaces/msg/detail/my_message__type_support.h
[3.796s] -- Installing: /home/emmm/Desktop/scnu_rm/ROS2/learn/chapter3/topic_ws/install/custom_interfaces/include/custom_interfaces/custom_interfaces/msg/detail/my_message__functions.c
[3.796s] -- Installing: /home/emmm/Desktop/scnu_rm/ROS2/learn/chapter3/topic_ws/install/custom_interfaces/include/custom_interfaces/custom_interfaces/msg/my_message.h
[3.796s] -- Installing: /home/emmm/Desktop/scnu_rm/ROS2/learn/chapter3/topic_ws/install/custom_interfaces/include/custom_interfaces/custom_interfaces/msg/rosidl_generator_c__visibility_control.h
[3.797s] -- Installing: /home/emmm/Desktop/scnu_rm/ROS2/learn/chapter3/topic_ws/install/custom_interfaces/share/custom_interfaces/environment/library_path.sh
[3.797s] -- Installing: /home/emmm/Desktop/scnu_rm/ROS2/learn/chapter3/topic_ws/install/custom_interfaces/share/custom_interfaces/environment/library_path.dsv
[3.797s] -- Installing: /home/emmm/Desktop/scnu_rm/ROS2/learn/chapter3/topic_ws/install/custom_interfaces/lib/libcustom_interfaces__rosidl_generator_c.so
[3.797s] -- Set runtime path of "/home/emmm/Desktop/scnu_rm/ROS2/learn/chapter3/topic_ws/install/custom_interfaces/lib/libcustom_interfaces__rosidl_generator_c.so" to ""
[3.797s] -- Up-to-date: /home/emmm/Desktop/scnu_rm/ROS2/learn/chapter3/topic_ws/install/custom_interfaces/include/custom_interfaces/custom_interfaces
[3.797s] -- Up-to-date: /home/emmm/Desktop/scnu_rm/ROS2/learn/chapter3/topic_ws/install/custom_interfaces/include/custom_interfaces/custom_interfaces/msg
[3.798s] -- Up-to-date: /home/emmm/Desktop/scnu_rm/ROS2/learn/chapter3/topic_ws/install/custom_interfaces/include/custom_interfaces/custom_interfaces/msg/detail
[3.798s] -- Installing: /home/emmm/Desktop/scnu_rm/ROS2/learn/chapter3/topic_ws/install/custom_interfaces/include/custom_interfaces/custom_interfaces/msg/detail/my_message__rosidl_typesupport_fastrtps_c.h
[3.798s] -- Installing: /home/emmm/Desktop/scnu_rm/ROS2/learn/chapter3/topic_ws/install/custom_interfaces/include/custom_interfaces/custom_interfaces/msg/rosidl_typesupport_fastrtps_c__visibility_control.h
[3.798s] -- Installing: /home/emmm/Desktop/scnu_rm/ROS2/learn/chapter3/topic_ws/install/custom_interfaces/lib/libcustom_interfaces__rosidl_typesupport_fastrtps_c.so
[3.798s] -- Set runtime path of "/home/emmm/Desktop/scnu_rm/ROS2/learn/chapter3/topic_ws/install/custom_interfaces/lib/libcustom_interfaces__rosidl_typesupport_fastrtps_c.so" to ""
[3.798s] -- Up-to-date: /home/emmm/Desktop/scnu_rm/ROS2/learn/chapter3/topic_ws/install/custom_interfaces/include/custom_interfaces/custom_interfaces
[3.798s] -- Up-to-date: /home/emmm/Desktop/scnu_rm/ROS2/learn/chapter3/topic_ws/install/custom_interfaces/include/custom_interfaces/custom_interfaces/msg
[3.798s] -- Up-to-date: /home/emmm/Desktop/scnu_rm/ROS2/learn/chapter3/topic_ws/install/custom_interfaces/include/custom_interfaces/custom_interfaces/msg/detail
[3.799s] -- Installing: /home/emmm/Desktop/scnu_rm/ROS2/learn/chapter3/topic_ws/install/custom_interfaces/include/custom_interfaces/custom_interfaces/msg/detail/my_message__rosidl_typesupport_introspection_c.h
[3.799s] -- Installing: /home/emmm/Desktop/scnu_rm/ROS2/learn/chapter3/topic_ws/install/custom_interfaces/include/custom_interfaces/custom_interfaces/msg/detail/my_message__type_support.c
[3.799s] -- Installing: /home/emmm/Desktop/scnu_rm/ROS2/learn/chapter3/topic_ws/install/custom_interfaces/include/custom_interfaces/custom_interfaces/msg/rosidl_typesupport_introspection_c__visibility_control.h
[3.799s] -- Installing: /home/emmm/Desktop/scnu_rm/ROS2/learn/chapter3/topic_ws/install/custom_interfaces/lib/libcustom_interfaces__rosidl_typesupport_introspection_c.so
[3.799s] -- Set runtime path of "/home/emmm/Desktop/scnu_rm/ROS2/learn/chapter3/topic_ws/install/custom_interfaces/lib/libcustom_interfaces__rosidl_typesupport_introspection_c.so" to ""
[3.799s] -- Installing: /home/emmm/Desktop/scnu_rm/ROS2/learn/chapter3/topic_ws/install/custom_interfaces/lib/libcustom_interfaces__rosidl_typesupport_c.so
[3.800s] -- Set runtime path of "/home/emmm/Desktop/scnu_rm/ROS2/learn/chapter3/topic_ws/install/custom_interfaces/lib/libcustom_interfaces__rosidl_typesupport_c.so" to ""
[3.800s] -- Up-to-date: /home/emmm/Desktop/scnu_rm/ROS2/learn/chapter3/topic_ws/install/custom_interfaces/include/custom_interfaces/custom_interfaces
[3.800s] -- Up-to-date: /home/emmm/Desktop/scnu_rm/ROS2/learn/chapter3/topic_ws/install/custom_interfaces/include/custom_interfaces/custom_interfaces/msg
[3.800s] -- Installing: /home/emmm/Desktop/scnu_rm/ROS2/learn/chapter3/topic_ws/install/custom_interfaces/include/custom_interfaces/custom_interfaces/msg/rosidl_generator_cpp__visibility_control.hpp
[3.800s] -- Up-to-date: /home/emmm/Desktop/scnu_rm/ROS2/learn/chapter3/topic_ws/install/custom_interfaces/include/custom_interfaces/custom_interfaces/msg/detail
[3.800s] -- Installing: /home/emmm/Desktop/scnu_rm/ROS2/learn/chapter3/topic_ws/install/custom_interfaces/include/custom_interfaces/custom_interfaces/msg/detail/my_message__traits.hpp
[3.800s] -- Installing: /home/emmm/Desktop/scnu_rm/ROS2/learn/chapter3/topic_ws/install/custom_interfaces/include/custom_interfaces/custom_interfaces/msg/detail/my_message__builder.hpp
[3.800s] -- Installing: /home/emmm/Desktop/scnu_rm/ROS2/learn/chapter3/topic_ws/install/custom_interfaces/include/custom_interfaces/custom_interfaces/msg/detail/my_message__struct.hpp
[3.800s] -- Installing: /home/emmm/Desktop/scnu_rm/ROS2/learn/chapter3/topic_ws/install/custom_interfaces/include/custom_interfaces/custom_interfaces/msg/detail/my_message__type_support.hpp
[3.800s] -- Installing: /home/emmm/Desktop/scnu_rm/ROS2/learn/chapter3/topic_ws/install/custom_interfaces/include/custom_interfaces/custom_interfaces/msg/my_message.hpp
[3.801s] -- Up-to-date: /home/emmm/Desktop/scnu_rm/ROS2/learn/chapter3/topic_ws/install/custom_interfaces/include/custom_interfaces/custom_interfaces
[3.801s] -- Up-to-date: /home/emmm/Desktop/scnu_rm/ROS2/learn/chapter3/topic_ws/install/custom_interfaces/include/custom_interfaces/custom_interfaces/msg
[3.801s] -- Up-to-date: /home/emmm/Desktop/scnu_rm/ROS2/learn/chapter3/topic_ws/install/custom_interfaces/include/custom_interfaces/custom_interfaces/msg/detail
[3.801s] -- Installing: /home/emmm/Desktop/scnu_rm/ROS2/learn/chapter3/topic_ws/install/custom_interfaces/include/custom_interfaces/custom_interfaces/msg/detail/dds_fastrtps
[3.801s] -- Installing: /home/emmm/Desktop/scnu_rm/ROS2/learn/chapter3/topic_ws/install/custom_interfaces/include/custom_interfaces/custom_interfaces/msg/detail/my_message__rosidl_typesupport_fastrtps_cpp.hpp
[3.801s] -- Installing: /home/emmm/Desktop/scnu_rm/ROS2/learn/chapter3/topic_ws/install/custom_interfaces/include/custom_interfaces/custom_interfaces/msg/rosidl_typesupport_fastrtps_cpp__visibility_control.h
[3.801s] -- Installing: /home/emmm/Desktop/scnu_rm/ROS2/learn/chapter3/topic_ws/install/custom_interfaces/lib/libcustom_interfaces__rosidl_typesupport_fastrtps_cpp.so
[3.801s] -- Set runtime path of "/home/emmm/Desktop/scnu_rm/ROS2/learn/chapter3/topic_ws/install/custom_interfaces/lib/libcustom_interfaces__rosidl_typesupport_fastrtps_cpp.so" to ""
[3.801s] -- Up-to-date: /home/emmm/Desktop/scnu_rm/ROS2/learn/chapter3/topic_ws/install/custom_interfaces/include/custom_interfaces/custom_interfaces
[3.801s] -- Up-to-date: /home/emmm/Desktop/scnu_rm/ROS2/learn/chapter3/topic_ws/install/custom_interfaces/include/custom_interfaces/custom_interfaces/msg
[3.802s] -- Up-to-date: /home/emmm/Desktop/scnu_rm/ROS2/learn/chapter3/topic_ws/install/custom_interfaces/include/custom_interfaces/custom_interfaces/msg/detail
[3.802s] -- Installing: /home/emmm/Desktop/scnu_rm/ROS2/learn/chapter3/topic_ws/install/custom_interfaces/include/custom_interfaces/custom_interfaces/msg/detail/my_message__rosidl_typesupport_introspection_cpp.hpp
[3.802s] -- Installing: /home/emmm/Desktop/scnu_rm/ROS2/learn/chapter3/topic_ws/install/custom_interfaces/include/custom_interfaces/custom_interfaces/msg/detail/my_message__type_support.cpp
[3.802s] -- Installing: /home/emmm/Desktop/scnu_rm/ROS2/learn/chapter3/topic_ws/install/custom_interfaces/lib/libcustom_interfaces__rosidl_typesupport_introspection_cpp.so
[3.802s] -- Set runtime path of "/home/emmm/Desktop/scnu_rm/ROS2/learn/chapter3/topic_ws/install/custom_interfaces/lib/libcustom_interfaces__rosidl_typesupport_introspection_cpp.so" to ""
[3.802s] -- Installing: /home/emmm/Desktop/scnu_rm/ROS2/learn/chapter3/topic_ws/install/custom_interfaces/lib/libcustom_interfaces__rosidl_typesupport_cpp.so
[3.803s] -- Set runtime path of "/home/emmm/Desktop/scnu_rm/ROS2/learn/chapter3/topic_ws/install/custom_interfaces/lib/libcustom_interfaces__rosidl_typesupport_cpp.so" to ""
[3.803s] -- Installing: /home/emmm/Desktop/scnu_rm/ROS2/learn/chapter3/topic_ws/install/custom_interfaces/share/custom_interfaces/environment/pythonpath.sh
[3.803s] -- Installing: /home/emmm/Desktop/scnu_rm/ROS2/learn/chapter3/topic_ws/install/custom_interfaces/share/custom_interfaces/environment/pythonpath.dsv
[3.803s] -- Installing: /home/emmm/Desktop/scnu_rm/ROS2/learn/chapter3/topic_ws/install/custom_interfaces/local/lib/python3.10/dist-packages/custom_interfaces-0.0.0-py3.10.egg-info
[3.803s] -- Installing: /home/emmm/Desktop/scnu_rm/ROS2/learn/chapter3/topic_ws/install/custom_interfaces/local/lib/python3.10/dist-packages/custom_interfaces-0.0.0-py3.10.egg-info/dependency_links.txt
[3.803s] -- Installing: /home/emmm/Desktop/scnu_rm/ROS2/learn/chapter3/topic_ws/install/custom_interfaces/local/lib/python3.10/dist-packages/custom_interfaces-0.0.0-py3.10.egg-info/SOURCES.txt
[3.803s] -- Installing: /home/emmm/Desktop/scnu_rm/ROS2/learn/chapter3/topic_ws/install/custom_interfaces/local/lib/python3.10/dist-packages/custom_interfaces-0.0.0-py3.10.egg-info/PKG-INFO
[3.803s] -- Installing: /home/emmm/Desktop/scnu_rm/ROS2/learn/chapter3/topic_ws/install/custom_interfaces/local/lib/python3.10/dist-packages/custom_interfaces-0.0.0-py3.10.egg-info/top_level.txt
[3.804s] -- Installing: /home/emmm/Desktop/scnu_rm/ROS2/learn/chapter3/topic_ws/install/custom_interfaces/local/lib/python3.10/dist-packages/custom_interfaces
[3.804s] -- Installing: /home/emmm/Desktop/scnu_rm/ROS2/learn/chapter3/topic_ws/install/custom_interfaces/local/lib/python3.10/dist-packages/custom_interfaces/custom_interfaces_s__rosidl_typesupport_c.cpython-310-x86_64-linux-gnu.so
[3.804s] -- Installing: /home/emmm/Desktop/scnu_rm/ROS2/learn/chapter3/topic_ws/install/custom_interfaces/local/lib/python3.10/dist-packages/custom_interfaces/custom_interfaces_s__rosidl_typesupport_introspection_c.cpython-310-x86_64-linux-gnu.so
[3.804s] -- Installing: /home/emmm/Desktop/scnu_rm/ROS2/learn/chapter3/topic_ws/install/custom_interfaces/local/lib/python3.10/dist-packages/custom_interfaces/_custom_interfaces_s.ep.rosidl_typesupport_c.c
[3.804s] -- Installing: /home/emmm/Desktop/scnu_rm/ROS2/learn/chapter3/topic_ws/install/custom_interfaces/local/lib/python3.10/dist-packages/custom_interfaces/_custom_interfaces_s.ep.rosidl_typesupport_fastrtps_c.c
[3.804s] -- Installing: /home/emmm/Desktop/scnu_rm/ROS2/learn/chapter3/topic_ws/install/custom_interfaces/local/lib/python3.10/dist-packages/custom_interfaces/msg
[3.804s] -- Installing: /home/emmm/Desktop/scnu_rm/ROS2/learn/chapter3/topic_ws/install/custom_interfaces/local/lib/python3.10/dist-packages/custom_interfaces/msg/_my_message_s.c
[3.804s] -- Installing: /home/emmm/Desktop/scnu_rm/ROS2/learn/chapter3/topic_ws/install/custom_interfaces/local/lib/python3.10/dist-packages/custom_interfaces/msg/_my_message.py
[3.805s] -- Installing: /home/emmm/Desktop/scnu_rm/ROS2/learn/chapter3/topic_ws/install/custom_interfaces/local/lib/python3.10/dist-packages/custom_interfaces/msg/__init__.py
[3.805s] -- Installing: /home/emmm/Desktop/scnu_rm/ROS2/learn/chapter3/topic_ws/install/custom_interfaces/local/lib/python3.10/dist-packages/custom_interfaces/_custom_interfaces_s.ep.rosidl_typesupport_introspection_c.c
[3.805s] -- Installing: /home/emmm/Desktop/scnu_rm/ROS2/learn/chapter3/topic_ws/install/custom_interfaces/local/lib/python3.10/dist-packages/custom_interfaces/libcustom_interfaces__rosidl_generator_py.so
[3.805s] -- Installing: /home/emmm/Desktop/scnu_rm/ROS2/learn/chapter3/topic_ws/install/custom_interfaces/local/lib/python3.10/dist-packages/custom_interfaces/__init__.py
[3.805s] -- Installing: /home/emmm/Desktop/scnu_rm/ROS2/learn/chapter3/topic_ws/install/custom_interfaces/local/lib/python3.10/dist-packages/custom_interfaces/custom_interfaces_s__rosidl_typesupport_fastrtps_c.cpython-310-x86_64-linux-gnu.so
[3.849s] Listing '/home/emmm/Desktop/scnu_rm/ROS2/learn/chapter3/topic_ws/install/custom_interfaces/local/lib/python3.10/dist-packages/custom_interfaces'...
[3.849s] Compiling '/home/emmm/Desktop/scnu_rm/ROS2/learn/chapter3/topic_ws/install/custom_interfaces/local/lib/python3.10/dist-packages/custom_interfaces/__init__.py'...
[3.849s] Listing '/home/emmm/Desktop/scnu_rm/ROS2/learn/chapter3/topic_ws/install/custom_interfaces/local/lib/python3.10/dist-packages/custom_interfaces/msg'...
[3.849s] Compiling '/home/emmm/Desktop/scnu_rm/ROS2/learn/chapter3/topic_ws/install/custom_interfaces/local/lib/python3.10/dist-packages/custom_interfaces/msg/__init__.py'...
[3.849s] Compiling '/home/emmm/Desktop/scnu_rm/ROS2/learn/chapter3/topic_ws/install/custom_interfaces/local/lib/python3.10/dist-packages/custom_interfaces/msg/_my_message.py'...
[3.855s] -- Installing: /home/emmm/Desktop/scnu_rm/ROS2/learn/chapter3/topic_ws/install/custom_interfaces/local/lib/python3.10/dist-packages/custom_interfaces/custom_interfaces_s__rosidl_typesupport_fastrtps_c.cpython-310-x86_64-linux-gnu.so
[3.855s] -- Set runtime path of "/home/emmm/Desktop/scnu_rm/ROS2/learn/chapter3/topic_ws/install/custom_interfaces/local/lib/python3.10/dist-packages/custom_interfaces/custom_interfaces_s__rosidl_typesupport_fastrtps_c.cpython-310-x86_64-linux-gnu.so" to ""
[3.855s] -- Installing: /home/emmm/Desktop/scnu_rm/ROS2/learn/chapter3/topic_ws/install/custom_interfaces/local/lib/python3.10/dist-packages/custom_interfaces/custom_interfaces_s__rosidl_typesupport_introspection_c.cpython-310-x86_64-linux-gnu.so
[3.856s] -- Set runtime path of "/home/emmm/Desktop/scnu_rm/ROS2/learn/chapter3/topic_ws/install/custom_interfaces/local/lib/python3.10/dist-packages/custom_interfaces/custom_interfaces_s__rosidl_typesupport_introspection_c.cpython-310-x86_64-linux-gnu.so" to ""
[3.856s] -- Installing: /home/emmm/Desktop/scnu_rm/ROS2/learn/chapter3/topic_ws/install/custom_interfaces/local/lib/python3.10/dist-packages/custom_interfaces/custom_interfaces_s__rosidl_typesupport_c.cpython-310-x86_64-linux-gnu.so
[3.856s] -- Set runtime path of "/home/emmm/Desktop/scnu_rm/ROS2/learn/chapter3/topic_ws/install/custom_interfaces/local/lib/python3.10/dist-packages/custom_interfaces/custom_interfaces_s__rosidl_typesupport_c.cpython-310-x86_64-linux-gnu.so" to ""
[3.856s] -- Installing: /home/emmm/Desktop/scnu_rm/ROS2/learn/chapter3/topic_ws/install/custom_interfaces/lib/libcustom_interfaces__rosidl_generator_py.so
[3.857s] -- Set runtime path of "/home/emmm/Desktop/scnu_rm/ROS2/learn/chapter3/topic_ws/install/custom_interfaces/lib/libcustom_interfaces__rosidl_generator_py.so" to ""
[3.857s] -- Installing: /home/emmm/Desktop/scnu_rm/ROS2/learn/chapter3/topic_ws/install/custom_interfaces/share/custom_interfaces/msg/MyMessage.idl
[3.857s] -- Installing: /home/emmm/Desktop/scnu_rm/ROS2/learn/chapter3/topic_ws/install/custom_interfaces/share/custom_interfaces/msg/MyMessage.msg
[3.857s] -- Installing: /home/emmm/Desktop/scnu_rm/ROS2/learn/chapter3/topic_ws/install/custom_interfaces/share/ament_index/resource_index/package_run_dependencies/custom_interfaces
[3.857s] -- Installing: /home/emmm/Desktop/scnu_rm/ROS2/learn/chapter3/topic_ws/install/custom_interfaces/share/ament_index/resource_index/parent_prefix_path/custom_interfaces
[3.857s] -- Installing: /home/emmm/Desktop/scnu_rm/ROS2/learn/chapter3/topic_ws/install/custom_interfaces/share/custom_interfaces/environment/ament_prefix_path.sh
[3.858s] -- Installing: /home/emmm/Desktop/scnu_rm/ROS2/learn/chapter3/topic_ws/install/custom_interfaces/share/custom_interfaces/environment/ament_prefix_path.dsv
[3.858s] -- Installing: /home/emmm/Desktop/scnu_rm/ROS2/learn/chapter3/topic_ws/install/custom_interfaces/share/custom_interfaces/environment/path.sh
[3.858s] -- Installing: /home/emmm/Desktop/scnu_rm/ROS2/learn/chapter3/topic_ws/install/custom_interfaces/share/custom_interfaces/environment/path.dsv
[3.858s] -- Installing: /home/emmm/Desktop/scnu_rm/ROS2/learn/chapter3/topic_ws/install/custom_interfaces/share/custom_interfaces/local_setup.bash
[3.858s] -- Installing: /home/emmm/Desktop/scnu_rm/ROS2/learn/chapter3/topic_ws/install/custom_interfaces/share/custom_interfaces/local_setup.sh
[3.858s] -- Installing: /home/emmm/Desktop/scnu_rm/ROS2/learn/chapter3/topic_ws/install/custom_interfaces/share/custom_interfaces/local_setup.zsh
[3.859s] -- Installing: /home/emmm/Desktop/scnu_rm/ROS2/learn/chapter3/topic_ws/install/custom_interfaces/share/custom_interfaces/local_setup.dsv
[3.859s] -- Installing: /home/emmm/Desktop/scnu_rm/ROS2/learn/chapter3/topic_ws/install/custom_interfaces/share/custom_interfaces/package.dsv
[3.859s] -- Installing: /home/emmm/Desktop/scnu_rm/ROS2/learn/chapter3/topic_ws/install/custom_interfaces/share/ament_index/resource_index/packages/custom_interfaces
[3.859s] -- Installing: /home/emmm/Desktop/scnu_rm/ROS2/learn/chapter3/topic_ws/install/custom_interfaces/share/custom_interfaces/cmake/export_custom_interfaces__rosidl_generator_cExport.cmake
[3.859s] -- Installing: /home/emmm/Desktop/scnu_rm/ROS2/learn/chapter3/topic_ws/install/custom_interfaces/share/custom_interfaces/cmake/export_custom_interfaces__rosidl_generator_cExport-noconfig.cmake
[3.859s] -- Installing: /home/emmm/Desktop/scnu_rm/ROS2/learn/chapter3/topic_ws/install/custom_interfaces/share/custom_interfaces/cmake/export_custom_interfaces__rosidl_typesupport_fastrtps_cExport.cmake
[3.860s] -- Installing: /home/emmm/Desktop/scnu_rm/ROS2/learn/chapter3/topic_ws/install/custom_interfaces/share/custom_interfaces/cmake/export_custom_interfaces__rosidl_typesupport_fastrtps_cExport-noconfig.cmake
[3.860s] -- Installing: /home/emmm/Desktop/scnu_rm/ROS2/learn/chapter3/topic_ws/install/custom_interfaces/share/custom_interfaces/cmake/custom_interfaces__rosidl_typesupport_introspection_cExport.cmake
[3.860s] -- Installing: /home/emmm/Desktop/scnu_rm/ROS2/learn/chapter3/topic_ws/install/custom_interfaces/share/custom_interfaces/cmake/custom_interfaces__rosidl_typesupport_introspection_cExport-noconfig.cmake
[3.860s] -- Installing: /home/emmm/Desktop/scnu_rm/ROS2/learn/chapter3/topic_ws/install/custom_interfaces/share/custom_interfaces/cmake/custom_interfaces__rosidl_typesupport_cExport.cmake
[3.860s] -- Installing: /home/emmm/Desktop/scnu_rm/ROS2/learn/chapter3/topic_ws/install/custom_interfaces/share/custom_interfaces/cmake/custom_interfaces__rosidl_typesupport_cExport-noconfig.cmake
[3.860s] -- Installing: /home/emmm/Desktop/scnu_rm/ROS2/learn/chapter3/topic_ws/install/custom_interfaces/share/custom_interfaces/cmake/export_custom_interfaces__rosidl_generator_cppExport.cmake
[3.861s] -- Installing: /home/emmm/Desktop/scnu_rm/ROS2/learn/chapter3/topic_ws/install/custom_interfaces/share/custom_interfaces/cmake/export_custom_interfaces__rosidl_typesupport_fastrtps_cppExport.cmake
[3.861s] -- Installing: /home/emmm/Desktop/scnu_rm/ROS2/learn/chapter3/topic_ws/install/custom_interfaces/share/custom_interfaces/cmake/export_custom_interfaces__rosidl_typesupport_fastrtps_cppExport-noconfig.cmake
[3.861s] -- Installing: /home/emmm/Desktop/scnu_rm/ROS2/learn/chapter3/topic_ws/install/custom_interfaces/share/custom_interfaces/cmake/custom_interfaces__rosidl_typesupport_introspection_cppExport.cmake
[3.861s] -- Installing: /home/emmm/Desktop/scnu_rm/ROS2/learn/chapter3/topic_ws/install/custom_interfaces/share/custom_interfaces/cmake/custom_interfaces__rosidl_typesupport_introspection_cppExport-noconfig.cmake
[3.861s] -- Installing: /home/emmm/Desktop/scnu_rm/ROS2/learn/chapter3/topic_ws/install/custom_interfaces/share/custom_interfaces/cmake/custom_interfaces__rosidl_typesupport_cppExport.cmake
[3.862s] -- Installing: /home/emmm/Desktop/scnu_rm/ROS2/learn/chapter3/topic_ws/install/custom_interfaces/share/custom_interfaces/cmake/custom_interfaces__rosidl_typesupport_cppExport-noconfig.cmake
[3.862s] -- Installing: /home/emmm/Desktop/scnu_rm/ROS2/learn/chapter3/topic_ws/install/custom_interfaces/share/custom_interfaces/cmake/export_custom_interfaces__rosidl_generator_pyExport.cmake
[3.862s] -- Installing: /home/emmm/Desktop/scnu_rm/ROS2/learn/chapter3/topic_ws/install/custom_interfaces/share/custom_interfaces/cmake/export_custom_interfaces__rosidl_generator_pyExport-noconfig.cmake
[3.862s] -- Installing: /home/emmm/Desktop/scnu_rm/ROS2/learn/chapter3/topic_ws/install/custom_interfaces/share/custom_interfaces/cmake/rosidl_cmake-extras.cmake
[3.862s] -- Installing: /home/emmm/Desktop/scnu_rm/ROS2/learn/chapter3/topic_ws/install/custom_interfaces/share/custom_interfaces/cmake/ament_cmake_export_include_directories-extras.cmake
[3.862s] -- Installing: /home/emmm/Desktop/scnu_rm/ROS2/learn/chapter3/topic_ws/install/custom_interfaces/share/custom_interfaces/cmake/ament_cmake_export_libraries-extras.cmake
[3.862s] -- Installing: /home/emmm/Desktop/scnu_rm/ROS2/learn/chapter3/topic_ws/install/custom_interfaces/share/custom_interfaces/cmake/ament_cmake_export_targets-extras.cmake
[3.862s] -- Installing: /home/emmm/Desktop/scnu_rm/ROS2/learn/chapter3/topic_ws/install/custom_interfaces/share/custom_interfaces/cmake/rosidl_cmake_export_typesupport_targets-extras.cmake
[3.863s] -- Installing: /home/emmm/Desktop/scnu_rm/ROS2/learn/chapter3/topic_ws/install/custom_interfaces/share/custom_interfaces/cmake/ament_cmake_export_dependencies-extras.cmake
[3.863s] -- Installing: /home/emmm/Desktop/scnu_rm/ROS2/learn/chapter3/topic_ws/install/custom_interfaces/share/custom_interfaces/cmake/rosidl_cmake_export_typesupport_libraries-extras.cmake
[3.863s] -- Installing: /home/emmm/Desktop/scnu_rm/ROS2/learn/chapter3/topic_ws/install/custom_interfaces/share/custom_interfaces/cmake/custom_interfacesConfig.cmake
[3.863s] -- Installing: /home/emmm/Desktop/scnu_rm/ROS2/learn/chapter3/topic_ws/install/custom_interfaces/share/custom_interfaces/cmake/custom_interfacesConfig-version.cmake
[3.863s] -- Installing: /home/emmm/Desktop/scnu_rm/ROS2/learn/chapter3/topic_ws/install/custom_interfaces/share/custom_interfaces/package.xml
[3.866s] Invoked command in '/home/emmm/Desktop/scnu_rm/ROS2/learn/chapter3/topic_ws/build/custom_interfaces' returned '0': CMAKE_PREFIX_PATH=/opt/ros/humble /usr/bin/cmake --install /home/emmm/Desktop/scnu_rm/ROS2/learn/chapter3/topic_ws/build/custom_interfaces
