[0.010s] Invoking command in '/home/emmm/Desktop/scnu_rm/ROS2/learn/chapter3/topic_ws/build/example_topic': CMAKE_PREFIX_PATH=/opt/ros/humble /usr/bin/cmake /home/emmm/Desktop/scnu_rm/ROS2/learn/chapter3/topic_ws/src/example_topic -DCMAKE_INSTALL_PREFIX=/home/emmm/Desktop/scnu_rm/ROS2/learn/chapter3/topic_ws/install/example_topic
[0.070s] -- The C compiler identification is GNU 13.1.0
[0.122s] -- The CXX compiler identification is GNU 13.1.0
[0.131s] -- Detecting C compiler ABI info
[0.200s] -- Detecting C compiler ABI info - done
[0.208s] -- Check for working C compiler: /usr/bin/cc - skipped
[0.208s] -- Detecting C compile features
[0.208s] -- Detecting C compile features - done
[0.211s] -- Detecting CXX compiler ABI info
[0.281s] -- Detecting CXX compiler ABI info - done
[0.290s] -- Check for working CXX compiler: /usr/bin/c++ - skipped
[0.290s] -- Detecting CXX compile features
[0.291s] -- Detecting CXX compile features - done
[0.292s] -- Found ament_cmake: 1.3.12 (/opt/ros/humble/share/ament_cmake/cmake)
[0.423s] -- Found Python3: /usr/bin/python3 (found version "3.10.12") found components: Interpreter 
[0.492s] -- Found rclcpp: 16.0.15 (/opt/ros/humble/share/rclcpp/cmake)
[0.519s] -- Found rosidl_generator_c: 3.1.7 (/opt/ros/humble/share/rosidl_generator_c/cmake)
[0.522s] -- Found rosidl_adapter: 3.1.7 (/opt/ros/humble/share/rosidl_adapter/cmake)
[0.527s] -- Found rosidl_generator_cpp: 3.1.7 (/opt/ros/humble/share/rosidl_generator_cpp/cmake)
[0.535s] -- Using all available rosidl_typesupport_c: rosidl_typesupport_fastrtps_c;rosidl_typesupport_introspection_c
[0.545s] -- Using all available rosidl_typesupport_cpp: rosidl_typesupport_fastrtps_cpp;rosidl_typesupport_introspection_cpp
[0.571s] -- Found rmw_implementation_cmake: 6.1.2 (/opt/ros/humble/share/rmw_implementation_cmake/cmake)
[0.573s] -- Found rmw_fastrtps_cpp: 6.2.9 (/opt/ros/humble/share/rmw_fastrtps_cpp/cmake)
[0.648s] -- Found OpenSSL: /usr/lib/x86_64-linux-gnu/libcrypto.so (found version "3.0.2")  
[0.673s] -- Found FastRTPS: /opt/ros/humble/include  
[0.720s] -- Using RMW implementation 'rmw_fastrtps_cpp' as default
[0.724s] -- Looking for pthread.h
[0.808s] -- Looking for pthread.h - found
[0.808s] -- Performing Test CMAKE_HAVE_LIBC_PTHREAD
[0.892s] -- Performing Test CMAKE_HAVE_LIBC_PTHREAD - Success
[0.897s] -- Found Threads: TRUE  
[0.945s] -- Found ament_lint_auto: 0.12.14 (/opt/ros/humble/share/ament_lint_auto/cmake)
[1.005s] -- Added test 'cppcheck' to perform static code analysis on C / C++ code
[1.005s] -- Configured cppcheck include dirs: 
[1.005s] -- Configured cppcheck exclude dirs and/or files: 
[1.006s] -- Added test 'lint_cmake' to check CMake code style
[1.006s] -- Added test 'uncrustify' to check C / C++ code style
[1.006s] -- Configured uncrustify additional arguments: 
[1.006s] -- Added test 'xmllint' to check XML markup files
[1.007s] -- Configuring done
[1.015s] -- Generating done
[1.018s] -- Build files have been written to: /home/emmm/Desktop/scnu_rm/ROS2/learn/chapter3/topic_ws/build/example_topic
[1.026s] Invoked command in '/home/emmm/Desktop/scnu_rm/ROS2/learn/chapter3/topic_ws/build/example_topic' returned '0': CMAKE_PREFIX_PATH=/opt/ros/humble /usr/bin/cmake /home/emmm/Desktop/scnu_rm/ROS2/learn/chapter3/topic_ws/src/example_topic -DCMAKE_INSTALL_PREFIX=/home/emmm/Desktop/scnu_rm/ROS2/learn/chapter3/topic_ws/install/example_topic
[1.027s] Invoking command in '/home/emmm/Desktop/scnu_rm/ROS2/learn/chapter3/topic_ws/build/example_topic': CMAKE_PREFIX_PATH=/opt/ros/humble /usr/bin/cmake --build /home/emmm/Desktop/scnu_rm/ROS2/learn/chapter3/topic_ws/build/example_topic -- -j12 -l12
[1.075s] [ 25%] [32mBuilding CXX object CMakeFiles/topic_subscribe.dir/src/topic_subscribe.cpp.o[0m
[1.077s] [ 50%] [32mBuilding CXX object CMakeFiles/topic_publisher.dir/src/topic_publisher.cpp.o[0m
[4.010s] [ 75%] [32m[1mLinking CXX executable topic_publisher[0m
[4.146s] [ 75%] Built target topic_publisher
[8.947s] [100%] [32m[1mLinking CXX executable topic_subscribe[0m
[9.197s] [100%] Built target topic_subscribe
[9.207s] Invoked command in '/home/emmm/Desktop/scnu_rm/ROS2/learn/chapter3/topic_ws/build/example_topic' returned '0': CMAKE_PREFIX_PATH=/opt/ros/humble /usr/bin/cmake --build /home/emmm/Desktop/scnu_rm/ROS2/learn/chapter3/topic_ws/build/example_topic -- -j12 -l12
[9.208s] Invoking command in '/home/emmm/Desktop/scnu_rm/ROS2/learn/chapter3/topic_ws/build/example_topic': CMAKE_PREFIX_PATH=/opt/ros/humble /usr/bin/cmake --install /home/emmm/Desktop/scnu_rm/ROS2/learn/chapter3/topic_ws/build/example_topic
[9.215s] -- Install configuration: ""
[9.215s] -- Installing: /home/emmm/Desktop/scnu_rm/ROS2/learn/chapter3/topic_ws/install/example_topic/lib/example_topic/topic_publisher
[9.216s] -- Set runtime path of "/home/emmm/Desktop/scnu_rm/ROS2/learn/chapter3/topic_ws/install/example_topic/lib/example_topic/topic_publisher" to ""
[9.216s] -- Installing: /home/emmm/Desktop/scnu_rm/ROS2/learn/chapter3/topic_ws/install/example_topic/lib/example_topic/topic_subscribe
[9.217s] -- Set runtime path of "/home/emmm/Desktop/scnu_rm/ROS2/learn/chapter3/topic_ws/install/example_topic/lib/example_topic/topic_subscribe" to ""
[9.217s] -- Installing: /home/emmm/Desktop/scnu_rm/ROS2/learn/chapter3/topic_ws/install/example_topic/share/ament_index/resource_index/package_run_dependencies/example_topic
[9.217s] -- Installing: /home/emmm/Desktop/scnu_rm/ROS2/learn/chapter3/topic_ws/install/example_topic/share/ament_index/resource_index/parent_prefix_path/example_topic
[9.217s] -- Installing: /home/emmm/Desktop/scnu_rm/ROS2/learn/chapter3/topic_ws/install/example_topic/share/example_topic/environment/ament_prefix_path.sh
[9.218s] -- Installing: /home/emmm/Desktop/scnu_rm/ROS2/learn/chapter3/topic_ws/install/example_topic/share/example_topic/environment/ament_prefix_path.dsv
[9.218s] -- Installing: /home/emmm/Desktop/scnu_rm/ROS2/learn/chapter3/topic_ws/install/example_topic/share/example_topic/environment/path.sh
[9.218s] -- Installing: /home/emmm/Desktop/scnu_rm/ROS2/learn/chapter3/topic_ws/install/example_topic/share/example_topic/environment/path.dsv
[9.218s] -- Installing: /home/emmm/Desktop/scnu_rm/ROS2/learn/chapter3/topic_ws/install/example_topic/share/example_topic/local_setup.bash
[9.218s] -- Installing: /home/emmm/Desktop/scnu_rm/ROS2/learn/chapter3/topic_ws/install/example_topic/share/example_topic/local_setup.sh
[9.218s] -- Installing: /home/emmm/Desktop/scnu_rm/ROS2/learn/chapter3/topic_ws/install/example_topic/share/example_topic/local_setup.zsh
[9.218s] -- Installing: /home/emmm/Desktop/scnu_rm/ROS2/learn/chapter3/topic_ws/install/example_topic/share/example_topic/local_setup.dsv
[9.218s] -- Installing: /home/emmm/Desktop/scnu_rm/ROS2/learn/chapter3/topic_ws/install/example_topic/share/example_topic/package.dsv
[9.218s] -- Installing: /home/emmm/Desktop/scnu_rm/ROS2/learn/chapter3/topic_ws/install/example_topic/share/ament_index/resource_index/packages/example_topic
[9.218s] -- Installing: /home/emmm/Desktop/scnu_rm/ROS2/learn/chapter3/topic_ws/install/example_topic/share/example_topic/cmake/example_topicConfig.cmake
[9.219s] -- Installing: /home/emmm/Desktop/scnu_rm/ROS2/learn/chapter3/topic_ws/install/example_topic/share/example_topic/cmake/example_topicConfig-version.cmake
[9.219s] -- Installing: /home/emmm/Desktop/scnu_rm/ROS2/learn/chapter3/topic_ws/install/example_topic/share/example_topic/package.xml
[9.220s] Invoked command in '/home/emmm/Desktop/scnu_rm/ROS2/learn/chapter3/topic_ws/build/example_topic' returned '0': CMAKE_PREFIX_PATH=/opt/ros/humble /usr/bin/cmake --install /home/emmm/Desktop/scnu_rm/ROS2/learn/chapter3/topic_ws/build/example_topic
