[0.009s] Invoking command in '/home/emmm/Desktop/scnu_rm/ROS2/task/opencv_ws/build/opencv_use': CMAKE_PREFIX_PATH=/opt/ros/humble /usr/bin/cmake /home/emmm/Desktop/scnu_rm/ROS2/task/opencv_ws/src/opencv_use -DCMAKE_INSTALL_PREFIX=/home/emmm/Desktop/scnu_rm/ROS2/task/opencv_ws/install/opencv_use
[0.075s] -- The C compiler identification is GNU 13.1.0
[0.128s] -- The CXX compiler identification is GNU 13.1.0
[0.134s] -- Detecting C compiler ABI info
[0.202s] -- Detecting C compiler ABI info - done
[0.210s] -- Check for working C compiler: /usr/bin/cc - skipped
[0.211s] -- Detecting C compile features
[0.211s] -- Detecting C compile features - done
[0.215s] -- Detecting CXX compiler ABI info
[0.303s] -- Detecting CXX compiler ABI info - done
[0.308s] -- Check for working CXX compiler: /usr/bin/c++ - skipped
[0.309s] -- Detecting CXX compile features
[0.309s] -- Detecting CXX compile features - done
[0.310s] -- Found ament_cmake: 1.3.12 (/opt/ros/humble/share/ament_cmake/cmake)
[0.462s] -- Found Python3: /usr/bin/python3 (found version "3.10.12") found components: Interpreter 
[0.525s] -- Found rclcpp: 16.0.15 (/opt/ros/humble/share/rclcpp/cmake)
[0.549s] -- Found rosidl_generator_c: 3.1.7 (/opt/ros/humble/share/rosidl_generator_c/cmake)
[0.552s] -- Found rosidl_adapter: 3.1.7 (/opt/ros/humble/share/rosidl_adapter/cmake)
[0.557s] -- Found rosidl_generator_cpp: 3.1.7 (/opt/ros/humble/share/rosidl_generator_cpp/cmake)
[0.564s] -- Using all available rosidl_typesupport_c: rosidl_typesupport_fastrtps_c;rosidl_typesupport_introspection_c
[0.573s] -- Using all available rosidl_typesupport_cpp: rosidl_typesupport_fastrtps_cpp;rosidl_typesupport_introspection_cpp
[0.599s] -- Found rmw_implementation_cmake: 6.1.2 (/opt/ros/humble/share/rmw_implementation_cmake/cmake)
[0.600s] -- Found rmw_fastrtps_cpp: 6.2.9 (/opt/ros/humble/share/rmw_fastrtps_cpp/cmake)
[0.696s] -- Found OpenSSL: /usr/lib/x86_64-linux-gnu/libcrypto.so (found version "3.0.2")  
[0.735s] -- Found FastRTPS: /opt/ros/humble/include  
[0.781s] -- Using RMW implementation 'rmw_fastrtps_cpp' as default
[0.787s] -- Looking for pthread.h
[0.876s] -- Looking for pthread.h - found
[0.877s] -- Performing Test CMAKE_HAVE_LIBC_PTHREAD
[1.024s] -- Performing Test CMAKE_HAVE_LIBC_PTHREAD - Success
[1.026s] -- Found Threads: TRUE  
[1.087s] -- Found OpenCV: /usr (found version "4.5.4") 
[1.090s] -- Found sensor_msgs: 4.9.0 (/opt/ros/humble/share/sensor_msgs/cmake)
[1.113s] -- Found cv_bridge: 3.2.1 (/opt/ros/humble/share/cv_bridge/cmake)
[1.116s] -- Found image_transport: 3.1.12 (/opt/ros/humble/share/image_transport/cmake)
[1.144s] [33mCMake Warning at CMakeLists.txt:15 (find_package):
[1.144s]   By not providing "Find/usr/include/opencv4.cmake" in CMAKE_MODULE_PATH this
[1.144s]   project has asked CMake to find a package configuration file provided by
[1.144s]   "/usr/include/opencv4", but CMake did not find one.
[1.144s] 
[1.144s]   Could not find a package configuration file provided by
[1.144s]   "/usr/include/opencv4" with any of the following names:
[1.144s] 
[1.145s]     /usr/include/opencv4Config.cmake
[1.145s]     /usr/include/opencv4-config.cmake
[1.145s] 
[1.145s]   Add the installation prefix of "/usr/include/opencv4" to CMAKE_PREFIX_PATH
[1.145s]   or set "/usr/include/opencv4_DIR" to a directory containing one of the
[1.145s]   above files.  If "/usr/include/opencv4" provides a separate development
[1.145s]   package or SDK, be sure it has been installed.
[1.145s] 
[1.145s] [0m
[1.145s] -- Found ament_lint_auto: 0.12.14 (/opt/ros/humble/share/ament_lint_auto/cmake)
[1.203s] -- Added test 'cppcheck' to perform static code analysis on C / C++ code
[1.203s] -- Configured cppcheck include dirs: $<BUILD_INTERFACE:/home/emmm/Desktop/scnu_rm/ROS2/task/opencv_ws/src/opencv_use/include>
[1.203s] -- Configured cppcheck exclude dirs and/or files: 
[1.204s] -- Added test 'lint_cmake' to check CMake code style
[1.204s] -- Added test 'uncrustify' to check C / C++ code style
[1.204s] -- Configured uncrustify additional arguments: 
[1.204s] -- Added test 'xmllint' to check XML markup files
[1.205s] -- Configuring done
[1.213s] -- Generating done
[1.216s] -- Build files have been written to: /home/emmm/Desktop/scnu_rm/ROS2/task/opencv_ws/build/opencv_use
[1.223s] Invoked command in '/home/emmm/Desktop/scnu_rm/ROS2/task/opencv_ws/build/opencv_use' returned '0': CMAKE_PREFIX_PATH=/opt/ros/humble /usr/bin/cmake /home/emmm/Desktop/scnu_rm/ROS2/task/opencv_ws/src/opencv_use -DCMAKE_INSTALL_PREFIX=/home/emmm/Desktop/scnu_rm/ROS2/task/opencv_ws/install/opencv_use
[1.225s] Invoking command in '/home/emmm/Desktop/scnu_rm/ROS2/task/opencv_ws/build/opencv_use': CMAKE_PREFIX_PATH=/opt/ros/humble /usr/bin/cmake --build /home/emmm/Desktop/scnu_rm/ROS2/task/opencv_ws/build/opencv_use -- -j12 -l12
[1.273s] [ 50%] [32mBuilding CXX object CMakeFiles/my_opencv.dir/src/my_opencv.cpp.o[0m
[2.359s] [100%] [32m[1mLinking CXX executable my_opencv[0m
[2.836s] [100%] Built target my_opencv
[2.852s] Invoked command in '/home/emmm/Desktop/scnu_rm/ROS2/task/opencv_ws/build/opencv_use' returned '0': CMAKE_PREFIX_PATH=/opt/ros/humble /usr/bin/cmake --build /home/emmm/Desktop/scnu_rm/ROS2/task/opencv_ws/build/opencv_use -- -j12 -l12
[2.872s] Invoking command in '/home/emmm/Desktop/scnu_rm/ROS2/task/opencv_ws/build/opencv_use': CMAKE_PREFIX_PATH=/opt/ros/humble /usr/bin/cmake --install /home/emmm/Desktop/scnu_rm/ROS2/task/opencv_ws/build/opencv_use
[2.883s] -- Install configuration: ""
[2.884s] -- Installing: /home/emmm/Desktop/scnu_rm/ROS2/task/opencv_ws/install/opencv_use/lib/opencv_use/my_opencv
[2.884s] -- Set runtime path of "/home/emmm/Desktop/scnu_rm/ROS2/task/opencv_ws/install/opencv_use/lib/opencv_use/my_opencv" to ""
[2.884s] -- Installing: /home/emmm/Desktop/scnu_rm/ROS2/task/opencv_ws/install/opencv_use/share/ament_index/resource_index/package_run_dependencies/opencv_use
[2.885s] -- Installing: /home/emmm/Desktop/scnu_rm/ROS2/task/opencv_ws/install/opencv_use/share/ament_index/resource_index/parent_prefix_path/opencv_use
[2.885s] -- Installing: /home/emmm/Desktop/scnu_rm/ROS2/task/opencv_ws/install/opencv_use/share/opencv_use/environment/ament_prefix_path.sh
[2.885s] -- Installing: /home/emmm/Desktop/scnu_rm/ROS2/task/opencv_ws/install/opencv_use/share/opencv_use/environment/ament_prefix_path.dsv
[2.885s] -- Installing: /home/emmm/Desktop/scnu_rm/ROS2/task/opencv_ws/install/opencv_use/share/opencv_use/environment/path.sh
[2.885s] -- Installing: /home/emmm/Desktop/scnu_rm/ROS2/task/opencv_ws/install/opencv_use/share/opencv_use/environment/path.dsv
[2.886s] -- Installing: /home/emmm/Desktop/scnu_rm/ROS2/task/opencv_ws/install/opencv_use/share/opencv_use/local_setup.bash
[2.886s] -- Installing: /home/emmm/Desktop/scnu_rm/ROS2/task/opencv_ws/install/opencv_use/share/opencv_use/local_setup.sh
[2.886s] -- Installing: /home/emmm/Desktop/scnu_rm/ROS2/task/opencv_ws/install/opencv_use/share/opencv_use/local_setup.zsh
[2.886s] -- Installing: /home/emmm/Desktop/scnu_rm/ROS2/task/opencv_ws/install/opencv_use/share/opencv_use/local_setup.dsv
[2.886s] -- Installing: /home/emmm/Desktop/scnu_rm/ROS2/task/opencv_ws/install/opencv_use/share/opencv_use/package.dsv
[2.886s] -- Installing: /home/emmm/Desktop/scnu_rm/ROS2/task/opencv_ws/install/opencv_use/share/ament_index/resource_index/packages/opencv_use
[2.887s] -- Installing: /home/emmm/Desktop/scnu_rm/ROS2/task/opencv_ws/install/opencv_use/share/opencv_use/cmake/opencv_useConfig.cmake
[2.887s] -- Installing: /home/emmm/Desktop/scnu_rm/ROS2/task/opencv_ws/install/opencv_use/share/opencv_use/cmake/opencv_useConfig-version.cmake
[2.887s] -- Installing: /home/emmm/Desktop/scnu_rm/ROS2/task/opencv_ws/install/opencv_use/share/opencv_use/package.xml
[2.888s] Invoked command in '/home/emmm/Desktop/scnu_rm/ROS2/task/opencv_ws/build/opencv_use' returned '0': CMAKE_PREFIX_PATH=/opt/ros/humble /usr/bin/cmake --install /home/emmm/Desktop/scnu_rm/ROS2/task/opencv_ws/build/opencv_use
