[0.063s] DEBUG:colcon:Command line arguments: ['/usr/bin/colcon', 'build']
[0.063s] DEBUG:colcon:Parsed command line arguments: Namespace(log_base=None, log_level=None, verb_name='build', build_base='build', install_base='install', merge_install=False, symlink_install=False, test_result_base=None, continue_on_error=False, executor='parallel', parallel_workers=12, event_handlers=None, ignore_user_meta=False, metas=['./colcon.meta'], base_paths=['.'], packages_ignore=None, packages_ignore_regex=None, paths=None, packages_up_to=None, packages_up_to_regex=None, packages_above=None, packages_above_and_dependencies=None, packages_above_depth=None, packages_select_by_dep=None, packages_skip_by_dep=None, packages_skip_up_to=None, packages_select_build_failed=False, packages_skip_build_finished=False, packages_select_test_failures=False, packages_skip_test_passed=False, packages_select=None, packages_skip=None, packages_select_regex=None, packages_skip_regex=None, packages_start=None, packages_end=None, allow_overriding=[], cmake_args=None, cmake_target=None, cmake_target_skip_unavailable=False, cmake_clean_cache=False, cmake_clean_first=False, cmake_force_configure=False, ament_cmake_args=None, catkin_cmake_args=None, catkin_skip_building_tests=False, verb_parser=<colcon_defaults.argument_parser.defaults.DefaultArgumentsDecorator object at 0x7ecc9a2b3520>, verb_extension=<colcon_core.verb.build.BuildVerb object at 0x7ecc9a2b3010>, main=<bound method BuildVerb.main of <colcon_core.verb.build.BuildVerb object at 0x7ecc9a2b3010>>)
[0.155s] Level 1:colcon.colcon_core.package_discovery:discover_packages(colcon_meta) check parameters
[0.155s] Level 1:colcon.colcon_core.package_discovery:discover_packages(recursive) check parameters
[0.155s] Level 1:colcon.colcon_core.package_discovery:discover_packages(ignore) check parameters
[0.155s] Level 1:colcon.colcon_core.package_discovery:discover_packages(path) check parameters
[0.155s] Level 1:colcon.colcon_core.package_discovery:discover_packages(colcon_meta) discover
[0.155s] Level 1:colcon.colcon_core.package_discovery:discover_packages(recursive) discover
[0.155s] INFO:colcon.colcon_core.package_discovery:Crawling recursively for packages in '/home/emmm/Desktop/scnu_rm/ROS2/task/LiDAR_WS'
[0.156s] Level 1:colcon.colcon_core.package_identification:_identify(.) by extensions ['ignore', 'ignore_ament_install']
[0.156s] Level 1:colcon.colcon_core.package_identification:_identify(.) by extension 'ignore'
[0.156s] Level 1:colcon.colcon_core.package_identification:_identify(.) by extension 'ignore_ament_install'
[0.156s] Level 1:colcon.colcon_core.package_identification:_identify(.) by extensions ['colcon_pkg']
[0.156s] Level 1:colcon.colcon_core.package_identification:_identify(.) by extension 'colcon_pkg'
[0.156s] Level 1:colcon.colcon_core.package_identification:_identify(.) by extensions ['colcon_meta']
[0.156s] Level 1:colcon.colcon_core.package_identification:_identify(.) by extension 'colcon_meta'
[0.156s] Level 1:colcon.colcon_core.package_identification:_identify(.) by extensions ['ros']
[0.156s] Level 1:colcon.colcon_core.package_identification:_identify(.) by extension 'ros'
[0.163s] Level 1:colcon.colcon_core.package_identification:_identify(.) by extensions ['cmake', 'python']
[0.163s] Level 1:colcon.colcon_core.package_identification:_identify(.) by extension 'cmake'
[0.163s] Level 1:colcon.colcon_core.package_identification:_identify(.) by extension 'python'
[0.163s] Level 1:colcon.colcon_core.package_identification:_identify(.) by extensions ['python_setup_py']
[0.163s] Level 1:colcon.colcon_core.package_identification:_identify(.) by extension 'python_setup_py'
[0.163s] Level 1:colcon.colcon_core.package_identification:_identify(build) by extensions ['ignore', 'ignore_ament_install']
[0.163s] Level 1:colcon.colcon_core.package_identification:_identify(build) by extension 'ignore'
[0.163s] Level 1:colcon.colcon_core.package_identification:_identify(build) ignored
[0.163s] Level 1:colcon.colcon_core.package_identification:_identify(install) by extensions ['ignore', 'ignore_ament_install']
[0.163s] Level 1:colcon.colcon_core.package_identification:_identify(install) by extension 'ignore'
[0.163s] Level 1:colcon.colcon_core.package_identification:_identify(install) ignored
[0.163s] Level 1:colcon.colcon_core.package_identification:_identify(log) by extensions ['ignore', 'ignore_ament_install']
[0.163s] Level 1:colcon.colcon_core.package_identification:_identify(log) by extension 'ignore'
[0.163s] Level 1:colcon.colcon_core.package_identification:_identify(log) ignored
[0.163s] Level 1:colcon.colcon_core.package_identification:_identify(src) by extensions ['ignore', 'ignore_ament_install']
[0.164s] Level 1:colcon.colcon_core.package_identification:_identify(src) by extension 'ignore'
[0.164s] Level 1:colcon.colcon_core.package_identification:_identify(src) by extension 'ignore_ament_install'
[0.164s] Level 1:colcon.colcon_core.package_identification:_identify(src) by extensions ['colcon_pkg']
[0.164s] Level 1:colcon.colcon_core.package_identification:_identify(src) by extension 'colcon_pkg'
[0.164s] Level 1:colcon.colcon_core.package_identification:_identify(src) by extensions ['colcon_meta']
[0.164s] Level 1:colcon.colcon_core.package_identification:_identify(src) by extension 'colcon_meta'
[0.164s] Level 1:colcon.colcon_core.package_identification:_identify(src) by extensions ['ros']
[0.164s] Level 1:colcon.colcon_core.package_identification:_identify(src) by extension 'ros'
[0.164s] Level 1:colcon.colcon_core.package_identification:_identify(src) by extensions ['cmake', 'python']
[0.164s] Level 1:colcon.colcon_core.package_identification:_identify(src) by extension 'cmake'
[0.164s] Level 1:colcon.colcon_core.package_identification:_identify(src) by extension 'python'
[0.164s] Level 1:colcon.colcon_core.package_identification:_identify(src) by extensions ['python_setup_py']
[0.164s] Level 1:colcon.colcon_core.package_identification:_identify(src) by extension 'python_setup_py'
[0.164s] Level 1:colcon.colcon_core.package_identification:_identify(src/livox_ros_driver2_humble) by extensions ['ignore', 'ignore_ament_install']
[0.164s] Level 1:colcon.colcon_core.package_identification:_identify(src/livox_ros_driver2_humble) by extension 'ignore'
[0.164s] Level 1:colcon.colcon_core.package_identification:_identify(src/livox_ros_driver2_humble) by extension 'ignore_ament_install'
[0.164s] Level 1:colcon.colcon_core.package_identification:_identify(src/livox_ros_driver2_humble) by extensions ['colcon_pkg']
[0.164s] Level 1:colcon.colcon_core.package_identification:_identify(src/livox_ros_driver2_humble) by extension 'colcon_pkg'
[0.164s] Level 1:colcon.colcon_core.package_identification:_identify(src/livox_ros_driver2_humble) by extensions ['colcon_meta']
[0.164s] Level 1:colcon.colcon_core.package_identification:_identify(src/livox_ros_driver2_humble) by extension 'colcon_meta'
[0.164s] Level 1:colcon.colcon_core.package_identification:_identify(src/livox_ros_driver2_humble) by extensions ['ros']
[0.164s] Level 1:colcon.colcon_core.package_identification:_identify(src/livox_ros_driver2_humble) by extension 'ros'
[0.164s] Level 1:colcon.colcon_core.package_identification:_identify(src/livox_ros_driver2_humble) by extensions ['cmake', 'python']
[0.164s] Level 1:colcon.colcon_core.package_identification:_identify(src/livox_ros_driver2_humble) by extension 'cmake'
[0.164s] Level 1:colcon.colcon_core.package_identification:_identify(src/livox_ros_driver2_humble) by extension 'python'
[0.164s] Level 1:colcon.colcon_core.package_identification:_identify(src/livox_ros_driver2_humble) by extensions ['python_setup_py']
[0.164s] Level 1:colcon.colcon_core.package_identification:_identify(src/livox_ros_driver2_humble) by extension 'python_setup_py'
[0.164s] Level 1:colcon.colcon_core.package_identification:_identify(src/livox_ros_driver2_humble/src) by extensions ['ignore', 'ignore_ament_install']
[0.164s] Level 1:colcon.colcon_core.package_identification:_identify(src/livox_ros_driver2_humble/src) by extension 'ignore'
[0.164s] Level 1:colcon.colcon_core.package_identification:_identify(src/livox_ros_driver2_humble/src) by extension 'ignore_ament_install'
[0.164s] Level 1:colcon.colcon_core.package_identification:_identify(src/livox_ros_driver2_humble/src) by extensions ['colcon_pkg']
[0.164s] Level 1:colcon.colcon_core.package_identification:_identify(src/livox_ros_driver2_humble/src) by extension 'colcon_pkg'
[0.164s] Level 1:colcon.colcon_core.package_identification:_identify(src/livox_ros_driver2_humble/src) by extensions ['colcon_meta']
[0.164s] Level 1:colcon.colcon_core.package_identification:_identify(src/livox_ros_driver2_humble/src) by extension 'colcon_meta'
[0.164s] Level 1:colcon.colcon_core.package_identification:_identify(src/livox_ros_driver2_humble/src) by extensions ['ros']
[0.164s] Level 1:colcon.colcon_core.package_identification:_identify(src/livox_ros_driver2_humble/src) by extension 'ros'
[0.166s] DEBUG:colcon.colcon_core.package_identification:Package 'src/livox_ros_driver2_humble/src' with type 'ros.ament_cmake' and name 'livox_ros_driver2'
[0.166s] Level 1:colcon.colcon_core.package_discovery:discover_packages(recursive) using defaults
[0.167s] Level 1:colcon.colcon_core.package_discovery:discover_packages(ignore) discover
[0.167s] Level 1:colcon.colcon_core.package_discovery:discover_packages(ignore) using defaults
[0.167s] Level 1:colcon.colcon_core.package_discovery:discover_packages(path) discover
[0.167s] Level 1:colcon.colcon_core.package_discovery:discover_packages(path) using defaults
[0.179s] Level 1:colcon.colcon_core.package_discovery:discover_packages(prefix_path) check parameters
[0.180s] Level 1:colcon.colcon_core.package_discovery:discover_packages(prefix_path) discover
[0.181s] DEBUG:colcon.colcon_installed_package_information.package_discovery:Found 273 installed packages in /opt/ros/humble
[0.188s] Level 1:colcon.colcon_core.package_discovery:discover_packages(prefix_path) using defaults
[0.209s] Level 5:colcon.colcon_core.verb:set package 'livox_ros_driver2' build argument 'cmake_args' from command line to 'None'
[0.209s] Level 5:colcon.colcon_core.verb:set package 'livox_ros_driver2' build argument 'cmake_target' from command line to 'None'
[0.209s] Level 5:colcon.colcon_core.verb:set package 'livox_ros_driver2' build argument 'cmake_target_skip_unavailable' from command line to 'False'
[0.209s] Level 5:colcon.colcon_core.verb:set package 'livox_ros_driver2' build argument 'cmake_clean_cache' from command line to 'False'
[0.209s] Level 5:colcon.colcon_core.verb:set package 'livox_ros_driver2' build argument 'cmake_clean_first' from command line to 'False'
[0.209s] Level 5:colcon.colcon_core.verb:set package 'livox_ros_driver2' build argument 'cmake_force_configure' from command line to 'False'
[0.209s] Level 5:colcon.colcon_core.verb:set package 'livox_ros_driver2' build argument 'ament_cmake_args' from command line to 'None'
[0.209s] Level 5:colcon.colcon_core.verb:set package 'livox_ros_driver2' build argument 'catkin_cmake_args' from command line to 'None'
[0.209s] Level 5:colcon.colcon_core.verb:set package 'livox_ros_driver2' build argument 'catkin_skip_building_tests' from command line to 'False'
[0.209s] DEBUG:colcon.colcon_core.verb:Building package 'livox_ros_driver2' with the following arguments: {'ament_cmake_args': None, 'build_base': '/home/emmm/Desktop/scnu_rm/ROS2/task/LiDAR_WS/build/livox_ros_driver2', 'catkin_cmake_args': None, 'catkin_skip_building_tests': False, 'cmake_args': None, 'cmake_clean_cache': False, 'cmake_clean_first': False, 'cmake_force_configure': False, 'cmake_target': None, 'cmake_target_skip_unavailable': False, 'install_base': '/home/emmm/Desktop/scnu_rm/ROS2/task/LiDAR_WS/install/livox_ros_driver2', 'merge_install': False, 'path': '/home/emmm/Desktop/scnu_rm/ROS2/task/LiDAR_WS/src/livox_ros_driver2_humble/src', 'symlink_install': False, 'test_result_base': None}
[0.209s] INFO:colcon.colcon_core.executor:Executing jobs using 'parallel' executor
[0.210s] DEBUG:colcon.colcon_parallel_executor.executor.parallel:run_until_complete
[0.210s] INFO:colcon.colcon_ros.task.ament_cmake.build:Building ROS package in '/home/emmm/Desktop/scnu_rm/ROS2/task/LiDAR_WS/src/livox_ros_driver2_humble/src' with build type 'ament_cmake'
[0.210s] INFO:colcon.colcon_cmake.task.cmake.build:Building CMake package in '/home/emmm/Desktop/scnu_rm/ROS2/task/LiDAR_WS/src/livox_ros_driver2_humble/src'
[0.211s] INFO:colcon.colcon_core.plugin_system:Skipping extension 'colcon_core.shell.bat': Not used on non-Windows systems
[0.211s] INFO:colcon.colcon_core.shell:Skip shell extension 'powershell' for command environment: Not usable outside of PowerShell
[0.211s] DEBUG:colcon.colcon_core.shell:Skip shell extension 'dsv' for command environment
[0.219s] DEBUG:colcon.colcon_core.event_handler.log_command:Invoking command in '/home/emmm/Desktop/scnu_rm/ROS2/task/LiDAR_WS/build/livox_ros_driver2': CMAKE_PREFIX_PATH=/opt/ros/humble /usr/bin/cmake /home/emmm/Desktop/scnu_rm/ROS2/task/LiDAR_WS/src/livox_ros_driver2_humble/src -DCMAKE_INSTALL_PREFIX=/home/emmm/Desktop/scnu_rm/ROS2/task/LiDAR_WS/install/livox_ros_driver2
[4.135s] DEBUG:colcon.colcon_core.event_handler.log_command:Invoked command in '/home/emmm/Desktop/scnu_rm/ROS2/task/LiDAR_WS/build/livox_ros_driver2' returned '0': CMAKE_PREFIX_PATH=/opt/ros/humble /usr/bin/cmake /home/emmm/Desktop/scnu_rm/ROS2/task/LiDAR_WS/src/livox_ros_driver2_humble/src -DCMAKE_INSTALL_PREFIX=/home/emmm/Desktop/scnu_rm/ROS2/task/LiDAR_WS/install/livox_ros_driver2
[4.137s] DEBUG:colcon.colcon_core.event_handler.log_command:Invoking command in '/home/emmm/Desktop/scnu_rm/ROS2/task/LiDAR_WS/build/livox_ros_driver2': CMAKE_PREFIX_PATH=/opt/ros/humble /usr/bin/cmake --build /home/emmm/Desktop/scnu_rm/ROS2/task/LiDAR_WS/build/livox_ros_driver2 -- -j12 -l12
[12.118s] DEBUG:colcon.colcon_core.event_handler.log_command:Invoked command in '/home/emmm/Desktop/scnu_rm/ROS2/task/LiDAR_WS/build/livox_ros_driver2' returned '0': CMAKE_PREFIX_PATH=/opt/ros/humble /usr/bin/cmake --build /home/emmm/Desktop/scnu_rm/ROS2/task/LiDAR_WS/build/livox_ros_driver2 -- -j12 -l12
[12.131s] DEBUG:colcon.colcon_core.event_handler.log_command:Invoking command in '/home/emmm/Desktop/scnu_rm/ROS2/task/LiDAR_WS/build/livox_ros_driver2': CMAKE_PREFIX_PATH=/opt/ros/humble /usr/bin/cmake --install /home/emmm/Desktop/scnu_rm/ROS2/task/LiDAR_WS/build/livox_ros_driver2
[12.201s] Level 1:colcon.colcon_core.environment:create_environment_scripts_only(livox_ros_driver2)
[12.202s] DEBUG:colcon.colcon_core.event_handler.log_command:Invoked command in '/home/emmm/Desktop/scnu_rm/ROS2/task/LiDAR_WS/build/livox_ros_driver2' returned '0': CMAKE_PREFIX_PATH=/opt/ros/humble /usr/bin/cmake --install /home/emmm/Desktop/scnu_rm/ROS2/task/LiDAR_WS/build/livox_ros_driver2
[12.204s] Level 1:colcon.colcon_core.environment:checking '/home/emmm/Desktop/scnu_rm/ROS2/task/LiDAR_WS/install/livox_ros_driver2' for CMake module files
[12.205s] Level 1:colcon.colcon_core.environment:checking '/home/emmm/Desktop/scnu_rm/ROS2/task/LiDAR_WS/install/livox_ros_driver2' for CMake config files
[12.206s] Level 1:colcon.colcon_core.shell:create_environment_hook('livox_ros_driver2', 'cmake_prefix_path')
[12.206s] INFO:colcon.colcon_core.shell:Creating environment hook '/home/emmm/Desktop/scnu_rm/ROS2/task/LiDAR_WS/install/livox_ros_driver2/share/livox_ros_driver2/hook/cmake_prefix_path.ps1'
[12.206s] INFO:colcon.colcon_core.shell:Creating environment descriptor '/home/emmm/Desktop/scnu_rm/ROS2/task/LiDAR_WS/install/livox_ros_driver2/share/livox_ros_driver2/hook/cmake_prefix_path.dsv'
[12.207s] INFO:colcon.colcon_core.shell:Creating environment hook '/home/emmm/Desktop/scnu_rm/ROS2/task/LiDAR_WS/install/livox_ros_driver2/share/livox_ros_driver2/hook/cmake_prefix_path.sh'
[12.207s] Level 1:colcon.colcon_core.environment:checking '/home/emmm/Desktop/scnu_rm/ROS2/task/LiDAR_WS/install/livox_ros_driver2/lib'
[12.207s] Level 1:colcon.colcon_core.shell:create_environment_hook('livox_ros_driver2', 'ld_library_path_lib')
[12.208s] INFO:colcon.colcon_core.shell:Creating environment hook '/home/emmm/Desktop/scnu_rm/ROS2/task/LiDAR_WS/install/livox_ros_driver2/share/livox_ros_driver2/hook/ld_library_path_lib.ps1'
[12.208s] INFO:colcon.colcon_core.shell:Creating environment descriptor '/home/emmm/Desktop/scnu_rm/ROS2/task/LiDAR_WS/install/livox_ros_driver2/share/livox_ros_driver2/hook/ld_library_path_lib.dsv'
[12.208s] INFO:colcon.colcon_core.shell:Creating environment hook '/home/emmm/Desktop/scnu_rm/ROS2/task/LiDAR_WS/install/livox_ros_driver2/share/livox_ros_driver2/hook/ld_library_path_lib.sh'
[12.208s] Level 1:colcon.colcon_core.environment:checking '/home/emmm/Desktop/scnu_rm/ROS2/task/LiDAR_WS/install/livox_ros_driver2/bin'
[12.208s] Level 1:colcon.colcon_core.environment:checking '/home/emmm/Desktop/scnu_rm/ROS2/task/LiDAR_WS/install/livox_ros_driver2/lib/pkgconfig/livox_ros_driver2.pc'
[12.208s] Level 1:colcon.colcon_core.environment:checking '/home/emmm/Desktop/scnu_rm/ROS2/task/LiDAR_WS/install/livox_ros_driver2/lib/python3.10/site-packages'
[12.209s] Level 1:colcon.colcon_core.environment:checking '/home/emmm/Desktop/scnu_rm/ROS2/task/LiDAR_WS/install/livox_ros_driver2/bin'
[12.209s] INFO:colcon.colcon_core.shell:Creating package script '/home/emmm/Desktop/scnu_rm/ROS2/task/LiDAR_WS/install/livox_ros_driver2/share/livox_ros_driver2/package.ps1'
[12.209s] INFO:colcon.colcon_core.shell:Creating package descriptor '/home/emmm/Desktop/scnu_rm/ROS2/task/LiDAR_WS/install/livox_ros_driver2/share/livox_ros_driver2/package.dsv'
[12.210s] INFO:colcon.colcon_core.shell:Creating package script '/home/emmm/Desktop/scnu_rm/ROS2/task/LiDAR_WS/install/livox_ros_driver2/share/livox_ros_driver2/package.sh'
[12.210s] INFO:colcon.colcon_core.shell:Creating package script '/home/emmm/Desktop/scnu_rm/ROS2/task/LiDAR_WS/install/livox_ros_driver2/share/livox_ros_driver2/package.bash'
[12.210s] INFO:colcon.colcon_core.shell:Creating package script '/home/emmm/Desktop/scnu_rm/ROS2/task/LiDAR_WS/install/livox_ros_driver2/share/livox_ros_driver2/package.zsh'
[12.211s] Level 1:colcon.colcon_core.environment:create_file_with_runtime_dependencies(/home/emmm/Desktop/scnu_rm/ROS2/task/LiDAR_WS/install/livox_ros_driver2/share/colcon-core/packages/livox_ros_driver2)
[12.211s] Level 1:colcon.colcon_core.environment:create_environment_scripts_only(livox_ros_driver2)
[12.211s] Level 1:colcon.colcon_core.environment:checking '/home/emmm/Desktop/scnu_rm/ROS2/task/LiDAR_WS/install/livox_ros_driver2' for CMake module files
[12.212s] Level 1:colcon.colcon_core.environment:checking '/home/emmm/Desktop/scnu_rm/ROS2/task/LiDAR_WS/install/livox_ros_driver2' for CMake config files
[12.212s] Level 1:colcon.colcon_core.shell:create_environment_hook('livox_ros_driver2', 'cmake_prefix_path')
[12.212s] INFO:colcon.colcon_core.shell:Creating environment hook '/home/emmm/Desktop/scnu_rm/ROS2/task/LiDAR_WS/install/livox_ros_driver2/share/livox_ros_driver2/hook/cmake_prefix_path.ps1'
[12.212s] INFO:colcon.colcon_core.shell:Creating environment descriptor '/home/emmm/Desktop/scnu_rm/ROS2/task/LiDAR_WS/install/livox_ros_driver2/share/livox_ros_driver2/hook/cmake_prefix_path.dsv'
[12.212s] INFO:colcon.colcon_core.shell:Creating environment hook '/home/emmm/Desktop/scnu_rm/ROS2/task/LiDAR_WS/install/livox_ros_driver2/share/livox_ros_driver2/hook/cmake_prefix_path.sh'
[12.213s] Level 1:colcon.colcon_core.environment:checking '/home/emmm/Desktop/scnu_rm/ROS2/task/LiDAR_WS/install/livox_ros_driver2/lib'
[12.213s] Level 1:colcon.colcon_core.shell:create_environment_hook('livox_ros_driver2', 'ld_library_path_lib')
[12.213s] INFO:colcon.colcon_core.shell:Creating environment hook '/home/emmm/Desktop/scnu_rm/ROS2/task/LiDAR_WS/install/livox_ros_driver2/share/livox_ros_driver2/hook/ld_library_path_lib.ps1'
[12.213s] INFO:colcon.colcon_core.shell:Creating environment descriptor '/home/emmm/Desktop/scnu_rm/ROS2/task/LiDAR_WS/install/livox_ros_driver2/share/livox_ros_driver2/hook/ld_library_path_lib.dsv'
[12.213s] INFO:colcon.colcon_core.shell:Creating environment hook '/home/emmm/Desktop/scnu_rm/ROS2/task/LiDAR_WS/install/livox_ros_driver2/share/livox_ros_driver2/hook/ld_library_path_lib.sh'
[12.213s] Level 1:colcon.colcon_core.environment:checking '/home/emmm/Desktop/scnu_rm/ROS2/task/LiDAR_WS/install/livox_ros_driver2/bin'
[12.213s] Level 1:colcon.colcon_core.environment:checking '/home/emmm/Desktop/scnu_rm/ROS2/task/LiDAR_WS/install/livox_ros_driver2/lib/pkgconfig/livox_ros_driver2.pc'
[12.214s] Level 1:colcon.colcon_core.environment:checking '/home/emmm/Desktop/scnu_rm/ROS2/task/LiDAR_WS/install/livox_ros_driver2/lib/python3.10/site-packages'
[12.214s] Level 1:colcon.colcon_core.environment:checking '/home/emmm/Desktop/scnu_rm/ROS2/task/LiDAR_WS/install/livox_ros_driver2/bin'
[12.214s] INFO:colcon.colcon_core.shell:Creating package script '/home/emmm/Desktop/scnu_rm/ROS2/task/LiDAR_WS/install/livox_ros_driver2/share/livox_ros_driver2/package.ps1'
[12.214s] INFO:colcon.colcon_core.shell:Creating package descriptor '/home/emmm/Desktop/scnu_rm/ROS2/task/LiDAR_WS/install/livox_ros_driver2/share/livox_ros_driver2/package.dsv'
[12.215s] INFO:colcon.colcon_core.shell:Creating package script '/home/emmm/Desktop/scnu_rm/ROS2/task/LiDAR_WS/install/livox_ros_driver2/share/livox_ros_driver2/package.sh'
[12.215s] INFO:colcon.colcon_core.shell:Creating package script '/home/emmm/Desktop/scnu_rm/ROS2/task/LiDAR_WS/install/livox_ros_driver2/share/livox_ros_driver2/package.bash'
[12.215s] INFO:colcon.colcon_core.shell:Creating package script '/home/emmm/Desktop/scnu_rm/ROS2/task/LiDAR_WS/install/livox_ros_driver2/share/livox_ros_driver2/package.zsh'
[12.215s] Level 1:colcon.colcon_core.environment:create_file_with_runtime_dependencies(/home/emmm/Desktop/scnu_rm/ROS2/task/LiDAR_WS/install/livox_ros_driver2/share/colcon-core/packages/livox_ros_driver2)
[12.215s] DEBUG:colcon.colcon_parallel_executor.executor.parallel:closing loop
[12.215s] DEBUG:colcon.colcon_parallel_executor.executor.parallel:loop closed
[12.215s] DEBUG:colcon.colcon_parallel_executor.executor.parallel:run_until_complete finished with '0'
[12.216s] DEBUG:colcon.colcon_core.event_reactor:joining thread
[12.220s] INFO:colcon.colcon_core.plugin_system:Skipping extension 'colcon_notification.desktop_notification.terminal_notifier': Not used on non-Darwin systems
[12.220s] INFO:colcon.colcon_core.plugin_system:Skipping extension 'colcon_notification.desktop_notification.win32': Not used on non-Windows systems
[12.220s] INFO:colcon.colcon_notification.desktop_notification:Sending desktop notification using 'notify2'
[12.239s] DEBUG:colcon.colcon_core.event_reactor:joined thread
[12.240s] INFO:colcon.colcon_core.shell:Creating prefix script '/home/emmm/Desktop/scnu_rm/ROS2/task/LiDAR_WS/install/local_setup.ps1'
[12.240s] INFO:colcon.colcon_core.shell:Creating prefix util module '/home/emmm/Desktop/scnu_rm/ROS2/task/LiDAR_WS/install/_local_setup_util_ps1.py'
[12.242s] INFO:colcon.colcon_core.shell:Creating prefix chain script '/home/emmm/Desktop/scnu_rm/ROS2/task/LiDAR_WS/install/setup.ps1'
[12.242s] INFO:colcon.colcon_core.shell:Creating prefix script '/home/emmm/Desktop/scnu_rm/ROS2/task/LiDAR_WS/install/local_setup.sh'
[12.243s] INFO:colcon.colcon_core.shell:Creating prefix util module '/home/emmm/Desktop/scnu_rm/ROS2/task/LiDAR_WS/install/_local_setup_util_sh.py'
[12.243s] INFO:colcon.colcon_core.shell:Creating prefix chain script '/home/emmm/Desktop/scnu_rm/ROS2/task/LiDAR_WS/install/setup.sh'
[12.244s] INFO:colcon.colcon_core.shell:Creating prefix script '/home/emmm/Desktop/scnu_rm/ROS2/task/LiDAR_WS/install/local_setup.bash'
[12.244s] INFO:colcon.colcon_core.shell:Creating prefix chain script '/home/emmm/Desktop/scnu_rm/ROS2/task/LiDAR_WS/install/setup.bash'
[12.244s] INFO:colcon.colcon_core.shell:Creating prefix script '/home/emmm/Desktop/scnu_rm/ROS2/task/LiDAR_WS/install/local_setup.zsh'
[12.245s] INFO:colcon.colcon_core.shell:Creating prefix chain script '/home/emmm/Desktop/scnu_rm/ROS2/task/LiDAR_WS/install/setup.zsh'
