Info    2025-11-16 16:02:19  DevID:MV-CS060-10UC-PRO(DA2467911)  Source-Line:libMvCameraControl.so(CInterfaceManager.cpp-L0809)     Description:Current dynamic library path[/home/emmm/Desktop/scnu_rm/ROS2/task/hik_camera_ws/install/hik_camera/lib/libMvCameraControl.so]     Solution:
Info    2025-11-16 16:02:19  DevID:MV-CS060-10UC-PRO(DA2467911)  Source-Line:libMvCameraControl.so(CInterfaceManager.cpp-L0812)     Description:CamCtl_Version: 3.2.1.0     Solution:
Info    2025-11-16 16:02:19  DevID:MV-CS060-10UC-PRO(DA2467911)  Source-Line:libMvCameraControl.so(CInterfaceManager.cpp-L0813)     Description:CamCtl_Description: BaseLine Build 20211203     Solution:
Info    2025-11-16 16:02:19  DevID:MV-CS060-10UC-PRO(DA2467911)  Source-Line:libMvCameraControl.so(CInterfaceManager.cpp-L0815)     Description:[MV_CC_CreateHandle] return[0x0]     Solution:
Info    2025-11-16 16:02:19  DevID:MV-CS060-10UC-PRO(DA2467911)  Source-Line:libMvCameraControl.so(CInterfaceManager.cpp-L6710)     Description:CamCtrl[0x3020100], U3V SDKVersion[0x3020100], DriverVersion[0x0]     Solution:
Info    2025-11-16 16:02:19  DevID:MV-CS060-10UC-PRO(DA2467911)  Source-Line:libMvCameraControl.so(CInterfaceManager.cpp-L4236)     Description:[MV_CC_InvalidateNodes] return[0x0]     Solution:
Info    2025-11-16 16:02:19  DevID:MV-CS060-10UC-PRO(DA2467911)  Source-Line:libMvCameraControl.so(CInterfaceManager.cpp-L1086)     Description:[MV_CC_OpenDevice] nPrivilegeMode[1], nSwitchoverKey[0], return[0x0]     Solution:
Info    2025-11-16 16:02:19  DevID:MV-CS060-10UC-PRO(DA2467911)  Source-Line:libMvCameraControl.so(CInterfaceManager.cpp-L3684)     Description:[MV_CC_GetImageInfo] return[0x0]     Solution:
Error   2025-11-16 16:02:19  DevID:MV-CS060-10UC-PRO(DA2467911)  Source-Line:libMvCameraControl.so(XmlParse.cpp-L2712)     Description:SetNodeValue [Gain], [Value 32.000000 must be smaller than or equal 23.981200. : OutOfRangeException thrown in node 'Gain' while calling 'Gain.SetValue()' (file 'FloatT.h', line 85)]     Solution:
Error   2025-11-16 16:02:19  DevID:MV-CS060-10UC-PRO(DA2467911)  Source-Line:libMvCameraControl.so(CInterfaceManager.cpp-L4058)     Description:[MV_CC_SetFloatValue] Property[Gain], Value[32.000000], return[0x80000102]     Solution:
Info    2025-11-16 16:02:19  DevID:MV-CS060-10UC-PRO(DA2467911)  Source-Line:libMvCameraControl.so(CInterfaceManager.cpp-L1703)     Description:U3V, DeviceModelName[MV-CS060-10UC-PRO], DeviceFirmwareVersion[V2.1.2 2309211113454 23092001], DeviceMaxThroughput[375000]     Solution:
Info    2025-11-16 16:02:19  DevID:MV-CS060-10UC-PRO(DA2467911)  Source-Line:libMvCameraControl.so(CInterfaceManager.cpp-L1708)     Description:U3V, Width[1536], Height[1024], OffsetX[0], OffsetY[0], PixelFormat[0x1080009], AcquisitionMode[2]     Solution:
Info    2025-11-16 16:02:19  DevID:MV-CS060-10UC-PRO(DA2467911)  Source-Line:libMvCameraControl.so(CInterfaceManager.cpp-L1713)     Description:U3V, TriggerMode[0], ResultingFrameRate[59.94], ExposureTime[6000.00], ExposureAuto[0], PayloadSize[1572864]     Solution:
Info    2025-11-16 16:02:19  DevID:MV-CS060-10UC-PRO(DA2467911)  Source-Line:libMvCameraControl.so(CInterfaceManager.cpp-L6315)     Description:CamCtrl RecvThread Start, ThreadId[-1789442496]     Solution:
Info    2025-11-16 16:02:19  DevID:MV-CS060-10UC-PRO(DA2467911)  Source-Line:libMvCameraControl.so(CInterfaceManager.cpp-L6083)     Description:CamCtrl Display Thread Start, ThreadId[-1797835200]     Solution:
Info    2025-11-16 16:02:19  DevID:MV-CS060-10UC-PRO(DA2467911)  Source-Line:libMvCameraControl.so(CInterfaceManager.cpp-L1795)     Description:There is no registration callback     Solution:
Info    2025-11-16 16:02:19  DevID:MV-CS060-10UC-PRO(DA2467911)  Source-Line:libMvCameraControl.so(CInterfaceManager.cpp-L1800)     Description:[MV_CC_StartGrabbing] return[0x0]     Solution:
Error   2025-11-16 16:02:19  DevID:MV-CS060-10UC-PRO(DA2467911)  Source-Line:libMvCameraControl.so(CInterfaceManager.cpp-L7947)     Description:[MV_CC_ConvertPixelType] return[0x80000002]     Solution:
Info    2025-11-16 16:03:34  DevID:MV-CS060-10UC-PRO(DA2467911)  Source-Line:libMvCameraControl.so(CInterfaceManager.cpp-L1888)     Description:[StopGrabbing] return[0x0]     Solution:
Info    2025-11-16 16:03:34  DevID:MV-CS060-10UC-PRO(DA2467911)  Source-Line:libMvCameraControl.so(CInterfaceManager.cpp-L6299)     Description:Display process exit     Solution:
Info    2025-11-16 16:03:34  DevID:MV-CS060-10UC-PRO(DA2467911)  Source-Line:libMvCameraControl.so(CInterfaceManager.cpp-L6545)     Description:RecvThread Process Exit     Solution:
Info    2025-11-16 16:03:35  DevID:MV-CS060-10UC-PRO(DA2467911)  Source-Line:libMvCameraControl.so(CInterfaceManager.cpp-L1166)     Description:[CloseDevice] return[0x0]     Solution:
