[0.065s] DEBUG:colcon:Command line arguments: ['/usr/bin/colcon', 'build', '--symlink-install']
[0.065s] DEBUG:colcon:Parsed command line arguments: Namespace(log_base=None, log_level=None, verb_name='build', build_base='build', install_base='install', merge_install=False, symlink_install=True, test_result_base=None, continue_on_error=False, executor='parallel', parallel_workers=12, event_handlers=None, ignore_user_meta=False, metas=['./colcon.meta'], base_paths=['.'], packages_ignore=None, packages_ignore_regex=None, paths=None, packages_up_to=None, packages_up_to_regex=None, packages_above=None, packages_above_and_dependencies=None, packages_above_depth=None, packages_select_by_dep=None, packages_skip_by_dep=None, packages_skip_up_to=None, packages_select_build_failed=False, packages_skip_build_finished=False, packages_select_test_failures=False, packages_skip_test_passed=False, packages_select=None, packages_skip=None, packages_select_regex=None, packages_skip_regex=None, packages_start=None, packages_end=None, allow_overriding=[], cmake_args=None, cmake_target=None, cmake_target_skip_unavailable=False, cmake_clean_cache=False, cmake_clean_first=False, cmake_force_configure=False, ament_cmake_args=None, catkin_cmake_args=None, catkin_skip_building_tests=False, verb_parser=<colcon_defaults.argument_parser.defaults.DefaultArgumentsDecorator object at 0x7520ed0d3730>, verb_extension=<colcon_core.verb.build.BuildVerb object at 0x7520ed0d3220>, main=<bound method BuildVerb.main of <colcon_core.verb.build.BuildVerb object at 0x7520ed0d3220>>)
[0.155s] Level 1:colcon.colcon_core.package_discovery:discover_packages(colcon_meta) check parameters
[0.155s] Level 1:colcon.colcon_core.package_discovery:discover_packages(recursive) check parameters
[0.156s] Level 1:colcon.colcon_core.package_discovery:discover_packages(ignore) check parameters
[0.156s] Level 1:colcon.colcon_core.package_discovery:discover_packages(path) check parameters
[0.156s] Level 1:colcon.colcon_core.package_discovery:discover_packages(colcon_meta) discover
[0.156s] Level 1:colcon.colcon_core.package_discovery:discover_packages(recursive) discover
[0.156s] INFO:colcon.colcon_core.package_discovery:Crawling recursively for packages in '/home/emmm/Desktop/scnu_rm/ROS2/task/livox_ws'
[0.156s] Level 1:colcon.colcon_core.package_identification:_identify(.) by extensions ['ignore', 'ignore_ament_install']
[0.156s] Level 1:colcon.colcon_core.package_identification:_identify(.) by extension 'ignore'
[0.156s] Level 1:colcon.colcon_core.package_identification:_identify(.) by extension 'ignore_ament_install'
[0.156s] Level 1:colcon.colcon_core.package_identification:_identify(.) by extensions ['colcon_pkg']
[0.156s] Level 1:colcon.colcon_core.package_identification:_identify(.) by extension 'colcon_pkg'
[0.156s] Level 1:colcon.colcon_core.package_identification:_identify(.) by extensions ['colcon_meta']
[0.156s] Level 1:colcon.colcon_core.package_identification:_identify(.) by extension 'colcon_meta'
[0.156s] Level 1:colcon.colcon_core.package_identification:_identify(.) by extensions ['ros']
[0.156s] Level 1:colcon.colcon_core.package_identification:_identify(.) by extension 'ros'
[0.163s] Level 1:colcon.colcon_core.package_identification:_identify(.) by extensions ['cmake', 'python']
[0.163s] Level 1:colcon.colcon_core.package_identification:_identify(.) by extension 'cmake'
[0.163s] Level 1:colcon.colcon_core.package_identification:_identify(.) by extension 'python'
[0.163s] Level 1:colcon.colcon_core.package_identification:_identify(.) by extensions ['python_setup_py']
[0.163s] Level 1:colcon.colcon_core.package_identification:_identify(.) by extension 'python_setup_py'
[0.163s] Level 1:colcon.colcon_core.package_identification:_identify(build) by extensions ['ignore', 'ignore_ament_install']
[0.163s] Level 1:colcon.colcon_core.package_identification:_identify(build) by extension 'ignore'
[0.163s] Level 1:colcon.colcon_core.package_identification:_identify(build) ignored
[0.163s] Level 1:colcon.colcon_core.package_identification:_identify(install) by extensions ['ignore', 'ignore_ament_install']
[0.163s] Level 1:colcon.colcon_core.package_identification:_identify(install) by extension 'ignore'
[0.163s] Level 1:colcon.colcon_core.package_identification:_identify(install) ignored
[0.163s] Level 1:colcon.colcon_core.package_identification:_identify(log) by extensions ['ignore', 'ignore_ament_install']
[0.164s] Level 1:colcon.colcon_core.package_identification:_identify(log) by extension 'ignore'
[0.164s] Level 1:colcon.colcon_core.package_identification:_identify(log) ignored
[0.164s] Level 1:colcon.colcon_core.package_identification:_identify(src) by extensions ['ignore', 'ignore_ament_install']
[0.164s] Level 1:colcon.colcon_core.package_identification:_identify(src) by extension 'ignore'
[0.164s] Level 1:colcon.colcon_core.package_identification:_identify(src) by extension 'ignore_ament_install'
[0.164s] Level 1:colcon.colcon_core.package_identification:_identify(src) by extensions ['colcon_pkg']
[0.164s] Level 1:colcon.colcon_core.package_identification:_identify(src) by extension 'colcon_pkg'
[0.164s] Level 1:colcon.colcon_core.package_identification:_identify(src) by extensions ['colcon_meta']
[0.164s] Level 1:colcon.colcon_core.package_identification:_identify(src) by extension 'colcon_meta'
[0.164s] Level 1:colcon.colcon_core.package_identification:_identify(src) by extensions ['ros']
[0.164s] Level 1:colcon.colcon_core.package_identification:_identify(src) by extension 'ros'
[0.164s] Level 1:colcon.colcon_core.package_identification:_identify(src) by extensions ['cmake', 'python']
[0.164s] Level 1:colcon.colcon_core.package_identification:_identify(src) by extension 'cmake'
[0.164s] Level 1:colcon.colcon_core.package_identification:_identify(src) by extension 'python'
[0.164s] Level 1:colcon.colcon_core.package_identification:_identify(src) by extensions ['python_setup_py']
[0.164s] Level 1:colcon.colcon_core.package_identification:_identify(src) by extension 'python_setup_py'
[0.164s] Level 1:colcon.colcon_core.package_identification:_identify(src/Livox-SDK2) by extensions ['ignore', 'ignore_ament_install']
[0.164s] Level 1:colcon.colcon_core.package_identification:_identify(src/Livox-SDK2) by extension 'ignore'
[0.164s] Level 1:colcon.colcon_core.package_identification:_identify(src/Livox-SDK2) by extension 'ignore_ament_install'
[0.164s] Level 1:colcon.colcon_core.package_identification:_identify(src/Livox-SDK2) by extensions ['colcon_pkg']
[0.164s] Level 1:colcon.colcon_core.package_identification:_identify(src/Livox-SDK2) by extension 'colcon_pkg'
[0.164s] Level 1:colcon.colcon_core.package_identification:_identify(src/Livox-SDK2) by extensions ['colcon_meta']
[0.164s] Level 1:colcon.colcon_core.package_identification:_identify(src/Livox-SDK2) by extension 'colcon_meta'
[0.164s] Level 1:colcon.colcon_core.package_identification:_identify(src/Livox-SDK2) by extensions ['ros']
[0.164s] Level 1:colcon.colcon_core.package_identification:_identify(src/Livox-SDK2) by extension 'ros'
[0.164s] Level 1:colcon.colcon_core.package_identification:_identify(src/Livox-SDK2) by extensions ['cmake', 'python']
[0.164s] Level 1:colcon.colcon_core.package_identification:_identify(src/Livox-SDK2) by extension 'cmake'
[0.170s] Level 1:colcon.colcon_core.package_identification:_identify(src/Livox-SDK2) by extension 'python'
[0.170s] DEBUG:colcon.colcon_core.package_identification:Package 'src/Livox-SDK2' with type 'cmake' and name 'livox_sdk2'
[0.170s] Level 1:colcon.colcon_core.package_identification:_identify(src/livox_ros_driver2) by extensions ['ignore', 'ignore_ament_install']
[0.170s] Level 1:colcon.colcon_core.package_identification:_identify(src/livox_ros_driver2) by extension 'ignore'
[0.170s] Level 1:colcon.colcon_core.package_identification:_identify(src/livox_ros_driver2) by extension 'ignore_ament_install'
[0.170s] Level 1:colcon.colcon_core.package_identification:_identify(src/livox_ros_driver2) by extensions ['colcon_pkg']
[0.170s] Level 1:colcon.colcon_core.package_identification:_identify(src/livox_ros_driver2) by extension 'colcon_pkg'
[0.170s] Level 1:colcon.colcon_core.package_identification:_identify(src/livox_ros_driver2) by extensions ['colcon_meta']
[0.170s] Level 1:colcon.colcon_core.package_identification:_identify(src/livox_ros_driver2) by extension 'colcon_meta'
[0.170s] Level 1:colcon.colcon_core.package_identification:_identify(src/livox_ros_driver2) by extensions ['ros']
[0.170s] Level 1:colcon.colcon_core.package_identification:_identify(src/livox_ros_driver2) by extension 'ros'
[0.172s] DEBUG:colcon.colcon_core.package_identification:Package 'src/livox_ros_driver2' with type 'ros.ament_cmake' and name 'livox_ros_driver2'
[0.172s] Level 1:colcon.colcon_core.package_discovery:discover_packages(recursive) using defaults
[0.173s] Level 1:colcon.colcon_core.package_discovery:discover_packages(ignore) discover
[0.173s] Level 1:colcon.colcon_core.package_discovery:discover_packages(ignore) using defaults
[0.173s] Level 1:colcon.colcon_core.package_discovery:discover_packages(path) discover
[0.173s] Level 1:colcon.colcon_core.package_discovery:discover_packages(path) using defaults
[0.185s] Level 1:colcon.colcon_core.package_discovery:discover_packages(prefix_path) check parameters
[0.185s] Level 1:colcon.colcon_core.package_discovery:discover_packages(prefix_path) discover
[0.186s] DEBUG:colcon.colcon_installed_package_information.package_discovery:Found 2 installed packages in /home/emmm/Desktop/scnu_rm/ROS2/task/livox_ws/install
[0.187s] DEBUG:colcon.colcon_installed_package_information.package_discovery:Found 273 installed packages in /opt/ros/humble
[0.194s] Level 1:colcon.colcon_core.package_discovery:discover_packages(prefix_path) using defaults
[0.214s] Level 5:colcon.colcon_core.verb:set package 'livox_ros_driver2' build argument 'cmake_args' from command line to 'None'
[0.214s] Level 5:colcon.colcon_core.verb:set package 'livox_ros_driver2' build argument 'cmake_target' from command line to 'None'
[0.214s] Level 5:colcon.colcon_core.verb:set package 'livox_ros_driver2' build argument 'cmake_target_skip_unavailable' from command line to 'False'
[0.214s] Level 5:colcon.colcon_core.verb:set package 'livox_ros_driver2' build argument 'cmake_clean_cache' from command line to 'False'
[0.215s] Level 5:colcon.colcon_core.verb:set package 'livox_ros_driver2' build argument 'cmake_clean_first' from command line to 'False'
[0.215s] Level 5:colcon.colcon_core.verb:set package 'livox_ros_driver2' build argument 'cmake_force_configure' from command line to 'False'
[0.215s] Level 5:colcon.colcon_core.verb:set package 'livox_ros_driver2' build argument 'ament_cmake_args' from command line to 'None'
[0.215s] Level 5:colcon.colcon_core.verb:set package 'livox_ros_driver2' build argument 'catkin_cmake_args' from command line to 'None'
[0.215s] Level 5:colcon.colcon_core.verb:set package 'livox_ros_driver2' build argument 'catkin_skip_building_tests' from command line to 'False'
[0.215s] DEBUG:colcon.colcon_core.verb:Building package 'livox_ros_driver2' with the following arguments: {'ament_cmake_args': None, 'build_base': '/home/emmm/Desktop/scnu_rm/ROS2/task/livox_ws/build/livox_ros_driver2', 'catkin_cmake_args': None, 'catkin_skip_building_tests': False, 'cmake_args': None, 'cmake_clean_cache': False, 'cmake_clean_first': False, 'cmake_force_configure': False, 'cmake_target': None, 'cmake_target_skip_unavailable': False, 'install_base': '/home/emmm/Desktop/scnu_rm/ROS2/task/livox_ws/install/livox_ros_driver2', 'merge_install': False, 'path': '/home/emmm/Desktop/scnu_rm/ROS2/task/livox_ws/src/livox_ros_driver2', 'symlink_install': True, 'test_result_base': None}
[0.215s] Level 5:colcon.colcon_core.verb:set package 'livox_sdk2' build argument 'cmake_args' from command line to 'None'
[0.215s] Level 5:colcon.colcon_core.verb:set package 'livox_sdk2' build argument 'cmake_target' from command line to 'None'
[0.215s] Level 5:colcon.colcon_core.verb:set package 'livox_sdk2' build argument 'cmake_target_skip_unavailable' from command line to 'False'
[0.215s] Level 5:colcon.colcon_core.verb:set package 'livox_sdk2' build argument 'cmake_clean_cache' from command line to 'False'
[0.215s] Level 5:colcon.colcon_core.verb:set package 'livox_sdk2' build argument 'cmake_clean_first' from command line to 'False'
[0.215s] Level 5:colcon.colcon_core.verb:set package 'livox_sdk2' build argument 'cmake_force_configure' from command line to 'False'
[0.215s] Level 5:colcon.colcon_core.verb:set package 'livox_sdk2' build argument 'ament_cmake_args' from command line to 'None'
[0.215s] Level 5:colcon.colcon_core.verb:set package 'livox_sdk2' build argument 'catkin_cmake_args' from command line to 'None'
[0.215s] Level 5:colcon.colcon_core.verb:set package 'livox_sdk2' build argument 'catkin_skip_building_tests' from command line to 'False'
[0.215s] DEBUG:colcon.colcon_core.verb:Building package 'livox_sdk2' with the following arguments: {'ament_cmake_args': None, 'build_base': '/home/emmm/Desktop/scnu_rm/ROS2/task/livox_ws/build/livox_sdk2', 'catkin_cmake_args': None, 'catkin_skip_building_tests': False, 'cmake_args': None, 'cmake_clean_cache': False, 'cmake_clean_first': False, 'cmake_force_configure': False, 'cmake_target': None, 'cmake_target_skip_unavailable': False, 'install_base': '/home/emmm/Desktop/scnu_rm/ROS2/task/livox_ws/install/livox_sdk2', 'merge_install': False, 'path': '/home/emmm/Desktop/scnu_rm/ROS2/task/livox_ws/src/Livox-SDK2', 'symlink_install': True, 'test_result_base': None}
[0.215s] INFO:colcon.colcon_core.executor:Executing jobs using 'parallel' executor
[0.216s] DEBUG:colcon.colcon_parallel_executor.executor.parallel:run_until_complete
[0.216s] INFO:colcon.colcon_ros.task.ament_cmake.build:Building ROS package in '/home/emmm/Desktop/scnu_rm/ROS2/task/livox_ws/src/livox_ros_driver2' with build type 'ament_cmake'
[0.216s] INFO:colcon.colcon_cmake.task.cmake.build:Building CMake package in '/home/emmm/Desktop/scnu_rm/ROS2/task/livox_ws/src/livox_ros_driver2'
[0.218s] INFO:colcon.colcon_core.plugin_system:Skipping extension 'colcon_core.shell.bat': Not used on non-Windows systems
[0.218s] INFO:colcon.colcon_core.shell:Skip shell extension 'powershell' for command environment: Not usable outside of PowerShell
[0.219s] DEBUG:colcon.colcon_core.shell:Skip shell extension 'dsv' for command environment
[0.223s] INFO:colcon.colcon_cmake.task.cmake.build:Building CMake package in '/home/emmm/Desktop/scnu_rm/ROS2/task/livox_ws/src/Livox-SDK2'
[0.223s] INFO:colcon.colcon_core.shell:Skip shell extension 'powershell' for command environment: Not usable outside of PowerShell
[0.223s] DEBUG:colcon.colcon_core.shell:Skip shell extension 'dsv' for command environment
[0.231s] DEBUG:colcon.colcon_core.event_handler.log_command:Invoking command in '/home/emmm/Desktop/scnu_rm/ROS2/task/livox_ws/build/livox_ros_driver2': CMAKE_PREFIX_PATH=${CMAKE_PREFIX_PATH}:/opt/ros/humble /usr/bin/cmake /home/emmm/Desktop/scnu_rm/ROS2/task/livox_ws/src/livox_ros_driver2 -DAMENT_CMAKE_SYMLINK_INSTALL=1 -DCMAKE_INSTALL_PREFIX=/home/emmm/Desktop/scnu_rm/ROS2/task/livox_ws/install/livox_ros_driver2
[0.235s] DEBUG:colcon.colcon_core.event_handler.log_command:Invoking command in '/home/emmm/Desktop/scnu_rm/ROS2/task/livox_ws/build/livox_sdk2': /usr/bin/cmake --build /home/emmm/Desktop/scnu_rm/ROS2/task/livox_ws/build/livox_sdk2 -- -j12 -l12
[0.343s] DEBUG:colcon.colcon_core.event_handler.log_command:Invoked command in '/home/emmm/Desktop/scnu_rm/ROS2/task/livox_ws/build/livox_sdk2' returned '0': /usr/bin/cmake --build /home/emmm/Desktop/scnu_rm/ROS2/task/livox_ws/build/livox_sdk2 -- -j12 -l12
[0.352s] DEBUG:colcon.colcon_core.event_handler.log_command:Invoking command in '/home/emmm/Desktop/scnu_rm/ROS2/task/livox_ws/build/livox_sdk2': /usr/bin/cmake --install /home/emmm/Desktop/scnu_rm/ROS2/task/livox_ws/build/livox_sdk2
[0.358s] Level 1:colcon.colcon_core.environment:create_environment_scripts_only(livox_sdk2)
[0.358s] DEBUG:colcon.colcon_core.event_handler.log_command:Invoked command in '/home/emmm/Desktop/scnu_rm/ROS2/task/livox_ws/build/livox_sdk2' returned '0': /usr/bin/cmake --install /home/emmm/Desktop/scnu_rm/ROS2/task/livox_ws/build/livox_sdk2
[0.361s] Level 1:colcon.colcon_core.environment:checking '/home/emmm/Desktop/scnu_rm/ROS2/task/livox_ws/install/livox_sdk2' for CMake module files
[0.361s] Level 1:colcon.colcon_core.environment:checking '/home/emmm/Desktop/scnu_rm/ROS2/task/livox_ws/install/livox_sdk2' for CMake config files
[0.362s] Level 1:colcon.colcon_core.environment:checking '/home/emmm/Desktop/scnu_rm/ROS2/task/livox_ws/install/livox_sdk2/lib'
[0.362s] Level 1:colcon.colcon_core.shell:create_environment_hook('livox_sdk2', 'ld_library_path_lib')
[0.362s] INFO:colcon.colcon_core.shell:Creating environment hook '/home/emmm/Desktop/scnu_rm/ROS2/task/livox_ws/install/livox_sdk2/share/livox_sdk2/hook/ld_library_path_lib.ps1'
[0.363s] INFO:colcon.colcon_core.shell:Creating environment descriptor '/home/emmm/Desktop/scnu_rm/ROS2/task/livox_ws/install/livox_sdk2/share/livox_sdk2/hook/ld_library_path_lib.dsv'
[0.364s] INFO:colcon.colcon_core.shell:Creating environment hook '/home/emmm/Desktop/scnu_rm/ROS2/task/livox_ws/install/livox_sdk2/share/livox_sdk2/hook/ld_library_path_lib.sh'
[0.365s] Level 1:colcon.colcon_core.environment:checking '/home/emmm/Desktop/scnu_rm/ROS2/task/livox_ws/install/livox_sdk2/bin'
[0.365s] Level 1:colcon.colcon_core.environment:checking '/home/emmm/Desktop/scnu_rm/ROS2/task/livox_ws/install/livox_sdk2/lib/pkgconfig/livox_sdk2.pc'
[0.365s] Level 1:colcon.colcon_core.environment:checking '/home/emmm/Desktop/scnu_rm/ROS2/task/livox_ws/install/livox_sdk2/lib/python3.10/site-packages'
[0.365s] Level 1:colcon.colcon_core.environment:checking '/home/emmm/Desktop/scnu_rm/ROS2/task/livox_ws/install/livox_sdk2/bin'
[0.366s] INFO:colcon.colcon_core.shell:Creating package script '/home/emmm/Desktop/scnu_rm/ROS2/task/livox_ws/install/livox_sdk2/share/livox_sdk2/package.ps1'
[0.366s] INFO:colcon.colcon_core.shell:Creating package descriptor '/home/emmm/Desktop/scnu_rm/ROS2/task/livox_ws/install/livox_sdk2/share/livox_sdk2/package.dsv'
[0.367s] INFO:colcon.colcon_core.shell:Creating package script '/home/emmm/Desktop/scnu_rm/ROS2/task/livox_ws/install/livox_sdk2/share/livox_sdk2/package.sh'
[0.367s] INFO:colcon.colcon_core.shell:Creating package script '/home/emmm/Desktop/scnu_rm/ROS2/task/livox_ws/install/livox_sdk2/share/livox_sdk2/package.bash'
[0.368s] INFO:colcon.colcon_core.shell:Creating package script '/home/emmm/Desktop/scnu_rm/ROS2/task/livox_ws/install/livox_sdk2/share/livox_sdk2/package.zsh'
[0.368s] Level 1:colcon.colcon_core.environment:create_file_with_runtime_dependencies(/home/emmm/Desktop/scnu_rm/ROS2/task/livox_ws/install/livox_sdk2/share/colcon-core/packages/livox_sdk2)
[2.248s] DEBUG:colcon.colcon_core.event_handler.log_command:Invoked command in '/home/emmm/Desktop/scnu_rm/ROS2/task/livox_ws/build/livox_ros_driver2' returned '0': CMAKE_PREFIX_PATH=${CMAKE_PREFIX_PATH}:/opt/ros/humble /usr/bin/cmake /home/emmm/Desktop/scnu_rm/ROS2/task/livox_ws/src/livox_ros_driver2 -DAMENT_CMAKE_SYMLINK_INSTALL=1 -DCMAKE_INSTALL_PREFIX=/home/emmm/Desktop/scnu_rm/ROS2/task/livox_ws/install/livox_ros_driver2
[2.249s] DEBUG:colcon.colcon_core.event_handler.log_command:Invoking command in '/home/emmm/Desktop/scnu_rm/ROS2/task/livox_ws/build/livox_ros_driver2': CMAKE_PREFIX_PATH=${CMAKE_PREFIX_PATH}:/opt/ros/humble /usr/bin/cmake --build /home/emmm/Desktop/scnu_rm/ROS2/task/livox_ws/build/livox_ros_driver2 -- -j12 -l12
[2.558s] DEBUG:colcon.colcon_core.event_handler.log_command:Invoked command in '/home/emmm/Desktop/scnu_rm/ROS2/task/livox_ws/build/livox_ros_driver2' returned '0': CMAKE_PREFIX_PATH=${CMAKE_PREFIX_PATH}:/opt/ros/humble /usr/bin/cmake --build /home/emmm/Desktop/scnu_rm/ROS2/task/livox_ws/build/livox_ros_driver2 -- -j12 -l12
[2.560s] DEBUG:colcon.colcon_core.event_handler.log_command:Invoking command in '/home/emmm/Desktop/scnu_rm/ROS2/task/livox_ws/build/livox_ros_driver2': CMAKE_PREFIX_PATH=${CMAKE_PREFIX_PATH}:/opt/ros/humble /usr/bin/cmake --install /home/emmm/Desktop/scnu_rm/ROS2/task/livox_ws/build/livox_ros_driver2
[2.663s] Level 1:colcon.colcon_core.environment:create_environment_scripts_only(livox_ros_driver2)
[2.663s] Level 1:colcon.colcon_core.environment:checking '/home/emmm/Desktop/scnu_rm/ROS2/task/livox_ws/install/livox_ros_driver2' for CMake module files
[2.664s] DEBUG:colcon.colcon_core.event_handler.log_command:Invoked command in '/home/emmm/Desktop/scnu_rm/ROS2/task/livox_ws/build/livox_ros_driver2' returned '0': CMAKE_PREFIX_PATH=${CMAKE_PREFIX_PATH}:/opt/ros/humble /usr/bin/cmake --install /home/emmm/Desktop/scnu_rm/ROS2/task/livox_ws/build/livox_ros_driver2
[2.665s] Level 1:colcon.colcon_core.environment:checking '/home/emmm/Desktop/scnu_rm/ROS2/task/livox_ws/install/livox_ros_driver2' for CMake config files
[2.665s] Level 1:colcon.colcon_core.shell:create_environment_hook('livox_ros_driver2', 'cmake_prefix_path')
[2.665s] INFO:colcon.colcon_core.shell:Creating environment hook '/home/emmm/Desktop/scnu_rm/ROS2/task/livox_ws/install/livox_ros_driver2/share/livox_ros_driver2/hook/cmake_prefix_path.ps1'
[2.666s] INFO:colcon.colcon_core.shell:Creating environment descriptor '/home/emmm/Desktop/scnu_rm/ROS2/task/livox_ws/install/livox_ros_driver2/share/livox_ros_driver2/hook/cmake_prefix_path.dsv'
[2.666s] INFO:colcon.colcon_core.shell:Creating environment hook '/home/emmm/Desktop/scnu_rm/ROS2/task/livox_ws/install/livox_ros_driver2/share/livox_ros_driver2/hook/cmake_prefix_path.sh'
[2.666s] Level 1:colcon.colcon_core.environment:checking '/home/emmm/Desktop/scnu_rm/ROS2/task/livox_ws/install/livox_ros_driver2/lib'
[2.666s] Level 1:colcon.colcon_core.shell:create_environment_hook('livox_ros_driver2', 'ld_library_path_lib')
[2.667s] INFO:colcon.colcon_core.shell:Creating environment hook '/home/emmm/Desktop/scnu_rm/ROS2/task/livox_ws/install/livox_ros_driver2/share/livox_ros_driver2/hook/ld_library_path_lib.ps1'
[2.667s] INFO:colcon.colcon_core.shell:Creating environment descriptor '/home/emmm/Desktop/scnu_rm/ROS2/task/livox_ws/install/livox_ros_driver2/share/livox_ros_driver2/hook/ld_library_path_lib.dsv'
[2.667s] INFO:colcon.colcon_core.shell:Creating environment hook '/home/emmm/Desktop/scnu_rm/ROS2/task/livox_ws/install/livox_ros_driver2/share/livox_ros_driver2/hook/ld_library_path_lib.sh'
[2.667s] Level 1:colcon.colcon_core.environment:checking '/home/emmm/Desktop/scnu_rm/ROS2/task/livox_ws/install/livox_ros_driver2/bin'
[2.667s] Level 1:colcon.colcon_core.environment:checking '/home/emmm/Desktop/scnu_rm/ROS2/task/livox_ws/install/livox_ros_driver2/lib/pkgconfig/livox_ros_driver2.pc'
[2.667s] Level 1:colcon.colcon_core.environment:checking '/home/emmm/Desktop/scnu_rm/ROS2/task/livox_ws/install/livox_ros_driver2/lib/python3.10/site-packages'
[2.668s] Level 1:colcon.colcon_core.environment:checking '/home/emmm/Desktop/scnu_rm/ROS2/task/livox_ws/install/livox_ros_driver2/bin'
[2.668s] INFO:colcon.colcon_core.shell:Creating package script '/home/emmm/Desktop/scnu_rm/ROS2/task/livox_ws/install/livox_ros_driver2/share/livox_ros_driver2/package.ps1'
[2.668s] INFO:colcon.colcon_core.shell:Creating package descriptor '/home/emmm/Desktop/scnu_rm/ROS2/task/livox_ws/install/livox_ros_driver2/share/livox_ros_driver2/package.dsv'
[2.668s] INFO:colcon.colcon_core.shell:Creating package script '/home/emmm/Desktop/scnu_rm/ROS2/task/livox_ws/install/livox_ros_driver2/share/livox_ros_driver2/package.sh'
[2.669s] INFO:colcon.colcon_core.shell:Creating package script '/home/emmm/Desktop/scnu_rm/ROS2/task/livox_ws/install/livox_ros_driver2/share/livox_ros_driver2/package.bash'
[2.669s] INFO:colcon.colcon_core.shell:Creating package script '/home/emmm/Desktop/scnu_rm/ROS2/task/livox_ws/install/livox_ros_driver2/share/livox_ros_driver2/package.zsh'
[2.669s] Level 1:colcon.colcon_core.environment:create_file_with_runtime_dependencies(/home/emmm/Desktop/scnu_rm/ROS2/task/livox_ws/install/livox_ros_driver2/share/colcon-core/packages/livox_ros_driver2)
[2.669s] Level 1:colcon.colcon_core.environment:create_environment_scripts_only(livox_ros_driver2)
[2.669s] Level 1:colcon.colcon_core.environment:checking '/home/emmm/Desktop/scnu_rm/ROS2/task/livox_ws/install/livox_ros_driver2' for CMake module files
[2.670s] Level 1:colcon.colcon_core.environment:checking '/home/emmm/Desktop/scnu_rm/ROS2/task/livox_ws/install/livox_ros_driver2' for CMake config files
[2.670s] Level 1:colcon.colcon_core.shell:create_environment_hook('livox_ros_driver2', 'cmake_prefix_path')
[2.670s] INFO:colcon.colcon_core.shell:Creating environment hook '/home/emmm/Desktop/scnu_rm/ROS2/task/livox_ws/install/livox_ros_driver2/share/livox_ros_driver2/hook/cmake_prefix_path.ps1'
[2.671s] INFO:colcon.colcon_core.shell:Creating environment descriptor '/home/emmm/Desktop/scnu_rm/ROS2/task/livox_ws/install/livox_ros_driver2/share/livox_ros_driver2/hook/cmake_prefix_path.dsv'
[2.671s] INFO:colcon.colcon_core.shell:Creating environment hook '/home/emmm/Desktop/scnu_rm/ROS2/task/livox_ws/install/livox_ros_driver2/share/livox_ros_driver2/hook/cmake_prefix_path.sh'
[2.671s] Level 1:colcon.colcon_core.environment:checking '/home/emmm/Desktop/scnu_rm/ROS2/task/livox_ws/install/livox_ros_driver2/lib'
[2.671s] Level 1:colcon.colcon_core.shell:create_environment_hook('livox_ros_driver2', 'ld_library_path_lib')
[2.671s] INFO:colcon.colcon_core.shell:Creating environment hook '/home/emmm/Desktop/scnu_rm/ROS2/task/livox_ws/install/livox_ros_driver2/share/livox_ros_driver2/hook/ld_library_path_lib.ps1'
[2.672s] INFO:colcon.colcon_core.shell:Creating environment descriptor '/home/emmm/Desktop/scnu_rm/ROS2/task/livox_ws/install/livox_ros_driver2/share/livox_ros_driver2/hook/ld_library_path_lib.dsv'
[2.672s] INFO:colcon.colcon_core.shell:Creating environment hook '/home/emmm/Desktop/scnu_rm/ROS2/task/livox_ws/install/livox_ros_driver2/share/livox_ros_driver2/hook/ld_library_path_lib.sh'
[2.672s] Level 1:colcon.colcon_core.environment:checking '/home/emmm/Desktop/scnu_rm/ROS2/task/livox_ws/install/livox_ros_driver2/bin'
[2.672s] Level 1:colcon.colcon_core.environment:checking '/home/emmm/Desktop/scnu_rm/ROS2/task/livox_ws/install/livox_ros_driver2/lib/pkgconfig/livox_ros_driver2.pc'
[2.672s] Level 1:colcon.colcon_core.environment:checking '/home/emmm/Desktop/scnu_rm/ROS2/task/livox_ws/install/livox_ros_driver2/lib/python3.10/site-packages'
[2.673s] Level 1:colcon.colcon_core.environment:checking '/home/emmm/Desktop/scnu_rm/ROS2/task/livox_ws/install/livox_ros_driver2/bin'
[2.673s] INFO:colcon.colcon_core.shell:Creating package script '/home/emmm/Desktop/scnu_rm/ROS2/task/livox_ws/install/livox_ros_driver2/share/livox_ros_driver2/package.ps1'
[2.673s] INFO:colcon.colcon_core.shell:Creating package descriptor '/home/emmm/Desktop/scnu_rm/ROS2/task/livox_ws/install/livox_ros_driver2/share/livox_ros_driver2/package.dsv'
[2.673s] INFO:colcon.colcon_core.shell:Creating package script '/home/emmm/Desktop/scnu_rm/ROS2/task/livox_ws/install/livox_ros_driver2/share/livox_ros_driver2/package.sh'
[2.674s] INFO:colcon.colcon_core.shell:Creating package script '/home/emmm/Desktop/scnu_rm/ROS2/task/livox_ws/install/livox_ros_driver2/share/livox_ros_driver2/package.bash'
[2.674s] INFO:colcon.colcon_core.shell:Creating package script '/home/emmm/Desktop/scnu_rm/ROS2/task/livox_ws/install/livox_ros_driver2/share/livox_ros_driver2/package.zsh'
[2.674s] Level 1:colcon.colcon_core.environment:create_file_with_runtime_dependencies(/home/emmm/Desktop/scnu_rm/ROS2/task/livox_ws/install/livox_ros_driver2/share/colcon-core/packages/livox_ros_driver2)
[2.674s] DEBUG:colcon.colcon_parallel_executor.executor.parallel:closing loop
[2.674s] DEBUG:colcon.colcon_parallel_executor.executor.parallel:loop closed
[2.675s] DEBUG:colcon.colcon_parallel_executor.executor.parallel:run_until_complete finished with '0'
[2.675s] DEBUG:colcon.colcon_core.event_reactor:joining thread
[2.678s] INFO:colcon.colcon_core.plugin_system:Skipping extension 'colcon_notification.desktop_notification.terminal_notifier': Not used on non-Darwin systems
[2.678s] INFO:colcon.colcon_core.plugin_system:Skipping extension 'colcon_notification.desktop_notification.win32': Not used on non-Windows systems
[2.678s] INFO:colcon.colcon_notification.desktop_notification:Sending desktop notification using 'notify2'
[2.687s] DEBUG:colcon.colcon_core.event_reactor:joined thread
[2.687s] INFO:colcon.colcon_core.shell:Creating prefix script '/home/emmm/Desktop/scnu_rm/ROS2/task/livox_ws/install/local_setup.ps1'
[2.689s] INFO:colcon.colcon_core.shell:Creating prefix util module '/home/emmm/Desktop/scnu_rm/ROS2/task/livox_ws/install/_local_setup_util_ps1.py'
[2.690s] INFO:colcon.colcon_core.shell:Creating prefix chain script '/home/emmm/Desktop/scnu_rm/ROS2/task/livox_ws/install/setup.ps1'
[2.691s] INFO:colcon.colcon_core.shell:Creating prefix script '/home/emmm/Desktop/scnu_rm/ROS2/task/livox_ws/install/local_setup.sh'
[2.691s] INFO:colcon.colcon_core.shell:Creating prefix util module '/home/emmm/Desktop/scnu_rm/ROS2/task/livox_ws/install/_local_setup_util_sh.py'
[2.691s] INFO:colcon.colcon_core.shell:Creating prefix chain script '/home/emmm/Desktop/scnu_rm/ROS2/task/livox_ws/install/setup.sh'
[2.692s] INFO:colcon.colcon_core.shell:Creating prefix script '/home/emmm/Desktop/scnu_rm/ROS2/task/livox_ws/install/local_setup.bash'
[2.692s] INFO:colcon.colcon_core.shell:Creating prefix chain script '/home/emmm/Desktop/scnu_rm/ROS2/task/livox_ws/install/setup.bash'
[2.693s] INFO:colcon.colcon_core.shell:Creating prefix script '/home/emmm/Desktop/scnu_rm/ROS2/task/livox_ws/install/local_setup.zsh'
[2.693s] INFO:colcon.colcon_core.shell:Creating prefix chain script '/home/emmm/Desktop/scnu_rm/ROS2/task/livox_ws/install/setup.zsh'
