[0.009s] Invoking command in '/home/emmm/Desktop/scnu_rm/ROS2/learn/chapter4/service_ws/build/service_interfaces': CMAKE_PREFIX_PATH=/opt/ros/humble /usr/bin/cmake /home/emmm/Desktop/scnu_rm/ROS2/learn/chapter4/service_ws/src/service_interfaces -DCMAKE_INSTALL_PREFIX=/home/emmm/Desktop/scnu_rm/ROS2/learn/chapter4/service_ws/install/service_interfaces
[0.082s] -- The C compiler identification is GNU 13.1.0
[0.139s] -- The CXX compiler identification is GNU 13.1.0
[0.145s] -- Detecting C compiler ABI info
[0.223s] -- Detecting C compiler ABI info - done
[0.229s] -- Check for working C compiler: /usr/bin/cc - skipped
[0.229s] -- Detecting C compile features
[0.229s] -- Detecting C compile features - done
[0.232s] -- Detecting CXX compiler ABI info
[0.321s] -- Detecting CXX compiler ABI info - done
[0.328s] -- Check for working CXX compiler: /usr/bin/c++ - skipped
[0.328s] -- Detecting CXX compile features
[0.328s] -- Detecting CXX compile features - done
[0.329s] -- Found ament_cmake: 1.3.12 (/opt/ros/humble/share/ament_cmake/cmake)
[0.457s] -- Found Python3: /usr/bin/python3 (found version "3.10.12") found components: Interpreter 
[0.530s] -- Found rosidl_default_generators: 1.2.0 (/opt/ros/humble/share/rosidl_default_generators/cmake)
[0.535s] -- Using all available rosidl_typesupport_c: rosidl_typesupport_fastrtps_c;rosidl_typesupport_introspection_c
[0.541s] -- Found rosidl_adapter: 3.1.7 (/opt/ros/humble/share/rosidl_adapter/cmake)
[0.565s] -- Using all available rosidl_typesupport_cpp: rosidl_typesupport_fastrtps_cpp;rosidl_typesupport_introspection_cpp
[0.785s] -- Found ament_cmake_ros: 0.10.0 (/opt/ros/humble/share/ament_cmake_ros/cmake)
[0.973s] -- Using all available rosidl_typesupport_c: rosidl_typesupport_fastrtps_c;rosidl_typesupport_introspection_c
[1.175s] -- Using all available rosidl_typesupport_cpp: rosidl_typesupport_fastrtps_cpp;rosidl_typesupport_introspection_cpp
[1.194s] -- Found PythonInterp: /usr/bin/python3 (found suitable version "3.10.12", minimum required is "3.6") 
[1.196s] -- Found python_cmake_module: 0.10.0 (/opt/ros/humble/share/python_cmake_module/cmake)
[1.219s] -- Found PythonLibs: /usr/lib/x86_64-linux-gnu/libpython3.10.so (found suitable version "3.10.12", minimum required is "3.5") 
[1.219s] -- Using PYTHON_EXECUTABLE: /usr/bin/python3
[1.219s] -- Using PYTHON_INCLUDE_DIRS: /usr/include/python3.10
[1.219s] -- Using PYTHON_LIBRARIES: /usr/lib/x86_64-linux-gnu/libpython3.10.so
[1.246s] -- Found PythonExtra: .so  
[1.283s] -- Found ament_lint_auto: 0.12.14 (/opt/ros/humble/share/ament_lint_auto/cmake)
[1.301s] -- Added test 'lint_cmake' to check CMake code style
[1.302s] -- Added test 'xmllint' to check XML markup files
[1.303s] -- Configuring done
[1.318s] -- Generating done
[1.325s] -- Build files have been written to: /home/emmm/Desktop/scnu_rm/ROS2/learn/chapter4/service_ws/build/service_interfaces
[1.329s] Invoked command in '/home/emmm/Desktop/scnu_rm/ROS2/learn/chapter4/service_ws/build/service_interfaces' returned '0': CMAKE_PREFIX_PATH=/opt/ros/humble /usr/bin/cmake /home/emmm/Desktop/scnu_rm/ROS2/learn/chapter4/service_ws/src/service_interfaces -DCMAKE_INSTALL_PREFIX=/home/emmm/Desktop/scnu_rm/ROS2/learn/chapter4/service_ws/install/service_interfaces
[1.331s] Invoking command in '/home/emmm/Desktop/scnu_rm/ROS2/learn/chapter4/service_ws/build/service_interfaces': CMAKE_PREFIX_PATH=/opt/ros/humble /usr/bin/cmake --build /home/emmm/Desktop/scnu_rm/ROS2/learn/chapter4/service_ws/build/service_interfaces -- -j12 -l12
[1.384s] [  3%] [34m[1mGenerating C code for ROS interfaces[0m
[1.395s] [  6%] [34m[1mGenerating C++ code for ROS interfaces[0m
[1.398s] [  6%] Built target ament_cmake_python_copy_service_interfaces
[1.545s] running egg_info
[1.546s] creating service_interfaces.egg-info
[1.546s] writing service_interfaces.egg-info/PKG-INFO
[1.546s] writing dependency_links to service_interfaces.egg-info/dependency_links.txt
[1.546s] writing top-level names to service_interfaces.egg-info/top_level.txt
[1.546s] writing manifest file 'service_interfaces.egg-info/SOURCES.txt'
[1.548s] reading manifest file 'service_interfaces.egg-info/SOURCES.txt'
[1.548s] writing manifest file 'service_interfaces.egg-info/SOURCES.txt'
[1.566s] [  6%] Built target ament_cmake_python_build_service_interfaces_egg
[1.611s] [  6%] Built target service_interfaces__cpp
[1.621s] [  9%] [34m[1mGenerating C++ type support for eProsima Fast-RTPS[0m
[1.623s] [ 16%] [34m[1mGenerating C++ introspection for ROS interfaces[0m
[1.623s] [ 16%] [34m[1mGenerating C++ type support dispatch for ROS interfaces[0m
[1.723s] [ 19%] [32mBuilding C object CMakeFiles/service_interfaces__rosidl_generator_c.dir/rosidl_generator_c/service_interfaces/srv/detail/patrol__functions.c.o[0m
[1.796s] [ 22%] [32m[1mLinking C shared library libservice_interfaces__rosidl_generator_c.so[0m
[1.811s] [ 25%] [32mBuilding CXX object CMakeFiles/service_interfaces__rosidl_typesupport_cpp.dir/rosidl_typesupport_cpp/service_interfaces/srv/patrol__type_support.cpp.o[0m
[1.828s] [ 29%] [32mBuilding CXX object CMakeFiles/service_interfaces__rosidl_typesupport_fastrtps_cpp.dir/rosidl_typesupport_fastrtps_cpp/service_interfaces/srv/detail/dds_fastrtps/patrol__type_support.cpp.o[0m
[1.829s] [ 29%] Built target service_interfaces__rosidl_generator_c
[1.837s] [ 32%] [34m[1mGenerating C type support for eProsima Fast-RTPS[0m
[1.840s] [ 38%] [34m[1mGenerating C type support dispatch for ROS interfaces[0m
[1.840s] [ 38%] [34m[1mGenerating C introspection for ROS interfaces[0m
[1.989s] [ 45%] [32mBuilding CXX object CMakeFiles/service_interfaces__rosidl_typesupport_introspection_cpp.dir/rosidl_typesupport_introspection_cpp/service_interfaces/srv/detail/patrol__type_support.cpp.o[0m
[1.989s] [ 45%] [32m[1mLinking CXX shared library libservice_interfaces__rosidl_typesupport_cpp.so[0m
[2.033s] [ 45%] Built target service_interfaces__rosidl_typesupport_cpp
[2.065s] [ 48%] [32mBuilding CXX object CMakeFiles/service_interfaces__rosidl_typesupport_fastrtps_c.dir/rosidl_typesupport_fastrtps_c/service_interfaces/srv/detail/patrol__type_support_c.cpp.o[0m
[2.163s] [ 51%] [32mBuilding C object CMakeFiles/service_interfaces__rosidl_typesupport_introspection_c.dir/rosidl_typesupport_introspection_c/service_interfaces/srv/detail/patrol__type_support.c.o[0m
[2.193s] [ 54%] [32mBuilding CXX object CMakeFiles/service_interfaces__rosidl_typesupport_c.dir/rosidl_typesupport_c/service_interfaces/srv/patrol__type_support.cpp.o[0m
[2.208s] [ 58%] [32m[1mLinking C shared library libservice_interfaces__rosidl_typesupport_introspection_c.so[0m
[2.221s] [ 61%] [32m[1mLinking CXX shared library libservice_interfaces__rosidl_typesupport_introspection_cpp.so[0m
[2.231s] [ 61%] Built target service_interfaces__rosidl_typesupport_introspection_c
[2.231s] [ 64%] [32m[1mLinking CXX shared library libservice_interfaces__rosidl_typesupport_c.so[0m
[2.268s] [ 64%] Built target service_interfaces__rosidl_typesupport_introspection_cpp
[2.278s] [ 64%] Built target service_interfaces__rosidl_typesupport_c
[2.290s] [ 67%] [32m[1mLinking CXX shared library libservice_interfaces__rosidl_typesupport_fastrtps_c.so[0m
[2.314s] [ 70%] [32m[1mLinking CXX shared library libservice_interfaces__rosidl_typesupport_fastrtps_cpp.so[0m
[2.365s] [ 70%] Built target service_interfaces__rosidl_typesupport_fastrtps_c
[2.379s] [ 70%] Built target service_interfaces__rosidl_typesupport_fastrtps_cpp
[2.406s] [ 70%] Built target service_interfaces
[2.438s] [ 74%] [34m[1mGenerating Python code for ROS interfaces[0m
[2.737s] [ 74%] Built target service_interfaces__py
[2.759s] [ 77%] [32mBuilding C object CMakeFiles/service_interfaces__rosidl_generator_py.dir/rosidl_generator_py/service_interfaces/srv/_patrol_s.c.o[0m
[2.871s] [ 80%] [32m[1mLinking C shared library rosidl_generator_py/service_interfaces/libservice_interfaces__rosidl_generator_py.so[0m
[2.920s] [ 80%] Built target service_interfaces__rosidl_generator_py
[2.949s] [ 83%] [32mBuilding C object CMakeFiles/service_interfaces__rosidl_typesupport_c__pyext.dir/rosidl_generator_py/service_interfaces/_service_interfaces_s.ep.rosidl_typesupport_c.c.o[0m
[2.952s] [ 87%] [32mBuilding C object CMakeFiles/service_interfaces__rosidl_typesupport_introspection_c__pyext.dir/rosidl_generator_py/service_interfaces/_service_interfaces_s.ep.rosidl_typesupport_introspection_c.c.o[0m
[2.953s] [ 90%] [32mBuilding C object CMakeFiles/service_interfaces__rosidl_typesupport_fastrtps_c__pyext.dir/rosidl_generator_py/service_interfaces/_service_interfaces_s.ep.rosidl_typesupport_fastrtps_c.c.o[0m
[3.011s] [ 93%] [32m[1mLinking C shared library rosidl_generator_py/service_interfaces/service_interfaces_s__rosidl_typesupport_c.cpython-310-x86_64-linux-gnu.so[0m
[3.019s] [ 96%] [32m[1mLinking C shared library rosidl_generator_py/service_interfaces/service_interfaces_s__rosidl_typesupport_introspection_c.cpython-310-x86_64-linux-gnu.so[0m
[3.042s] [ 96%] Built target service_interfaces__rosidl_typesupport_c__pyext
[3.056s] [ 96%] Built target service_interfaces__rosidl_typesupport_introspection_c__pyext
[3.067s] [100%] [32m[1mLinking C shared library rosidl_generator_py/service_interfaces/service_interfaces_s__rosidl_typesupport_fastrtps_c.cpython-310-x86_64-linux-gnu.so[0m
[3.113s] [100%] Built target service_interfaces__rosidl_typesupport_fastrtps_c__pyext
[3.128s] Invoked command in '/home/emmm/Desktop/scnu_rm/ROS2/learn/chapter4/service_ws/build/service_interfaces' returned '0': CMAKE_PREFIX_PATH=/opt/ros/humble /usr/bin/cmake --build /home/emmm/Desktop/scnu_rm/ROS2/learn/chapter4/service_ws/build/service_interfaces -- -j12 -l12
[3.148s] Invoking command in '/home/emmm/Desktop/scnu_rm/ROS2/learn/chapter4/service_ws/build/service_interfaces': CMAKE_PREFIX_PATH=/opt/ros/humble /usr/bin/cmake --install /home/emmm/Desktop/scnu_rm/ROS2/learn/chapter4/service_ws/build/service_interfaces
[3.160s] -- Install configuration: ""
[3.160s] -- Installing: /home/emmm/Desktop/scnu_rm/ROS2/learn/chapter4/service_ws/install/service_interfaces/share/ament_index/resource_index/rosidl_interfaces/service_interfaces
[3.161s] -- Installing: /home/emmm/Desktop/scnu_rm/ROS2/learn/chapter4/service_ws/install/service_interfaces/include/service_interfaces/service_interfaces
[3.161s] -- Installing: /home/emmm/Desktop/scnu_rm/ROS2/learn/chapter4/service_ws/install/service_interfaces/include/service_interfaces/service_interfaces/srv
[3.161s] -- Installing: /home/emmm/Desktop/scnu_rm/ROS2/learn/chapter4/service_ws/install/service_interfaces/include/service_interfaces/service_interfaces/srv/detail
[3.161s] -- Installing: /home/emmm/Desktop/scnu_rm/ROS2/learn/chapter4/service_ws/install/service_interfaces/include/service_interfaces/service_interfaces/srv/detail/patrol__functions.c
[3.161s] -- Installing: /home/emmm/Desktop/scnu_rm/ROS2/learn/chapter4/service_ws/install/service_interfaces/include/service_interfaces/service_interfaces/srv/detail/patrol__struct.h
[3.161s] -- Installing: /home/emmm/Desktop/scnu_rm/ROS2/learn/chapter4/service_ws/install/service_interfaces/include/service_interfaces/service_interfaces/srv/detail/patrol__type_support.h
[3.161s] -- Installing: /home/emmm/Desktop/scnu_rm/ROS2/learn/chapter4/service_ws/install/service_interfaces/include/service_interfaces/service_interfaces/srv/detail/patrol__functions.h
[3.161s] -- Installing: /home/emmm/Desktop/scnu_rm/ROS2/learn/chapter4/service_ws/install/service_interfaces/include/service_interfaces/service_interfaces/srv/patrol.h
[3.161s] -- Installing: /home/emmm/Desktop/scnu_rm/ROS2/learn/chapter4/service_ws/install/service_interfaces/include/service_interfaces/service_interfaces/msg
[3.161s] -- Installing: /home/emmm/Desktop/scnu_rm/ROS2/learn/chapter4/service_ws/install/service_interfaces/include/service_interfaces/service_interfaces/msg/rosidl_generator_c__visibility_control.h
[3.161s] -- Installing: /home/emmm/Desktop/scnu_rm/ROS2/learn/chapter4/service_ws/install/service_interfaces/share/service_interfaces/environment/library_path.sh
[3.161s] -- Installing: /home/emmm/Desktop/scnu_rm/ROS2/learn/chapter4/service_ws/install/service_interfaces/share/service_interfaces/environment/library_path.dsv
[3.161s] -- Installing: /home/emmm/Desktop/scnu_rm/ROS2/learn/chapter4/service_ws/install/service_interfaces/lib/libservice_interfaces__rosidl_generator_c.so
[3.162s] -- Set runtime path of "/home/emmm/Desktop/scnu_rm/ROS2/learn/chapter4/service_ws/install/service_interfaces/lib/libservice_interfaces__rosidl_generator_c.so" to ""
[3.162s] -- Up-to-date: /home/emmm/Desktop/scnu_rm/ROS2/learn/chapter4/service_ws/install/service_interfaces/include/service_interfaces/service_interfaces
[3.162s] -- Up-to-date: /home/emmm/Desktop/scnu_rm/ROS2/learn/chapter4/service_ws/install/service_interfaces/include/service_interfaces/service_interfaces/srv
[3.162s] -- Up-to-date: /home/emmm/Desktop/scnu_rm/ROS2/learn/chapter4/service_ws/install/service_interfaces/include/service_interfaces/service_interfaces/srv/detail
[3.162s] -- Installing: /home/emmm/Desktop/scnu_rm/ROS2/learn/chapter4/service_ws/install/service_interfaces/include/service_interfaces/service_interfaces/srv/detail/patrol__rosidl_typesupport_fastrtps_c.h
[3.162s] -- Up-to-date: /home/emmm/Desktop/scnu_rm/ROS2/learn/chapter4/service_ws/install/service_interfaces/include/service_interfaces/service_interfaces/msg
[3.162s] -- Installing: /home/emmm/Desktop/scnu_rm/ROS2/learn/chapter4/service_ws/install/service_interfaces/include/service_interfaces/service_interfaces/msg/rosidl_typesupport_fastrtps_c__visibility_control.h
[3.162s] -- Installing: /home/emmm/Desktop/scnu_rm/ROS2/learn/chapter4/service_ws/install/service_interfaces/lib/libservice_interfaces__rosidl_typesupport_fastrtps_c.so
[3.162s] -- Set runtime path of "/home/emmm/Desktop/scnu_rm/ROS2/learn/chapter4/service_ws/install/service_interfaces/lib/libservice_interfaces__rosidl_typesupport_fastrtps_c.so" to ""
[3.162s] -- Up-to-date: /home/emmm/Desktop/scnu_rm/ROS2/learn/chapter4/service_ws/install/service_interfaces/include/service_interfaces/service_interfaces
[3.163s] -- Up-to-date: /home/emmm/Desktop/scnu_rm/ROS2/learn/chapter4/service_ws/install/service_interfaces/include/service_interfaces/service_interfaces/srv
[3.163s] -- Up-to-date: /home/emmm/Desktop/scnu_rm/ROS2/learn/chapter4/service_ws/install/service_interfaces/include/service_interfaces/service_interfaces/srv/detail
[3.163s] -- Installing: /home/emmm/Desktop/scnu_rm/ROS2/learn/chapter4/service_ws/install/service_interfaces/include/service_interfaces/service_interfaces/srv/detail/patrol__type_support.c
[3.163s] -- Installing: /home/emmm/Desktop/scnu_rm/ROS2/learn/chapter4/service_ws/install/service_interfaces/include/service_interfaces/service_interfaces/srv/detail/patrol__rosidl_typesupport_introspection_c.h
[3.163s] -- Up-to-date: /home/emmm/Desktop/scnu_rm/ROS2/learn/chapter4/service_ws/install/service_interfaces/include/service_interfaces/service_interfaces/msg
[3.163s] -- Installing: /home/emmm/Desktop/scnu_rm/ROS2/learn/chapter4/service_ws/install/service_interfaces/include/service_interfaces/service_interfaces/msg/rosidl_typesupport_introspection_c__visibility_control.h
[3.163s] -- Installing: /home/emmm/Desktop/scnu_rm/ROS2/learn/chapter4/service_ws/install/service_interfaces/lib/libservice_interfaces__rosidl_typesupport_introspection_c.so
[3.163s] -- Set runtime path of "/home/emmm/Desktop/scnu_rm/ROS2/learn/chapter4/service_ws/install/service_interfaces/lib/libservice_interfaces__rosidl_typesupport_introspection_c.so" to ""
[3.163s] -- Installing: /home/emmm/Desktop/scnu_rm/ROS2/learn/chapter4/service_ws/install/service_interfaces/lib/libservice_interfaces__rosidl_typesupport_c.so
[3.163s] -- Set runtime path of "/home/emmm/Desktop/scnu_rm/ROS2/learn/chapter4/service_ws/install/service_interfaces/lib/libservice_interfaces__rosidl_typesupport_c.so" to ""
[3.163s] -- Up-to-date: /home/emmm/Desktop/scnu_rm/ROS2/learn/chapter4/service_ws/install/service_interfaces/include/service_interfaces/service_interfaces
[3.163s] -- Up-to-date: /home/emmm/Desktop/scnu_rm/ROS2/learn/chapter4/service_ws/install/service_interfaces/include/service_interfaces/service_interfaces/srv
[3.163s] -- Installing: /home/emmm/Desktop/scnu_rm/ROS2/learn/chapter4/service_ws/install/service_interfaces/include/service_interfaces/service_interfaces/srv/patrol.hpp
[3.163s] -- Up-to-date: /home/emmm/Desktop/scnu_rm/ROS2/learn/chapter4/service_ws/install/service_interfaces/include/service_interfaces/service_interfaces/srv/detail
[3.164s] -- Installing: /home/emmm/Desktop/scnu_rm/ROS2/learn/chapter4/service_ws/install/service_interfaces/include/service_interfaces/service_interfaces/srv/detail/patrol__struct.hpp
[3.164s] -- Installing: /home/emmm/Desktop/scnu_rm/ROS2/learn/chapter4/service_ws/install/service_interfaces/include/service_interfaces/service_interfaces/srv/detail/patrol__traits.hpp
[3.164s] -- Installing: /home/emmm/Desktop/scnu_rm/ROS2/learn/chapter4/service_ws/install/service_interfaces/include/service_interfaces/service_interfaces/srv/detail/patrol__type_support.hpp
[3.164s] -- Installing: /home/emmm/Desktop/scnu_rm/ROS2/learn/chapter4/service_ws/install/service_interfaces/include/service_interfaces/service_interfaces/srv/detail/patrol__builder.hpp
[3.164s] -- Up-to-date: /home/emmm/Desktop/scnu_rm/ROS2/learn/chapter4/service_ws/install/service_interfaces/include/service_interfaces/service_interfaces/msg
[3.164s] -- Installing: /home/emmm/Desktop/scnu_rm/ROS2/learn/chapter4/service_ws/install/service_interfaces/include/service_interfaces/service_interfaces/msg/rosidl_generator_cpp__visibility_control.hpp
[3.164s] -- Up-to-date: /home/emmm/Desktop/scnu_rm/ROS2/learn/chapter4/service_ws/install/service_interfaces/include/service_interfaces/service_interfaces
[3.164s] -- Up-to-date: /home/emmm/Desktop/scnu_rm/ROS2/learn/chapter4/service_ws/install/service_interfaces/include/service_interfaces/service_interfaces/srv
[3.164s] -- Up-to-date: /home/emmm/Desktop/scnu_rm/ROS2/learn/chapter4/service_ws/install/service_interfaces/include/service_interfaces/service_interfaces/srv/detail
[3.164s] -- Installing: /home/emmm/Desktop/scnu_rm/ROS2/learn/chapter4/service_ws/install/service_interfaces/include/service_interfaces/service_interfaces/srv/detail/dds_fastrtps
[3.164s] -- Installing: /home/emmm/Desktop/scnu_rm/ROS2/learn/chapter4/service_ws/install/service_interfaces/include/service_interfaces/service_interfaces/srv/detail/patrol__rosidl_typesupport_fastrtps_cpp.hpp
[3.164s] -- Up-to-date: /home/emmm/Desktop/scnu_rm/ROS2/learn/chapter4/service_ws/install/service_interfaces/include/service_interfaces/service_interfaces/msg
[3.164s] -- Installing: /home/emmm/Desktop/scnu_rm/ROS2/learn/chapter4/service_ws/install/service_interfaces/include/service_interfaces/service_interfaces/msg/rosidl_typesupport_fastrtps_cpp__visibility_control.h
[3.164s] -- Installing: /home/emmm/Desktop/scnu_rm/ROS2/learn/chapter4/service_ws/install/service_interfaces/lib/libservice_interfaces__rosidl_typesupport_fastrtps_cpp.so
[3.165s] -- Set runtime path of "/home/emmm/Desktop/scnu_rm/ROS2/learn/chapter4/service_ws/install/service_interfaces/lib/libservice_interfaces__rosidl_typesupport_fastrtps_cpp.so" to ""
[3.165s] -- Up-to-date: /home/emmm/Desktop/scnu_rm/ROS2/learn/chapter4/service_ws/install/service_interfaces/include/service_interfaces/service_interfaces
[3.165s] -- Up-to-date: /home/emmm/Desktop/scnu_rm/ROS2/learn/chapter4/service_ws/install/service_interfaces/include/service_interfaces/service_interfaces/srv
[3.165s] -- Up-to-date: /home/emmm/Desktop/scnu_rm/ROS2/learn/chapter4/service_ws/install/service_interfaces/include/service_interfaces/service_interfaces/srv/detail
[3.165s] -- Installing: /home/emmm/Desktop/scnu_rm/ROS2/learn/chapter4/service_ws/install/service_interfaces/include/service_interfaces/service_interfaces/srv/detail/patrol__type_support.cpp
[3.165s] -- Installing: /home/emmm/Desktop/scnu_rm/ROS2/learn/chapter4/service_ws/install/service_interfaces/include/service_interfaces/service_interfaces/srv/detail/patrol__rosidl_typesupport_introspection_cpp.hpp
[3.165s] -- Installing: /home/emmm/Desktop/scnu_rm/ROS2/learn/chapter4/service_ws/install/service_interfaces/lib/libservice_interfaces__rosidl_typesupport_introspection_cpp.so
[3.165s] -- Set runtime path of "/home/emmm/Desktop/scnu_rm/ROS2/learn/chapter4/service_ws/install/service_interfaces/lib/libservice_interfaces__rosidl_typesupport_introspection_cpp.so" to ""
[3.165s] -- Installing: /home/emmm/Desktop/scnu_rm/ROS2/learn/chapter4/service_ws/install/service_interfaces/lib/libservice_interfaces__rosidl_typesupport_cpp.so
[3.165s] -- Set runtime path of "/home/emmm/Desktop/scnu_rm/ROS2/learn/chapter4/service_ws/install/service_interfaces/lib/libservice_interfaces__rosidl_typesupport_cpp.so" to ""
[3.165s] -- Installing: /home/emmm/Desktop/scnu_rm/ROS2/learn/chapter4/service_ws/install/service_interfaces/share/service_interfaces/environment/pythonpath.sh
[3.165s] -- Installing: /home/emmm/Desktop/scnu_rm/ROS2/learn/chapter4/service_ws/install/service_interfaces/share/service_interfaces/environment/pythonpath.dsv
[3.165s] -- Installing: /home/emmm/Desktop/scnu_rm/ROS2/learn/chapter4/service_ws/install/service_interfaces/local/lib/python3.10/dist-packages/service_interfaces-0.0.0-py3.10.egg-info
[3.166s] -- Installing: /home/emmm/Desktop/scnu_rm/ROS2/learn/chapter4/service_ws/install/service_interfaces/local/lib/python3.10/dist-packages/service_interfaces-0.0.0-py3.10.egg-info/dependency_links.txt
[3.166s] -- Installing: /home/emmm/Desktop/scnu_rm/ROS2/learn/chapter4/service_ws/install/service_interfaces/local/lib/python3.10/dist-packages/service_interfaces-0.0.0-py3.10.egg-info/SOURCES.txt
[3.166s] -- Installing: /home/emmm/Desktop/scnu_rm/ROS2/learn/chapter4/service_ws/install/service_interfaces/local/lib/python3.10/dist-packages/service_interfaces-0.0.0-py3.10.egg-info/PKG-INFO
[3.166s] -- Installing: /home/emmm/Desktop/scnu_rm/ROS2/learn/chapter4/service_ws/install/service_interfaces/local/lib/python3.10/dist-packages/service_interfaces-0.0.0-py3.10.egg-info/top_level.txt
[3.166s] -- Installing: /home/emmm/Desktop/scnu_rm/ROS2/learn/chapter4/service_ws/install/service_interfaces/local/lib/python3.10/dist-packages/service_interfaces
[3.166s] -- Installing: /home/emmm/Desktop/scnu_rm/ROS2/learn/chapter4/service_ws/install/service_interfaces/local/lib/python3.10/dist-packages/service_interfaces/srv
[3.166s] -- Installing: /home/emmm/Desktop/scnu_rm/ROS2/learn/chapter4/service_ws/install/service_interfaces/local/lib/python3.10/dist-packages/service_interfaces/srv/_patrol_s.c
[3.166s] -- Installing: /home/emmm/Desktop/scnu_rm/ROS2/learn/chapter4/service_ws/install/service_interfaces/local/lib/python3.10/dist-packages/service_interfaces/srv/__init__.py
[3.166s] -- Installing: /home/emmm/Desktop/scnu_rm/ROS2/learn/chapter4/service_ws/install/service_interfaces/local/lib/python3.10/dist-packages/service_interfaces/srv/_patrol.py
[3.166s] -- Installing: /home/emmm/Desktop/scnu_rm/ROS2/learn/chapter4/service_ws/install/service_interfaces/local/lib/python3.10/dist-packages/service_interfaces/_service_interfaces_s.ep.rosidl_typesupport_fastrtps_c.c
[3.166s] -- Installing: /home/emmm/Desktop/scnu_rm/ROS2/learn/chapter4/service_ws/install/service_interfaces/local/lib/python3.10/dist-packages/service_interfaces/_service_interfaces_s.ep.rosidl_typesupport_c.c
[3.166s] -- Installing: /home/emmm/Desktop/scnu_rm/ROS2/learn/chapter4/service_ws/install/service_interfaces/local/lib/python3.10/dist-packages/service_interfaces/service_interfaces_s__rosidl_typesupport_fastrtps_c.cpython-310-x86_64-linux-gnu.so
[3.166s] -- Installing: /home/emmm/Desktop/scnu_rm/ROS2/learn/chapter4/service_ws/install/service_interfaces/local/lib/python3.10/dist-packages/service_interfaces/_service_interfaces_s.ep.rosidl_typesupport_introspection_c.c
[3.166s] -- Installing: /home/emmm/Desktop/scnu_rm/ROS2/learn/chapter4/service_ws/install/service_interfaces/local/lib/python3.10/dist-packages/service_interfaces/service_interfaces_s__rosidl_typesupport_c.cpython-310-x86_64-linux-gnu.so
[3.166s] -- Installing: /home/emmm/Desktop/scnu_rm/ROS2/learn/chapter4/service_ws/install/service_interfaces/local/lib/python3.10/dist-packages/service_interfaces/service_interfaces_s__rosidl_typesupport_introspection_c.cpython-310-x86_64-linux-gnu.so
[3.166s] -- Installing: /home/emmm/Desktop/scnu_rm/ROS2/learn/chapter4/service_ws/install/service_interfaces/local/lib/python3.10/dist-packages/service_interfaces/libservice_interfaces__rosidl_generator_py.so
[3.167s] -- Installing: /home/emmm/Desktop/scnu_rm/ROS2/learn/chapter4/service_ws/install/service_interfaces/local/lib/python3.10/dist-packages/service_interfaces/__init__.py
[3.190s] Listing '/home/emmm/Desktop/scnu_rm/ROS2/learn/chapter4/service_ws/install/service_interfaces/local/lib/python3.10/dist-packages/service_interfaces'...
[3.190s] Compiling '/home/emmm/Desktop/scnu_rm/ROS2/learn/chapter4/service_ws/install/service_interfaces/local/lib/python3.10/dist-packages/service_interfaces/__init__.py'...
[3.190s] Listing '/home/emmm/Desktop/scnu_rm/ROS2/learn/chapter4/service_ws/install/service_interfaces/local/lib/python3.10/dist-packages/service_interfaces/srv'...
[3.190s] Compiling '/home/emmm/Desktop/scnu_rm/ROS2/learn/chapter4/service_ws/install/service_interfaces/local/lib/python3.10/dist-packages/service_interfaces/srv/__init__.py'...
[3.190s] Compiling '/home/emmm/Desktop/scnu_rm/ROS2/learn/chapter4/service_ws/install/service_interfaces/local/lib/python3.10/dist-packages/service_interfaces/srv/_patrol.py'...
[3.194s] -- Installing: /home/emmm/Desktop/scnu_rm/ROS2/learn/chapter4/service_ws/install/service_interfaces/local/lib/python3.10/dist-packages/service_interfaces/service_interfaces_s__rosidl_typesupport_fastrtps_c.cpython-310-x86_64-linux-gnu.so
[3.194s] -- Set runtime path of "/home/emmm/Desktop/scnu_rm/ROS2/learn/chapter4/service_ws/install/service_interfaces/local/lib/python3.10/dist-packages/service_interfaces/service_interfaces_s__rosidl_typesupport_fastrtps_c.cpython-310-x86_64-linux-gnu.so" to ""
[3.194s] -- Installing: /home/emmm/Desktop/scnu_rm/ROS2/learn/chapter4/service_ws/install/service_interfaces/local/lib/python3.10/dist-packages/service_interfaces/service_interfaces_s__rosidl_typesupport_introspection_c.cpython-310-x86_64-linux-gnu.so
[3.194s] -- Set runtime path of "/home/emmm/Desktop/scnu_rm/ROS2/learn/chapter4/service_ws/install/service_interfaces/local/lib/python3.10/dist-packages/service_interfaces/service_interfaces_s__rosidl_typesupport_introspection_c.cpython-310-x86_64-linux-gnu.so" to ""
[3.194s] -- Installing: /home/emmm/Desktop/scnu_rm/ROS2/learn/chapter4/service_ws/install/service_interfaces/local/lib/python3.10/dist-packages/service_interfaces/service_interfaces_s__rosidl_typesupport_c.cpython-310-x86_64-linux-gnu.so
[3.194s] -- Set runtime path of "/home/emmm/Desktop/scnu_rm/ROS2/learn/chapter4/service_ws/install/service_interfaces/local/lib/python3.10/dist-packages/service_interfaces/service_interfaces_s__rosidl_typesupport_c.cpython-310-x86_64-linux-gnu.so" to ""
[3.194s] -- Installing: /home/emmm/Desktop/scnu_rm/ROS2/learn/chapter4/service_ws/install/service_interfaces/lib/libservice_interfaces__rosidl_generator_py.so
[3.194s] -- Set runtime path of "/home/emmm/Desktop/scnu_rm/ROS2/learn/chapter4/service_ws/install/service_interfaces/lib/libservice_interfaces__rosidl_generator_py.so" to ""
[3.194s] -- Installing: /home/emmm/Desktop/scnu_rm/ROS2/learn/chapter4/service_ws/install/service_interfaces/share/service_interfaces/srv/Patrol.idl
[3.194s] -- Installing: /home/emmm/Desktop/scnu_rm/ROS2/learn/chapter4/service_ws/install/service_interfaces/share/service_interfaces/srv/Patrol.srv
[3.195s] -- Installing: /home/emmm/Desktop/scnu_rm/ROS2/learn/chapter4/service_ws/install/service_interfaces/share/service_interfaces/srv/Patrol_Request.msg
[3.195s] -- Installing: /home/emmm/Desktop/scnu_rm/ROS2/learn/chapter4/service_ws/install/service_interfaces/share/service_interfaces/srv/Patrol_Response.msg
[3.195s] -- Installing: /home/emmm/Desktop/scnu_rm/ROS2/learn/chapter4/service_ws/install/service_interfaces/share/ament_index/resource_index/package_run_dependencies/service_interfaces
[3.195s] -- Installing: /home/emmm/Desktop/scnu_rm/ROS2/learn/chapter4/service_ws/install/service_interfaces/share/ament_index/resource_index/parent_prefix_path/service_interfaces
[3.195s] -- Installing: /home/emmm/Desktop/scnu_rm/ROS2/learn/chapter4/service_ws/install/service_interfaces/share/service_interfaces/environment/ament_prefix_path.sh
[3.195s] -- Installing: /home/emmm/Desktop/scnu_rm/ROS2/learn/chapter4/service_ws/install/service_interfaces/share/service_interfaces/environment/ament_prefix_path.dsv
[3.195s] -- Installing: /home/emmm/Desktop/scnu_rm/ROS2/learn/chapter4/service_ws/install/service_interfaces/share/service_interfaces/environment/path.sh
[3.195s] -- Installing: /home/emmm/Desktop/scnu_rm/ROS2/learn/chapter4/service_ws/install/service_interfaces/share/service_interfaces/environment/path.dsv
[3.195s] -- Installing: /home/emmm/Desktop/scnu_rm/ROS2/learn/chapter4/service_ws/install/service_interfaces/share/service_interfaces/local_setup.bash
[3.195s] -- Installing: /home/emmm/Desktop/scnu_rm/ROS2/learn/chapter4/service_ws/install/service_interfaces/share/service_interfaces/local_setup.sh
[3.195s] -- Installing: /home/emmm/Desktop/scnu_rm/ROS2/learn/chapter4/service_ws/install/service_interfaces/share/service_interfaces/local_setup.zsh
[3.195s] -- Installing: /home/emmm/Desktop/scnu_rm/ROS2/learn/chapter4/service_ws/install/service_interfaces/share/service_interfaces/local_setup.dsv
[3.195s] -- Installing: /home/emmm/Desktop/scnu_rm/ROS2/learn/chapter4/service_ws/install/service_interfaces/share/service_interfaces/package.dsv
[3.195s] -- Installing: /home/emmm/Desktop/scnu_rm/ROS2/learn/chapter4/service_ws/install/service_interfaces/share/ament_index/resource_index/packages/service_interfaces
[3.195s] -- Installing: /home/emmm/Desktop/scnu_rm/ROS2/learn/chapter4/service_ws/install/service_interfaces/share/service_interfaces/cmake/export_service_interfaces__rosidl_generator_cExport.cmake
[3.195s] -- Installing: /home/emmm/Desktop/scnu_rm/ROS2/learn/chapter4/service_ws/install/service_interfaces/share/service_interfaces/cmake/export_service_interfaces__rosidl_generator_cExport-noconfig.cmake
[3.195s] -- Installing: /home/emmm/Desktop/scnu_rm/ROS2/learn/chapter4/service_ws/install/service_interfaces/share/service_interfaces/cmake/export_service_interfaces__rosidl_typesupport_fastrtps_cExport.cmake
[3.195s] -- Installing: /home/emmm/Desktop/scnu_rm/ROS2/learn/chapter4/service_ws/install/service_interfaces/share/service_interfaces/cmake/export_service_interfaces__rosidl_typesupport_fastrtps_cExport-noconfig.cmake
[3.195s] -- Installing: /home/emmm/Desktop/scnu_rm/ROS2/learn/chapter4/service_ws/install/service_interfaces/share/service_interfaces/cmake/service_interfaces__rosidl_typesupport_introspection_cExport.cmake
[3.195s] -- Installing: /home/emmm/Desktop/scnu_rm/ROS2/learn/chapter4/service_ws/install/service_interfaces/share/service_interfaces/cmake/service_interfaces__rosidl_typesupport_introspection_cExport-noconfig.cmake
[3.195s] -- Installing: /home/emmm/Desktop/scnu_rm/ROS2/learn/chapter4/service_ws/install/service_interfaces/share/service_interfaces/cmake/service_interfaces__rosidl_typesupport_cExport.cmake
[3.195s] -- Installing: /home/emmm/Desktop/scnu_rm/ROS2/learn/chapter4/service_ws/install/service_interfaces/share/service_interfaces/cmake/service_interfaces__rosidl_typesupport_cExport-noconfig.cmake
[3.195s] -- Installing: /home/emmm/Desktop/scnu_rm/ROS2/learn/chapter4/service_ws/install/service_interfaces/share/service_interfaces/cmake/export_service_interfaces__rosidl_generator_cppExport.cmake
[3.195s] -- Installing: /home/emmm/Desktop/scnu_rm/ROS2/learn/chapter4/service_ws/install/service_interfaces/share/service_interfaces/cmake/export_service_interfaces__rosidl_typesupport_fastrtps_cppExport.cmake
[3.196s] -- Installing: /home/emmm/Desktop/scnu_rm/ROS2/learn/chapter4/service_ws/install/service_interfaces/share/service_interfaces/cmake/export_service_interfaces__rosidl_typesupport_fastrtps_cppExport-noconfig.cmake
[3.196s] -- Installing: /home/emmm/Desktop/scnu_rm/ROS2/learn/chapter4/service_ws/install/service_interfaces/share/service_interfaces/cmake/service_interfaces__rosidl_typesupport_introspection_cppExport.cmake
[3.196s] -- Installing: /home/emmm/Desktop/scnu_rm/ROS2/learn/chapter4/service_ws/install/service_interfaces/share/service_interfaces/cmake/service_interfaces__rosidl_typesupport_introspection_cppExport-noconfig.cmake
[3.196s] -- Installing: /home/emmm/Desktop/scnu_rm/ROS2/learn/chapter4/service_ws/install/service_interfaces/share/service_interfaces/cmake/service_interfaces__rosidl_typesupport_cppExport.cmake
[3.196s] -- Installing: /home/emmm/Desktop/scnu_rm/ROS2/learn/chapter4/service_ws/install/service_interfaces/share/service_interfaces/cmake/service_interfaces__rosidl_typesupport_cppExport-noconfig.cmake
[3.196s] -- Installing: /home/emmm/Desktop/scnu_rm/ROS2/learn/chapter4/service_ws/install/service_interfaces/share/service_interfaces/cmake/export_service_interfaces__rosidl_generator_pyExport.cmake
[3.196s] -- Installing: /home/emmm/Desktop/scnu_rm/ROS2/learn/chapter4/service_ws/install/service_interfaces/share/service_interfaces/cmake/export_service_interfaces__rosidl_generator_pyExport-noconfig.cmake
[3.196s] -- Installing: /home/emmm/Desktop/scnu_rm/ROS2/learn/chapter4/service_ws/install/service_interfaces/share/service_interfaces/cmake/rosidl_cmake-extras.cmake
[3.196s] -- Installing: /home/emmm/Desktop/scnu_rm/ROS2/learn/chapter4/service_ws/install/service_interfaces/share/service_interfaces/cmake/ament_cmake_export_include_directories-extras.cmake
[3.196s] -- Installing: /home/emmm/Desktop/scnu_rm/ROS2/learn/chapter4/service_ws/install/service_interfaces/share/service_interfaces/cmake/ament_cmake_export_libraries-extras.cmake
[3.196s] -- Installing: /home/emmm/Desktop/scnu_rm/ROS2/learn/chapter4/service_ws/install/service_interfaces/share/service_interfaces/cmake/ament_cmake_export_targets-extras.cmake
[3.196s] -- Installing: /home/emmm/Desktop/scnu_rm/ROS2/learn/chapter4/service_ws/install/service_interfaces/share/service_interfaces/cmake/rosidl_cmake_export_typesupport_targets-extras.cmake
[3.196s] -- Installing: /home/emmm/Desktop/scnu_rm/ROS2/learn/chapter4/service_ws/install/service_interfaces/share/service_interfaces/cmake/ament_cmake_export_dependencies-extras.cmake
[3.196s] -- Installing: /home/emmm/Desktop/scnu_rm/ROS2/learn/chapter4/service_ws/install/service_interfaces/share/service_interfaces/cmake/rosidl_cmake_export_typesupport_libraries-extras.cmake
[3.196s] -- Installing: /home/emmm/Desktop/scnu_rm/ROS2/learn/chapter4/service_ws/install/service_interfaces/share/service_interfaces/cmake/service_interfacesConfig.cmake
[3.196s] -- Installing: /home/emmm/Desktop/scnu_rm/ROS2/learn/chapter4/service_ws/install/service_interfaces/share/service_interfaces/cmake/service_interfacesConfig-version.cmake
[3.196s] -- Installing: /home/emmm/Desktop/scnu_rm/ROS2/learn/chapter4/service_ws/install/service_interfaces/share/service_interfaces/package.xml
[3.198s] Invoked command in '/home/emmm/Desktop/scnu_rm/ROS2/learn/chapter4/service_ws/build/service_interfaces' returned '0': CMAKE_PREFIX_PATH=/opt/ros/humble /usr/bin/cmake --install /home/emmm/Desktop/scnu_rm/ROS2/learn/chapter4/service_ws/build/service_interfaces
