[0.024s] Invoking command in '/home/emmm/Desktop/ROS2/fishros/chapter2/session3_ws/build/demo_cpp_pkg': CMAKE_PREFIX_PATH=${CMAKE_PREFIX_PATH}:/opt/ros/humble /usr/bin/cmake --build /home/emmm/Desktop/ROS2/fishros/chapter2/session3_ws/build/demo_cpp_pkg -- -j4 -l4
[0.079s] -- Found ament_cmake: 1.3.12 (/opt/ros/humble/share/ament_cmake/cmake)
[0.276s] -- Found rclcpp: 16.0.15 (/opt/ros/humble/share/rclcpp/cmake)
[0.358s] -- Found rosidl_generator_c: 3.1.7 (/opt/ros/humble/share/rosidl_generator_c/cmake)
[0.363s] -- Found rosidl_adapter: 3.1.7 (/opt/ros/humble/share/rosidl_adapter/cmake)
[0.374s] -- Found rosidl_generator_cpp: 3.1.7 (/opt/ros/humble/share/rosidl_generator_cpp/cmake)
[0.390s] -- Using all available rosidl_typesupport_c: rosidl_typesupport_fastrtps_c;rosidl_typesupport_introspection_c
[0.408s] -- Using all available rosidl_typesupport_cpp: rosidl_typesupport_fastrtps_cpp;rosidl_typesupport_introspection_cpp
[0.469s] -- Found rmw_implementation_cmake: 6.1.2 (/opt/ros/humble/share/rmw_implementation_cmake/cmake)
[0.472s] -- Found rmw_fastrtps_cpp: 6.2.8 (/opt/ros/humble/share/rmw_fastrtps_cpp/cmake)
[0.573s] -- Using RMW implementation 'rmw_fastrtps_cpp' as default
[0.649s] -- Found ament_lint_auto: 0.12.14 (/opt/ros/humble/share/ament_lint_auto/cmake)
[0.718s] -- Added test 'cppcheck' to perform static code analysis on C / C++ code
[0.718s] -- Configured cppcheck include dirs: 
[0.719s] -- Configured cppcheck exclude dirs and/or files: 
[0.720s] -- Added test 'lint_cmake' to check CMake code style
[0.722s] -- Added test 'uncrustify' to check C / C++ code style
[0.722s] -- Configured uncrustify additional arguments: 
[0.723s] -- Added test 'xmllint' to check XML markup files
[0.728s] -- Configuring done
[0.767s] -- Generating done
[0.776s] -- Build files have been written to: /home/emmm/Desktop/ROS2/fishros/chapter2/session3_ws/build/demo_cpp_pkg
[0.801s] [35m[1mConsolidate compiler generated dependencies of target cpp_node[0m
[0.806s] [35m[1mConsolidate compiler generated dependencies of target person_node[0m
[0.806s] [35m[1mConsolidate compiler generated dependencies of target learn_auto[0m
[0.806s] [35m[1mConsolidate compiler generated dependencies of target learn_shared_ptr[0m
[0.835s] [ 16%] Built target learn_auto
[0.843s] [ 33%] Built target cpp_node
[0.851s] [35m[1mConsolidate compiler generated dependencies of target learn_lambda[0m
[0.854s] [ 50%] Built target person_node
[0.859s] [ 66%] Built target learn_shared_ptr
[0.873s] [ 83%] Built target learn_lambda
[0.879s] [ 91%] [32mBuilding CXX object CMakeFiles/learn_functional.dir/src/learn_functional.cpp.o[0m
[1.432s] [100%] [32m[1mLinking CXX executable learn_functional[0m
[1.563s] [100%] Built target learn_functional
[1.576s] Invoked command in '/home/emmm/Desktop/ROS2/fishros/chapter2/session3_ws/build/demo_cpp_pkg' returned '0': CMAKE_PREFIX_PATH=${CMAKE_PREFIX_PATH}:/opt/ros/humble /usr/bin/cmake --build /home/emmm/Desktop/ROS2/fishros/chapter2/session3_ws/build/demo_cpp_pkg -- -j4 -l4
[1.584s] Invoking command in '/home/emmm/Desktop/ROS2/fishros/chapter2/session3_ws/build/demo_cpp_pkg': CMAKE_PREFIX_PATH=${CMAKE_PREFIX_PATH}:/opt/ros/humble /usr/bin/cmake --install /home/emmm/Desktop/ROS2/fishros/chapter2/session3_ws/build/demo_cpp_pkg
[1.591s] -- Install configuration: ""
[1.593s] -- Up-to-date: /home/emmm/Desktop/ROS2/fishros/chapter2/session3_ws/install/demo_cpp_pkg/lib/demo_cpp_pkg/cpp_node
[1.595s] -- Up-to-date: /home/emmm/Desktop/ROS2/fishros/chapter2/session3_ws/install/demo_cpp_pkg/lib/demo_cpp_pkg/person_node
[1.596s] -- Up-to-date: /home/emmm/Desktop/ROS2/fishros/chapter2/session3_ws/install/demo_cpp_pkg/lib/demo_cpp_pkg/learn_auto
[1.597s] -- Up-to-date: /home/emmm/Desktop/ROS2/fishros/chapter2/session3_ws/install/demo_cpp_pkg/lib/demo_cpp_pkg/learn_shared_ptr
[1.597s] -- Up-to-date: /home/emmm/Desktop/ROS2/fishros/chapter2/session3_ws/install/demo_cpp_pkg/lib/demo_cpp_pkg/learn_lambda
[1.598s] -- Installing: /home/emmm/Desktop/ROS2/fishros/chapter2/session3_ws/install/demo_cpp_pkg/lib/demo_cpp_pkg/learn_functional
[1.598s] -- Set runtime path of "/home/emmm/Desktop/ROS2/fishros/chapter2/session3_ws/install/demo_cpp_pkg/lib/demo_cpp_pkg/learn_functional" to ""
[1.598s] -- Up-to-date: /home/emmm/Desktop/ROS2/fishros/chapter2/session3_ws/install/demo_cpp_pkg/share/ament_index/resource_index/package_run_dependencies/demo_cpp_pkg
[1.598s] -- Up-to-date: /home/emmm/Desktop/ROS2/fishros/chapter2/session3_ws/install/demo_cpp_pkg/share/ament_index/resource_index/parent_prefix_path/demo_cpp_pkg
[1.598s] -- Up-to-date: /home/emmm/Desktop/ROS2/fishros/chapter2/session3_ws/install/demo_cpp_pkg/share/demo_cpp_pkg/environment/ament_prefix_path.sh
[1.598s] -- Installing: /home/emmm/Desktop/ROS2/fishros/chapter2/session3_ws/install/demo_cpp_pkg/share/demo_cpp_pkg/environment/ament_prefix_path.dsv
[1.600s] -- Up-to-date: /home/emmm/Desktop/ROS2/fishros/chapter2/session3_ws/install/demo_cpp_pkg/share/demo_cpp_pkg/environment/path.sh
[1.600s] -- Installing: /home/emmm/Desktop/ROS2/fishros/chapter2/session3_ws/install/demo_cpp_pkg/share/demo_cpp_pkg/environment/path.dsv
[1.600s] -- Up-to-date: /home/emmm/Desktop/ROS2/fishros/chapter2/session3_ws/install/demo_cpp_pkg/share/demo_cpp_pkg/local_setup.bash
[1.600s] -- Up-to-date: /home/emmm/Desktop/ROS2/fishros/chapter2/session3_ws/install/demo_cpp_pkg/share/demo_cpp_pkg/local_setup.sh
[1.600s] -- Up-to-date: /home/emmm/Desktop/ROS2/fishros/chapter2/session3_ws/install/demo_cpp_pkg/share/demo_cpp_pkg/local_setup.zsh
[1.601s] -- Installing: /home/emmm/Desktop/ROS2/fishros/chapter2/session3_ws/install/demo_cpp_pkg/share/demo_cpp_pkg/local_setup.dsv
[1.603s] -- Installing: /home/emmm/Desktop/ROS2/fishros/chapter2/session3_ws/install/demo_cpp_pkg/share/demo_cpp_pkg/package.dsv
[1.604s] -- Up-to-date: /home/emmm/Desktop/ROS2/fishros/chapter2/session3_ws/install/demo_cpp_pkg/share/ament_index/resource_index/packages/demo_cpp_pkg
[1.604s] -- Up-to-date: /home/emmm/Desktop/ROS2/fishros/chapter2/session3_ws/install/demo_cpp_pkg/share/demo_cpp_pkg/cmake/demo_cpp_pkgConfig.cmake
[1.604s] -- Up-to-date: /home/emmm/Desktop/ROS2/fishros/chapter2/session3_ws/install/demo_cpp_pkg/share/demo_cpp_pkg/cmake/demo_cpp_pkgConfig-version.cmake
[1.604s] -- Up-to-date: /home/emmm/Desktop/ROS2/fishros/chapter2/session3_ws/install/demo_cpp_pkg/share/demo_cpp_pkg/package.xml
[1.605s] Invoked command in '/home/emmm/Desktop/ROS2/fishros/chapter2/session3_ws/build/demo_cpp_pkg' returned '0': CMAKE_PREFIX_PATH=${CMAKE_PREFIX_PATH}:/opt/ros/humble /usr/bin/cmake --install /home/emmm/Desktop/ROS2/fishros/chapter2/session3_ws/build/demo_cpp_pkg
