-- Found ament_cmake: 1.3.12 (/opt/ros/humble/share/ament_cmake/cmake)
-- Found rclcpp: 16.0.15 (/opt/ros/humble/share/rclcpp/cmake)
-- Found rosidl_generator_c: 3.1.7 (/opt/ros/humble/share/rosidl_generator_c/cmake)
-- Found rosidl_adapter: 3.1.7 (/opt/ros/humble/share/rosidl_adapter/cmake)
-- Found rosidl_generator_cpp: 3.1.7 (/opt/ros/humble/share/rosidl_generator_cpp/cmake)
-- Using all available rosidl_typesupport_c: rosidl_typesupport_fastrtps_c;rosidl_typesupport_introspection_c
-- Using all available rosidl_typesupport_cpp: rosidl_typesupport_fastrtps_cpp;rosidl_typesupport_introspection_cpp
-- Found rmw_implementation_cmake: 6.1.2 (/opt/ros/humble/share/rmw_implementation_cmake/cmake)
-- Found rmw_fastrtps_cpp: 6.2.9 (/opt/ros/humble/share/rmw_fastrtps_cpp/cmake)
-- Using RMW implementation 'rmw_fastrtps_cpp' as default
-- Found sensor_msgs: 4.9.0 (/opt/ros/humble/share/sensor_msgs/cmake)
-- Found cv_bridge: 3.2.1 (/opt/ros/humble/share/cv_bridge/cmake)
-- Found image_transport: 3.1.12 (/opt/ros/humble/share/image_transport/cmake)
-- Found ament_lint_auto: 0.12.14 (/opt/ros/humble/share/ament_lint_auto/cmake)
-- Added test 'cppcheck' to perform static code analysis on C / C++ code
-- Configured cppcheck include dirs: $<BUILD_INTERFACE:/home/emmm/Desktop/scnu_rm/ROS2/task/opencv_ws/src/opencv_use/include>
-- Configured cppcheck exclude dirs and/or files: 
-- Added test 'lint_cmake' to check CMake code style
-- Added test 'uncrustify' to check C / C++ code style
-- Configured uncrustify additional arguments: 
-- Added test 'xmllint' to check XML markup files
-- Configuring done
-- Generating done
-- Build files have been written to: /home/emmm/Desktop/scnu_rm/ROS2/task/opencv_ws/build/opencv_use
[35m[1mConsolidate compiler generated dependencies of target my_opencv[0m
[ 50%] [32mBuilding CXX object CMakeFiles/my_opencv.dir/src/my_opencv.cpp.o[0m
[100%] [32m[1mLinking CXX executable my_opencv[0m
[100%] Built target my_opencv
-- Install configuration: ""
-- Installing: /home/emmm/Desktop/scnu_rm/ROS2/task/opencv_ws/install/opencv_use/lib/opencv_use/my_opencv
-- Set runtime path of "/home/emmm/Desktop/scnu_rm/ROS2/task/opencv_ws/install/opencv_use/lib/opencv_use/my_opencv" to ""
-- Up-to-date: /home/emmm/Desktop/scnu_rm/ROS2/task/opencv_ws/install/opencv_use/share/ament_index/resource_index/package_run_dependencies/opencv_use
-- Up-to-date: /home/emmm/Desktop/scnu_rm/ROS2/task/opencv_ws/install/opencv_use/share/ament_index/resource_index/parent_prefix_path/opencv_use
-- Up-to-date: /home/emmm/Desktop/scnu_rm/ROS2/task/opencv_ws/install/opencv_use/share/opencv_use/environment/ament_prefix_path.sh
-- Installing: /home/emmm/Desktop/scnu_rm/ROS2/task/opencv_ws/install/opencv_use/share/opencv_use/environment/ament_prefix_path.dsv
-- Up-to-date: /home/emmm/Desktop/scnu_rm/ROS2/task/opencv_ws/install/opencv_use/share/opencv_use/environment/path.sh
-- Installing: /home/emmm/Desktop/scnu_rm/ROS2/task/opencv_ws/install/opencv_use/share/opencv_use/environment/path.dsv
-- Up-to-date: /home/emmm/Desktop/scnu_rm/ROS2/task/opencv_ws/install/opencv_use/share/opencv_use/local_setup.bash
-- Up-to-date: /home/emmm/Desktop/scnu_rm/ROS2/task/opencv_ws/install/opencv_use/share/opencv_use/local_setup.sh
-- Up-to-date: /home/emmm/Desktop/scnu_rm/ROS2/task/opencv_ws/install/opencv_use/share/opencv_use/local_setup.zsh
-- Installing: /home/emmm/Desktop/scnu_rm/ROS2/task/opencv_ws/install/opencv_use/share/opencv_use/local_setup.dsv
-- Installing: /home/emmm/Desktop/scnu_rm/ROS2/task/opencv_ws/install/opencv_use/share/opencv_use/package.dsv
-- Up-to-date: /home/emmm/Desktop/scnu_rm/ROS2/task/opencv_ws/install/opencv_use/share/ament_index/resource_index/packages/opencv_use
-- Up-to-date: /home/emmm/Desktop/scnu_rm/ROS2/task/opencv_ws/install/opencv_use/share/opencv_use/cmake/opencv_useConfig.cmake
-- Up-to-date: /home/emmm/Desktop/scnu_rm/ROS2/task/opencv_ws/install/opencv_use/share/opencv_use/cmake/opencv_useConfig-version.cmake
-- Up-to-date: /home/emmm/Desktop/scnu_rm/ROS2/task/opencv_ws/install/opencv_use/share/opencv_use/package.xml
