[0.008s] Invoking command in '/home/emmm/Desktop/scnu_rm/ROS2/task/opencv_ws/build/opencv_use': CMAKE_PREFIX_PATH=/opt/ros/humble /usr/bin/cmake --build /home/emmm/Desktop/scnu_rm/ROS2/task/opencv_ws/build/opencv_use -- -j12 -l12
[0.025s] -- Found ament_cmake: 1.3.12 (/opt/ros/humble/share/ament_cmake/cmake)
[0.123s] -- Found rclcpp: 16.0.15 (/opt/ros/humble/share/rclcpp/cmake)
[0.141s] -- Found rosidl_generator_c: 3.1.7 (/opt/ros/humble/share/rosidl_generator_c/cmake)
[0.142s] -- Found rosidl_adapter: 3.1.7 (/opt/ros/humble/share/rosidl_adapter/cmake)
[0.146s] -- Found rosidl_generator_cpp: 3.1.7 (/opt/ros/humble/share/rosidl_generator_cpp/cmake)
[0.152s] -- Using all available rosidl_typesupport_c: rosidl_typesupport_fastrtps_c;rosidl_typesupport_introspection_c
[0.160s] -- Using all available rosidl_typesupport_cpp: rosidl_typesupport_fastrtps_cpp;rosidl_typesupport_introspection_cpp
[0.180s] -- Found rmw_implementation_cmake: 6.1.2 (/opt/ros/humble/share/rmw_implementation_cmake/cmake)
[0.181s] -- Found rmw_fastrtps_cpp: 6.2.9 (/opt/ros/humble/share/rmw_fastrtps_cpp/cmake)
[0.267s] -- Using RMW implementation 'rmw_fastrtps_cpp' as default
[0.303s] -- Found sensor_msgs: 4.9.0 (/opt/ros/humble/share/sensor_msgs/cmake)
[0.322s] -- Found cv_bridge: 3.2.1 (/opt/ros/humble/share/cv_bridge/cmake)
[0.323s] -- Found image_transport: 3.1.12 (/opt/ros/humble/share/image_transport/cmake)
[0.337s] -- Found ament_lint_auto: 0.12.14 (/opt/ros/humble/share/ament_lint_auto/cmake)
[0.382s] -- Added test 'cppcheck' to perform static code analysis on C / C++ code
[0.382s] -- Configured cppcheck include dirs: $<BUILD_INTERFACE:/home/emmm/Desktop/scnu_rm/ROS2/task/opencv_ws/src/opencv_use/include>
[0.382s] -- Configured cppcheck exclude dirs and/or files: 
[0.382s] -- Added test 'lint_cmake' to check CMake code style
[0.382s] -- Added test 'uncrustify' to check C / C++ code style
[0.383s] -- Configured uncrustify additional arguments: 
[0.383s] -- Added test 'xmllint' to check XML markup files
[0.383s] -- Configuring done
[0.390s] -- Generating done
[0.393s] -- Build files have been written to: /home/emmm/Desktop/scnu_rm/ROS2/task/opencv_ws/build/opencv_use
[0.412s] [35m[1mConsolidate compiler generated dependencies of target my_opencv[0m
[0.426s] [ 50%] [32mBuilding CXX object CMakeFiles/my_opencv.dir/src/my_opencv.cpp.o[0m
[1.482s] [100%] [32m[1mLinking CXX executable my_opencv[0m
[1.781s] [100%] Built target my_opencv
[1.797s] Invoked command in '/home/emmm/Desktop/scnu_rm/ROS2/task/opencv_ws/build/opencv_use' returned '0': CMAKE_PREFIX_PATH=/opt/ros/humble /usr/bin/cmake --build /home/emmm/Desktop/scnu_rm/ROS2/task/opencv_ws/build/opencv_use -- -j12 -l12
[1.811s] Invoking command in '/home/emmm/Desktop/scnu_rm/ROS2/task/opencv_ws/build/opencv_use': CMAKE_PREFIX_PATH=/opt/ros/humble /usr/bin/cmake --install /home/emmm/Desktop/scnu_rm/ROS2/task/opencv_ws/build/opencv_use
[1.823s] -- Install configuration: ""
[1.823s] -- Installing: /home/emmm/Desktop/scnu_rm/ROS2/task/opencv_ws/install/opencv_use/lib/opencv_use/my_opencv
[1.824s] -- Set runtime path of "/home/emmm/Desktop/scnu_rm/ROS2/task/opencv_ws/install/opencv_use/lib/opencv_use/my_opencv" to ""
[1.824s] -- Up-to-date: /home/emmm/Desktop/scnu_rm/ROS2/task/opencv_ws/install/opencv_use/share/ament_index/resource_index/package_run_dependencies/opencv_use
[1.824s] -- Up-to-date: /home/emmm/Desktop/scnu_rm/ROS2/task/opencv_ws/install/opencv_use/share/ament_index/resource_index/parent_prefix_path/opencv_use
[1.824s] -- Up-to-date: /home/emmm/Desktop/scnu_rm/ROS2/task/opencv_ws/install/opencv_use/share/opencv_use/environment/ament_prefix_path.sh
[1.824s] -- Installing: /home/emmm/Desktop/scnu_rm/ROS2/task/opencv_ws/install/opencv_use/share/opencv_use/environment/ament_prefix_path.dsv
[1.825s] -- Up-to-date: /home/emmm/Desktop/scnu_rm/ROS2/task/opencv_ws/install/opencv_use/share/opencv_use/environment/path.sh
[1.825s] -- Installing: /home/emmm/Desktop/scnu_rm/ROS2/task/opencv_ws/install/opencv_use/share/opencv_use/environment/path.dsv
[1.825s] -- Up-to-date: /home/emmm/Desktop/scnu_rm/ROS2/task/opencv_ws/install/opencv_use/share/opencv_use/local_setup.bash
[1.825s] -- Up-to-date: /home/emmm/Desktop/scnu_rm/ROS2/task/opencv_ws/install/opencv_use/share/opencv_use/local_setup.sh
[1.825s] -- Up-to-date: /home/emmm/Desktop/scnu_rm/ROS2/task/opencv_ws/install/opencv_use/share/opencv_use/local_setup.zsh
[1.825s] -- Installing: /home/emmm/Desktop/scnu_rm/ROS2/task/opencv_ws/install/opencv_use/share/opencv_use/local_setup.dsv
[1.825s] -- Installing: /home/emmm/Desktop/scnu_rm/ROS2/task/opencv_ws/install/opencv_use/share/opencv_use/package.dsv
[1.825s] -- Up-to-date: /home/emmm/Desktop/scnu_rm/ROS2/task/opencv_ws/install/opencv_use/share/ament_index/resource_index/packages/opencv_use
[1.825s] -- Up-to-date: /home/emmm/Desktop/scnu_rm/ROS2/task/opencv_ws/install/opencv_use/share/opencv_use/cmake/opencv_useConfig.cmake
[1.825s] -- Up-to-date: /home/emmm/Desktop/scnu_rm/ROS2/task/opencv_ws/install/opencv_use/share/opencv_use/cmake/opencv_useConfig-version.cmake
[1.825s] -- Up-to-date: /home/emmm/Desktop/scnu_rm/ROS2/task/opencv_ws/install/opencv_use/share/opencv_use/package.xml
[1.828s] Invoked command in '/home/emmm/Desktop/scnu_rm/ROS2/task/opencv_ws/build/opencv_use' returned '0': CMAKE_PREFIX_PATH=/opt/ros/humble /usr/bin/cmake --install /home/emmm/Desktop/scnu_rm/ROS2/task/opencv_ws/build/opencv_use
