[0.063s] DEBUG:colcon:Command line arguments: ['/usr/bin/colcon', 'build']
[0.063s] DEBUG:colcon:Parsed command line arguments: Namespace(log_base=None, log_level=None, verb_name='build', build_base='build', install_base='install', merge_install=False, symlink_install=False, test_result_base=None, continue_on_error=False, executor='parallel', parallel_workers=12, event_handlers=None, ignore_user_meta=False, metas=['./colcon.meta'], base_paths=['.'], packages_ignore=None, packages_ignore_regex=None, paths=None, packages_up_to=None, packages_up_to_regex=None, packages_above=None, packages_above_and_dependencies=None, packages_above_depth=None, packages_select_by_dep=None, packages_skip_by_dep=None, packages_skip_up_to=None, packages_select_build_failed=False, packages_skip_build_finished=False, packages_select_test_failures=False, packages_skip_test_passed=False, packages_select=None, packages_skip=None, packages_select_regex=None, packages_skip_regex=None, packages_start=None, packages_end=None, allow_overriding=[], cmake_args=None, cmake_target=None, cmake_target_skip_unavailable=False, cmake_clean_cache=False, cmake_clean_first=False, cmake_force_configure=False, ament_cmake_args=None, catkin_cmake_args=None, catkin_skip_building_tests=False, verb_parser=<colcon_defaults.argument_parser.defaults.DefaultArgumentsDecorator object at 0x7534e12334f0>, verb_extension=<colcon_core.verb.build.BuildVerb object at 0x7534e1232fe0>, main=<bound method BuildVerb.main of <colcon_core.verb.build.BuildVerb object at 0x7534e1232fe0>>)
[0.152s] Level 1:colcon.colcon_core.package_discovery:discover_packages(colcon_meta) check parameters
[0.153s] Level 1:colcon.colcon_core.package_discovery:discover_packages(recursive) check parameters
[0.153s] Level 1:colcon.colcon_core.package_discovery:discover_packages(ignore) check parameters
[0.153s] Level 1:colcon.colcon_core.package_discovery:discover_packages(path) check parameters
[0.153s] Level 1:colcon.colcon_core.package_discovery:discover_packages(colcon_meta) discover
[0.153s] Level 1:colcon.colcon_core.package_discovery:discover_packages(recursive) discover
[0.153s] INFO:colcon.colcon_core.package_discovery:Crawling recursively for packages in '/home/emmm/Desktop/scnu_rm/ROS2/learn/chapter4/service_ws'
[0.153s] Level 1:colcon.colcon_core.package_identification:_identify(.) by extensions ['ignore', 'ignore_ament_install']
[0.153s] Level 1:colcon.colcon_core.package_identification:_identify(.) by extension 'ignore'
[0.153s] Level 1:colcon.colcon_core.package_identification:_identify(.) by extension 'ignore_ament_install'
[0.153s] Level 1:colcon.colcon_core.package_identification:_identify(.) by extensions ['colcon_pkg']
[0.153s] Level 1:colcon.colcon_core.package_identification:_identify(.) by extension 'colcon_pkg'
[0.153s] Level 1:colcon.colcon_core.package_identification:_identify(.) by extensions ['colcon_meta']
[0.153s] Level 1:colcon.colcon_core.package_identification:_identify(.) by extension 'colcon_meta'
[0.153s] Level 1:colcon.colcon_core.package_identification:_identify(.) by extensions ['ros']
[0.153s] Level 1:colcon.colcon_core.package_identification:_identify(.) by extension 'ros'
[0.160s] Level 1:colcon.colcon_core.package_identification:_identify(.) by extensions ['cmake', 'python']
[0.160s] Level 1:colcon.colcon_core.package_identification:_identify(.) by extension 'cmake'
[0.160s] Level 1:colcon.colcon_core.package_identification:_identify(.) by extension 'python'
[0.160s] Level 1:colcon.colcon_core.package_identification:_identify(.) by extensions ['python_setup_py']
[0.160s] Level 1:colcon.colcon_core.package_identification:_identify(.) by extension 'python_setup_py'
[0.160s] Level 1:colcon.colcon_core.package_identification:_identify(build) by extensions ['ignore', 'ignore_ament_install']
[0.160s] Level 1:colcon.colcon_core.package_identification:_identify(build) by extension 'ignore'
[0.160s] Level 1:colcon.colcon_core.package_identification:_identify(build) ignored
[0.160s] Level 1:colcon.colcon_core.package_identification:_identify(install) by extensions ['ignore', 'ignore_ament_install']
[0.160s] Level 1:colcon.colcon_core.package_identification:_identify(install) by extension 'ignore'
[0.160s] Level 1:colcon.colcon_core.package_identification:_identify(install) ignored
[0.161s] Level 1:colcon.colcon_core.package_identification:_identify(log) by extensions ['ignore', 'ignore_ament_install']
[0.161s] Level 1:colcon.colcon_core.package_identification:_identify(log) by extension 'ignore'
[0.161s] Level 1:colcon.colcon_core.package_identification:_identify(log) ignored
[0.161s] Level 1:colcon.colcon_core.package_identification:_identify(src) by extensions ['ignore', 'ignore_ament_install']
[0.161s] Level 1:colcon.colcon_core.package_identification:_identify(src) by extension 'ignore'
[0.161s] Level 1:colcon.colcon_core.package_identification:_identify(src) by extension 'ignore_ament_install'
[0.161s] Level 1:colcon.colcon_core.package_identification:_identify(src) by extensions ['colcon_pkg']
[0.161s] Level 1:colcon.colcon_core.package_identification:_identify(src) by extension 'colcon_pkg'
[0.161s] Level 1:colcon.colcon_core.package_identification:_identify(src) by extensions ['colcon_meta']
[0.161s] Level 1:colcon.colcon_core.package_identification:_identify(src) by extension 'colcon_meta'
[0.161s] Level 1:colcon.colcon_core.package_identification:_identify(src) by extensions ['ros']
[0.161s] Level 1:colcon.colcon_core.package_identification:_identify(src) by extension 'ros'
[0.161s] Level 1:colcon.colcon_core.package_identification:_identify(src) by extensions ['cmake', 'python']
[0.161s] Level 1:colcon.colcon_core.package_identification:_identify(src) by extension 'cmake'
[0.161s] Level 1:colcon.colcon_core.package_identification:_identify(src) by extension 'python'
[0.161s] Level 1:colcon.colcon_core.package_identification:_identify(src) by extensions ['python_setup_py']
[0.161s] Level 1:colcon.colcon_core.package_identification:_identify(src) by extension 'python_setup_py'
[0.161s] Level 1:colcon.colcon_core.package_identification:_identify(src/demo_service) by extensions ['ignore', 'ignore_ament_install']
[0.161s] Level 1:colcon.colcon_core.package_identification:_identify(src/demo_service) by extension 'ignore'
[0.161s] Level 1:colcon.colcon_core.package_identification:_identify(src/demo_service) by extension 'ignore_ament_install'
[0.161s] Level 1:colcon.colcon_core.package_identification:_identify(src/demo_service) by extensions ['colcon_pkg']
[0.161s] Level 1:colcon.colcon_core.package_identification:_identify(src/demo_service) by extension 'colcon_pkg'
[0.161s] Level 1:colcon.colcon_core.package_identification:_identify(src/demo_service) by extensions ['colcon_meta']
[0.161s] Level 1:colcon.colcon_core.package_identification:_identify(src/demo_service) by extension 'colcon_meta'
[0.161s] Level 1:colcon.colcon_core.package_identification:_identify(src/demo_service) by extensions ['ros']
[0.161s] Level 1:colcon.colcon_core.package_identification:_identify(src/demo_service) by extension 'ros'
[0.163s] DEBUG:colcon.colcon_core.package_identification:Package 'src/demo_service' with type 'ros.ament_cmake' and name 'demo_service'
[0.163s] Level 1:colcon.colcon_core.package_identification:_identify(src/service_interfaces) by extensions ['ignore', 'ignore_ament_install']
[0.163s] Level 1:colcon.colcon_core.package_identification:_identify(src/service_interfaces) by extension 'ignore'
[0.163s] Level 1:colcon.colcon_core.package_identification:_identify(src/service_interfaces) by extension 'ignore_ament_install'
[0.163s] Level 1:colcon.colcon_core.package_identification:_identify(src/service_interfaces) by extensions ['colcon_pkg']
[0.163s] Level 1:colcon.colcon_core.package_identification:_identify(src/service_interfaces) by extension 'colcon_pkg'
[0.163s] Level 1:colcon.colcon_core.package_identification:_identify(src/service_interfaces) by extensions ['colcon_meta']
[0.163s] Level 1:colcon.colcon_core.package_identification:_identify(src/service_interfaces) by extension 'colcon_meta'
[0.163s] Level 1:colcon.colcon_core.package_identification:_identify(src/service_interfaces) by extensions ['ros']
[0.163s] Level 1:colcon.colcon_core.package_identification:_identify(src/service_interfaces) by extension 'ros'
[0.164s] DEBUG:colcon.colcon_core.package_identification:Package 'src/service_interfaces' with type 'ros.ament_cmake' and name 'service_interfaces'
[0.164s] Level 1:colcon.colcon_core.package_discovery:discover_packages(recursive) using defaults
[0.164s] Level 1:colcon.colcon_core.package_discovery:discover_packages(ignore) discover
[0.164s] Level 1:colcon.colcon_core.package_discovery:discover_packages(ignore) using defaults
[0.164s] Level 1:colcon.colcon_core.package_discovery:discover_packages(path) discover
[0.164s] Level 1:colcon.colcon_core.package_discovery:discover_packages(path) using defaults
[0.176s] Level 1:colcon.colcon_core.package_discovery:discover_packages(prefix_path) check parameters
[0.176s] Level 1:colcon.colcon_core.package_discovery:discover_packages(prefix_path) discover
[0.177s] DEBUG:colcon.colcon_installed_package_information.package_discovery:Found 271 installed packages in /opt/ros/humble
[0.184s] Level 1:colcon.colcon_core.package_discovery:discover_packages(prefix_path) using defaults
[0.205s] Level 5:colcon.colcon_core.verb:set package 'service_interfaces' build argument 'cmake_args' from command line to 'None'
[0.205s] Level 5:colcon.colcon_core.verb:set package 'service_interfaces' build argument 'cmake_target' from command line to 'None'
[0.205s] Level 5:colcon.colcon_core.verb:set package 'service_interfaces' build argument 'cmake_target_skip_unavailable' from command line to 'False'
[0.205s] Level 5:colcon.colcon_core.verb:set package 'service_interfaces' build argument 'cmake_clean_cache' from command line to 'False'
[0.205s] Level 5:colcon.colcon_core.verb:set package 'service_interfaces' build argument 'cmake_clean_first' from command line to 'False'
[0.205s] Level 5:colcon.colcon_core.verb:set package 'service_interfaces' build argument 'cmake_force_configure' from command line to 'False'
[0.205s] Level 5:colcon.colcon_core.verb:set package 'service_interfaces' build argument 'ament_cmake_args' from command line to 'None'
[0.205s] Level 5:colcon.colcon_core.verb:set package 'service_interfaces' build argument 'catkin_cmake_args' from command line to 'None'
[0.205s] Level 5:colcon.colcon_core.verb:set package 'service_interfaces' build argument 'catkin_skip_building_tests' from command line to 'False'
[0.205s] DEBUG:colcon.colcon_core.verb:Building package 'service_interfaces' with the following arguments: {'ament_cmake_args': None, 'build_base': '/home/emmm/Desktop/scnu_rm/ROS2/learn/chapter4/service_ws/build/service_interfaces', 'catkin_cmake_args': None, 'catkin_skip_building_tests': False, 'cmake_args': None, 'cmake_clean_cache': False, 'cmake_clean_first': False, 'cmake_force_configure': False, 'cmake_target': None, 'cmake_target_skip_unavailable': False, 'install_base': '/home/emmm/Desktop/scnu_rm/ROS2/learn/chapter4/service_ws/install/service_interfaces', 'merge_install': False, 'path': '/home/emmm/Desktop/scnu_rm/ROS2/learn/chapter4/service_ws/src/service_interfaces', 'symlink_install': False, 'test_result_base': None}
[0.205s] Level 5:colcon.colcon_core.verb:set package 'demo_service' build argument 'cmake_args' from command line to 'None'
[0.205s] Level 5:colcon.colcon_core.verb:set package 'demo_service' build argument 'cmake_target' from command line to 'None'
[0.205s] Level 5:colcon.colcon_core.verb:set package 'demo_service' build argument 'cmake_target_skip_unavailable' from command line to 'False'
[0.205s] Level 5:colcon.colcon_core.verb:set package 'demo_service' build argument 'cmake_clean_cache' from command line to 'False'
[0.205s] Level 5:colcon.colcon_core.verb:set package 'demo_service' build argument 'cmake_clean_first' from command line to 'False'
[0.205s] Level 5:colcon.colcon_core.verb:set package 'demo_service' build argument 'cmake_force_configure' from command line to 'False'
[0.205s] Level 5:colcon.colcon_core.verb:set package 'demo_service' build argument 'ament_cmake_args' from command line to 'None'
[0.205s] Level 5:colcon.colcon_core.verb:set package 'demo_service' build argument 'catkin_cmake_args' from command line to 'None'
[0.205s] Level 5:colcon.colcon_core.verb:set package 'demo_service' build argument 'catkin_skip_building_tests' from command line to 'False'
[0.205s] DEBUG:colcon.colcon_core.verb:Building package 'demo_service' with the following arguments: {'ament_cmake_args': None, 'build_base': '/home/emmm/Desktop/scnu_rm/ROS2/learn/chapter4/service_ws/build/demo_service', 'catkin_cmake_args': None, 'catkin_skip_building_tests': False, 'cmake_args': None, 'cmake_clean_cache': False, 'cmake_clean_first': False, 'cmake_force_configure': False, 'cmake_target': None, 'cmake_target_skip_unavailable': False, 'install_base': '/home/emmm/Desktop/scnu_rm/ROS2/learn/chapter4/service_ws/install/demo_service', 'merge_install': False, 'path': '/home/emmm/Desktop/scnu_rm/ROS2/learn/chapter4/service_ws/src/demo_service', 'symlink_install': False, 'test_result_base': None}
[0.205s] INFO:colcon.colcon_core.executor:Executing jobs using 'parallel' executor
[0.206s] DEBUG:colcon.colcon_parallel_executor.executor.parallel:run_until_complete
[0.206s] INFO:colcon.colcon_ros.task.ament_cmake.build:Building ROS package in '/home/emmm/Desktop/scnu_rm/ROS2/learn/chapter4/service_ws/src/service_interfaces' with build type 'ament_cmake'
[0.206s] INFO:colcon.colcon_cmake.task.cmake.build:Building CMake package in '/home/emmm/Desktop/scnu_rm/ROS2/learn/chapter4/service_ws/src/service_interfaces'
[0.208s] INFO:colcon.colcon_core.plugin_system:Skipping extension 'colcon_core.shell.bat': Not used on non-Windows systems
[0.208s] INFO:colcon.colcon_core.shell:Skip shell extension 'powershell' for command environment: Not usable outside of PowerShell
[0.208s] DEBUG:colcon.colcon_core.shell:Skip shell extension 'dsv' for command environment
[0.216s] DEBUG:colcon.colcon_core.event_handler.log_command:Invoking command in '/home/emmm/Desktop/scnu_rm/ROS2/learn/chapter4/service_ws/build/service_interfaces': CMAKE_PREFIX_PATH=/opt/ros/humble /usr/bin/cmake --build /home/emmm/Desktop/scnu_rm/ROS2/learn/chapter4/service_ws/build/service_interfaces -- -j12 -l12
[0.467s] DEBUG:colcon.colcon_core.event_handler.log_command:Invoked command in '/home/emmm/Desktop/scnu_rm/ROS2/learn/chapter4/service_ws/build/service_interfaces' returned '0': CMAKE_PREFIX_PATH=/opt/ros/humble /usr/bin/cmake --build /home/emmm/Desktop/scnu_rm/ROS2/learn/chapter4/service_ws/build/service_interfaces -- -j12 -l12
[0.476s] DEBUG:colcon.colcon_core.event_handler.log_command:Invoking command in '/home/emmm/Desktop/scnu_rm/ROS2/learn/chapter4/service_ws/build/service_interfaces': CMAKE_PREFIX_PATH=/opt/ros/humble /usr/bin/cmake --install /home/emmm/Desktop/scnu_rm/ROS2/learn/chapter4/service_ws/build/service_interfaces
[0.511s] Level 1:colcon.colcon_core.environment:create_environment_scripts_only(service_interfaces)
[0.514s] DEBUG:colcon.colcon_core.event_handler.log_command:Invoked command in '/home/emmm/Desktop/scnu_rm/ROS2/learn/chapter4/service_ws/build/service_interfaces' returned '0': CMAKE_PREFIX_PATH=/opt/ros/humble /usr/bin/cmake --install /home/emmm/Desktop/scnu_rm/ROS2/learn/chapter4/service_ws/build/service_interfaces
[0.516s] Level 1:colcon.colcon_core.environment:checking '/home/emmm/Desktop/scnu_rm/ROS2/learn/chapter4/service_ws/install/service_interfaces' for CMake module files
[0.517s] Level 1:colcon.colcon_core.environment:checking '/home/emmm/Desktop/scnu_rm/ROS2/learn/chapter4/service_ws/install/service_interfaces' for CMake config files
[0.518s] Level 1:colcon.colcon_core.shell:create_environment_hook('service_interfaces', 'cmake_prefix_path')
[0.518s] INFO:colcon.colcon_core.shell:Creating environment hook '/home/emmm/Desktop/scnu_rm/ROS2/learn/chapter4/service_ws/install/service_interfaces/share/service_interfaces/hook/cmake_prefix_path.ps1'
[0.519s] INFO:colcon.colcon_core.shell:Creating environment descriptor '/home/emmm/Desktop/scnu_rm/ROS2/learn/chapter4/service_ws/install/service_interfaces/share/service_interfaces/hook/cmake_prefix_path.dsv'
[0.519s] INFO:colcon.colcon_core.shell:Creating environment hook '/home/emmm/Desktop/scnu_rm/ROS2/learn/chapter4/service_ws/install/service_interfaces/share/service_interfaces/hook/cmake_prefix_path.sh'
[0.520s] Level 1:colcon.colcon_core.environment:checking '/home/emmm/Desktop/scnu_rm/ROS2/learn/chapter4/service_ws/install/service_interfaces/lib'
[0.520s] Level 1:colcon.colcon_core.shell:create_environment_hook('service_interfaces', 'ld_library_path_lib')
[0.520s] INFO:colcon.colcon_core.shell:Creating environment hook '/home/emmm/Desktop/scnu_rm/ROS2/learn/chapter4/service_ws/install/service_interfaces/share/service_interfaces/hook/ld_library_path_lib.ps1'
[0.520s] INFO:colcon.colcon_core.shell:Creating environment descriptor '/home/emmm/Desktop/scnu_rm/ROS2/learn/chapter4/service_ws/install/service_interfaces/share/service_interfaces/hook/ld_library_path_lib.dsv'
[0.521s] INFO:colcon.colcon_core.shell:Creating environment hook '/home/emmm/Desktop/scnu_rm/ROS2/learn/chapter4/service_ws/install/service_interfaces/share/service_interfaces/hook/ld_library_path_lib.sh'
[0.521s] Level 1:colcon.colcon_core.environment:checking '/home/emmm/Desktop/scnu_rm/ROS2/learn/chapter4/service_ws/install/service_interfaces/bin'
[0.521s] Level 1:colcon.colcon_core.environment:checking '/home/emmm/Desktop/scnu_rm/ROS2/learn/chapter4/service_ws/install/service_interfaces/lib/pkgconfig/service_interfaces.pc'
[0.521s] Level 1:colcon.colcon_core.environment:checking '/home/emmm/Desktop/scnu_rm/ROS2/learn/chapter4/service_ws/install/service_interfaces/lib/python3.10/site-packages'
[0.521s] Level 1:colcon.colcon_core.environment:checking '/home/emmm/Desktop/scnu_rm/ROS2/learn/chapter4/service_ws/install/service_interfaces/bin'
[0.521s] INFO:colcon.colcon_core.shell:Creating package script '/home/emmm/Desktop/scnu_rm/ROS2/learn/chapter4/service_ws/install/service_interfaces/share/service_interfaces/package.ps1'
[0.522s] INFO:colcon.colcon_core.shell:Creating package descriptor '/home/emmm/Desktop/scnu_rm/ROS2/learn/chapter4/service_ws/install/service_interfaces/share/service_interfaces/package.dsv'
[0.522s] INFO:colcon.colcon_core.shell:Creating package script '/home/emmm/Desktop/scnu_rm/ROS2/learn/chapter4/service_ws/install/service_interfaces/share/service_interfaces/package.sh'
[0.523s] INFO:colcon.colcon_core.shell:Creating package script '/home/emmm/Desktop/scnu_rm/ROS2/learn/chapter4/service_ws/install/service_interfaces/share/service_interfaces/package.bash'
[0.523s] INFO:colcon.colcon_core.shell:Creating package script '/home/emmm/Desktop/scnu_rm/ROS2/learn/chapter4/service_ws/install/service_interfaces/share/service_interfaces/package.zsh'
[0.523s] Level 1:colcon.colcon_core.environment:create_file_with_runtime_dependencies(/home/emmm/Desktop/scnu_rm/ROS2/learn/chapter4/service_ws/install/service_interfaces/share/colcon-core/packages/service_interfaces)
[0.524s] Level 1:colcon.colcon_core.environment:create_environment_scripts_only(service_interfaces)
[0.524s] Level 1:colcon.colcon_core.environment:checking '/home/emmm/Desktop/scnu_rm/ROS2/learn/chapter4/service_ws/install/service_interfaces' for CMake module files
[0.524s] Level 1:colcon.colcon_core.environment:checking '/home/emmm/Desktop/scnu_rm/ROS2/learn/chapter4/service_ws/install/service_interfaces' for CMake config files
[0.525s] Level 1:colcon.colcon_core.shell:create_environment_hook('service_interfaces', 'cmake_prefix_path')
[0.525s] INFO:colcon.colcon_core.shell:Creating environment hook '/home/emmm/Desktop/scnu_rm/ROS2/learn/chapter4/service_ws/install/service_interfaces/share/service_interfaces/hook/cmake_prefix_path.ps1'
[0.525s] INFO:colcon.colcon_core.shell:Creating environment descriptor '/home/emmm/Desktop/scnu_rm/ROS2/learn/chapter4/service_ws/install/service_interfaces/share/service_interfaces/hook/cmake_prefix_path.dsv'
[0.525s] INFO:colcon.colcon_core.shell:Creating environment hook '/home/emmm/Desktop/scnu_rm/ROS2/learn/chapter4/service_ws/install/service_interfaces/share/service_interfaces/hook/cmake_prefix_path.sh'
[0.526s] Level 1:colcon.colcon_core.environment:checking '/home/emmm/Desktop/scnu_rm/ROS2/learn/chapter4/service_ws/install/service_interfaces/lib'
[0.526s] Level 1:colcon.colcon_core.shell:create_environment_hook('service_interfaces', 'ld_library_path_lib')
[0.526s] INFO:colcon.colcon_core.shell:Creating environment hook '/home/emmm/Desktop/scnu_rm/ROS2/learn/chapter4/service_ws/install/service_interfaces/share/service_interfaces/hook/ld_library_path_lib.ps1'
[0.526s] INFO:colcon.colcon_core.shell:Creating environment descriptor '/home/emmm/Desktop/scnu_rm/ROS2/learn/chapter4/service_ws/install/service_interfaces/share/service_interfaces/hook/ld_library_path_lib.dsv'
[0.526s] INFO:colcon.colcon_core.shell:Creating environment hook '/home/emmm/Desktop/scnu_rm/ROS2/learn/chapter4/service_ws/install/service_interfaces/share/service_interfaces/hook/ld_library_path_lib.sh'
[0.527s] Level 1:colcon.colcon_core.environment:checking '/home/emmm/Desktop/scnu_rm/ROS2/learn/chapter4/service_ws/install/service_interfaces/bin'
[0.527s] Level 1:colcon.colcon_core.environment:checking '/home/emmm/Desktop/scnu_rm/ROS2/learn/chapter4/service_ws/install/service_interfaces/lib/pkgconfig/service_interfaces.pc'
[0.527s] Level 1:colcon.colcon_core.environment:checking '/home/emmm/Desktop/scnu_rm/ROS2/learn/chapter4/service_ws/install/service_interfaces/lib/python3.10/site-packages'
[0.527s] Level 1:colcon.colcon_core.environment:checking '/home/emmm/Desktop/scnu_rm/ROS2/learn/chapter4/service_ws/install/service_interfaces/bin'
[0.527s] INFO:colcon.colcon_core.shell:Creating package script '/home/emmm/Desktop/scnu_rm/ROS2/learn/chapter4/service_ws/install/service_interfaces/share/service_interfaces/package.ps1'
[0.528s] INFO:colcon.colcon_core.shell:Creating package descriptor '/home/emmm/Desktop/scnu_rm/ROS2/learn/chapter4/service_ws/install/service_interfaces/share/service_interfaces/package.dsv'
[0.528s] INFO:colcon.colcon_core.shell:Creating package script '/home/emmm/Desktop/scnu_rm/ROS2/learn/chapter4/service_ws/install/service_interfaces/share/service_interfaces/package.sh'
[0.528s] INFO:colcon.colcon_core.shell:Creating package script '/home/emmm/Desktop/scnu_rm/ROS2/learn/chapter4/service_ws/install/service_interfaces/share/service_interfaces/package.bash'
[0.528s] INFO:colcon.colcon_core.shell:Creating package script '/home/emmm/Desktop/scnu_rm/ROS2/learn/chapter4/service_ws/install/service_interfaces/share/service_interfaces/package.zsh'
[0.528s] Level 1:colcon.colcon_core.environment:create_file_with_runtime_dependencies(/home/emmm/Desktop/scnu_rm/ROS2/learn/chapter4/service_ws/install/service_interfaces/share/colcon-core/packages/service_interfaces)
[0.529s] INFO:colcon.colcon_ros.task.ament_cmake.build:Building ROS package in '/home/emmm/Desktop/scnu_rm/ROS2/learn/chapter4/service_ws/src/demo_service' with build type 'ament_cmake'
[0.529s] INFO:colcon.colcon_cmake.task.cmake.build:Building CMake package in '/home/emmm/Desktop/scnu_rm/ROS2/learn/chapter4/service_ws/src/demo_service'
[0.529s] INFO:colcon.colcon_core.shell:Skip shell extension 'powershell' for command environment: Not usable outside of PowerShell
[0.529s] DEBUG:colcon.colcon_core.shell:Skip shell extension 'dsv' for command environment
[0.538s] DEBUG:colcon.colcon_core.event_handler.log_command:Invoking command in '/home/emmm/Desktop/scnu_rm/ROS2/learn/chapter4/service_ws/build/demo_service': AMENT_PREFIX_PATH=/home/emmm/Desktop/scnu_rm/ROS2/learn/chapter4/service_ws/install/service_interfaces:${AMENT_PREFIX_PATH} CMAKE_PREFIX_PATH=/home/emmm/Desktop/scnu_rm/ROS2/learn/chapter4/service_ws/install/service_interfaces:/opt/ros/humble LD_LIBRARY_PATH=/home/emmm/Desktop/scnu_rm/ROS2/learn/chapter4/service_ws/install/service_interfaces/lib:${LD_LIBRARY_PATH} PYTHONPATH=/home/emmm/Desktop/scnu_rm/ROS2/learn/chapter4/service_ws/install/service_interfaces/local/lib/python3.10/dist-packages:${PYTHONPATH} /usr/bin/cmake --build /home/emmm/Desktop/scnu_rm/ROS2/learn/chapter4/service_ws/build/demo_service -- -j12 -l12
[3.240s] DEBUG:colcon.colcon_core.event_handler.log_command:Invoked command in '/home/emmm/Desktop/scnu_rm/ROS2/learn/chapter4/service_ws/build/demo_service' returned '2': AMENT_PREFIX_PATH=/home/emmm/Desktop/scnu_rm/ROS2/learn/chapter4/service_ws/install/service_interfaces:${AMENT_PREFIX_PATH} CMAKE_PREFIX_PATH=/home/emmm/Desktop/scnu_rm/ROS2/learn/chapter4/service_ws/install/service_interfaces:/opt/ros/humble LD_LIBRARY_PATH=/home/emmm/Desktop/scnu_rm/ROS2/learn/chapter4/service_ws/install/service_interfaces/lib:${LD_LIBRARY_PATH} PYTHONPATH=/home/emmm/Desktop/scnu_rm/ROS2/learn/chapter4/service_ws/install/service_interfaces/local/lib/python3.10/dist-packages:${PYTHONPATH} /usr/bin/cmake --build /home/emmm/Desktop/scnu_rm/ROS2/learn/chapter4/service_ws/build/demo_service -- -j12 -l12
[3.240s] Level 1:colcon.colcon_core.environment:create_environment_scripts_only(demo_service)
[3.241s] Level 1:colcon.colcon_core.environment:checking '/home/emmm/Desktop/scnu_rm/ROS2/learn/chapter4/service_ws/install/demo_service' for CMake module files
[3.241s] Level 1:colcon.colcon_core.environment:checking '/home/emmm/Desktop/scnu_rm/ROS2/learn/chapter4/service_ws/install/demo_service' for CMake config files
[3.242s] Level 1:colcon.colcon_core.environment:checking '/home/emmm/Desktop/scnu_rm/ROS2/learn/chapter4/service_ws/install/demo_service/bin'
[3.242s] Level 1:colcon.colcon_core.environment:checking '/home/emmm/Desktop/scnu_rm/ROS2/learn/chapter4/service_ws/install/demo_service/lib/pkgconfig/demo_service.pc'
[3.242s] Level 1:colcon.colcon_core.environment:checking '/home/emmm/Desktop/scnu_rm/ROS2/learn/chapter4/service_ws/install/demo_service/lib/python3.10/site-packages'
[3.243s] Level 1:colcon.colcon_core.environment:checking '/home/emmm/Desktop/scnu_rm/ROS2/learn/chapter4/service_ws/install/demo_service/bin'
[3.243s] INFO:colcon.colcon_core.shell:Creating package script '/home/emmm/Desktop/scnu_rm/ROS2/learn/chapter4/service_ws/install/demo_service/share/demo_service/package.ps1'
[3.244s] INFO:colcon.colcon_core.shell:Creating package descriptor '/home/emmm/Desktop/scnu_rm/ROS2/learn/chapter4/service_ws/install/demo_service/share/demo_service/package.dsv'
[3.244s] INFO:colcon.colcon_core.shell:Creating package script '/home/emmm/Desktop/scnu_rm/ROS2/learn/chapter4/service_ws/install/demo_service/share/demo_service/package.sh'
[3.244s] INFO:colcon.colcon_core.shell:Creating package script '/home/emmm/Desktop/scnu_rm/ROS2/learn/chapter4/service_ws/install/demo_service/share/demo_service/package.bash'
[3.245s] INFO:colcon.colcon_core.shell:Creating package script '/home/emmm/Desktop/scnu_rm/ROS2/learn/chapter4/service_ws/install/demo_service/share/demo_service/package.zsh'
[3.245s] Level 1:colcon.colcon_core.environment:create_file_with_runtime_dependencies(/home/emmm/Desktop/scnu_rm/ROS2/learn/chapter4/service_ws/install/demo_service/share/colcon-core/packages/demo_service)
[3.255s] DEBUG:colcon.colcon_parallel_executor.executor.parallel:closing loop
[3.255s] DEBUG:colcon.colcon_parallel_executor.executor.parallel:loop closed
[3.255s] DEBUG:colcon.colcon_parallel_executor.executor.parallel:run_until_complete finished with '2'
[3.255s] DEBUG:colcon.colcon_core.event_reactor:joining thread
[3.264s] INFO:colcon.colcon_core.plugin_system:Skipping extension 'colcon_notification.desktop_notification.terminal_notifier': Not used on non-Darwin systems
[3.264s] INFO:colcon.colcon_core.plugin_system:Skipping extension 'colcon_notification.desktop_notification.win32': Not used on non-Windows systems
[3.264s] INFO:colcon.colcon_notification.desktop_notification:Sending desktop notification using 'notify2'
[3.281s] DEBUG:colcon.colcon_core.event_reactor:joined thread
[3.282s] INFO:colcon.colcon_core.shell:Creating prefix script '/home/emmm/Desktop/scnu_rm/ROS2/learn/chapter4/service_ws/install/local_setup.ps1'
[3.283s] INFO:colcon.colcon_core.shell:Creating prefix util module '/home/emmm/Desktop/scnu_rm/ROS2/learn/chapter4/service_ws/install/_local_setup_util_ps1.py'
[3.284s] INFO:colcon.colcon_core.shell:Creating prefix chain script '/home/emmm/Desktop/scnu_rm/ROS2/learn/chapter4/service_ws/install/setup.ps1'
[3.285s] INFO:colcon.colcon_core.shell:Creating prefix script '/home/emmm/Desktop/scnu_rm/ROS2/learn/chapter4/service_ws/install/local_setup.sh'
[3.285s] INFO:colcon.colcon_core.shell:Creating prefix util module '/home/emmm/Desktop/scnu_rm/ROS2/learn/chapter4/service_ws/install/_local_setup_util_sh.py'
[3.286s] INFO:colcon.colcon_core.shell:Creating prefix chain script '/home/emmm/Desktop/scnu_rm/ROS2/learn/chapter4/service_ws/install/setup.sh'
[3.286s] INFO:colcon.colcon_core.shell:Creating prefix script '/home/emmm/Desktop/scnu_rm/ROS2/learn/chapter4/service_ws/install/local_setup.bash'
[3.287s] INFO:colcon.colcon_core.shell:Creating prefix chain script '/home/emmm/Desktop/scnu_rm/ROS2/learn/chapter4/service_ws/install/setup.bash'
[3.287s] INFO:colcon.colcon_core.shell:Creating prefix script '/home/emmm/Desktop/scnu_rm/ROS2/learn/chapter4/service_ws/install/local_setup.zsh'
[3.288s] INFO:colcon.colcon_core.shell:Creating prefix chain script '/home/emmm/Desktop/scnu_rm/ROS2/learn/chapter4/service_ws/install/setup.zsh'
