[0.006s] Invoking command in '/home/emmm/Desktop/scnu_rm/ROS2/task/hik_camera_ws/build/hik_camera': CMAKE_PREFIX_PATH=/opt/ros/humble /usr/bin/cmake /home/emmm/Desktop/scnu_rm/ROS2/task/hik_camera_ws/src/ros2_hik_camera -DCMAKE_INSTALL_PREFIX=/home/emmm/Desktop/scnu_rm/ROS2/task/hik_camera_ws/install/hik_camera
[0.074s] -- The C compiler identification is GNU 13.1.0
[0.115s] -- The CXX compiler identification is GNU 13.1.0
[0.121s] -- Detecting C compiler ABI info
[0.205s] -- Detecting C compiler ABI info - done
[0.220s] -- Check for working C compiler: /usr/bin/cc - skipped
[0.221s] -- Detecting C compile features
[0.221s] -- Detecting C compile features - done
[0.226s] -- Detecting CXX compiler ABI info
[0.312s] -- Detecting CXX compiler ABI info - done
[0.318s] -- Check for working CXX compiler: /usr/bin/c++ - skipped
[0.318s] -- Detecting CXX compile features
[0.318s] -- Detecting CXX compile features - done
[0.319s] -- Found ament_cmake_auto: 1.3.12 (/opt/ros/humble/share/ament_cmake_auto/cmake)
[0.458s] -- Found Python3: /usr/bin/python3 (found version "3.10.12") found components: Interpreter 
[0.582s] -- Found rosidl_generator_c: 3.1.7 (/opt/ros/humble/share/rosidl_generator_c/cmake)
[0.584s] -- Found rosidl_adapter: 3.1.7 (/opt/ros/humble/share/rosidl_adapter/cmake)
[0.589s] -- Found rosidl_generator_cpp: 3.1.7 (/opt/ros/humble/share/rosidl_generator_cpp/cmake)
[0.596s] -- Using all available rosidl_typesupport_c: rosidl_typesupport_fastrtps_c;rosidl_typesupport_introspection_c
[0.605s] -- Using all available rosidl_typesupport_cpp: rosidl_typesupport_fastrtps_cpp;rosidl_typesupport_introspection_cpp
[0.631s] -- Found rmw_implementation_cmake: 6.1.2 (/opt/ros/humble/share/rmw_implementation_cmake/cmake)
[0.632s] -- Found rmw_fastrtps_cpp: 6.2.9 (/opt/ros/humble/share/rmw_fastrtps_cpp/cmake)
[0.708s] -- Found OpenSSL: /usr/lib/x86_64-linux-gnu/libcrypto.so (found version "3.0.2")  
[0.747s] -- Found FastRTPS: /opt/ros/humble/include  
[0.804s] -- Using RMW implementation 'rmw_fastrtps_cpp' as default
[0.810s] -- Looking for pthread.h
[0.898s] -- Looking for pthread.h - found
[0.898s] -- Performing Test CMAKE_HAVE_LIBC_PTHREAD
[1.005s] -- Performing Test CMAKE_HAVE_LIBC_PTHREAD - Success
[1.007s] -- Found Threads: TRUE  
[1.117s] -- Found ament_lint_auto: 0.12.14 (/opt/ros/humble/share/ament_lint_auto/cmake)
[1.128s] -- Added test 'cppcheck' to perform static code analysis on C / C++ code
[1.128s] -- Configured cppcheck include dirs: /home/emmm/Desktop/scnu_rm/ROS2/task/hik_camera_ws/src/ros2_hik_camera/hikSDK/include
[1.128s] -- Configured cppcheck exclude dirs and/or files: 
[1.128s] -- Added test 'flake8' to check Python code syntax and style conventions
[1.129s] -- Added test 'lint_cmake' to check CMake code style
[1.130s] -- Added test 'pep257' to check Python code against some of the docstring style conventions in PEP 257
[1.130s] -- Added test 'xmllint' to check XML markup files
[1.131s] -- Configuring done
[1.139s] -- Generating done
[1.143s] -- Build files have been written to: /home/emmm/Desktop/scnu_rm/ROS2/task/hik_camera_ws/build/hik_camera
[1.150s] Invoked command in '/home/emmm/Desktop/scnu_rm/ROS2/task/hik_camera_ws/build/hik_camera' returned '0': CMAKE_PREFIX_PATH=/opt/ros/humble /usr/bin/cmake /home/emmm/Desktop/scnu_rm/ROS2/task/hik_camera_ws/src/ros2_hik_camera -DCMAKE_INSTALL_PREFIX=/home/emmm/Desktop/scnu_rm/ROS2/task/hik_camera_ws/install/hik_camera
[1.153s] Invoking command in '/home/emmm/Desktop/scnu_rm/ROS2/task/hik_camera_ws/build/hik_camera': CMAKE_PREFIX_PATH=/opt/ros/humble /usr/bin/cmake --build /home/emmm/Desktop/scnu_rm/ROS2/task/hik_camera_ws/build/hik_camera -- -j12 -l12
[1.210s] [ 25%] [32mBuilding CXX object CMakeFiles/hik_camera.dir/src/hik_camera_node.cpp.o[0m
[1.210s] [ 50%] [32mBuilding CXX object CMakeFiles/hik_camera_node.dir/rclcpp_components/node_main_hik_camera_node.cpp.o[0m
[2.912s] [ 75%] [32m[1mLinking CXX executable hik_camera_node[0m
[3.001s] [ 75%] Built target hik_camera_node
[3.059s] [100%] [32m[1mLinking CXX shared library libhik_camera.so[0m
[3.159s] [100%] Built target hik_camera
[3.176s] Invoked command in '/home/emmm/Desktop/scnu_rm/ROS2/task/hik_camera_ws/build/hik_camera' returned '0': CMAKE_PREFIX_PATH=/opt/ros/humble /usr/bin/cmake --build /home/emmm/Desktop/scnu_rm/ROS2/task/hik_camera_ws/build/hik_camera -- -j12 -l12
[3.186s] Invoking command in '/home/emmm/Desktop/scnu_rm/ROS2/task/hik_camera_ws/build/hik_camera': CMAKE_PREFIX_PATH=/opt/ros/humble /usr/bin/cmake --install /home/emmm/Desktop/scnu_rm/ROS2/task/hik_camera_ws/build/hik_camera
[3.197s] -- Install configuration: ""
[3.197s] -- Installing: /home/emmm/Desktop/scnu_rm/ROS2/task/hik_camera_ws/install/hik_camera/lib
[3.197s] -- Installing: /home/emmm/Desktop/scnu_rm/ROS2/task/hik_camera_ws/install/hik_camera/lib/libMediaProcess.so
[3.199s] -- Installing: /home/emmm/Desktop/scnu_rm/ROS2/task/hik_camera_ws/install/hik_camera/lib/libMvUsb3vTL.so
[3.203s] -- Installing: /home/emmm/Desktop/scnu_rm/ROS2/task/hik_camera_ws/install/hik_camera/lib/libMVRender.so
[3.203s] -- Installing: /home/emmm/Desktop/scnu_rm/ROS2/task/hik_camera_ws/install/hik_camera/lib/libFormatConversion.so
[3.203s] -- Installing: /home/emmm/Desktop/scnu_rm/ROS2/task/hik_camera_ws/install/hik_camera/lib/libMvCameraControl.so
[3.207s] -- Installing: /home/emmm/Desktop/scnu_rm/ROS2/task/hik_camera_ws/install/hik_camera/lib/hik_camera/hik_camera_node
[3.207s] -- Set runtime path of "/home/emmm/Desktop/scnu_rm/ROS2/task/hik_camera_ws/install/hik_camera/lib/hik_camera/hik_camera_node" to ""
[3.207s] -- Installing: /home/emmm/Desktop/scnu_rm/ROS2/task/hik_camera_ws/install/hik_camera/share/hik_camera/environment/library_path.sh
[3.207s] -- Installing: /home/emmm/Desktop/scnu_rm/ROS2/task/hik_camera_ws/install/hik_camera/share/hik_camera/environment/library_path.dsv
[3.207s] -- Installing: /home/emmm/Desktop/scnu_rm/ROS2/task/hik_camera_ws/install/hik_camera/lib/libhik_camera.so
[3.207s] -- Set runtime path of "/home/emmm/Desktop/scnu_rm/ROS2/task/hik_camera_ws/install/hik_camera/lib/libhik_camera.so" to ""
[3.207s] -- Installing: /home/emmm/Desktop/scnu_rm/ROS2/task/hik_camera_ws/install/hik_camera/share/hik_camera/config
[3.208s] -- Installing: /home/emmm/Desktop/scnu_rm/ROS2/task/hik_camera_ws/install/hik_camera/share/hik_camera/config/camera_params.yaml
[3.208s] -- Installing: /home/emmm/Desktop/scnu_rm/ROS2/task/hik_camera_ws/install/hik_camera/share/hik_camera/config/camera_info.yaml
[3.208s] -- Installing: /home/emmm/Desktop/scnu_rm/ROS2/task/hik_camera_ws/install/hik_camera/share/hik_camera/launch
[3.208s] -- Installing: /home/emmm/Desktop/scnu_rm/ROS2/task/hik_camera_ws/install/hik_camera/share/hik_camera/launch/hik_camera.launch.py
[3.208s] -- Installing: /home/emmm/Desktop/scnu_rm/ROS2/task/hik_camera_ws/install/hik_camera/share/ament_index/resource_index/package_run_dependencies/hik_camera
[3.208s] -- Installing: /home/emmm/Desktop/scnu_rm/ROS2/task/hik_camera_ws/install/hik_camera/share/ament_index/resource_index/parent_prefix_path/hik_camera
[3.208s] -- Installing: /home/emmm/Desktop/scnu_rm/ROS2/task/hik_camera_ws/install/hik_camera/share/hik_camera/environment/ament_prefix_path.sh
[3.208s] -- Installing: /home/emmm/Desktop/scnu_rm/ROS2/task/hik_camera_ws/install/hik_camera/share/hik_camera/environment/ament_prefix_path.dsv
[3.208s] -- Installing: /home/emmm/Desktop/scnu_rm/ROS2/task/hik_camera_ws/install/hik_camera/share/hik_camera/environment/path.sh
[3.208s] -- Installing: /home/emmm/Desktop/scnu_rm/ROS2/task/hik_camera_ws/install/hik_camera/share/hik_camera/environment/path.dsv
[3.208s] -- Installing: /home/emmm/Desktop/scnu_rm/ROS2/task/hik_camera_ws/install/hik_camera/share/hik_camera/local_setup.bash
[3.209s] -- Installing: /home/emmm/Desktop/scnu_rm/ROS2/task/hik_camera_ws/install/hik_camera/share/hik_camera/local_setup.sh
[3.209s] -- Installing: /home/emmm/Desktop/scnu_rm/ROS2/task/hik_camera_ws/install/hik_camera/share/hik_camera/local_setup.zsh
[3.209s] -- Installing: /home/emmm/Desktop/scnu_rm/ROS2/task/hik_camera_ws/install/hik_camera/share/hik_camera/local_setup.dsv
[3.209s] -- Installing: /home/emmm/Desktop/scnu_rm/ROS2/task/hik_camera_ws/install/hik_camera/share/hik_camera/package.dsv
[3.209s] -- Installing: /home/emmm/Desktop/scnu_rm/ROS2/task/hik_camera_ws/install/hik_camera/share/ament_index/resource_index/packages/hik_camera
[3.209s] -- Installing: /home/emmm/Desktop/scnu_rm/ROS2/task/hik_camera_ws/install/hik_camera/share/ament_index/resource_index/rclcpp_components/hik_camera
[3.209s] -- Installing: /home/emmm/Desktop/scnu_rm/ROS2/task/hik_camera_ws/install/hik_camera/share/hik_camera/cmake/ament_cmake_export_dependencies-extras.cmake
[3.209s] -- Installing: /home/emmm/Desktop/scnu_rm/ROS2/task/hik_camera_ws/install/hik_camera/share/hik_camera/cmake/ament_cmake_export_libraries-extras.cmake
[3.209s] -- Installing: /home/emmm/Desktop/scnu_rm/ROS2/task/hik_camera_ws/install/hik_camera/share/hik_camera/cmake/hik_cameraConfig.cmake
[3.209s] -- Installing: /home/emmm/Desktop/scnu_rm/ROS2/task/hik_camera_ws/install/hik_camera/share/hik_camera/cmake/hik_cameraConfig-version.cmake
[3.209s] -- Installing: /home/emmm/Desktop/scnu_rm/ROS2/task/hik_camera_ws/install/hik_camera/share/hik_camera/package.xml
[3.210s] Invoked command in '/home/emmm/Desktop/scnu_rm/ROS2/task/hik_camera_ws/build/hik_camera' returned '0': CMAKE_PREFIX_PATH=/opt/ros/humble /usr/bin/cmake --install /home/emmm/Desktop/scnu_rm/ROS2/task/hik_camera_ws/build/hik_camera
