[35m[1mConsolidate compiler generated dependencies of target topic_publisher[0m
[35m[1mConsolidate compiler generated dependencies of target topic_subscribe[0m
[ 25%] [32mBuilding CXX object CMakeFiles/topic_publisher.dir/src/topic_publisher.cpp.o[0m
[ 50%] [32mBuilding CXX object CMakeFiles/topic_subscribe.dir/src/topic_subscribe.cpp.o[0m
[ 75%] [32m[1mLinking CXX executable topic_publisher[0m
[ 75%] Built target topic_publisher
[100%] [32m[1mLinking CXX executable topic_subscribe[0m
[100%] Built target topic_subscribe
-- Install configuration: ""
-- Installing: /home/emmm/Desktop/scnu_rm/ROS2/task/topic_ws/install/example_topic/lib/example_topic/topic_publisher
-- Set runtime path of "/home/emmm/Desktop/scnu_rm/ROS2/task/topic_ws/install/example_topic/lib/example_topic/topic_publisher" to ""
-- Installing: /home/emmm/Desktop/scnu_rm/ROS2/task/topic_ws/install/example_topic/lib/example_topic/topic_subscribe
-- Set runtime path of "/home/emmm/Desktop/scnu_rm/ROS2/task/topic_ws/install/example_topic/lib/example_topic/topic_subscribe" to ""
-- Up-to-date: /home/emmm/Desktop/scnu_rm/ROS2/task/topic_ws/install/example_topic/share/ament_index/resource_index/package_run_dependencies/example_topic
-- Up-to-date: /home/emmm/Desktop/scnu_rm/ROS2/task/topic_ws/install/example_topic/share/ament_index/resource_index/parent_prefix_path/example_topic
-- Up-to-date: /home/emmm/Desktop/scnu_rm/ROS2/task/topic_ws/install/example_topic/share/example_topic/environment/ament_prefix_path.sh
-- Up-to-date: /home/emmm/Desktop/scnu_rm/ROS2/task/topic_ws/install/example_topic/share/example_topic/environment/ament_prefix_path.dsv
-- Up-to-date: /home/emmm/Desktop/scnu_rm/ROS2/task/topic_ws/install/example_topic/share/example_topic/environment/path.sh
-- Up-to-date: /home/emmm/Desktop/scnu_rm/ROS2/task/topic_ws/install/example_topic/share/example_topic/environment/path.dsv
-- Up-to-date: /home/emmm/Desktop/scnu_rm/ROS2/task/topic_ws/install/example_topic/share/example_topic/local_setup.bash
-- Up-to-date: /home/emmm/Desktop/scnu_rm/ROS2/task/topic_ws/install/example_topic/share/example_topic/local_setup.sh
-- Up-to-date: /home/emmm/Desktop/scnu_rm/ROS2/task/topic_ws/install/example_topic/share/example_topic/local_setup.zsh
-- Up-to-date: /home/emmm/Desktop/scnu_rm/ROS2/task/topic_ws/install/example_topic/share/example_topic/local_setup.dsv
-- Installing: /home/emmm/Desktop/scnu_rm/ROS2/task/topic_ws/install/example_topic/share/example_topic/package.dsv
-- Up-to-date: /home/emmm/Desktop/scnu_rm/ROS2/task/topic_ws/install/example_topic/share/ament_index/resource_index/packages/example_topic
-- Up-to-date: /home/emmm/Desktop/scnu_rm/ROS2/task/topic_ws/install/example_topic/share/example_topic/cmake/example_topicConfig.cmake
-- Up-to-date: /home/emmm/Desktop/scnu_rm/ROS2/task/topic_ws/install/example_topic/share/example_topic/cmake/example_topicConfig-version.cmake
-- Up-to-date: /home/emmm/Desktop/scnu_rm/ROS2/task/topic_ws/install/example_topic/share/example_topic/package.xml
