[0.016s] Invoking command in '/home/emmm/Desktop/ROS2/fishros/chapter2/session3_ws/build/demo_cpp_pkg': CMAKE_PREFIX_PATH=/opt/ros/humble /usr/bin/cmake /home/emmm/Desktop/ROS2/fishros/chapter2/session3_ws/src/demo_cpp_pkg -DCMAKE_INSTALL_PREFIX=/home/emmm/Desktop/ROS2/fishros/chapter2/session3_ws/install/demo_cpp_pkg
[0.258s] -- The C compiler identification is GNU 11.4.0
[0.431s] -- The CXX compiler identification is GNU 11.4.0
[0.454s] -- Detecting C compiler ABI info
[0.547s] -- Detecting C compiler ABI info - done
[0.548s] -- Check for working C compiler: /usr/bin/cc - skipped
[0.549s] -- Detecting C compile features
[0.551s] -- Detecting C compile features - done
[0.556s] -- Detecting CXX compiler ABI info
[0.654s] -- Detecting CXX compiler ABI info - done
[0.659s] -- Check for working CXX compiler: /usr/bin/c++ - skipped
[0.659s] -- Detecting CXX compile features
[0.660s] -- Detecting CXX compile features - done
[0.678s] -- Found ament_cmake: 1.3.12 (/opt/ros/humble/share/ament_cmake/cmake)
[0.824s] -- Found Python3: /usr/bin/python3 (found version "3.10.12") found components: Interpreter 
[0.962s] -- Found rclcpp: 16.0.15 (/opt/ros/humble/share/rclcpp/cmake)
[1.055s] -- Found rosidl_generator_c: 3.1.7 (/opt/ros/humble/share/rosidl_generator_c/cmake)
[1.063s] -- Found rosidl_adapter: 3.1.7 (/opt/ros/humble/share/rosidl_adapter/cmake)
[1.077s] -- Found rosidl_generator_cpp: 3.1.7 (/opt/ros/humble/share/rosidl_generator_cpp/cmake)
[1.103s] -- Using all available rosidl_typesupport_c: rosidl_typesupport_fastrtps_c;rosidl_typesupport_introspection_c
[1.134s] -- Using all available rosidl_typesupport_cpp: rosidl_typesupport_fastrtps_cpp;rosidl_typesupport_introspection_cpp
[1.214s] -- Found rmw_implementation_cmake: 6.1.2 (/opt/ros/humble/share/rmw_implementation_cmake/cmake)
[1.218s] -- Found rmw_fastrtps_cpp: 6.2.8 (/opt/ros/humble/share/rmw_fastrtps_cpp/cmake)
[1.364s] -- Found OpenSSL: /usr/lib/x86_64-linux-gnu/libcrypto.so (found version "3.0.2")  
[1.387s] -- Found FastRTPS: /opt/ros/humble/include  
[1.421s] -- Using RMW implementation 'rmw_fastrtps_cpp' as default
[1.442s] -- Looking for pthread.h
[1.519s] -- Looking for pthread.h - found
[1.521s] -- Performing Test CMAKE_HAVE_LIBC_PTHREAD
[1.605s] -- Performing Test CMAKE_HAVE_LIBC_PTHREAD - Success
[1.606s] -- Found Threads: TRUE  
[1.698s] -- Found ament_lint_auto: 0.12.14 (/opt/ros/humble/share/ament_lint_auto/cmake)
[1.784s] -- Added test 'cppcheck' to perform static code analysis on C / C++ code
[1.784s] -- Configured cppcheck include dirs: 
[1.784s] -- Configured cppcheck exclude dirs and/or files: 
[1.786s] -- Added test 'lint_cmake' to check CMake code style
[1.787s] -- Added test 'uncrustify' to check C / C++ code style
[1.787s] -- Configured uncrustify additional arguments: 
[1.788s] -- Added test 'xmllint' to check XML markup files
[1.790s] -- Configuring done
[1.801s] -- Generating done
[1.804s] -- Build files have been written to: /home/emmm/Desktop/ROS2/fishros/chapter2/session3_ws/build/demo_cpp_pkg
[1.814s] Invoked command in '/home/emmm/Desktop/ROS2/fishros/chapter2/session3_ws/build/demo_cpp_pkg' returned '0': CMAKE_PREFIX_PATH=/opt/ros/humble /usr/bin/cmake /home/emmm/Desktop/ROS2/fishros/chapter2/session3_ws/src/demo_cpp_pkg -DCMAKE_INSTALL_PREFIX=/home/emmm/Desktop/ROS2/fishros/chapter2/session3_ws/install/demo_cpp_pkg
[1.814s] Invoking command in '/home/emmm/Desktop/ROS2/fishros/chapter2/session3_ws/build/demo_cpp_pkg': CMAKE_PREFIX_PATH=/opt/ros/humble /usr/bin/cmake --build /home/emmm/Desktop/ROS2/fishros/chapter2/session3_ws/build/demo_cpp_pkg -- -j4 -l4
[1.873s] [ 50%] [32mBuilding CXX object CMakeFiles/cpp_node.dir/src/cpp_node.cpp.o[0m
[4.208s] [100%] [32m[1mLinking CXX executable cpp_node[0m
[4.428s] [100%] Built target cpp_node
[4.452s] Invoked command in '/home/emmm/Desktop/ROS2/fishros/chapter2/session3_ws/build/demo_cpp_pkg' returned '0': CMAKE_PREFIX_PATH=/opt/ros/humble /usr/bin/cmake --build /home/emmm/Desktop/ROS2/fishros/chapter2/session3_ws/build/demo_cpp_pkg -- -j4 -l4
[4.465s] Invoking command in '/home/emmm/Desktop/ROS2/fishros/chapter2/session3_ws/build/demo_cpp_pkg': CMAKE_PREFIX_PATH=/opt/ros/humble /usr/bin/cmake --install /home/emmm/Desktop/ROS2/fishros/chapter2/session3_ws/build/demo_cpp_pkg
[4.479s] -- Install configuration: ""
[4.482s] -- Installing: /home/emmm/Desktop/ROS2/fishros/chapter2/session3_ws/install/demo_cpp_pkg/lib/demo_cpp_pkg/cpp_node
[4.482s] -- Set runtime path of "/home/emmm/Desktop/ROS2/fishros/chapter2/session3_ws/install/demo_cpp_pkg/lib/demo_cpp_pkg/cpp_node" to ""
[4.483s] -- Installing: /home/emmm/Desktop/ROS2/fishros/chapter2/session3_ws/install/demo_cpp_pkg/share/ament_index/resource_index/package_run_dependencies/demo_cpp_pkg
[4.484s] -- Installing: /home/emmm/Desktop/ROS2/fishros/chapter2/session3_ws/install/demo_cpp_pkg/share/ament_index/resource_index/parent_prefix_path/demo_cpp_pkg
[4.485s] -- Installing: /home/emmm/Desktop/ROS2/fishros/chapter2/session3_ws/install/demo_cpp_pkg/share/demo_cpp_pkg/environment/ament_prefix_path.sh
[4.485s] -- Installing: /home/emmm/Desktop/ROS2/fishros/chapter2/session3_ws/install/demo_cpp_pkg/share/demo_cpp_pkg/environment/ament_prefix_path.dsv
[4.485s] -- Installing: /home/emmm/Desktop/ROS2/fishros/chapter2/session3_ws/install/demo_cpp_pkg/share/demo_cpp_pkg/environment/path.sh
[4.485s] -- Installing: /home/emmm/Desktop/ROS2/fishros/chapter2/session3_ws/install/demo_cpp_pkg/share/demo_cpp_pkg/environment/path.dsv
[4.486s] -- Installing: /home/emmm/Desktop/ROS2/fishros/chapter2/session3_ws/install/demo_cpp_pkg/share/demo_cpp_pkg/local_setup.bash
[4.486s] -- Installing: /home/emmm/Desktop/ROS2/fishros/chapter2/session3_ws/install/demo_cpp_pkg/share/demo_cpp_pkg/local_setup.sh
[4.486s] -- Installing: /home/emmm/Desktop/ROS2/fishros/chapter2/session3_ws/install/demo_cpp_pkg/share/demo_cpp_pkg/local_setup.zsh
[4.486s] -- Installing: /home/emmm/Desktop/ROS2/fishros/chapter2/session3_ws/install/demo_cpp_pkg/share/demo_cpp_pkg/local_setup.dsv
[4.486s] -- Installing: /home/emmm/Desktop/ROS2/fishros/chapter2/session3_ws/install/demo_cpp_pkg/share/demo_cpp_pkg/package.dsv
[4.486s] -- Installing: /home/emmm/Desktop/ROS2/fishros/chapter2/session3_ws/install/demo_cpp_pkg/share/ament_index/resource_index/packages/demo_cpp_pkg
[4.487s] -- Installing: /home/emmm/Desktop/ROS2/fishros/chapter2/session3_ws/install/demo_cpp_pkg/share/demo_cpp_pkg/cmake/demo_cpp_pkgConfig.cmake
[4.488s] -- Installing: /home/emmm/Desktop/ROS2/fishros/chapter2/session3_ws/install/demo_cpp_pkg/share/demo_cpp_pkg/cmake/demo_cpp_pkgConfig-version.cmake
[4.488s] -- Installing: /home/emmm/Desktop/ROS2/fishros/chapter2/session3_ws/install/demo_cpp_pkg/share/demo_cpp_pkg/package.xml
[4.490s] Invoked command in '/home/emmm/Desktop/ROS2/fishros/chapter2/session3_ws/build/demo_cpp_pkg' returned '0': CMAKE_PREFIX_PATH=/opt/ros/humble /usr/bin/cmake --install /home/emmm/Desktop/ROS2/fishros/chapter2/session3_ws/build/demo_cpp_pkg
