[35m[1mConsolidate compiler generated dependencies of target turtle_control[0m
[ 50%] [32mBuilding CXX object CMakeFiles/turtle_control.dir/src/turtle_control.cpp.o[0m
[100%] [32m[1mLinking CXX executable turtle_control[0m
[100%] Built target turtle_control
-- Install configuration: ""
-- Installing: /home/emmm/Desktop/scnu_rm/ROS2/learn/chapter4/service_ws/install/demo_service/lib/demo_service/turtle_control
-- Set runtime path of "/home/emmm/Desktop/scnu_rm/ROS2/learn/chapter4/service_ws/install/demo_service/lib/demo_service/turtle_control" to ""
-- Installing: /home/emmm/Desktop/scnu_rm/ROS2/learn/chapter4/service_ws/install/demo_service/share/ament_index/resource_index/package_run_dependencies/demo_service
-- Installing: /home/emmm/Desktop/scnu_rm/ROS2/learn/chapter4/service_ws/install/demo_service/share/ament_index/resource_index/parent_prefix_path/demo_service
-- Installing: /home/emmm/Desktop/scnu_rm/ROS2/learn/chapter4/service_ws/install/demo_service/share/demo_service/environment/ament_prefix_path.sh
-- Installing: /home/emmm/Desktop/scnu_rm/ROS2/learn/chapter4/service_ws/install/demo_service/share/demo_service/environment/ament_prefix_path.dsv
-- Installing: /home/emmm/Desktop/scnu_rm/ROS2/learn/chapter4/service_ws/install/demo_service/share/demo_service/environment/path.sh
-- Installing: /home/emmm/Desktop/scnu_rm/ROS2/learn/chapter4/service_ws/install/demo_service/share/demo_service/environment/path.dsv
-- Installing: /home/emmm/Desktop/scnu_rm/ROS2/learn/chapter4/service_ws/install/demo_service/share/demo_service/local_setup.bash
-- Installing: /home/emmm/Desktop/scnu_rm/ROS2/learn/chapter4/service_ws/install/demo_service/share/demo_service/local_setup.sh
-- Installing: /home/emmm/Desktop/scnu_rm/ROS2/learn/chapter4/service_ws/install/demo_service/share/demo_service/local_setup.zsh
-- Installing: /home/emmm/Desktop/scnu_rm/ROS2/learn/chapter4/service_ws/install/demo_service/share/demo_service/local_setup.dsv
-- Installing: /home/emmm/Desktop/scnu_rm/ROS2/learn/chapter4/service_ws/install/demo_service/share/demo_service/package.dsv
-- Installing: /home/emmm/Desktop/scnu_rm/ROS2/learn/chapter4/service_ws/install/demo_service/share/ament_index/resource_index/packages/demo_service
-- Installing: /home/emmm/Desktop/scnu_rm/ROS2/learn/chapter4/service_ws/install/demo_service/share/demo_service/cmake/demo_serviceConfig.cmake
-- Installing: /home/emmm/Desktop/scnu_rm/ROS2/learn/chapter4/service_ws/install/demo_service/share/demo_service/cmake/demo_serviceConfig-version.cmake
-- Installing: /home/emmm/Desktop/scnu_rm/ROS2/learn/chapter4/service_ws/install/demo_service/share/demo_service/package.xml
