[0.010s] Invoking command in '/home/emmm/Desktop/scnu_rm/ROS2/learn/chapter4/service_ws/build/demo_service': AMENT_PREFIX_PATH=/home/emmm/Desktop/scnu_rm/ROS2/learn/chapter4/service_ws/install/service_interfaces:${AMENT_PREFIX_PATH} CMAKE_PREFIX_PATH=/home/emmm/Desktop/scnu_rm/ROS2/learn/chapter4/service_ws/install/service_interfaces:/opt/ros/humble LD_LIBRARY_PATH=/home/emmm/Desktop/scnu_rm/ROS2/learn/chapter4/service_ws/install/service_interfaces/lib:${LD_LIBRARY_PATH} PYTHONPATH=/home/emmm/Desktop/scnu_rm/ROS2/learn/chapter4/service_ws/install/service_interfaces/local/lib/python3.10/dist-packages:${PYTHONPATH} /usr/bin/cmake --build /home/emmm/Desktop/scnu_rm/ROS2/learn/chapter4/service_ws/build/demo_service -- -j12 -l12
[0.057s] [35m[1mConsolidate compiler generated dependencies of target turtle_control[0m
[0.081s] [ 50%] [32mBuilding CXX object CMakeFiles/turtle_control.dir/src/turtle_control.cpp.o[0m
[5.349s] [100%] [32m[1mLinking CXX executable turtle_control[0m
[5.683s] [100%] Built target turtle_control
[5.698s] Invoked command in '/home/emmm/Desktop/scnu_rm/ROS2/learn/chapter4/service_ws/build/demo_service' returned '0': AMENT_PREFIX_PATH=/home/emmm/Desktop/scnu_rm/ROS2/learn/chapter4/service_ws/install/service_interfaces:${AMENT_PREFIX_PATH} CMAKE_PREFIX_PATH=/home/emmm/Desktop/scnu_rm/ROS2/learn/chapter4/service_ws/install/service_interfaces:/opt/ros/humble LD_LIBRARY_PATH=/home/emmm/Desktop/scnu_rm/ROS2/learn/chapter4/service_ws/install/service_interfaces/lib:${LD_LIBRARY_PATH} PYTHONPATH=/home/emmm/Desktop/scnu_rm/ROS2/learn/chapter4/service_ws/install/service_interfaces/local/lib/python3.10/dist-packages:${PYTHONPATH} /usr/bin/cmake --build /home/emmm/Desktop/scnu_rm/ROS2/learn/chapter4/service_ws/build/demo_service -- -j12 -l12
[5.700s] Invoking command in '/home/emmm/Desktop/scnu_rm/ROS2/learn/chapter4/service_ws/build/demo_service': AMENT_PREFIX_PATH=/home/emmm/Desktop/scnu_rm/ROS2/learn/chapter4/service_ws/install/service_interfaces:${AMENT_PREFIX_PATH} CMAKE_PREFIX_PATH=/home/emmm/Desktop/scnu_rm/ROS2/learn/chapter4/service_ws/install/service_interfaces:/opt/ros/humble LD_LIBRARY_PATH=/home/emmm/Desktop/scnu_rm/ROS2/learn/chapter4/service_ws/install/service_interfaces/lib:${LD_LIBRARY_PATH} PYTHONPATH=/home/emmm/Desktop/scnu_rm/ROS2/learn/chapter4/service_ws/install/service_interfaces/local/lib/python3.10/dist-packages:${PYTHONPATH} /usr/bin/cmake --install /home/emmm/Desktop/scnu_rm/ROS2/learn/chapter4/service_ws/build/demo_service
[5.715s] -- Install configuration: ""
[5.716s] -- Installing: /home/emmm/Desktop/scnu_rm/ROS2/learn/chapter4/service_ws/install/demo_service/lib/demo_service/turtle_control
[5.719s] -- Set runtime path of "/home/emmm/Desktop/scnu_rm/ROS2/learn/chapter4/service_ws/install/demo_service/lib/demo_service/turtle_control" to ""
[5.719s] -- Installing: /home/emmm/Desktop/scnu_rm/ROS2/learn/chapter4/service_ws/install/demo_service/share/ament_index/resource_index/package_run_dependencies/demo_service
[5.719s] -- Installing: /home/emmm/Desktop/scnu_rm/ROS2/learn/chapter4/service_ws/install/demo_service/share/ament_index/resource_index/parent_prefix_path/demo_service
[5.720s] -- Installing: /home/emmm/Desktop/scnu_rm/ROS2/learn/chapter4/service_ws/install/demo_service/share/demo_service/environment/ament_prefix_path.sh
[5.720s] -- Installing: /home/emmm/Desktop/scnu_rm/ROS2/learn/chapter4/service_ws/install/demo_service/share/demo_service/environment/ament_prefix_path.dsv
[5.720s] -- Installing: /home/emmm/Desktop/scnu_rm/ROS2/learn/chapter4/service_ws/install/demo_service/share/demo_service/environment/path.sh
[5.720s] -- Installing: /home/emmm/Desktop/scnu_rm/ROS2/learn/chapter4/service_ws/install/demo_service/share/demo_service/environment/path.dsv
[5.720s] -- Installing: /home/emmm/Desktop/scnu_rm/ROS2/learn/chapter4/service_ws/install/demo_service/share/demo_service/local_setup.bash
[5.720s] -- Installing: /home/emmm/Desktop/scnu_rm/ROS2/learn/chapter4/service_ws/install/demo_service/share/demo_service/local_setup.sh
[5.721s] -- Installing: /home/emmm/Desktop/scnu_rm/ROS2/learn/chapter4/service_ws/install/demo_service/share/demo_service/local_setup.zsh
[5.721s] -- Installing: /home/emmm/Desktop/scnu_rm/ROS2/learn/chapter4/service_ws/install/demo_service/share/demo_service/local_setup.dsv
[5.721s] -- Installing: /home/emmm/Desktop/scnu_rm/ROS2/learn/chapter4/service_ws/install/demo_service/share/demo_service/package.dsv
[5.721s] -- Installing: /home/emmm/Desktop/scnu_rm/ROS2/learn/chapter4/service_ws/install/demo_service/share/ament_index/resource_index/packages/demo_service
[5.721s] -- Installing: /home/emmm/Desktop/scnu_rm/ROS2/learn/chapter4/service_ws/install/demo_service/share/demo_service/cmake/demo_serviceConfig.cmake
[5.721s] -- Installing: /home/emmm/Desktop/scnu_rm/ROS2/learn/chapter4/service_ws/install/demo_service/share/demo_service/cmake/demo_serviceConfig-version.cmake
[5.721s] -- Installing: /home/emmm/Desktop/scnu_rm/ROS2/learn/chapter4/service_ws/install/demo_service/share/demo_service/package.xml
[5.723s] Invoked command in '/home/emmm/Desktop/scnu_rm/ROS2/learn/chapter4/service_ws/build/demo_service' returned '0': AMENT_PREFIX_PATH=/home/emmm/Desktop/scnu_rm/ROS2/learn/chapter4/service_ws/install/service_interfaces:${AMENT_PREFIX_PATH} CMAKE_PREFIX_PATH=/home/emmm/Desktop/scnu_rm/ROS2/learn/chapter4/service_ws/install/service_interfaces:/opt/ros/humble LD_LIBRARY_PATH=/home/emmm/Desktop/scnu_rm/ROS2/learn/chapter4/service_ws/install/service_interfaces/lib:${LD_LIBRARY_PATH} PYTHONPATH=/home/emmm/Desktop/scnu_rm/ROS2/learn/chapter4/service_ws/install/service_interfaces/local/lib/python3.10/dist-packages:${PYTHONPATH} /usr/bin/cmake --install /home/emmm/Desktop/scnu_rm/ROS2/learn/chapter4/service_ws/build/demo_service
