[0.027s] Invoking command in '/home/emmm/Desktop/ROS2/fishros/chapter2/session3_ws/build/demo_cpp_pkg': CMAKE_PREFIX_PATH=${CMAKE_PREFIX_PATH}:/opt/ros/humble /usr/bin/cmake --build /home/emmm/Desktop/ROS2/fishros/chapter2/session3_ws/build/demo_cpp_pkg -- -j4 -l4
[0.204s] [35m[1mConsolidate compiler generated dependencies of target cpp_node[0m
[0.230s] [ 50%] [32mBuilding CXX object CMakeFiles/cpp_node.dir/src/cpp_node.cpp.o[0m
[2.817s] [100%] [32m[1mLinking CXX executable cpp_node[0m
[3.021s] [100%] Built target cpp_node
[3.035s] Invoked command in '/home/emmm/Desktop/ROS2/fishros/chapter2/session3_ws/build/demo_cpp_pkg' returned '0': CMAKE_PREFIX_PATH=${CMAKE_PREFIX_PATH}:/opt/ros/humble /usr/bin/cmake --build /home/emmm/Desktop/ROS2/fishros/chapter2/session3_ws/build/demo_cpp_pkg -- -j4 -l4
[3.053s] Invoking command in '/home/emmm/Desktop/ROS2/fishros/chapter2/session3_ws/build/demo_cpp_pkg': CMAKE_PREFIX_PATH=${CMAKE_PREFIX_PATH}:/opt/ros/humble /usr/bin/cmake --install /home/emmm/Desktop/ROS2/fishros/chapter2/session3_ws/build/demo_cpp_pkg
[3.060s] -- Install configuration: ""
[3.064s] -- Installing: /home/emmm/Desktop/ROS2/fishros/chapter2/session3_ws/install/demo_cpp_pkg/lib/demo_cpp_pkg/cpp_node
[3.064s] -- Set runtime path of "/home/emmm/Desktop/ROS2/fishros/chapter2/session3_ws/install/demo_cpp_pkg/lib/demo_cpp_pkg/cpp_node" to ""
[3.065s] -- Up-to-date: /home/emmm/Desktop/ROS2/fishros/chapter2/session3_ws/install/demo_cpp_pkg/share/ament_index/resource_index/package_run_dependencies/demo_cpp_pkg
[3.065s] -- Up-to-date: /home/emmm/Desktop/ROS2/fishros/chapter2/session3_ws/install/demo_cpp_pkg/share/ament_index/resource_index/parent_prefix_path/demo_cpp_pkg
[3.066s] -- Up-to-date: /home/emmm/Desktop/ROS2/fishros/chapter2/session3_ws/install/demo_cpp_pkg/share/demo_cpp_pkg/environment/ament_prefix_path.sh
[3.067s] -- Up-to-date: /home/emmm/Desktop/ROS2/fishros/chapter2/session3_ws/install/demo_cpp_pkg/share/demo_cpp_pkg/environment/ament_prefix_path.dsv
[3.067s] -- Up-to-date: /home/emmm/Desktop/ROS2/fishros/chapter2/session3_ws/install/demo_cpp_pkg/share/demo_cpp_pkg/environment/path.sh
[3.067s] -- Up-to-date: /home/emmm/Desktop/ROS2/fishros/chapter2/session3_ws/install/demo_cpp_pkg/share/demo_cpp_pkg/environment/path.dsv
[3.067s] -- Up-to-date: /home/emmm/Desktop/ROS2/fishros/chapter2/session3_ws/install/demo_cpp_pkg/share/demo_cpp_pkg/local_setup.bash
[3.067s] -- Up-to-date: /home/emmm/Desktop/ROS2/fishros/chapter2/session3_ws/install/demo_cpp_pkg/share/demo_cpp_pkg/local_setup.sh
[3.067s] -- Up-to-date: /home/emmm/Desktop/ROS2/fishros/chapter2/session3_ws/install/demo_cpp_pkg/share/demo_cpp_pkg/local_setup.zsh
[3.067s] -- Up-to-date: /home/emmm/Desktop/ROS2/fishros/chapter2/session3_ws/install/demo_cpp_pkg/share/demo_cpp_pkg/local_setup.dsv
[3.067s] -- Installing: /home/emmm/Desktop/ROS2/fishros/chapter2/session3_ws/install/demo_cpp_pkg/share/demo_cpp_pkg/package.dsv
[3.068s] -- Up-to-date: /home/emmm/Desktop/ROS2/fishros/chapter2/session3_ws/install/demo_cpp_pkg/share/ament_index/resource_index/packages/demo_cpp_pkg
[3.069s] -- Up-to-date: /home/emmm/Desktop/ROS2/fishros/chapter2/session3_ws/install/demo_cpp_pkg/share/demo_cpp_pkg/cmake/demo_cpp_pkgConfig.cmake
[3.069s] -- Up-to-date: /home/emmm/Desktop/ROS2/fishros/chapter2/session3_ws/install/demo_cpp_pkg/share/demo_cpp_pkg/cmake/demo_cpp_pkgConfig-version.cmake
[3.069s] -- Up-to-date: /home/emmm/Desktop/ROS2/fishros/chapter2/session3_ws/install/demo_cpp_pkg/share/demo_cpp_pkg/package.xml
[3.071s] Invoked command in '/home/emmm/Desktop/ROS2/fishros/chapter2/session3_ws/build/demo_cpp_pkg' returned '0': CMAKE_PREFIX_PATH=${CMAKE_PREFIX_PATH}:/opt/ros/humble /usr/bin/cmake --install /home/emmm/Desktop/ROS2/fishros/chapter2/session3_ws/build/demo_cpp_pkg
