[0.008s] Invoking command in '/home/emmm/Desktop/scnu_rm/ROS2/task/livox_ws/build/livox_ros_driver2': CMAKE_PREFIX_PATH=/opt/ros/humble /usr/bin/cmake /home/emmm/Desktop/scnu_rm/ROS2/task/livox_ws/src/livox_ros_driver2 -DCMAKE_INSTALL_PREFIX=/home/emmm/Desktop/scnu_rm/ROS2/task/livox_ws/install/livox_ros_driver2
[0.019s] -- livox_ros_driver2 version: 1.2.4
[0.019s] -- Found ament_cmake_auto: 1.3.12 (/opt/ros/humble/share/ament_cmake_auto/cmake)
[0.144s] -- Override CMake install command with custom implementation using symlinks instead of copying resources
[0.200s] -- Using all available rosidl_typesupport_c: rosidl_typesupport_fastrtps_c;rosidl_typesupport_introspection_c
[0.203s] -- Found rosidl_adapter: 3.1.7 (/opt/ros/humble/share/rosidl_adapter/cmake)
[0.229s] -- Using all available rosidl_typesupport_cpp: rosidl_typesupport_fastrtps_cpp;rosidl_typesupport_introspection_cpp
[0.268s] -- Found rmw_implementation_cmake: 6.1.2 (/opt/ros/humble/share/rmw_implementation_cmake/cmake)
[0.269s] -- Found rmw_fastrtps_cpp: 6.2.9 (/opt/ros/humble/share/rmw_fastrtps_cpp/cmake)
[0.332s] -- Using RMW implementation 'rmw_fastrtps_cpp' as default
[0.420s] -- Eigen found (include: /usr/include/eigen3, version: 3.4.0)
[0.442s] -- FLANN found (include: /usr/include, lib: /usr/lib/x86_64-linux-gnu/libflann_cpp.so)
[0.694s] -- OpenNI found (version: 1.5.4.0, include: /usr/include/ni, lib: /usr/lib/libOpenNI.so;libusb::libusb)
[0.700s] -- OpenNI2 found (version: 2.2.0.33, include: /usr/include/openni2, lib: /usr/lib/x86_64-linux-gnu/libOpenNI2.so;libusb::libusb)
[0.827s] -- Eigen found (include: /usr/include/eigen3, version: 3.4.0)
[0.835s] -- OpenNI found (version: 1.5.4.0, include: /usr/include/ni, lib: /usr/lib/libOpenNI.so;libusb::libusb)
[0.843s] -- OpenNI2 found (version: 2.2.0.33, include: /usr/include/openni2, lib: /usr/lib/x86_64-linux-gnu/libOpenNI2.so;libusb::libusb)
[0.967s] -- Found Qhull version 8.0.2
[1.072s] -- OpenNI found (version: 1.5.4.0, include: /usr/include/ni, lib: /usr/lib/libOpenNI.so;libusb::libusb)
[1.209s] -- Checking for module 'apr-1'
[1.213s] --   No package 'apr-1' found
[1.415s] -- Found ament_cmake_ros: 0.10.0 (/opt/ros/humble/share/ament_cmake_ros/cmake)
[1.580s] -- Using all available rosidl_typesupport_c: rosidl_typesupport_fastrtps_c;rosidl_typesupport_introspection_c
[1.808s] -- Using all available rosidl_typesupport_cpp: rosidl_typesupport_fastrtps_cpp;rosidl_typesupport_introspection_cpp
[1.830s] -- Found python_cmake_module: 0.10.0 (/opt/ros/humble/share/python_cmake_module/cmake)
[1.849s] -- Using PYTHON_EXECUTABLE: /usr/bin/python3
[1.849s] -- Using PYTHON_INCLUDE_DIRS: /usr/include/python3.10
[1.849s] -- Using PYTHON_LIBRARIES: /usr/lib/x86_64-linux-gnu/libpython3.10.so
[1.875s] -- Found ament_lint_auto: 0.12.14 (/opt/ros/humble/share/ament_lint_auto/cmake)
[1.883s] -- Added test 'copyright' to check source files copyright and LICENSE
[1.887s] -- Added test 'cppcheck' to perform static code analysis on C / C++ code
[1.887s] -- Configured cppcheck include dirs: /home/emmm/Desktop/scnu_rm/ROS2/task/livox_ws/src/livox_ros_driver2/3rdparty;/home/emmm/Desktop/scnu_rm/ROS2/task/livox_ws/src/livox_ros_driver2/src
[1.887s] -- Configured cppcheck exclude dirs and/or files: 
[1.890s] -- Added test 'cpplint' to check C / C++ code against the Google style
[1.890s] -- Configured cpplint exclude dirs and/or files: 
[1.891s] -- Added test 'flake8' to check Python code syntax and style conventions
[1.892s] -- Added test 'lint_cmake' to check CMake code style
[1.892s] -- Added test 'pep257' to check Python code against some of the docstring style conventions in PEP 257
[1.895s] -- Added test 'uncrustify' to check C / C++ code style
[1.895s] -- Configured uncrustify additional arguments: 
[1.895s] -- Added test 'xmllint' to check XML markup files
[1.897s] -- Configuring done
[1.945s] -- Generating done
[1.958s] -- Build files have been written to: /home/emmm/Desktop/scnu_rm/ROS2/task/livox_ws/build/livox_ros_driver2
[1.970s] Invoked command in '/home/emmm/Desktop/scnu_rm/ROS2/task/livox_ws/build/livox_ros_driver2' returned '0': CMAKE_PREFIX_PATH=/opt/ros/humble /usr/bin/cmake /home/emmm/Desktop/scnu_rm/ROS2/task/livox_ws/src/livox_ros_driver2 -DCMAKE_INSTALL_PREFIX=/home/emmm/Desktop/scnu_rm/ROS2/task/livox_ws/install/livox_ros_driver2
[1.972s] Invoking command in '/home/emmm/Desktop/scnu_rm/ROS2/task/livox_ws/build/livox_ros_driver2': CMAKE_PREFIX_PATH=/opt/ros/humble /usr/bin/cmake --build /home/emmm/Desktop/scnu_rm/ROS2/task/livox_ws/build/livox_ros_driver2 -- -j12 -l12
[2.012s] [35m[1mConsolidate compiler generated dependencies of target livox_interfaces2__rosidl_generator_c[0m
[2.012s] [35m[1mConsolidate compiler generated dependencies of target livox_ros_driver2_node[0m
[2.032s] [  1%] Built target livox_interfaces2__cpp
[2.034s] [  8%] Built target livox_interfaces2__rosidl_generator_c
[2.034s] [  8%] Built target ament_cmake_python_symlink_livox_ros_driver2
[2.052s] [35m[1mConsolidate compiler generated dependencies of target livox_interfaces2__rosidl_typesupport_c[0m
[2.053s] [ 12%] Built target livox_ros_driver2_node
[2.054s] [35m[1mConsolidate compiler generated dependencies of target livox_interfaces2__rosidl_typesupport_fastrtps_cpp[0m
[2.056s] [35m[1mConsolidate compiler generated dependencies of target livox_interfaces2__rosidl_typesupport_cpp[0m
[2.058s] [35m[1mConsolidate compiler generated dependencies of target livox_interfaces2__rosidl_typesupport_introspection_cpp[0m
[2.058s] [35m[1mConsolidate compiler generated dependencies of target livox_interfaces2__rosidl_typesupport_fastrtps_c[0m
[2.060s] [35m[1mConsolidate compiler generated dependencies of target livox_interfaces2__rosidl_typesupport_introspection_c[0m
[2.069s] [ 19%] Built target livox_interfaces2__rosidl_typesupport_c
[2.077s] [ 26%] Built target livox_interfaces2__rosidl_typesupport_fastrtps_cpp
[2.082s] [ 33%] Built target livox_interfaces2__rosidl_typesupport_fastrtps_c
[2.082s] [ 40%] Built target livox_interfaces2__rosidl_typesupport_cpp
[2.082s] [ 47%] Built target livox_interfaces2__rosidl_typesupport_introspection_c
[2.083s] [ 54%] Built target livox_interfaces2__rosidl_typesupport_introspection_cpp
[2.099s] [35m[1mConsolidate compiler generated dependencies of target livox_ros_driver2[0m
[2.105s] [ 54%] Built target livox_interfaces2
[2.127s] [ 56%] Built target livox_interfaces2__py
[2.137s] [ 84%] Built target livox_ros_driver2
[2.138s] [35m[1mConsolidate compiler generated dependencies of target livox_interfaces2__rosidl_generator_py[0m
[2.152s] [ 89%] Built target livox_interfaces2__rosidl_generator_py
[2.163s] [35m[1mConsolidate compiler generated dependencies of target livox_ros_driver2__rosidl_typesupport_c__pyext[0m
[2.163s] [35m[1mConsolidate compiler generated dependencies of target livox_ros_driver2__rosidl_typesupport_introspection_c__pyext[0m
[2.163s] [35m[1mConsolidate compiler generated dependencies of target livox_ros_driver2__rosidl_typesupport_fastrtps_c__pyext[0m
[2.174s] [ 92%] Built target livox_ros_driver2__rosidl_typesupport_introspection_c__pyext
[2.177s] [ 96%] Built target livox_ros_driver2__rosidl_typesupport_c__pyext
[2.177s] [100%] Built target livox_ros_driver2__rosidl_typesupport_fastrtps_c__pyext
[2.202s] running egg_info
[2.203s] writing livox_ros_driver2.egg-info/PKG-INFO
[2.203s] writing dependency_links to livox_ros_driver2.egg-info/dependency_links.txt
[2.203s] writing top-level names to livox_ros_driver2.egg-info/top_level.txt
[2.204s] reading manifest file 'livox_ros_driver2.egg-info/SOURCES.txt'
[2.205s] writing manifest file 'livox_ros_driver2.egg-info/SOURCES.txt'
[2.226s] [100%] Built target ament_cmake_python_build_livox_ros_driver2_egg
[2.236s] Invoked command in '/home/emmm/Desktop/scnu_rm/ROS2/task/livox_ws/build/livox_ros_driver2' returned '0': CMAKE_PREFIX_PATH=/opt/ros/humble /usr/bin/cmake --build /home/emmm/Desktop/scnu_rm/ROS2/task/livox_ws/build/livox_ros_driver2 -- -j12 -l12
[2.238s] Invoking command in '/home/emmm/Desktop/scnu_rm/ROS2/task/livox_ws/build/livox_ros_driver2': CMAKE_PREFIX_PATH=/opt/ros/humble /usr/bin/cmake --install /home/emmm/Desktop/scnu_rm/ROS2/task/livox_ws/build/livox_ros_driver2
[2.244s] -- Install configuration: ""
[2.245s] -- Execute custom install script
[2.245s] -- Up-to-date symlink: /home/emmm/Desktop/scnu_rm/ROS2/task/livox_ws/install/livox_ros_driver2/share/ament_index/resource_index/rosidl_interfaces/livox_ros_driver2
[2.245s] -- Up-to-date symlink: /home/emmm/Desktop/scnu_rm/ROS2/task/livox_ws/install/livox_ros_driver2/include/livox_ros_driver2/livox_ros_driver2/msg/custom_msg.h
[2.245s] -- Up-to-date symlink: /home/emmm/Desktop/scnu_rm/ROS2/task/livox_ws/install/livox_ros_driver2/include/livox_ros_driver2/livox_ros_driver2/msg/custom_point.h
[2.245s] -- Up-to-date symlink: /home/emmm/Desktop/scnu_rm/ROS2/task/livox_ws/install/livox_ros_driver2/include/livox_ros_driver2/livox_ros_driver2/msg/detail/custom_msg__functions.h
[2.246s] -- Up-to-date symlink: /home/emmm/Desktop/scnu_rm/ROS2/task/livox_ws/install/livox_ros_driver2/include/livox_ros_driver2/livox_ros_driver2/msg/detail/custom_msg__struct.h
[2.246s] -- Up-to-date symlink: /home/emmm/Desktop/scnu_rm/ROS2/task/livox_ws/install/livox_ros_driver2/include/livox_ros_driver2/livox_ros_driver2/msg/detail/custom_msg__type_support.h
[2.246s] -- Up-to-date symlink: /home/emmm/Desktop/scnu_rm/ROS2/task/livox_ws/install/livox_ros_driver2/include/livox_ros_driver2/livox_ros_driver2/msg/detail/custom_point__functions.h
[2.246s] -- Up-to-date symlink: /home/emmm/Desktop/scnu_rm/ROS2/task/livox_ws/install/livox_ros_driver2/include/livox_ros_driver2/livox_ros_driver2/msg/detail/custom_point__struct.h
[2.246s] -- Up-to-date symlink: /home/emmm/Desktop/scnu_rm/ROS2/task/livox_ws/install/livox_ros_driver2/include/livox_ros_driver2/livox_ros_driver2/msg/detail/custom_point__type_support.h
[2.246s] -- Up-to-date symlink: /home/emmm/Desktop/scnu_rm/ROS2/task/livox_ws/install/livox_ros_driver2/include/livox_ros_driver2/livox_ros_driver2/msg/rosidl_generator_c__visibility_control.h
[2.246s] -- Up-to-date symlink: /home/emmm/Desktop/scnu_rm/ROS2/task/livox_ws/install/livox_ros_driver2/share/livox_ros_driver2/environment/library_path.sh
[2.246s] -- Up-to-date symlink: /home/emmm/Desktop/scnu_rm/ROS2/task/livox_ws/install/livox_ros_driver2/share/livox_ros_driver2/environment/library_path.dsv
[2.246s] -- Up-to-date symlink: /home/emmm/Desktop/scnu_rm/ROS2/task/livox_ws/install/livox_ros_driver2/include/livox_ros_driver2/livox_ros_driver2/msg/detail/custom_msg__rosidl_typesupport_fastrtps_c.h
[2.246s] -- Up-to-date symlink: /home/emmm/Desktop/scnu_rm/ROS2/task/livox_ws/install/livox_ros_driver2/include/livox_ros_driver2/livox_ros_driver2/msg/detail/custom_point__rosidl_typesupport_fastrtps_c.h
[2.246s] -- Up-to-date symlink: /home/emmm/Desktop/scnu_rm/ROS2/task/livox_ws/install/livox_ros_driver2/include/livox_ros_driver2/livox_ros_driver2/msg/rosidl_typesupport_fastrtps_c__visibility_control.h
[2.247s] -- Up-to-date symlink: /home/emmm/Desktop/scnu_rm/ROS2/task/livox_ws/install/livox_ros_driver2/include/livox_ros_driver2/livox_ros_driver2/msg/detail/custom_msg__rosidl_typesupport_introspection_c.h
[2.247s] -- Up-to-date symlink: /home/emmm/Desktop/scnu_rm/ROS2/task/livox_ws/install/livox_ros_driver2/include/livox_ros_driver2/livox_ros_driver2/msg/detail/custom_point__rosidl_typesupport_introspection_c.h
[2.247s] -- Up-to-date symlink: /home/emmm/Desktop/scnu_rm/ROS2/task/livox_ws/install/livox_ros_driver2/include/livox_ros_driver2/livox_ros_driver2/msg/rosidl_typesupport_introspection_c__visibility_control.h
[2.247s] -- Up-to-date symlink: /home/emmm/Desktop/scnu_rm/ROS2/task/livox_ws/install/livox_ros_driver2/include/livox_ros_driver2/livox_ros_driver2/msg/custom_msg.hpp
[2.247s] -- Up-to-date symlink: /home/emmm/Desktop/scnu_rm/ROS2/task/livox_ws/install/livox_ros_driver2/include/livox_ros_driver2/livox_ros_driver2/msg/custom_point.hpp
[2.247s] -- Up-to-date symlink: /home/emmm/Desktop/scnu_rm/ROS2/task/livox_ws/install/livox_ros_driver2/include/livox_ros_driver2/livox_ros_driver2/msg/detail/custom_msg__builder.hpp
[2.247s] -- Up-to-date symlink: /home/emmm/Desktop/scnu_rm/ROS2/task/livox_ws/install/livox_ros_driver2/include/livox_ros_driver2/livox_ros_driver2/msg/detail/custom_msg__struct.hpp
[2.247s] -- Up-to-date symlink: /home/emmm/Desktop/scnu_rm/ROS2/task/livox_ws/install/livox_ros_driver2/include/livox_ros_driver2/livox_ros_driver2/msg/detail/custom_msg__traits.hpp
[2.247s] -- Up-to-date symlink: /home/emmm/Desktop/scnu_rm/ROS2/task/livox_ws/install/livox_ros_driver2/include/livox_ros_driver2/livox_ros_driver2/msg/detail/custom_msg__type_support.hpp
[2.247s] -- Up-to-date symlink: /home/emmm/Desktop/scnu_rm/ROS2/task/livox_ws/install/livox_ros_driver2/include/livox_ros_driver2/livox_ros_driver2/msg/detail/custom_point__builder.hpp
[2.248s] -- Up-to-date symlink: /home/emmm/Desktop/scnu_rm/ROS2/task/livox_ws/install/livox_ros_driver2/include/livox_ros_driver2/livox_ros_driver2/msg/detail/custom_point__struct.hpp
[2.248s] -- Up-to-date symlink: /home/emmm/Desktop/scnu_rm/ROS2/task/livox_ws/install/livox_ros_driver2/include/livox_ros_driver2/livox_ros_driver2/msg/detail/custom_point__traits.hpp
[2.248s] -- Up-to-date symlink: /home/emmm/Desktop/scnu_rm/ROS2/task/livox_ws/install/livox_ros_driver2/include/livox_ros_driver2/livox_ros_driver2/msg/detail/custom_point__type_support.hpp
[2.248s] -- Up-to-date symlink: /home/emmm/Desktop/scnu_rm/ROS2/task/livox_ws/install/livox_ros_driver2/include/livox_ros_driver2/livox_ros_driver2/msg/rosidl_generator_cpp__visibility_control.hpp
[2.248s] -- Up-to-date symlink: /home/emmm/Desktop/scnu_rm/ROS2/task/livox_ws/install/livox_ros_driver2/include/livox_ros_driver2/livox_ros_driver2/msg/detail/custom_msg__rosidl_typesupport_fastrtps_cpp.hpp
[2.248s] -- Up-to-date symlink: /home/emmm/Desktop/scnu_rm/ROS2/task/livox_ws/install/livox_ros_driver2/include/livox_ros_driver2/livox_ros_driver2/msg/detail/custom_point__rosidl_typesupport_fastrtps_cpp.hpp
[2.248s] -- Up-to-date symlink: /home/emmm/Desktop/scnu_rm/ROS2/task/livox_ws/install/livox_ros_driver2/include/livox_ros_driver2/livox_ros_driver2/msg/rosidl_typesupport_fastrtps_cpp__visibility_control.h
[2.248s] -- Up-to-date symlink: /home/emmm/Desktop/scnu_rm/ROS2/task/livox_ws/install/livox_ros_driver2/include/livox_ros_driver2/livox_ros_driver2/msg/detail/custom_msg__rosidl_typesupport_introspection_cpp.hpp
[2.248s] -- Up-to-date symlink: /home/emmm/Desktop/scnu_rm/ROS2/task/livox_ws/install/livox_ros_driver2/include/livox_ros_driver2/livox_ros_driver2/msg/detail/custom_point__rosidl_typesupport_introspection_cpp.hpp
[2.248s] -- Up-to-date symlink: /home/emmm/Desktop/scnu_rm/ROS2/task/livox_ws/install/livox_ros_driver2/share/livox_ros_driver2/environment/pythonpath.sh
[2.249s] -- Up-to-date symlink: /home/emmm/Desktop/scnu_rm/ROS2/task/livox_ws/install/livox_ros_driver2/share/livox_ros_driver2/environment/pythonpath.dsv
[2.249s] -- Up-to-date symlink: /home/emmm/Desktop/scnu_rm/ROS2/task/livox_ws/install/livox_ros_driver2/local/lib/python3.10/dist-packages/livox_ros_driver2-1.0.0-py3.10.egg-info/PKG-INFO
[2.249s] -- Up-to-date symlink: /home/emmm/Desktop/scnu_rm/ROS2/task/livox_ws/install/livox_ros_driver2/local/lib/python3.10/dist-packages/livox_ros_driver2-1.0.0-py3.10.egg-info/SOURCES.txt
[2.249s] -- Up-to-date symlink: /home/emmm/Desktop/scnu_rm/ROS2/task/livox_ws/install/livox_ros_driver2/local/lib/python3.10/dist-packages/livox_ros_driver2-1.0.0-py3.10.egg-info/dependency_links.txt
[2.249s] -- Up-to-date symlink: /home/emmm/Desktop/scnu_rm/ROS2/task/livox_ws/install/livox_ros_driver2/local/lib/python3.10/dist-packages/livox_ros_driver2-1.0.0-py3.10.egg-info/top_level.txt
[2.249s] -- Up-to-date symlink: /home/emmm/Desktop/scnu_rm/ROS2/task/livox_ws/install/livox_ros_driver2/local/lib/python3.10/dist-packages/livox_ros_driver2/__init__.py
[2.249s] -- Up-to-date symlink: /home/emmm/Desktop/scnu_rm/ROS2/task/livox_ws/install/livox_ros_driver2/local/lib/python3.10/dist-packages/livox_ros_driver2/_livox_ros_driver2_s.ep.rosidl_typesupport_c.c
[2.249s] -- Up-to-date symlink: /home/emmm/Desktop/scnu_rm/ROS2/task/livox_ws/install/livox_ros_driver2/local/lib/python3.10/dist-packages/livox_ros_driver2/_livox_ros_driver2_s.ep.rosidl_typesupport_fastrtps_c.c
[2.249s] -- Up-to-date symlink: /home/emmm/Desktop/scnu_rm/ROS2/task/livox_ws/install/livox_ros_driver2/local/lib/python3.10/dist-packages/livox_ros_driver2/_livox_ros_driver2_s.ep.rosidl_typesupport_introspection_c.c
[2.250s] -- Up-to-date symlink: /home/emmm/Desktop/scnu_rm/ROS2/task/livox_ws/install/livox_ros_driver2/local/lib/python3.10/dist-packages/livox_ros_driver2/liblivox_interfaces2__rosidl_generator_py.so
[2.250s] -- Up-to-date symlink: /home/emmm/Desktop/scnu_rm/ROS2/task/livox_ws/install/livox_ros_driver2/local/lib/python3.10/dist-packages/livox_ros_driver2/livox_ros_driver2_s__rosidl_typesupport_c.cpython-310-x86_64-linux-gnu.so
[2.250s] -- Up-to-date symlink: /home/emmm/Desktop/scnu_rm/ROS2/task/livox_ws/install/livox_ros_driver2/local/lib/python3.10/dist-packages/livox_ros_driver2/livox_ros_driver2_s__rosidl_typesupport_fastrtps_c.cpython-310-x86_64-linux-gnu.so
[2.250s] -- Up-to-date symlink: /home/emmm/Desktop/scnu_rm/ROS2/task/livox_ws/install/livox_ros_driver2/local/lib/python3.10/dist-packages/livox_ros_driver2/livox_ros_driver2_s__rosidl_typesupport_introspection_c.cpython-310-x86_64-linux-gnu.so
[2.250s] -- Up-to-date symlink: /home/emmm/Desktop/scnu_rm/ROS2/task/livox_ws/install/livox_ros_driver2/local/lib/python3.10/dist-packages/livox_ros_driver2/msg/__init__.py
[2.250s] -- Up-to-date symlink: /home/emmm/Desktop/scnu_rm/ROS2/task/livox_ws/install/livox_ros_driver2/local/lib/python3.10/dist-packages/livox_ros_driver2/msg/_custom_msg.py
[2.250s] -- Up-to-date symlink: /home/emmm/Desktop/scnu_rm/ROS2/task/livox_ws/install/livox_ros_driver2/local/lib/python3.10/dist-packages/livox_ros_driver2/msg/_custom_msg_s.c
[2.250s] -- Up-to-date symlink: /home/emmm/Desktop/scnu_rm/ROS2/task/livox_ws/install/livox_ros_driver2/local/lib/python3.10/dist-packages/livox_ros_driver2/msg/_custom_point.py
[2.250s] -- Up-to-date symlink: /home/emmm/Desktop/scnu_rm/ROS2/task/livox_ws/install/livox_ros_driver2/local/lib/python3.10/dist-packages/livox_ros_driver2/msg/_custom_point_s.c
[2.250s] -- Up-to-date symlink: /home/emmm/Desktop/scnu_rm/ROS2/task/livox_ws/install/livox_ros_driver2/local/lib/python3.10/dist-packages/livox_ros_driver2/livox_ros_driver2_s__rosidl_typesupport_fastrtps_c.cpython-310-x86_64-linux-gnu.so
[2.250s] -- Up-to-date symlink: /home/emmm/Desktop/scnu_rm/ROS2/task/livox_ws/install/livox_ros_driver2/local/lib/python3.10/dist-packages/livox_ros_driver2/livox_ros_driver2_s__rosidl_typesupport_introspection_c.cpython-310-x86_64-linux-gnu.so
[2.251s] -- Up-to-date symlink: /home/emmm/Desktop/scnu_rm/ROS2/task/livox_ws/install/livox_ros_driver2/local/lib/python3.10/dist-packages/livox_ros_driver2/livox_ros_driver2_s__rosidl_typesupport_c.cpython-310-x86_64-linux-gnu.so
[2.251s] -- Up-to-date symlink: /home/emmm/Desktop/scnu_rm/ROS2/task/livox_ws/install/livox_ros_driver2/share/livox_ros_driver2/msg/CustomPoint.idl
[2.251s] -- Up-to-date symlink: /home/emmm/Desktop/scnu_rm/ROS2/task/livox_ws/install/livox_ros_driver2/share/livox_ros_driver2/msg/CustomMsg.idl
[2.251s] -- Up-to-date symlink: /home/emmm/Desktop/scnu_rm/ROS2/task/livox_ws/install/livox_ros_driver2/share/livox_ros_driver2/msg/CustomPoint.msg
[2.251s] -- Up-to-date symlink: /home/emmm/Desktop/scnu_rm/ROS2/task/livox_ws/install/livox_ros_driver2/share/livox_ros_driver2/msg/CustomMsg.msg
[2.251s] -- Up-to-date symlink: /home/emmm/Desktop/scnu_rm/ROS2/task/livox_ws/install/livox_ros_driver2/lib/livox_ros_driver2/livox_ros_driver2_node
[2.251s] -- Up-to-date symlink: /home/emmm/Desktop/scnu_rm/ROS2/task/livox_ws/install/livox_ros_driver2/lib/liblivox_ros_driver2.so
[2.251s] -- Up-to-date symlink: /home/emmm/Desktop/scnu_rm/ROS2/task/livox_ws/install/livox_ros_driver2/share/livox_ros_driver2/config/HAP_config.json
[2.251s] -- Up-to-date symlink: /home/emmm/Desktop/scnu_rm/ROS2/task/livox_ws/install/livox_ros_driver2/share/livox_ros_driver2/config/MID360_config.json
[2.251s] -- Up-to-date symlink: /home/emmm/Desktop/scnu_rm/ROS2/task/livox_ws/install/livox_ros_driver2/share/livox_ros_driver2/config/display_point_cloud_ROS1.rviz
[2.252s] -- Up-to-date symlink: /home/emmm/Desktop/scnu_rm/ROS2/task/livox_ws/install/livox_ros_driver2/share/livox_ros_driver2/config/display_point_cloud_ROS2.rviz
[2.252s] -- Up-to-date symlink: /home/emmm/Desktop/scnu_rm/ROS2/task/livox_ws/install/livox_ros_driver2/share/livox_ros_driver2/config/mixed_HAP_MID360_config.json
[2.252s] -- Up-to-date symlink: /home/emmm/Desktop/scnu_rm/ROS2/task/livox_ws/install/livox_ros_driver2/share/livox_ros_driver2/launch_ROS2/msg_HAP_launch.py
[2.252s] -- Up-to-date symlink: /home/emmm/Desktop/scnu_rm/ROS2/task/livox_ws/install/livox_ros_driver2/share/livox_ros_driver2/launch_ROS2/msg_MID360_launch.py
[2.252s] -- Up-to-date symlink: /home/emmm/Desktop/scnu_rm/ROS2/task/livox_ws/install/livox_ros_driver2/share/livox_ros_driver2/launch_ROS2/rviz_HAP_launch.py
[2.252s] -- Up-to-date symlink: /home/emmm/Desktop/scnu_rm/ROS2/task/livox_ws/install/livox_ros_driver2/share/livox_ros_driver2/launch_ROS2/rviz_MID360_launch.py
[2.252s] -- Up-to-date symlink: /home/emmm/Desktop/scnu_rm/ROS2/task/livox_ws/install/livox_ros_driver2/share/livox_ros_driver2/launch_ROS2/rviz_mixed.py
[2.252s] -- Up-to-date symlink: /home/emmm/Desktop/scnu_rm/ROS2/task/livox_ws/install/livox_ros_driver2/share/ament_index/resource_index/package_run_dependencies/livox_ros_driver2
[2.252s] -- Up-to-date symlink: /home/emmm/Desktop/scnu_rm/ROS2/task/livox_ws/install/livox_ros_driver2/share/ament_index/resource_index/parent_prefix_path/livox_ros_driver2
[2.252s] -- Up-to-date symlink: /home/emmm/Desktop/scnu_rm/ROS2/task/livox_ws/install/livox_ros_driver2/share/livox_ros_driver2/environment/ament_prefix_path.sh
[2.252s] -- Up-to-date symlink: /home/emmm/Desktop/scnu_rm/ROS2/task/livox_ws/install/livox_ros_driver2/share/livox_ros_driver2/environment/ament_prefix_path.dsv
[2.252s] -- Up-to-date symlink: /home/emmm/Desktop/scnu_rm/ROS2/task/livox_ws/install/livox_ros_driver2/share/livox_ros_driver2/environment/path.sh
[2.253s] -- Up-to-date symlink: /home/emmm/Desktop/scnu_rm/ROS2/task/livox_ws/install/livox_ros_driver2/share/livox_ros_driver2/environment/path.dsv
[2.253s] -- Up-to-date symlink: /home/emmm/Desktop/scnu_rm/ROS2/task/livox_ws/install/livox_ros_driver2/share/livox_ros_driver2/local_setup.bash
[2.253s] -- Up-to-date symlink: /home/emmm/Desktop/scnu_rm/ROS2/task/livox_ws/install/livox_ros_driver2/share/livox_ros_driver2/local_setup.sh
[2.253s] -- Up-to-date symlink: /home/emmm/Desktop/scnu_rm/ROS2/task/livox_ws/install/livox_ros_driver2/share/livox_ros_driver2/local_setup.zsh
[2.253s] -- Up-to-date symlink: /home/emmm/Desktop/scnu_rm/ROS2/task/livox_ws/install/livox_ros_driver2/share/livox_ros_driver2/local_setup.dsv
[2.253s] -- Symlinking: /home/emmm/Desktop/scnu_rm/ROS2/task/livox_ws/install/livox_ros_driver2/share/livox_ros_driver2/package.dsv
[2.258s] -- Up-to-date symlink: /home/emmm/Desktop/scnu_rm/ROS2/task/livox_ws/install/livox_ros_driver2/share/ament_index/resource_index/packages/livox_ros_driver2
[2.258s] -- Up-to-date symlink: /home/emmm/Desktop/scnu_rm/ROS2/task/livox_ws/install/livox_ros_driver2/share/ament_index/resource_index/rclcpp_components/livox_ros_driver2
[2.258s] -- Up-to-date symlink: /home/emmm/Desktop/scnu_rm/ROS2/task/livox_ws/install/livox_ros_driver2/share/livox_ros_driver2/cmake/rosidl_cmake-extras.cmake
[2.258s] -- Up-to-date symlink: /home/emmm/Desktop/scnu_rm/ROS2/task/livox_ws/install/livox_ros_driver2/share/livox_ros_driver2/cmake/ament_cmake_export_dependencies-extras.cmake
[2.258s] -- Up-to-date symlink: /home/emmm/Desktop/scnu_rm/ROS2/task/livox_ws/install/livox_ros_driver2/share/livox_ros_driver2/cmake/ament_cmake_export_include_directories-extras.cmake
[2.259s] -- Up-to-date symlink: /home/emmm/Desktop/scnu_rm/ROS2/task/livox_ws/install/livox_ros_driver2/share/livox_ros_driver2/cmake/ament_cmake_export_libraries-extras.cmake
[2.259s] -- Up-to-date symlink: /home/emmm/Desktop/scnu_rm/ROS2/task/livox_ws/install/livox_ros_driver2/share/livox_ros_driver2/cmake/ament_cmake_export_targets-extras.cmake
[2.259s] -- Up-to-date symlink: /home/emmm/Desktop/scnu_rm/ROS2/task/livox_ws/install/livox_ros_driver2/share/livox_ros_driver2/cmake/rosidl_cmake_export_typesupport_targets-extras.cmake
[2.259s] -- Up-to-date symlink: /home/emmm/Desktop/scnu_rm/ROS2/task/livox_ws/install/livox_ros_driver2/share/livox_ros_driver2/cmake/rosidl_cmake_export_typesupport_libraries-extras.cmake
[2.259s] -- Up-to-date symlink: /home/emmm/Desktop/scnu_rm/ROS2/task/livox_ws/install/livox_ros_driver2/share/livox_ros_driver2/cmake/livox_ros_driver2Config.cmake
[2.259s] -- Up-to-date symlink: /home/emmm/Desktop/scnu_rm/ROS2/task/livox_ws/install/livox_ros_driver2/share/livox_ros_driver2/cmake/livox_ros_driver2Config-version.cmake
[2.260s] -- Up-to-date symlink: /home/emmm/Desktop/scnu_rm/ROS2/task/livox_ws/install/livox_ros_driver2/share/livox_ros_driver2/package.xml
[2.260s] -- Up-to-date: /home/emmm/Desktop/scnu_rm/ROS2/task/livox_ws/install/livox_ros_driver2/lib/liblivox_ros_driver2__rosidl_generator_c.so
[2.261s] -- Up-to-date: /home/emmm/Desktop/scnu_rm/ROS2/task/livox_ws/install/livox_ros_driver2/lib/liblivox_ros_driver2__rosidl_typesupport_fastrtps_c.so
[2.261s] -- Up-to-date: /home/emmm/Desktop/scnu_rm/ROS2/task/livox_ws/install/livox_ros_driver2/lib/liblivox_ros_driver2__rosidl_typesupport_introspection_c.so
[2.261s] -- Up-to-date: /home/emmm/Desktop/scnu_rm/ROS2/task/livox_ws/install/livox_ros_driver2/lib/liblivox_ros_driver2__rosidl_typesupport_c.so
[2.262s] -- Up-to-date: /home/emmm/Desktop/scnu_rm/ROS2/task/livox_ws/install/livox_ros_driver2/lib/liblivox_ros_driver2__rosidl_typesupport_fastrtps_cpp.so
[2.262s] -- Up-to-date: /home/emmm/Desktop/scnu_rm/ROS2/task/livox_ws/install/livox_ros_driver2/lib/liblivox_ros_driver2__rosidl_typesupport_introspection_cpp.so
[2.262s] -- Up-to-date: /home/emmm/Desktop/scnu_rm/ROS2/task/livox_ws/install/livox_ros_driver2/lib/liblivox_ros_driver2__rosidl_typesupport_cpp.so
[2.290s] Listing '/home/emmm/Desktop/scnu_rm/ROS2/task/livox_ws/install/livox_ros_driver2/local/lib/python3.10/dist-packages/livox_ros_driver2'...
[2.290s] Compiling '/home/emmm/Desktop/scnu_rm/ROS2/task/livox_ws/install/livox_ros_driver2/local/lib/python3.10/dist-packages/livox_ros_driver2/__init__.py'...
[2.290s] Listing '/home/emmm/Desktop/scnu_rm/ROS2/task/livox_ws/install/livox_ros_driver2/local/lib/python3.10/dist-packages/livox_ros_driver2/msg'...
[2.294s] -- Up-to-date: /home/emmm/Desktop/scnu_rm/ROS2/task/livox_ws/install/livox_ros_driver2/lib/liblivox_interfaces2__rosidl_generator_py.so
[2.294s] -- Up-to-date: /home/emmm/Desktop/scnu_rm/ROS2/task/livox_ws/install/livox_ros_driver2/share/livox_ros_driver2/cmake/export_livox_interfaces2__rosidl_generator_cExport.cmake
[2.294s] -- Up-to-date: /home/emmm/Desktop/scnu_rm/ROS2/task/livox_ws/install/livox_ros_driver2/share/livox_ros_driver2/cmake/export_livox_interfaces2__rosidl_generator_cExport-noconfig.cmake
[2.295s] -- Up-to-date: /home/emmm/Desktop/scnu_rm/ROS2/task/livox_ws/install/livox_ros_driver2/share/livox_ros_driver2/cmake/export_livox_interfaces2__rosidl_typesupport_fastrtps_cExport.cmake
[2.295s] -- Up-to-date: /home/emmm/Desktop/scnu_rm/ROS2/task/livox_ws/install/livox_ros_driver2/share/livox_ros_driver2/cmake/export_livox_interfaces2__rosidl_typesupport_fastrtps_cExport-noconfig.cmake
[2.295s] -- Up-to-date: /home/emmm/Desktop/scnu_rm/ROS2/task/livox_ws/install/livox_ros_driver2/share/livox_ros_driver2/cmake/livox_interfaces2__rosidl_typesupport_introspection_cExport.cmake
[2.295s] -- Up-to-date: /home/emmm/Desktop/scnu_rm/ROS2/task/livox_ws/install/livox_ros_driver2/share/livox_ros_driver2/cmake/livox_interfaces2__rosidl_typesupport_introspection_cExport-noconfig.cmake
[2.295s] -- Up-to-date: /home/emmm/Desktop/scnu_rm/ROS2/task/livox_ws/install/livox_ros_driver2/share/livox_ros_driver2/cmake/livox_interfaces2__rosidl_typesupport_cExport.cmake
[2.295s] -- Up-to-date: /home/emmm/Desktop/scnu_rm/ROS2/task/livox_ws/install/livox_ros_driver2/share/livox_ros_driver2/cmake/livox_interfaces2__rosidl_typesupport_cExport-noconfig.cmake
[2.295s] -- Up-to-date: /home/emmm/Desktop/scnu_rm/ROS2/task/livox_ws/install/livox_ros_driver2/share/livox_ros_driver2/cmake/export_livox_interfaces2__rosidl_generator_cppExport.cmake
[2.295s] -- Up-to-date: /home/emmm/Desktop/scnu_rm/ROS2/task/livox_ws/install/livox_ros_driver2/share/livox_ros_driver2/cmake/export_livox_interfaces2__rosidl_typesupport_fastrtps_cppExport.cmake
[2.296s] -- Up-to-date: /home/emmm/Desktop/scnu_rm/ROS2/task/livox_ws/install/livox_ros_driver2/share/livox_ros_driver2/cmake/export_livox_interfaces2__rosidl_typesupport_fastrtps_cppExport-noconfig.cmake
[2.296s] -- Up-to-date: /home/emmm/Desktop/scnu_rm/ROS2/task/livox_ws/install/livox_ros_driver2/share/livox_ros_driver2/cmake/livox_interfaces2__rosidl_typesupport_introspection_cppExport.cmake
[2.296s] -- Up-to-date: /home/emmm/Desktop/scnu_rm/ROS2/task/livox_ws/install/livox_ros_driver2/share/livox_ros_driver2/cmake/livox_interfaces2__rosidl_typesupport_introspection_cppExport-noconfig.cmake
[2.296s] -- Up-to-date: /home/emmm/Desktop/scnu_rm/ROS2/task/livox_ws/install/livox_ros_driver2/share/livox_ros_driver2/cmake/livox_interfaces2__rosidl_typesupport_cppExport.cmake
[2.296s] -- Up-to-date: /home/emmm/Desktop/scnu_rm/ROS2/task/livox_ws/install/livox_ros_driver2/share/livox_ros_driver2/cmake/livox_interfaces2__rosidl_typesupport_cppExport-noconfig.cmake
[2.296s] -- Up-to-date: /home/emmm/Desktop/scnu_rm/ROS2/task/livox_ws/install/livox_ros_driver2/share/livox_ros_driver2/cmake/export_livox_interfaces2__rosidl_generator_pyExport.cmake
[2.296s] -- Up-to-date: /home/emmm/Desktop/scnu_rm/ROS2/task/livox_ws/install/livox_ros_driver2/share/livox_ros_driver2/cmake/export_livox_interfaces2__rosidl_generator_pyExport-noconfig.cmake
[2.299s] Invoked command in '/home/emmm/Desktop/scnu_rm/ROS2/task/livox_ws/build/livox_ros_driver2' returned '0': CMAKE_PREFIX_PATH=/opt/ros/humble /usr/bin/cmake --install /home/emmm/Desktop/scnu_rm/ROS2/task/livox_ws/build/livox_ros_driver2
