[0.007s] Invoking command in '/home/emmm/Desktop/scnu_rm/OpenCV/ros2_ws/build/opencv_use': CMAKE_PREFIX_PATH=/opt/ros/humble /usr/bin/cmake /home/emmm/Desktop/scnu_rm/OpenCV/ros2_ws/src/opencv_use -DCMAKE_INSTALL_PREFIX=/home/emmm/Desktop/scnu_rm/OpenCV/ros2_ws/install/opencv_use
[0.122s] -- The C compiler identification is GNU 11.4.0
[0.229s] -- The CXX compiler identification is GNU 11.4.0
[0.236s] -- Detecting C compiler ABI info
[0.325s] -- Detecting C compiler ABI info - done
[0.337s] -- Check for working C compiler: /usr/bin/cc - skipped
[0.338s] -- Detecting C compile features
[0.339s] -- Detecting C compile features - done
[0.345s] -- Detecting CXX compiler ABI info
[0.441s] -- Detecting CXX compiler ABI info - done
[0.447s] -- Check for working CXX compiler: /usr/bin/c++ - skipped
[0.447s] -- Detecting CXX compile features
[0.448s] -- Detecting CXX compile features - done
[0.451s] -- Found ament_cmake: 1.3.12 (/opt/ros/humble/share/ament_cmake/cmake)
[0.604s] -- Found Python3: /usr/bin/python3 (found version "3.10.12") found components: Interpreter 
[0.681s] -- Found rclcpp: 16.0.15 (/opt/ros/humble/share/rclcpp/cmake)
[0.720s] -- Found rosidl_generator_c: 3.1.7 (/opt/ros/humble/share/rosidl_generator_c/cmake)
[0.726s] -- Found rosidl_adapter: 3.1.7 (/opt/ros/humble/share/rosidl_adapter/cmake)
[0.733s] -- Found rosidl_generator_cpp: 3.1.7 (/opt/ros/humble/share/rosidl_generator_cpp/cmake)
[0.751s] -- Using all available rosidl_typesupport_c: rosidl_typesupport_fastrtps_c;rosidl_typesupport_introspection_c
[0.782s] -- Using all available rosidl_typesupport_cpp: rosidl_typesupport_fastrtps_cpp;rosidl_typesupport_introspection_cpp
[0.817s] -- Found rmw_implementation_cmake: 6.1.2 (/opt/ros/humble/share/rmw_implementation_cmake/cmake)
[0.819s] -- Found rmw_fastrtps_cpp: 6.2.8 (/opt/ros/humble/share/rmw_fastrtps_cpp/cmake)
[0.903s] -- Found OpenSSL: /usr/lib/x86_64-linux-gnu/libcrypto.so (found version "3.0.2")  
[0.934s] -- Found FastRTPS: /opt/ros/humble/include  
[0.968s] -- Using RMW implementation 'rmw_fastrtps_cpp' as default
[0.974s] -- Looking for pthread.h
[1.074s] -- Looking for pthread.h - found
[1.075s] -- Performing Test CMAKE_HAVE_LIBC_PTHREAD
[1.168s] -- Performing Test CMAKE_HAVE_LIBC_PTHREAD - Success
[1.170s] -- Found Threads: TRUE  
[1.242s] -- Found OpenCV: /usr (found version "4.5.4") 
[1.243s] -- Found sensor_msgs: 4.9.0 (/opt/ros/humble/share/sensor_msgs/cmake)
[1.269s] -- Found cv_bridge: 3.2.1 (/opt/ros/humble/share/cv_bridge/cmake)
[1.272s] -- Found image_transport: 3.1.12 (/opt/ros/humble/share/image_transport/cmake)
[1.293s] -- Found ament_lint_auto: 0.12.14 (/opt/ros/humble/share/ament_lint_auto/cmake)
[1.349s] -- Added test 'cppcheck' to perform static code analysis on C / C++ code
[1.350s] -- Configured cppcheck include dirs: $<BUILD_INTERFACE:/home/emmm/Desktop/scnu_rm/OpenCV/ros2_ws/src/opencv_use/include>
[1.350s] -- Configured cppcheck exclude dirs and/or files: 
[1.350s] -- Added test 'lint_cmake' to check CMake code style
[1.351s] -- Added test 'uncrustify' to check C / C++ code style
[1.351s] -- Configured uncrustify additional arguments: 
[1.351s] -- Added test 'xmllint' to check XML markup files
[1.352s] -- Configuring done
[1.360s] -- Generating done
[1.362s] -- Build files have been written to: /home/emmm/Desktop/scnu_rm/OpenCV/ros2_ws/build/opencv_use
[1.370s] Invoked command in '/home/emmm/Desktop/scnu_rm/OpenCV/ros2_ws/build/opencv_use' returned '0': CMAKE_PREFIX_PATH=/opt/ros/humble /usr/bin/cmake /home/emmm/Desktop/scnu_rm/OpenCV/ros2_ws/src/opencv_use -DCMAKE_INSTALL_PREFIX=/home/emmm/Desktop/scnu_rm/OpenCV/ros2_ws/install/opencv_use
[1.371s] Invoking command in '/home/emmm/Desktop/scnu_rm/OpenCV/ros2_ws/build/opencv_use': CMAKE_PREFIX_PATH=/opt/ros/humble /usr/bin/cmake --build /home/emmm/Desktop/scnu_rm/OpenCV/ros2_ws/build/opencv_use -- -j12 -l12
[1.420s] [ 50%] [32mBuilding CXX object CMakeFiles/my_opencv.dir/src/my_opencv.cpp.o[0m
[1.472s] [100%] [32m[1mLinking CXX executable my_opencv[0m
[1.750s] [100%] Built target my_opencv
[1.766s] Invoked command in '/home/emmm/Desktop/scnu_rm/OpenCV/ros2_ws/build/opencv_use' returned '0': CMAKE_PREFIX_PATH=/opt/ros/humble /usr/bin/cmake --build /home/emmm/Desktop/scnu_rm/OpenCV/ros2_ws/build/opencv_use -- -j12 -l12
[1.775s] Invoking command in '/home/emmm/Desktop/scnu_rm/OpenCV/ros2_ws/build/opencv_use': CMAKE_PREFIX_PATH=/opt/ros/humble /usr/bin/cmake --install /home/emmm/Desktop/scnu_rm/OpenCV/ros2_ws/build/opencv_use
[1.780s] -- Install configuration: ""
[1.781s] -- Installing: /home/emmm/Desktop/scnu_rm/OpenCV/ros2_ws/install/opencv_use/lib/opencv_use/my_opencv
[1.781s] -- Set runtime path of "/home/emmm/Desktop/scnu_rm/OpenCV/ros2_ws/install/opencv_use/lib/opencv_use/my_opencv" to ""
[1.781s] -- Installing: /home/emmm/Desktop/scnu_rm/OpenCV/ros2_ws/install/opencv_use/share/ament_index/resource_index/package_run_dependencies/opencv_use
[1.781s] -- Installing: /home/emmm/Desktop/scnu_rm/OpenCV/ros2_ws/install/opencv_use/share/ament_index/resource_index/parent_prefix_path/opencv_use
[1.781s] -- Installing: /home/emmm/Desktop/scnu_rm/OpenCV/ros2_ws/install/opencv_use/share/opencv_use/environment/ament_prefix_path.sh
[1.782s] -- Installing: /home/emmm/Desktop/scnu_rm/OpenCV/ros2_ws/install/opencv_use/share/opencv_use/environment/ament_prefix_path.dsv
[1.782s] -- Installing: /home/emmm/Desktop/scnu_rm/OpenCV/ros2_ws/install/opencv_use/share/opencv_use/environment/path.sh
[1.782s] -- Installing: /home/emmm/Desktop/scnu_rm/OpenCV/ros2_ws/install/opencv_use/share/opencv_use/environment/path.dsv
[1.782s] -- Installing: /home/emmm/Desktop/scnu_rm/OpenCV/ros2_ws/install/opencv_use/share/opencv_use/local_setup.bash
[1.782s] -- Installing: /home/emmm/Desktop/scnu_rm/OpenCV/ros2_ws/install/opencv_use/share/opencv_use/local_setup.sh
[1.782s] -- Installing: /home/emmm/Desktop/scnu_rm/OpenCV/ros2_ws/install/opencv_use/share/opencv_use/local_setup.zsh
[1.783s] -- Installing: /home/emmm/Desktop/scnu_rm/OpenCV/ros2_ws/install/opencv_use/share/opencv_use/local_setup.dsv
[1.783s] -- Installing: /home/emmm/Desktop/scnu_rm/OpenCV/ros2_ws/install/opencv_use/share/opencv_use/package.dsv
[1.783s] -- Installing: /home/emmm/Desktop/scnu_rm/OpenCV/ros2_ws/install/opencv_use/share/ament_index/resource_index/packages/opencv_use
[1.783s] -- Installing: /home/emmm/Desktop/scnu_rm/OpenCV/ros2_ws/install/opencv_use/share/opencv_use/cmake/opencv_useConfig.cmake
[1.783s] -- Installing: /home/emmm/Desktop/scnu_rm/OpenCV/ros2_ws/install/opencv_use/share/opencv_use/cmake/opencv_useConfig-version.cmake
[1.783s] -- Installing: /home/emmm/Desktop/scnu_rm/OpenCV/ros2_ws/install/opencv_use/share/opencv_use/package.xml
[1.785s] Invoked command in '/home/emmm/Desktop/scnu_rm/OpenCV/ros2_ws/build/opencv_use' returned '0': CMAKE_PREFIX_PATH=/opt/ros/humble /usr/bin/cmake --install /home/emmm/Desktop/scnu_rm/OpenCV/ros2_ws/build/opencv_use
