[0.010s] Invoking command in '/home/emmm/Desktop/scnu_rm/ROS2/task/hik_camera_ws/build/hik_camera': CMAKE_PREFIX_PATH=/opt/ros/humble /usr/bin/cmake --build /home/emmm/Desktop/scnu_rm/ROS2/task/hik_camera_ws/build/hik_camera -- -j12 -l12
[0.048s] [35m[1mConsolidate compiler generated dependencies of target hik_camera_node[0m
[0.051s] [35m[1mConsolidate compiler generated dependencies of target hik_camera[0m
[0.059s] [ 50%] Built target hik_camera_node
[0.074s] [100%] Built target hik_camera
[0.088s] Invoked command in '/home/emmm/Desktop/scnu_rm/ROS2/task/hik_camera_ws/build/hik_camera' returned '0': CMAKE_PREFIX_PATH=/opt/ros/humble /usr/bin/cmake --build /home/emmm/Desktop/scnu_rm/ROS2/task/hik_camera_ws/build/hik_camera -- -j12 -l12
[0.102s] Invoking command in '/home/emmm/Desktop/scnu_rm/ROS2/task/hik_camera_ws/build/hik_camera': CMAKE_PREFIX_PATH=/opt/ros/humble /usr/bin/cmake --install /home/emmm/Desktop/scnu_rm/ROS2/task/hik_camera_ws/build/hik_camera
[0.111s] -- Install configuration: ""
[0.111s] -- Up-to-date: /home/emmm/Desktop/scnu_rm/ROS2/task/hik_camera_ws/install/hik_camera/lib
[0.112s] -- Up-to-date: /home/emmm/Desktop/scnu_rm/ROS2/task/hik_camera_ws/install/hik_camera/lib/libMediaProcess.so
[0.112s] -- Up-to-date: /home/emmm/Desktop/scnu_rm/ROS2/task/hik_camera_ws/install/hik_camera/lib/libMvUsb3vTL.so
[0.112s] -- Up-to-date: /home/emmm/Desktop/scnu_rm/ROS2/task/hik_camera_ws/install/hik_camera/lib/libMVRender.so
[0.112s] -- Up-to-date: /home/emmm/Desktop/scnu_rm/ROS2/task/hik_camera_ws/install/hik_camera/lib/libFormatConversion.so
[0.113s] -- Up-to-date: /home/emmm/Desktop/scnu_rm/ROS2/task/hik_camera_ws/install/hik_camera/lib/libMvCameraControl.so
[0.113s] -- Up-to-date: /home/emmm/Desktop/scnu_rm/ROS2/task/hik_camera_ws/install/hik_camera/lib/hik_camera/hik_camera_node
[0.113s] -- Up-to-date: /home/emmm/Desktop/scnu_rm/ROS2/task/hik_camera_ws/install/hik_camera/share/hik_camera/environment/library_path.sh
[0.113s] -- Up-to-date: /home/emmm/Desktop/scnu_rm/ROS2/task/hik_camera_ws/install/hik_camera/share/hik_camera/environment/library_path.dsv
[0.113s] -- Up-to-date: /home/emmm/Desktop/scnu_rm/ROS2/task/hik_camera_ws/install/hik_camera/lib/libhik_camera.so
[0.113s] -- Up-to-date: /home/emmm/Desktop/scnu_rm/ROS2/task/hik_camera_ws/install/hik_camera/share/hik_camera/config
[0.114s] -- Up-to-date: /home/emmm/Desktop/scnu_rm/ROS2/task/hik_camera_ws/install/hik_camera/share/hik_camera/config/camera_params.yaml
[0.114s] -- Up-to-date: /home/emmm/Desktop/scnu_rm/ROS2/task/hik_camera_ws/install/hik_camera/share/hik_camera/config/camera_info.yaml
[0.114s] -- Up-to-date: /home/emmm/Desktop/scnu_rm/ROS2/task/hik_camera_ws/install/hik_camera/share/hik_camera/launch
[0.114s] -- Up-to-date: /home/emmm/Desktop/scnu_rm/ROS2/task/hik_camera_ws/install/hik_camera/share/hik_camera/launch/hik_camera.launch.py
[0.114s] -- Up-to-date: /home/emmm/Desktop/scnu_rm/ROS2/task/hik_camera_ws/install/hik_camera/share/ament_index/resource_index/package_run_dependencies/hik_camera
[0.114s] -- Up-to-date: /home/emmm/Desktop/scnu_rm/ROS2/task/hik_camera_ws/install/hik_camera/share/ament_index/resource_index/parent_prefix_path/hik_camera
[0.115s] -- Up-to-date: /home/emmm/Desktop/scnu_rm/ROS2/task/hik_camera_ws/install/hik_camera/share/hik_camera/environment/ament_prefix_path.sh
[0.115s] -- Up-to-date: /home/emmm/Desktop/scnu_rm/ROS2/task/hik_camera_ws/install/hik_camera/share/hik_camera/environment/ament_prefix_path.dsv
[0.115s] -- Up-to-date: /home/emmm/Desktop/scnu_rm/ROS2/task/hik_camera_ws/install/hik_camera/share/hik_camera/environment/path.sh
[0.116s] -- Up-to-date: /home/emmm/Desktop/scnu_rm/ROS2/task/hik_camera_ws/install/hik_camera/share/hik_camera/environment/path.dsv
[0.117s] -- Up-to-date: /home/emmm/Desktop/scnu_rm/ROS2/task/hik_camera_ws/install/hik_camera/share/hik_camera/local_setup.bash
[0.117s] -- Up-to-date: /home/emmm/Desktop/scnu_rm/ROS2/task/hik_camera_ws/install/hik_camera/share/hik_camera/local_setup.sh
[0.117s] -- Up-to-date: /home/emmm/Desktop/scnu_rm/ROS2/task/hik_camera_ws/install/hik_camera/share/hik_camera/local_setup.zsh
[0.118s] -- Up-to-date: /home/emmm/Desktop/scnu_rm/ROS2/task/hik_camera_ws/install/hik_camera/share/hik_camera/local_setup.dsv
[0.118s] -- Installing: /home/emmm/Desktop/scnu_rm/ROS2/task/hik_camera_ws/install/hik_camera/share/hik_camera/package.dsv
[0.118s] -- Up-to-date: /home/emmm/Desktop/scnu_rm/ROS2/task/hik_camera_ws/install/hik_camera/share/ament_index/resource_index/packages/hik_camera
[0.119s] -- Up-to-date: /home/emmm/Desktop/scnu_rm/ROS2/task/hik_camera_ws/install/hik_camera/share/ament_index/resource_index/rclcpp_components/hik_camera
[0.120s] -- Up-to-date: /home/emmm/Desktop/scnu_rm/ROS2/task/hik_camera_ws/install/hik_camera/share/hik_camera/cmake/ament_cmake_export_dependencies-extras.cmake
[0.120s] -- Up-to-date: /home/emmm/Desktop/scnu_rm/ROS2/task/hik_camera_ws/install/hik_camera/share/hik_camera/cmake/ament_cmake_export_libraries-extras.cmake
[0.121s] -- Up-to-date: /home/emmm/Desktop/scnu_rm/ROS2/task/hik_camera_ws/install/hik_camera/share/hik_camera/cmake/hik_cameraConfig.cmake
[0.122s] -- Up-to-date: /home/emmm/Desktop/scnu_rm/ROS2/task/hik_camera_ws/install/hik_camera/share/hik_camera/cmake/hik_cameraConfig-version.cmake
[0.123s] -- Up-to-date: /home/emmm/Desktop/scnu_rm/ROS2/task/hik_camera_ws/install/hik_camera/share/hik_camera/package.xml
[0.123s] Invoked command in '/home/emmm/Desktop/scnu_rm/ROS2/task/hik_camera_ws/build/hik_camera' returned '0': CMAKE_PREFIX_PATH=/opt/ros/humble /usr/bin/cmake --install /home/emmm/Desktop/scnu_rm/ROS2/task/hik_camera_ws/build/hik_camera
