[0.066s] DEBUG:colcon:Command line arguments: ['/usr/bin/colcon', 'build']
[0.066s] DEBUG:colcon:Parsed command line arguments: Namespace(log_base=None, log_level=None, verb_name='build', build_base='build', install_base='install', merge_install=False, symlink_install=False, test_result_base=None, continue_on_error=False, executor='parallel', parallel_workers=12, event_handlers=None, ignore_user_meta=False, metas=['./colcon.meta'], base_paths=['.'], packages_ignore=None, packages_ignore_regex=None, paths=None, packages_up_to=None, packages_up_to_regex=None, packages_above=None, packages_above_and_dependencies=None, packages_above_depth=None, packages_select_by_dep=None, packages_skip_by_dep=None, packages_skip_up_to=None, packages_select_build_failed=False, packages_skip_build_finished=False, packages_select_test_failures=False, packages_skip_test_passed=False, packages_select=None, packages_skip=None, packages_select_regex=None, packages_skip_regex=None, packages_start=None, packages_end=None, allow_overriding=[], cmake_args=None, cmake_target=None, cmake_target_skip_unavailable=False, cmake_clean_cache=False, cmake_clean_first=False, cmake_force_configure=False, ament_cmake_args=None, catkin_cmake_args=None, catkin_skip_building_tests=False, verb_parser=<colcon_defaults.argument_parser.defaults.DefaultArgumentsDecorator object at 0x7121608b34c0>, verb_extension=<colcon_core.verb.build.BuildVerb object at 0x7121608b2fb0>, main=<bound method BuildVerb.main of <colcon_core.verb.build.BuildVerb object at 0x7121608b2fb0>>)
[0.160s] Level 1:colcon.colcon_core.package_discovery:discover_packages(colcon_meta) check parameters
[0.160s] Level 1:colcon.colcon_core.package_discovery:discover_packages(recursive) check parameters
[0.160s] Level 1:colcon.colcon_core.package_discovery:discover_packages(ignore) check parameters
[0.160s] Level 1:colcon.colcon_core.package_discovery:discover_packages(path) check parameters
[0.160s] Level 1:colcon.colcon_core.package_discovery:discover_packages(colcon_meta) discover
[0.160s] Level 1:colcon.colcon_core.package_discovery:discover_packages(recursive) discover
[0.160s] INFO:colcon.colcon_core.package_discovery:Crawling recursively for packages in '/home/emmm/Desktop/scnu_rm/ROS2/learn/chapter4/service_ws'
[0.160s] Level 1:colcon.colcon_core.package_identification:_identify(.) by extensions ['ignore', 'ignore_ament_install']
[0.160s] Level 1:colcon.colcon_core.package_identification:_identify(.) by extension 'ignore'
[0.161s] Level 1:colcon.colcon_core.package_identification:_identify(.) by extension 'ignore_ament_install'
[0.161s] Level 1:colcon.colcon_core.package_identification:_identify(.) by extensions ['colcon_pkg']
[0.161s] Level 1:colcon.colcon_core.package_identification:_identify(.) by extension 'colcon_pkg'
[0.161s] Level 1:colcon.colcon_core.package_identification:_identify(.) by extensions ['colcon_meta']
[0.161s] Level 1:colcon.colcon_core.package_identification:_identify(.) by extension 'colcon_meta'
[0.161s] Level 1:colcon.colcon_core.package_identification:_identify(.) by extensions ['ros']
[0.161s] Level 1:colcon.colcon_core.package_identification:_identify(.) by extension 'ros'
[0.168s] Level 1:colcon.colcon_core.package_identification:_identify(.) by extensions ['cmake', 'python']
[0.168s] Level 1:colcon.colcon_core.package_identification:_identify(.) by extension 'cmake'
[0.168s] Level 1:colcon.colcon_core.package_identification:_identify(.) by extension 'python'
[0.168s] Level 1:colcon.colcon_core.package_identification:_identify(.) by extensions ['python_setup_py']
[0.168s] Level 1:colcon.colcon_core.package_identification:_identify(.) by extension 'python_setup_py'
[0.168s] Level 1:colcon.colcon_core.package_identification:_identify(build) by extensions ['ignore', 'ignore_ament_install']
[0.169s] Level 1:colcon.colcon_core.package_identification:_identify(build) by extension 'ignore'
[0.169s] Level 1:colcon.colcon_core.package_identification:_identify(build) ignored
[0.169s] Level 1:colcon.colcon_core.package_identification:_identify(install) by extensions ['ignore', 'ignore_ament_install']
[0.169s] Level 1:colcon.colcon_core.package_identification:_identify(install) by extension 'ignore'
[0.169s] Level 1:colcon.colcon_core.package_identification:_identify(install) ignored
[0.169s] Level 1:colcon.colcon_core.package_identification:_identify(log) by extensions ['ignore', 'ignore_ament_install']
[0.169s] Level 1:colcon.colcon_core.package_identification:_identify(log) by extension 'ignore'
[0.169s] Level 1:colcon.colcon_core.package_identification:_identify(log) ignored
[0.169s] Level 1:colcon.colcon_core.package_identification:_identify(src) by extensions ['ignore', 'ignore_ament_install']
[0.169s] Level 1:colcon.colcon_core.package_identification:_identify(src) by extension 'ignore'
[0.169s] Level 1:colcon.colcon_core.package_identification:_identify(src) by extension 'ignore_ament_install'
[0.169s] Level 1:colcon.colcon_core.package_identification:_identify(src) by extensions ['colcon_pkg']
[0.169s] Level 1:colcon.colcon_core.package_identification:_identify(src) by extension 'colcon_pkg'
[0.169s] Level 1:colcon.colcon_core.package_identification:_identify(src) by extensions ['colcon_meta']
[0.169s] Level 1:colcon.colcon_core.package_identification:_identify(src) by extension 'colcon_meta'
[0.169s] Level 1:colcon.colcon_core.package_identification:_identify(src) by extensions ['ros']
[0.169s] Level 1:colcon.colcon_core.package_identification:_identify(src) by extension 'ros'
[0.169s] Level 1:colcon.colcon_core.package_identification:_identify(src) by extensions ['cmake', 'python']
[0.169s] Level 1:colcon.colcon_core.package_identification:_identify(src) by extension 'cmake'
[0.169s] Level 1:colcon.colcon_core.package_identification:_identify(src) by extension 'python'
[0.169s] Level 1:colcon.colcon_core.package_identification:_identify(src) by extensions ['python_setup_py']
[0.169s] Level 1:colcon.colcon_core.package_identification:_identify(src) by extension 'python_setup_py'
[0.169s] Level 1:colcon.colcon_core.package_identification:_identify(src/demo_service) by extensions ['ignore', 'ignore_ament_install']
[0.169s] Level 1:colcon.colcon_core.package_identification:_identify(src/demo_service) by extension 'ignore'
[0.169s] Level 1:colcon.colcon_core.package_identification:_identify(src/demo_service) by extension 'ignore_ament_install'
[0.169s] Level 1:colcon.colcon_core.package_identification:_identify(src/demo_service) by extensions ['colcon_pkg']
[0.169s] Level 1:colcon.colcon_core.package_identification:_identify(src/demo_service) by extension 'colcon_pkg'
[0.169s] Level 1:colcon.colcon_core.package_identification:_identify(src/demo_service) by extensions ['colcon_meta']
[0.169s] Level 1:colcon.colcon_core.package_identification:_identify(src/demo_service) by extension 'colcon_meta'
[0.169s] Level 1:colcon.colcon_core.package_identification:_identify(src/demo_service) by extensions ['ros']
[0.169s] Level 1:colcon.colcon_core.package_identification:_identify(src/demo_service) by extension 'ros'
[0.171s] DEBUG:colcon.colcon_core.package_identification:Package 'src/demo_service' with type 'ros.ament_cmake' and name 'demo_service'
[0.171s] Level 1:colcon.colcon_core.package_identification:_identify(src/service_interfaces) by extensions ['ignore', 'ignore_ament_install']
[0.171s] Level 1:colcon.colcon_core.package_identification:_identify(src/service_interfaces) by extension 'ignore'
[0.171s] Level 1:colcon.colcon_core.package_identification:_identify(src/service_interfaces) by extension 'ignore_ament_install'
[0.171s] Level 1:colcon.colcon_core.package_identification:_identify(src/service_interfaces) by extensions ['colcon_pkg']
[0.171s] Level 1:colcon.colcon_core.package_identification:_identify(src/service_interfaces) by extension 'colcon_pkg'
[0.171s] Level 1:colcon.colcon_core.package_identification:_identify(src/service_interfaces) by extensions ['colcon_meta']
[0.171s] Level 1:colcon.colcon_core.package_identification:_identify(src/service_interfaces) by extension 'colcon_meta'
[0.171s] Level 1:colcon.colcon_core.package_identification:_identify(src/service_interfaces) by extensions ['ros']
[0.171s] Level 1:colcon.colcon_core.package_identification:_identify(src/service_interfaces) by extension 'ros'
[0.172s] DEBUG:colcon.colcon_core.package_identification:Package 'src/service_interfaces' with type 'ros.ament_cmake' and name 'service_interfaces'
[0.172s] Level 1:colcon.colcon_core.package_discovery:discover_packages(recursive) using defaults
[0.172s] Level 1:colcon.colcon_core.package_discovery:discover_packages(ignore) discover
[0.172s] Level 1:colcon.colcon_core.package_discovery:discover_packages(ignore) using defaults
[0.172s] Level 1:colcon.colcon_core.package_discovery:discover_packages(path) discover
[0.172s] Level 1:colcon.colcon_core.package_discovery:discover_packages(path) using defaults
[0.185s] Level 1:colcon.colcon_core.package_discovery:discover_packages(prefix_path) check parameters
[0.185s] Level 1:colcon.colcon_core.package_discovery:discover_packages(prefix_path) discover
[0.186s] DEBUG:colcon.colcon_installed_package_information.package_discovery:Found 271 installed packages in /opt/ros/humble
[0.195s] Level 1:colcon.colcon_core.package_discovery:discover_packages(prefix_path) using defaults
[0.216s] Level 5:colcon.colcon_core.verb:set package 'service_interfaces' build argument 'cmake_args' from command line to 'None'
[0.216s] Level 5:colcon.colcon_core.verb:set package 'service_interfaces' build argument 'cmake_target' from command line to 'None'
[0.216s] Level 5:colcon.colcon_core.verb:set package 'service_interfaces' build argument 'cmake_target_skip_unavailable' from command line to 'False'
[0.216s] Level 5:colcon.colcon_core.verb:set package 'service_interfaces' build argument 'cmake_clean_cache' from command line to 'False'
[0.216s] Level 5:colcon.colcon_core.verb:set package 'service_interfaces' build argument 'cmake_clean_first' from command line to 'False'
[0.216s] Level 5:colcon.colcon_core.verb:set package 'service_interfaces' build argument 'cmake_force_configure' from command line to 'False'
[0.216s] Level 5:colcon.colcon_core.verb:set package 'service_interfaces' build argument 'ament_cmake_args' from command line to 'None'
[0.216s] Level 5:colcon.colcon_core.verb:set package 'service_interfaces' build argument 'catkin_cmake_args' from command line to 'None'
[0.216s] Level 5:colcon.colcon_core.verb:set package 'service_interfaces' build argument 'catkin_skip_building_tests' from command line to 'False'
[0.217s] DEBUG:colcon.colcon_core.verb:Building package 'service_interfaces' with the following arguments: {'ament_cmake_args': None, 'build_base': '/home/emmm/Desktop/scnu_rm/ROS2/learn/chapter4/service_ws/build/service_interfaces', 'catkin_cmake_args': None, 'catkin_skip_building_tests': False, 'cmake_args': None, 'cmake_clean_cache': False, 'cmake_clean_first': False, 'cmake_force_configure': False, 'cmake_target': None, 'cmake_target_skip_unavailable': False, 'install_base': '/home/emmm/Desktop/scnu_rm/ROS2/learn/chapter4/service_ws/install/service_interfaces', 'merge_install': False, 'path': '/home/emmm/Desktop/scnu_rm/ROS2/learn/chapter4/service_ws/src/service_interfaces', 'symlink_install': False, 'test_result_base': None}
[0.217s] Level 5:colcon.colcon_core.verb:set package 'demo_service' build argument 'cmake_args' from command line to 'None'
[0.217s] Level 5:colcon.colcon_core.verb:set package 'demo_service' build argument 'cmake_target' from command line to 'None'
[0.217s] Level 5:colcon.colcon_core.verb:set package 'demo_service' build argument 'cmake_target_skip_unavailable' from command line to 'False'
[0.217s] Level 5:colcon.colcon_core.verb:set package 'demo_service' build argument 'cmake_clean_cache' from command line to 'False'
[0.217s] Level 5:colcon.colcon_core.verb:set package 'demo_service' build argument 'cmake_clean_first' from command line to 'False'
[0.217s] Level 5:colcon.colcon_core.verb:set package 'demo_service' build argument 'cmake_force_configure' from command line to 'False'
[0.217s] Level 5:colcon.colcon_core.verb:set package 'demo_service' build argument 'ament_cmake_args' from command line to 'None'
[0.217s] Level 5:colcon.colcon_core.verb:set package 'demo_service' build argument 'catkin_cmake_args' from command line to 'None'
[0.217s] Level 5:colcon.colcon_core.verb:set package 'demo_service' build argument 'catkin_skip_building_tests' from command line to 'False'
[0.217s] DEBUG:colcon.colcon_core.verb:Building package 'demo_service' with the following arguments: {'ament_cmake_args': None, 'build_base': '/home/emmm/Desktop/scnu_rm/ROS2/learn/chapter4/service_ws/build/demo_service', 'catkin_cmake_args': None, 'catkin_skip_building_tests': False, 'cmake_args': None, 'cmake_clean_cache': False, 'cmake_clean_first': False, 'cmake_force_configure': False, 'cmake_target': None, 'cmake_target_skip_unavailable': False, 'install_base': '/home/emmm/Desktop/scnu_rm/ROS2/learn/chapter4/service_ws/install/demo_service', 'merge_install': False, 'path': '/home/emmm/Desktop/scnu_rm/ROS2/learn/chapter4/service_ws/src/demo_service', 'symlink_install': False, 'test_result_base': None}
[0.217s] INFO:colcon.colcon_core.executor:Executing jobs using 'parallel' executor
[0.218s] DEBUG:colcon.colcon_parallel_executor.executor.parallel:run_until_complete
[0.218s] INFO:colcon.colcon_ros.task.ament_cmake.build:Building ROS package in '/home/emmm/Desktop/scnu_rm/ROS2/learn/chapter4/service_ws/src/service_interfaces' with build type 'ament_cmake'
[0.218s] INFO:colcon.colcon_cmake.task.cmake.build:Building CMake package in '/home/emmm/Desktop/scnu_rm/ROS2/learn/chapter4/service_ws/src/service_interfaces'
[0.219s] INFO:colcon.colcon_core.plugin_system:Skipping extension 'colcon_core.shell.bat': Not used on non-Windows systems
[0.220s] INFO:colcon.colcon_core.shell:Skip shell extension 'powershell' for command environment: Not usable outside of PowerShell
[0.220s] DEBUG:colcon.colcon_core.shell:Skip shell extension 'dsv' for command environment
[0.228s] DEBUG:colcon.colcon_core.event_handler.log_command:Invoking command in '/home/emmm/Desktop/scnu_rm/ROS2/learn/chapter4/service_ws/build/service_interfaces': CMAKE_PREFIX_PATH=/opt/ros/humble /usr/bin/cmake --build /home/emmm/Desktop/scnu_rm/ROS2/learn/chapter4/service_ws/build/service_interfaces -- -j12 -l12
[0.522s] DEBUG:colcon.colcon_core.event_handler.log_command:Invoked command in '/home/emmm/Desktop/scnu_rm/ROS2/learn/chapter4/service_ws/build/service_interfaces' returned '0': CMAKE_PREFIX_PATH=/opt/ros/humble /usr/bin/cmake --build /home/emmm/Desktop/scnu_rm/ROS2/learn/chapter4/service_ws/build/service_interfaces -- -j12 -l12
[0.531s] DEBUG:colcon.colcon_core.event_handler.log_command:Invoking command in '/home/emmm/Desktop/scnu_rm/ROS2/learn/chapter4/service_ws/build/service_interfaces': CMAKE_PREFIX_PATH=/opt/ros/humble /usr/bin/cmake --install /home/emmm/Desktop/scnu_rm/ROS2/learn/chapter4/service_ws/build/service_interfaces
[0.576s] Level 1:colcon.colcon_core.environment:create_environment_scripts_only(service_interfaces)
[0.579s] DEBUG:colcon.colcon_core.event_handler.log_command:Invoked command in '/home/emmm/Desktop/scnu_rm/ROS2/learn/chapter4/service_ws/build/service_interfaces' returned '0': CMAKE_PREFIX_PATH=/opt/ros/humble /usr/bin/cmake --install /home/emmm/Desktop/scnu_rm/ROS2/learn/chapter4/service_ws/build/service_interfaces
[0.581s] Level 1:colcon.colcon_core.environment:checking '/home/emmm/Desktop/scnu_rm/ROS2/learn/chapter4/service_ws/install/service_interfaces' for CMake module files
[0.582s] Level 1:colcon.colcon_core.environment:checking '/home/emmm/Desktop/scnu_rm/ROS2/learn/chapter4/service_ws/install/service_interfaces' for CMake config files
[0.583s] Level 1:colcon.colcon_core.shell:create_environment_hook('service_interfaces', 'cmake_prefix_path')
[0.583s] INFO:colcon.colcon_core.shell:Creating environment hook '/home/emmm/Desktop/scnu_rm/ROS2/learn/chapter4/service_ws/install/service_interfaces/share/service_interfaces/hook/cmake_prefix_path.ps1'
[0.584s] INFO:colcon.colcon_core.shell:Creating environment descriptor '/home/emmm/Desktop/scnu_rm/ROS2/learn/chapter4/service_ws/install/service_interfaces/share/service_interfaces/hook/cmake_prefix_path.dsv'
[0.584s] INFO:colcon.colcon_core.shell:Creating environment hook '/home/emmm/Desktop/scnu_rm/ROS2/learn/chapter4/service_ws/install/service_interfaces/share/service_interfaces/hook/cmake_prefix_path.sh'
[0.585s] Level 1:colcon.colcon_core.environment:checking '/home/emmm/Desktop/scnu_rm/ROS2/learn/chapter4/service_ws/install/service_interfaces/lib'
[0.585s] Level 1:colcon.colcon_core.shell:create_environment_hook('service_interfaces', 'ld_library_path_lib')
[0.585s] INFO:colcon.colcon_core.shell:Creating environment hook '/home/emmm/Desktop/scnu_rm/ROS2/learn/chapter4/service_ws/install/service_interfaces/share/service_interfaces/hook/ld_library_path_lib.ps1'
[0.586s] INFO:colcon.colcon_core.shell:Creating environment descriptor '/home/emmm/Desktop/scnu_rm/ROS2/learn/chapter4/service_ws/install/service_interfaces/share/service_interfaces/hook/ld_library_path_lib.dsv'
[0.586s] INFO:colcon.colcon_core.shell:Creating environment hook '/home/emmm/Desktop/scnu_rm/ROS2/learn/chapter4/service_ws/install/service_interfaces/share/service_interfaces/hook/ld_library_path_lib.sh'
[0.586s] Level 1:colcon.colcon_core.environment:checking '/home/emmm/Desktop/scnu_rm/ROS2/learn/chapter4/service_ws/install/service_interfaces/bin'
[0.586s] Level 1:colcon.colcon_core.environment:checking '/home/emmm/Desktop/scnu_rm/ROS2/learn/chapter4/service_ws/install/service_interfaces/lib/pkgconfig/service_interfaces.pc'
[0.586s] Level 1:colcon.colcon_core.environment:checking '/home/emmm/Desktop/scnu_rm/ROS2/learn/chapter4/service_ws/install/service_interfaces/lib/python3.10/site-packages'
[0.586s] Level 1:colcon.colcon_core.environment:checking '/home/emmm/Desktop/scnu_rm/ROS2/learn/chapter4/service_ws/install/service_interfaces/bin'
[0.587s] INFO:colcon.colcon_core.shell:Creating package script '/home/emmm/Desktop/scnu_rm/ROS2/learn/chapter4/service_ws/install/service_interfaces/share/service_interfaces/package.ps1'
[0.587s] INFO:colcon.colcon_core.shell:Creating package descriptor '/home/emmm/Desktop/scnu_rm/ROS2/learn/chapter4/service_ws/install/service_interfaces/share/service_interfaces/package.dsv'
[0.587s] INFO:colcon.colcon_core.shell:Creating package script '/home/emmm/Desktop/scnu_rm/ROS2/learn/chapter4/service_ws/install/service_interfaces/share/service_interfaces/package.sh'
[0.588s] INFO:colcon.colcon_core.shell:Creating package script '/home/emmm/Desktop/scnu_rm/ROS2/learn/chapter4/service_ws/install/service_interfaces/share/service_interfaces/package.bash'
[0.588s] INFO:colcon.colcon_core.shell:Creating package script '/home/emmm/Desktop/scnu_rm/ROS2/learn/chapter4/service_ws/install/service_interfaces/share/service_interfaces/package.zsh'
[0.589s] Level 1:colcon.colcon_core.environment:create_file_with_runtime_dependencies(/home/emmm/Desktop/scnu_rm/ROS2/learn/chapter4/service_ws/install/service_interfaces/share/colcon-core/packages/service_interfaces)
[0.589s] Level 1:colcon.colcon_core.environment:create_environment_scripts_only(service_interfaces)
[0.589s] Level 1:colcon.colcon_core.environment:checking '/home/emmm/Desktop/scnu_rm/ROS2/learn/chapter4/service_ws/install/service_interfaces' for CMake module files
[0.589s] Level 1:colcon.colcon_core.environment:checking '/home/emmm/Desktop/scnu_rm/ROS2/learn/chapter4/service_ws/install/service_interfaces' for CMake config files
[0.590s] Level 1:colcon.colcon_core.shell:create_environment_hook('service_interfaces', 'cmake_prefix_path')
[0.590s] INFO:colcon.colcon_core.shell:Creating environment hook '/home/emmm/Desktop/scnu_rm/ROS2/learn/chapter4/service_ws/install/service_interfaces/share/service_interfaces/hook/cmake_prefix_path.ps1'
[0.590s] INFO:colcon.colcon_core.shell:Creating environment descriptor '/home/emmm/Desktop/scnu_rm/ROS2/learn/chapter4/service_ws/install/service_interfaces/share/service_interfaces/hook/cmake_prefix_path.dsv'
[0.590s] INFO:colcon.colcon_core.shell:Creating environment hook '/home/emmm/Desktop/scnu_rm/ROS2/learn/chapter4/service_ws/install/service_interfaces/share/service_interfaces/hook/cmake_prefix_path.sh'
[0.591s] Level 1:colcon.colcon_core.environment:checking '/home/emmm/Desktop/scnu_rm/ROS2/learn/chapter4/service_ws/install/service_interfaces/lib'
[0.591s] Level 1:colcon.colcon_core.shell:create_environment_hook('service_interfaces', 'ld_library_path_lib')
[0.591s] INFO:colcon.colcon_core.shell:Creating environment hook '/home/emmm/Desktop/scnu_rm/ROS2/learn/chapter4/service_ws/install/service_interfaces/share/service_interfaces/hook/ld_library_path_lib.ps1'
[0.591s] INFO:colcon.colcon_core.shell:Creating environment descriptor '/home/emmm/Desktop/scnu_rm/ROS2/learn/chapter4/service_ws/install/service_interfaces/share/service_interfaces/hook/ld_library_path_lib.dsv'
[0.591s] INFO:colcon.colcon_core.shell:Creating environment hook '/home/emmm/Desktop/scnu_rm/ROS2/learn/chapter4/service_ws/install/service_interfaces/share/service_interfaces/hook/ld_library_path_lib.sh'
[0.591s] Level 1:colcon.colcon_core.environment:checking '/home/emmm/Desktop/scnu_rm/ROS2/learn/chapter4/service_ws/install/service_interfaces/bin'
[0.591s] Level 1:colcon.colcon_core.environment:checking '/home/emmm/Desktop/scnu_rm/ROS2/learn/chapter4/service_ws/install/service_interfaces/lib/pkgconfig/service_interfaces.pc'
[0.591s] Level 1:colcon.colcon_core.environment:checking '/home/emmm/Desktop/scnu_rm/ROS2/learn/chapter4/service_ws/install/service_interfaces/lib/python3.10/site-packages'
[0.592s] Level 1:colcon.colcon_core.environment:checking '/home/emmm/Desktop/scnu_rm/ROS2/learn/chapter4/service_ws/install/service_interfaces/bin'
[0.592s] INFO:colcon.colcon_core.shell:Creating package script '/home/emmm/Desktop/scnu_rm/ROS2/learn/chapter4/service_ws/install/service_interfaces/share/service_interfaces/package.ps1'
[0.592s] INFO:colcon.colcon_core.shell:Creating package descriptor '/home/emmm/Desktop/scnu_rm/ROS2/learn/chapter4/service_ws/install/service_interfaces/share/service_interfaces/package.dsv'
[0.592s] INFO:colcon.colcon_core.shell:Creating package script '/home/emmm/Desktop/scnu_rm/ROS2/learn/chapter4/service_ws/install/service_interfaces/share/service_interfaces/package.sh'
[0.593s] INFO:colcon.colcon_core.shell:Creating package script '/home/emmm/Desktop/scnu_rm/ROS2/learn/chapter4/service_ws/install/service_interfaces/share/service_interfaces/package.bash'
[0.593s] INFO:colcon.colcon_core.shell:Creating package script '/home/emmm/Desktop/scnu_rm/ROS2/learn/chapter4/service_ws/install/service_interfaces/share/service_interfaces/package.zsh'
[0.593s] Level 1:colcon.colcon_core.environment:create_file_with_runtime_dependencies(/home/emmm/Desktop/scnu_rm/ROS2/learn/chapter4/service_ws/install/service_interfaces/share/colcon-core/packages/service_interfaces)
[0.593s] INFO:colcon.colcon_ros.task.ament_cmake.build:Building ROS package in '/home/emmm/Desktop/scnu_rm/ROS2/learn/chapter4/service_ws/src/demo_service' with build type 'ament_cmake'
[0.593s] INFO:colcon.colcon_cmake.task.cmake.build:Building CMake package in '/home/emmm/Desktop/scnu_rm/ROS2/learn/chapter4/service_ws/src/demo_service'
[0.593s] INFO:colcon.colcon_core.shell:Skip shell extension 'powershell' for command environment: Not usable outside of PowerShell
[0.593s] DEBUG:colcon.colcon_core.shell:Skip shell extension 'dsv' for command environment
[0.603s] DEBUG:colcon.colcon_core.event_handler.log_command:Invoking command in '/home/emmm/Desktop/scnu_rm/ROS2/learn/chapter4/service_ws/build/demo_service': AMENT_PREFIX_PATH=/home/emmm/Desktop/scnu_rm/ROS2/learn/chapter4/service_ws/install/service_interfaces:${AMENT_PREFIX_PATH} CMAKE_PREFIX_PATH=/home/emmm/Desktop/scnu_rm/ROS2/learn/chapter4/service_ws/install/service_interfaces:/opt/ros/humble LD_LIBRARY_PATH=/home/emmm/Desktop/scnu_rm/ROS2/learn/chapter4/service_ws/install/service_interfaces/lib:${LD_LIBRARY_PATH} PYTHONPATH=/home/emmm/Desktop/scnu_rm/ROS2/learn/chapter4/service_ws/install/service_interfaces/local/lib/python3.10/dist-packages:${PYTHONPATH} /usr/bin/cmake --build /home/emmm/Desktop/scnu_rm/ROS2/learn/chapter4/service_ws/build/demo_service -- -j12 -l12
[3.439s] DEBUG:colcon.colcon_core.event_handler.log_command:Invoked command in '/home/emmm/Desktop/scnu_rm/ROS2/learn/chapter4/service_ws/build/demo_service' returned '2': AMENT_PREFIX_PATH=/home/emmm/Desktop/scnu_rm/ROS2/learn/chapter4/service_ws/install/service_interfaces:${AMENT_PREFIX_PATH} CMAKE_PREFIX_PATH=/home/emmm/Desktop/scnu_rm/ROS2/learn/chapter4/service_ws/install/service_interfaces:/opt/ros/humble LD_LIBRARY_PATH=/home/emmm/Desktop/scnu_rm/ROS2/learn/chapter4/service_ws/install/service_interfaces/lib:${LD_LIBRARY_PATH} PYTHONPATH=/home/emmm/Desktop/scnu_rm/ROS2/learn/chapter4/service_ws/install/service_interfaces/local/lib/python3.10/dist-packages:${PYTHONPATH} /usr/bin/cmake --build /home/emmm/Desktop/scnu_rm/ROS2/learn/chapter4/service_ws/build/demo_service -- -j12 -l12
[3.439s] Level 1:colcon.colcon_core.environment:create_environment_scripts_only(demo_service)
[3.440s] Level 1:colcon.colcon_core.environment:checking '/home/emmm/Desktop/scnu_rm/ROS2/learn/chapter4/service_ws/install/demo_service' for CMake module files
[3.440s] Level 1:colcon.colcon_core.environment:checking '/home/emmm/Desktop/scnu_rm/ROS2/learn/chapter4/service_ws/install/demo_service' for CMake config files
[3.441s] Level 1:colcon.colcon_core.shell:create_environment_hook('demo_service', 'cmake_prefix_path')
[3.441s] INFO:colcon.colcon_core.shell:Creating environment hook '/home/emmm/Desktop/scnu_rm/ROS2/learn/chapter4/service_ws/install/demo_service/share/demo_service/hook/cmake_prefix_path.ps1'
[3.442s] INFO:colcon.colcon_core.shell:Creating environment descriptor '/home/emmm/Desktop/scnu_rm/ROS2/learn/chapter4/service_ws/install/demo_service/share/demo_service/hook/cmake_prefix_path.dsv'
[3.442s] INFO:colcon.colcon_core.shell:Creating environment hook '/home/emmm/Desktop/scnu_rm/ROS2/learn/chapter4/service_ws/install/demo_service/share/demo_service/hook/cmake_prefix_path.sh'
[3.443s] Level 1:colcon.colcon_core.environment:checking '/home/emmm/Desktop/scnu_rm/ROS2/learn/chapter4/service_ws/install/demo_service/lib'
[3.443s] Level 1:colcon.colcon_core.environment:checking '/home/emmm/Desktop/scnu_rm/ROS2/learn/chapter4/service_ws/install/demo_service/bin'
[3.443s] Level 1:colcon.colcon_core.environment:checking '/home/emmm/Desktop/scnu_rm/ROS2/learn/chapter4/service_ws/install/demo_service/lib/pkgconfig/demo_service.pc'
[3.444s] Level 1:colcon.colcon_core.environment:checking '/home/emmm/Desktop/scnu_rm/ROS2/learn/chapter4/service_ws/install/demo_service/lib/python3.10/site-packages'
[3.444s] Level 1:colcon.colcon_core.environment:checking '/home/emmm/Desktop/scnu_rm/ROS2/learn/chapter4/service_ws/install/demo_service/bin'
[3.444s] INFO:colcon.colcon_core.shell:Creating package script '/home/emmm/Desktop/scnu_rm/ROS2/learn/chapter4/service_ws/install/demo_service/share/demo_service/package.ps1'
[3.445s] INFO:colcon.colcon_core.shell:Creating package descriptor '/home/emmm/Desktop/scnu_rm/ROS2/learn/chapter4/service_ws/install/demo_service/share/demo_service/package.dsv'
[3.446s] INFO:colcon.colcon_core.shell:Creating package script '/home/emmm/Desktop/scnu_rm/ROS2/learn/chapter4/service_ws/install/demo_service/share/demo_service/package.sh'
[3.446s] INFO:colcon.colcon_core.shell:Creating package script '/home/emmm/Desktop/scnu_rm/ROS2/learn/chapter4/service_ws/install/demo_service/share/demo_service/package.bash'
[3.447s] INFO:colcon.colcon_core.shell:Creating package script '/home/emmm/Desktop/scnu_rm/ROS2/learn/chapter4/service_ws/install/demo_service/share/demo_service/package.zsh'
[3.447s] Level 1:colcon.colcon_core.environment:create_file_with_runtime_dependencies(/home/emmm/Desktop/scnu_rm/ROS2/learn/chapter4/service_ws/install/demo_service/share/colcon-core/packages/demo_service)
[3.458s] DEBUG:colcon.colcon_parallel_executor.executor.parallel:closing loop
[3.458s] DEBUG:colcon.colcon_parallel_executor.executor.parallel:loop closed
[3.458s] DEBUG:colcon.colcon_parallel_executor.executor.parallel:run_until_complete finished with '2'
[3.459s] DEBUG:colcon.colcon_core.event_reactor:joining thread
[3.466s] INFO:colcon.colcon_core.plugin_system:Skipping extension 'colcon_notification.desktop_notification.terminal_notifier': Not used on non-Darwin systems
[3.466s] INFO:colcon.colcon_core.plugin_system:Skipping extension 'colcon_notification.desktop_notification.win32': Not used on non-Windows systems
[3.466s] INFO:colcon.colcon_notification.desktop_notification:Sending desktop notification using 'notify2'
[3.490s] DEBUG:colcon.colcon_core.event_reactor:joined thread
[3.491s] INFO:colcon.colcon_core.shell:Creating prefix script '/home/emmm/Desktop/scnu_rm/ROS2/learn/chapter4/service_ws/install/local_setup.ps1'
[3.492s] INFO:colcon.colcon_core.shell:Creating prefix util module '/home/emmm/Desktop/scnu_rm/ROS2/learn/chapter4/service_ws/install/_local_setup_util_ps1.py'
[3.496s] INFO:colcon.colcon_core.shell:Creating prefix chain script '/home/emmm/Desktop/scnu_rm/ROS2/learn/chapter4/service_ws/install/setup.ps1'
[3.498s] INFO:colcon.colcon_core.shell:Creating prefix script '/home/emmm/Desktop/scnu_rm/ROS2/learn/chapter4/service_ws/install/local_setup.sh'
[3.499s] INFO:colcon.colcon_core.shell:Creating prefix util module '/home/emmm/Desktop/scnu_rm/ROS2/learn/chapter4/service_ws/install/_local_setup_util_sh.py'
[3.499s] INFO:colcon.colcon_core.shell:Creating prefix chain script '/home/emmm/Desktop/scnu_rm/ROS2/learn/chapter4/service_ws/install/setup.sh'
[3.500s] INFO:colcon.colcon_core.shell:Creating prefix script '/home/emmm/Desktop/scnu_rm/ROS2/learn/chapter4/service_ws/install/local_setup.bash'
[3.500s] INFO:colcon.colcon_core.shell:Creating prefix chain script '/home/emmm/Desktop/scnu_rm/ROS2/learn/chapter4/service_ws/install/setup.bash'
[3.500s] INFO:colcon.colcon_core.shell:Creating prefix script '/home/emmm/Desktop/scnu_rm/ROS2/learn/chapter4/service_ws/install/local_setup.zsh'
[3.501s] INFO:colcon.colcon_core.shell:Creating prefix chain script '/home/emmm/Desktop/scnu_rm/ROS2/learn/chapter4/service_ws/install/setup.zsh'
